[2017-06-30 18:48:10] {"type":"connected","fromUser":"system","toUser":277,"banned":{"all":"*4","self":"1"},"online":0,"settings":{"canat":0,"canrepeal":0,"virtual":0,"virtualadd":1,"status":0},"userList":false,"bannedList":false,"bannedNum":1}
[2017-06-30 18:48:43] {"type":"userEnter","fromUser":"1","toUser":"all","nickname":"\u6bb5\u5fc6\u6b8b\u68a6","role":null,"banned":false,"roomid":"4","self":1}
[2017-06-30 18:48:43] {"type":"userEnter","fromUser":"1","toUser":"all","nickname":"\u6bb5\u5fc6\u6b8b\u68a6","role":null,"banned":false,"roomid":"4"}
[2017-06-30 18:48:43] {"type":"connected","fromUser":"system","toUser":278,"banned":{"all":false,"self":false},"online":0,"settings":{"canat":0,"canrepeal":0,"virtual":3,"virtualadd":0,"status":1}}
[2017-06-30 18:50:09] {"type":"userEnter","fromUser":"1","toUser":"all","nickname":"\u6bb5\u5fc6\u6b8b\u68a6","role":null,"banned":false,"roomid":"4","self":1}
[2017-06-30 18:50:09] {"type":"userEnter","fromUser":"1","toUser":"all","nickname":"\u6bb5\u5fc6\u6b8b\u68a6","role":null,"banned":false,"roomid":"4"}
[2017-06-30 18:50:09] {"type":"connected","fromUser":"system","toUser":284,"banned":{"all":false,"self":false},"online":0,"settings":{"canat":0,"canrepeal":0,"virtual":3,"virtualadd":0,"status":1}}
[2017-06-30 18:51:26] {"type":"connected","fromUser":"system","toUser":286,"banned":{"all":"1","self":"{\"fd\":281,\"uid\":\"1\",\"nickname\":\"\\u6bb5\\u5fc6\\u6b8b\\u68a6\",\"uniacid\":4,\"roomid\":\"4\",\"role\":null}"},"online":0,"settings":{"canat":0,"canrepeal":0,"virtual":0,"virtualadd":1,"status":0}}
[2017-06-30 18:51:45] {"type":"connected","fromUser":"system","toUser":288,"banned":{"all":"*4","self":"status"},"online":0,"settings":{"canat":0,"canrepeal":0,"virtual":0,"virtualadd":1,"status":0},"userList":false,"bannedList":false,"bannedNum":1}
[2017-06-30 18:51:55] {"type":"connected","fromUser":"system","toUser":289,"banned":{"all":"*4","self":"1"},"online":0,"settings":{"canat":0,"canrepeal":0,"virtual":0,"virtualadd":1,"status":0}}
[2017-06-30 18:52:03] {"type":"connected","fromUser":"system","toUser":290,"banned":{"all":":1","self":false},"online":0,"settings":{"canat":0,"canrepeal":0,"virtual":0,"virtualadd":1,"status":0}}
[2017-06-30 18:53:00] {"type":"connected","fromUser":"system","toUser":298,"banned":{"all":"1","self":":1"},"online":0,"settings":{"canat":0,"canrepeal":0,"virtual":0,"virtualadd":1,"status":0}}
[2017-06-30 18:53:15] {"type":"connected","fromUser":"system","toUser":299,"banned":{"all":"*4","self":"status"},"online":0,"settings":{"canat":0,"canrepeal":0,"virtual":0,"virtualadd":1,"status":0}}
[2017-06-30 18:53:25] {"type":"connected","fromUser":"system","toUser":300,"banned":{"all":"virtual","self":"16537"},"online":0,"settings":{"canat":0,"canrepeal":0,"virtual":0,"virtualadd":1,"status":0},"userList":false,"bannedList":false,"bannedNum":1}
[2017-07-01 16:40:21] {"type":"connected","fromUser":"system","toUser":308,"banned":{"all":":2","self":":1"},"online":0,"settings":{"canat":0,"canrepeal":0,"virtual":0,"virtualadd":1,"status":0},"userList":false,"bannedList":false,"bannedNum":1}
[2017-07-01 16:40:52] {"type":"connected","fromUser":"system","toUser":309,"banned":{"all":"{\"fd\":286,\"uid\":\"1\",\"nickname\":\"\\u6bb5\\u5fc6\\u6b8b\\u68a6\",\"uniacid\":\"4\",\"roomid\":\"3\",\"role\":null}","self":"74"},"online":0,"settings":{"canat":0,"canrepeal":0,"virtual":0,"virtualadd":1,"status":0}}
[2017-07-01 16:41:02] {"type":"connected","fromUser":"system","toUser":310,"banned":{"all":":1","self":"{\"toUser\":\"system\",\"type\":\"login\",\"scene\":\"live\",\"roomid\":\"3\",\"uniacid\":4,\"uid\":\"1\",\"nickname\":\"\\u6bb5\\u5fc6\\u6b8b\\u68a6\"}"},"online":0,"settings":{"canat":0,"canrepeal":0,"virtual":0,"virtualadd":1,"status":0},"userList":false,"bannedList":false,"bannedNum":1}
[2017-07-01 16:41:15] {"type":"connected","fromUser":"system","toUser":311,"banned":{"all":"{\"fd\":299,\"uid\":\"1\",\"nickname\":\"\\u6bb5\\u5fc6\\u6b8b\\u68a6\",\"uniacid\":\"4\",\"roomid\":\"4\",\"role\":null}","self":"console_1_founder_4"},"online":2,"settings":{"canat":0,"canrepeal":0,"virtual":0,"virtualadd":1,"status":0},"userList":false,"bannedList":false,"bannedNum":1}
[2017-07-01 16:41:18] {"type":"setting","fromUser":"console_1_founder_4","toUser":"all","settings":{"canat":0,"canrepeal":0,"virtual":3,"virtualadd":0,"status":1},"roomid":"3"}
[2017-07-01 16:41:18] {"type":"setting","fromUser":"console_1_founder_4","toUser":"all","settings":{"canat":0,"canrepeal":0,"virtual":3,"virtualadd":0,"status":1},"roomid":"3","self":1}
[2017-07-01 16:41:26] {"type":"connected","fromUser":"system","toUser":312,"banned":{"all":"{\"toUser\":\"system\",\"type\":\"login\",\"role\":\"manage\",\"scene\":\"live\",\"roomid\":4,\"uniacid\":4,\"uid\":\"console_1_founder_4\",\"nickname\":\"\\u7ba1\\u7406\\u5458B\",\"at\":[]}","self":"{\"toUser\":\"system\",\"type\":\"login\",\"scene\":\"live\",\"roomid\":\"4\",\"uniacid\":4,\"uid\":\"1\",\"nickname\":\"\\u6bb5\\u5fc6\\u6b8b\\u68a6\"}"},"online":0,"settings":{"canat":0,"canrepeal":0,"virtual":0,"virtualadd":1,"status":0}}
[2017-07-01 16:41:30] {"type":"setting","fromUser":"console_1_founder_4","toUser":"all","settings":{"canat":0,"canrepeal":0,"virtual":0,"virtualadd":1,"status":0},"roomid":"3"}
[2017-07-01 16:41:30] {"type":"setting","fromUser":"console_1_founder_4","toUser":"all","settings":{"canat":0,"canrepeal":0,"virtual":0,"virtualadd":1,"status":0},"roomid":"3"}
[2017-07-01 16:41:30] {"type":"setting","fromUser":"console_1_founder_4","toUser":"all","settings":{"canat":0,"canrepeal":0,"virtual":0,"virtualadd":1,"status":0},"roomid":"3"}
[2017-07-01 16:41:30] {"type":"setting","fromUser":"console_1_founder_4","toUser":"all","settings":{"canat":0,"canrepeal":0,"virtual":0,"virtualadd":1,"status":0},"roomid":"3"}
[2017-07-01 16:41:30] {"type":"setting","fromUser":"console_1_founder_4","toUser":"all","settings":{"canat":0,"canrepeal":0,"virtual":0,"virtualadd":1,"status":0},"roomid":"3"}
[2017-07-01 16:41:30] {"type":"setting","fromUser":"console_1_founder_4","toUser":"all","settings":{"canat":0,"canrepeal":0,"virtual":0,"virtualadd":1,"status":0},"roomid":"3","self":1}
[2017-07-01 16:42:35] {"type":"connected","fromUser":"system","toUser":313,"banned":{"all":":3","self":"*6"},"online":0,"settings":{"canat":0,"canrepeal":0,"virtual":0,"virtualadd":1,"status":0},"userList":false,"bannedList":false,"bannedNum":1}
[2017-07-01 16:42:41] {"type":"connected","fromUser":"system","toUser":314,"banned":{"all":"{\"fd\":308,\"uid\":\"console_1_founder_4\",\"nickname\":\"\\u7ba1\\u7406\\u5458B\",\"uniacid\":\"4\",\"roomid\":\"3\",\"role\":\"manage\"}","self":"*2"},"online":0,"settings":{"canat":0,"canrepeal":0,"virtual":0,"virtualadd":1,"status":0}}
[2017-07-01 16:43:15] {"type":"connected","fromUser":"system","toUser":315,"banned":{"all":"*6","self":"1"},"online":0,"settings":{"canat":0,"canrepeal":0,"virtual":0,"virtualadd":1,"status":0},"userList":false,"bannedList":false,"bannedNum":1}
[2017-07-01 16:43:21] {"type":"userEnter","fromUser":"1","toUser":"all","nickname":"\u6bb5\u5fc6\u6b8b\u68a6","role":null,"banned":false,"roomid":"3","self":1}
[2017-07-01 16:43:21] {"type":"userEnter","fromUser":"1","toUser":"all","nickname":"\u6bb5\u5fc6\u6b8b\u68a6","role":null,"banned":false,"roomid":"3"}
[2017-07-01 16:43:21] {"type":"userEnter","fromUser":"1","toUser":"all","nickname":"\u6bb5\u5fc6\u6b8b\u68a6","role":null,"banned":false,"roomid":"3"}
[2017-07-01 16:43:21] {"type":"connected","fromUser":"system","toUser":318,"banned":{"all":"0","self":false},"online":0,"settings":{"canat":1,"canrepeal":1,"virtual":16537,"virtualadd":3,"status":1}}
[2017-07-01 16:44:29] {"type":"connected","fromUser":"system","toUser":319,"banned":{"all":"*12","self":"status"},"online":0,"settings":{"canat":0,"canrepeal":0,"virtual":0,"virtualadd":1,"status":0},"userList":false,"bannedList":false,"bannedNum":1}
[2017-07-01 16:46:54] {"type":"connected","fromUser":"system","toUser":326,"banned":{"all":"1","self":"canat"},"online":0,"settings":{"canat":0,"canrepeal":0,"virtual":0,"virtualadd":1,"status":0},"userList":false,"bannedList":false,"bannedNum":1}
[2017-07-01 16:47:48] {"type":"connected","fromUser":"system","toUser":329,"banned":{"all":"1","self":"canat"},"online":0,"settings":{"canat":0,"canrepeal":0,"virtual":0,"virtualadd":1,"status":0},"userList":false,"bannedList":false,"bannedNum":1}
[2017-07-01 16:48:35] {"type":"connected","fromUser":"system","toUser":330,"banned":{"all":"virtualadd","self":"3"},"online":0,"settings":{"canat":0,"canrepeal":0,"virtual":0,"virtualadd":1,"status":0},"userList":{"1":"{\"fd\":309,\"uid\":\"1\",\"nickname\":\"\\u6bb5\\u5fc6\\u6b8b\\u68a6\",\"uniacid\":\"4\",\"roomid\":\"3\",\"role\":null}","74":"{\"fd\":253,\"uid\":\"74\",\"nickname\":\"\\u67e0\\u6aac\\u6811\\u5f71\\u89c6@\\u5218\\u6cc9@\\u7231\\u8d1d\\u8d1d\\u513f\\u7ae5\\u6444\\u5f71\",\"uniacid\":4,\"roomid\":\"3\",\"role\":null}","console_1_founder_4":"{\"fd\":310,\"uid\":\"console_1_founder_4\",\"nickname\":\"\\u7ba1\\u7406\\u5458B\",\"uniacid\":\"4\",\"roomid\":\"3\",\"role\":\"manage\"}"},"bannedList":false,"bannedNum":1}
[2017-07-01 16:48:54] {"type":"connected","fromUser":"system","toUser":331,"banned":{"all":"1","self":"{\"fd\":286,\"uid\":\"1\",\"nickname\":\"\\u6bb5\\u5fc6\\u6b8b\\u68a6\",\"uniacid\":\"4\",\"roomid\":\"3\",\"role\":null}"},"online":0,"settings":{"canat":0,"canrepeal":0,"virtual":0,"virtualadd":1,"status":0},"userList":false,"bannedList":false,"bannedNum":1}
[2017-07-01 16:51:20] {"type":"connected","fromUser":"system","toUser":332,"banned":{"all":"status","self":"1"},"online":0,"settings":{"canat":0,"canrepeal":0,"virtual":0,"virtualadd":1,"status":0},"userList":{"1":"{\"fd\":281,\"uid\":\"1\",\"nickname\":\"\\u6bb5\\u5fc6\\u6b8b\\u68a6\",\"uniacid\":4,\"roomid\":\"4\",\"role\":null}","console_1_founder_4":"{\"fd\":282,\"uid\":\"console_1_founder_4\",\"nickname\":\"\\u7ba1\\u7406\\u5458B\",\"uniacid\":4,\"roomid\":4,\"role\":\"manage\"}"},"bannedList":false,"bannedNum":1}
[2017-07-01 16:51:23] {"type":"setting","fromUser":"console_1_founder_4","toUser":"all","settings":{"canat":0,"canrepeal":0,"virtual":0,"virtualadd":1,"status":0},"roomid":"4"}
[2017-07-01 16:51:23] {"type":"setting","fromUser":"console_1_founder_4","toUser":"all","settings":{"canat":0,"canrepeal":0,"virtual":0,"virtualadd":1,"status":0},"roomid":"4"}
[2017-07-01 16:51:43] {"type":"userEnter","fromUser":"console_1_founder_4","toUser":"all","nickname":"\u7ba1\u7406\u5458B","role":"manage","banned":false,"roomid":"4"}
[2017-07-01 16:51:43] {"type":"userEnter","fromUser":"console_1_founder_4","toUser":"all","nickname":"\u7ba1\u7406\u5458B","role":"manage","banned":false,"roomid":"4"}
[2017-07-01 16:51:43] {"type":"connected","fromUser":"system","toUser":336,"banned":{"all":":0","self":false},"online":0,"settings":{"canat":0,"canrepeal":0,"virtual":0,"virtualadd":1,"status":0},"userList":false,"bannedList":false,"bannedNum":1}
[2017-07-01 16:52:41] {"type":"connected","fromUser":"system","toUser":337,"banned":{"all":"1","self":"{\"fd\":299,\"uid\":\"1\",\"nickname\":\"\\u6bb5\\u5fc6\\u6b8b\\u68a6\",\"uniacid\":\"4\",\"roomid\":\"4\",\"role\":null}"},"online":0,"settings":{"canat":0,"canrepeal":0,"virtual":0,"virtualadd":1,"status":0}}
[2017-07-01 16:52:52] {"type":"connected","fromUser":"system","toUser":338,"banned":{"all":":0","self":"*4"},"online":0,"settings":{"canat":0,"canrepeal":0,"virtual":0,"virtualadd":1,"status":0},"userList":false,"bannedList":false,"bannedNum":1}
[2017-07-01 16:53:31] {"type":"connected","fromUser":"system","toUser":340,"banned":{"all":false,"self":"*12"},"online":0,"settings":{"canat":0,"canrepeal":0,"virtual":0,"virtualadd":1,"status":0},"userList":false,"bannedList":false,"bannedNum":1}
[2017-07-01 16:53:41] {"type":"userEnter","fromUser":"1","toUser":"all","nickname":"\u6bb5\u5fc6\u6b8b\u68a6","role":null,"banned":"0","roomid":"3"}
[2017-07-01 16:53:41] {"type":"userEnter","fromUser":"1","toUser":"all","nickname":"\u6bb5\u5fc6\u6b8b\u68a6","role":null,"banned":"0","roomid":"3"}
[2017-07-01 16:53:41] {"type":"userEnter","fromUser":"1","toUser":"all","nickname":"\u6bb5\u5fc6\u6b8b\u68a6","role":null,"banned":"0","roomid":"3"}
[2017-07-01 16:53:41] {"type":"userEnter","fromUser":"1","toUser":"all","nickname":"\u6bb5\u5fc6\u6b8b\u68a6","role":null,"banned":"0","roomid":"3"}
[2017-07-01 16:53:41] {"type":"userEnter","fromUser":"1","toUser":"all","nickname":"\u6bb5\u5fc6\u6b8b\u68a6","role":null,"banned":"0","roomid":"3"}
[2017-07-01 16:53:41] {"type":"userEnter","fromUser":"1","toUser":"all","nickname":"\u6bb5\u5fc6\u6b8b\u68a6","role":null,"banned":"0","roomid":"3"}
[2017-07-01 16:53:41] {"type":"connected","fromUser":"system","toUser":341,"banned":{"all":":0","self":"0"},"online":0,"settings":{"canat":0,"canrepeal":0,"virtual":0,"virtualadd":1,"status":0}}
[2017-07-01 16:53:57] {"type":"connected","fromUser":"system","toUser":342,"banned":{"all":"74","self":"{\"fd\":253,\"uid\":\"74\",\"nickname\":\"\\u67e0\\u6aac\\u6811\\u5f71\\u89c6@\\u5218\\u6cc9@\\u7231\\u8d1d\\u8d1d\\u513f\\u7ae5\\u6444\\u5f71\",\"uniacid\":4,\"roomid\":\"3\",\"role\":null}"},"online":0,"settings":{"canat":0,"canrepeal":0,"virtual":0,"virtualadd":1,"status":0}}
[2017-07-01 17:00:50] {"type":"connected","fromUser":"system","toUser":344,"banned":{"all":false,"self":"*12"},"online":0,"settings":{"canat":0,"canrepeal":0,"virtual":0,"virtualadd":1,"status":0}}
[2017-07-01 18:46:01] {"type":"connected","fromUser":"system","toUser":349,"banned":{"all":"*2","self":"bannedAll"},"online":1,"settings":{"canat":0,"canrepeal":0,"virtual":0,"virtualadd":1,"status":0},"userList":false,"bannedList":false,"bannedNum":1}
[2017-07-01 18:46:09] {"type":"connected","fromUser":"system","toUser":350,"banned":{"all":"console_1_founder_4","self":"\u672a\u672a\u5b9d\u8d1d"},"online":1,"settings":{"canat":0,"canrepeal":0,"virtual":0,"virtualadd":0,"status":0,"nickname":"{\"fd\":340,\"uid\":\"console_1_founder_4\",\"nickname\":\"\\u7ba1\\u7406\\u5458B\",\"uniacid\":\"4\",\"roomid\":\"3\",\"role\":\"manage\"}"},"userList":false,"bannedList":false,"bannedNum":1}
[2017-07-01 18:46:18] {"type":"connected","fromUser":"system","toUser":351,"banned":{"all":"{\"fd\":253,\"uid\":\"74\",\"nickname\":\"\\u67e0\\u6aac\\u6811\\u5f71\\u89c6@\\u5218\\u6cc9@\\u7231\\u8d1d\\u8d1d\\u513f\\u7ae5\\u6444\\u5f71\",\"uniacid\":4,\"roomid\":\"3\",\"role\":null}","self":"console_1_founder_4"},"online":0,"settings":{"canat":0,"canrepeal":0,"virtual":0,"virtualadd":1,"status":0},"userList":false,"bannedList":false,"bannedNum":1}
[2017-07-01 18:46:46] {"type":"connected","fromUser":"system","toUser":352,"banned":{"all":"virtual","self":"16540"},"online":0,"settings":{"canat":0,"canrepeal":0,"virtual":0,"virtualadd":1,"status":0},"userList":false,"bannedList":false,"bannedNum":1}
[2017-07-01 18:47:48] {"type":"userEnter","fromUser":"console_1_founder_4","toUser":"all","nickname":"\u7ba1\u7406\u5458B","role":"manage","banned":false,"roomid":"4"}
[2017-07-01 18:47:48] {"type":"userEnter","fromUser":"console_1_founder_4","toUser":"all","nickname":"\u7ba1\u7406\u5458B","role":"manage","banned":false,"roomid":"4"}
[2017-07-01 18:47:48] {"type":"userEnter","fromUser":"console_1_founder_4","toUser":"all","nickname":"\u7ba1\u7406\u5458B","role":"manage","banned":false,"roomid":"4","self":1}
[2017-07-01 18:48:26] {"type":"userEnter","fromUser":"1","toUser":"all","nickname":"\u6bb5\u5fc6\u6b8b\u68a6","role":null,"banned":false,"roomid":"3"}
[2017-07-01 18:48:26] {"type":"userEnter","fromUser":"1","toUser":"all","nickname":"\u6bb5\u5fc6\u6b8b\u68a6","role":null,"banned":false,"roomid":"3","self":1}
[2017-07-01 18:48:26] {"type":"userEnter","fromUser":"1","toUser":"all","nickname":"\u6bb5\u5fc6\u6b8b\u68a6","role":null,"banned":false,"roomid":"3"}
[2017-07-01 18:48:31] {"type":"connected","fromUser":"system","toUser":361,"banned":{"all":false,"self":"*12"},"online":0,"settings":{"canat":0,"canrepeal":0,"virtual":0,"virtualadd":1,"status":0}}
[2017-07-01 18:48:40] {"type":"connected","fromUser":"system","toUser":362,"banned":{"all":"canrepeal","self":"1"},"online":0,"settings":{"canat":0,"canrepeal":0,"virtual":0,"virtualadd":1,"status":0}}
[2017-07-01 18:48:50] {"type":"userEnter","fromUser":"console_1_founder_4","toUser":"all","nickname":"\u7ba1\u7406\u5458B","role":"manage","banned":"\u672a\u672a\u5b9d\u8d1d","roomid":"4"}
[2017-07-01 18:48:50] {"type":"userEnter","fromUser":"console_1_founder_4","toUser":"all","nickname":"\u7ba1\u7406\u5458B","role":"manage","banned":"\u672a\u672a\u5b9d\u8d1d","roomid":"4"}
[2017-07-01 18:48:50] {"type":"userEnter","fromUser":"console_1_founder_4","toUser":"all","nickname":"\u7ba1\u7406\u5458B","role":"manage","banned":"\u672a\u672a\u5b9d\u8d1d","roomid":"4","self":1}
[2017-07-01 18:48:50] {"type":"connected","fromUser":"system","toUser":363,"banned":{"all":"console_1_founder_4","self":"\u672a\u672a\u5b9d\u8d1d"},"online":0,"settings":{"canat":0,"canrepeal":0,"virtual":0,"virtualadd":0,"status":0,"nickname":"{\"fd\":340,\"uid\":\"console_1_founder_4\",\"nickname\":\"\\u7ba1\\u7406\\u5458B\",\"uniacid\":\"4\",\"roomid\":\"3\",\"role\":\"manage\"}"},"userList":false,"bannedList":false,"bannedNum":1}
[2017-07-01 18:49:01] {"type":"connected","fromUser":"system","toUser":364,"banned":{"all":"{\"fd\":253,\"uid\":\"74\",\"nickname\":\"\\u67e0\\u6aac\\u6811\\u5f71\\u89c6@\\u5218\\u6cc9@\\u7231\\u8d1d\\u8d1d\\u513f\\u7ae5\\u6444\\u5f71\",\"uniacid\":4,\"roomid\":\"3\",\"role\":null}","self":"console_1_founder_4"},"online":3,"settings":{"canat":0,"canrepeal":0,"virtual":0,"virtualadd":1,"status":0}}
[2017-07-01 18:49:12] {"type":"connected","fromUser":"system","toUser":365,"banned":{"all":false,"self":"*4"},"online":0,"settings":{"canat":0,"canrepeal":0,"virtual":0,"virtualadd":1,"status":0},"userList":false,"bannedList":false,"bannedNum":1}
[2017-07-01 18:49:21] {"type":"connected","fromUser":"system","toUser":366,"banned":{"all":"1","self":"{\"fd\":361,\"uid\":\"1\",\"nickname\":\"\\u6bb5\\u5fc6\\u6b8b\\u68a6\",\"uniacid\":\"4\",\"roomid\":\"4\",\"role\":null}"},"online":0,"settings":{"canat":0,"canrepeal":0,"virtual":0,"virtualadd":1,"status":0}}
[2017-07-06 15:37:31] {"type":"connected","fromUser":"system","toUser":375,"banned":{"all":":3","self":":1"},"online":0,"settings":{"canat":0,"canrepeal":0,"virtual":0,"virtualadd":1,"status":0},"userList":{"status":"1","virtual":"3"},"bannedList":{"console_20_manager_4":"{\"fd\":344,\"uid\":\"console_20_manager_4\",\"nickname\":\"\\u7ba1\\u7406\\u5458U\",\"uniacid\":\"4\",\"roomid\":\"4\",\"role\":\"manage\"}","1":"{\"fd\":362,\"uid\":\"1\",\"nickname\":\"\\u6bb5\\u5fc6\\u6b8b\\u68a6\",\"uniacid\":\"4\",\"roomid\":\"4\",\"role\":null}","console_1_founder_4":"{\"fd\":363,\"uid\":\"console_1_founder_4\",\"nickname\":\"\\u7ba1\\u7406\\u5458B\",\"uniacid\":\"4\",\"roomid\":\"4\",\"role\":\"manage\"}"},"bannedNum":3}
[2017-07-16 17:38:12] {"type":"connected","fromUser":"system","toUser":390,"banned":{"all":"console_20_manager_4","self":"{\"fd\":344,\"uid\":\"console_20_manager_4\",\"nickname\":\"\\u7ba1\\u7406\\u5458U\",\"uniacid\":\"4\",\"roomid\":\"4\",\"role\":\"manage\"}"},"online":0,"settings":{"canat":0,"canrepeal":0,"virtual":0,"virtualadd":1,"status":0}}
[2017-07-17 16:53:51] {"type":"userEnter","fromUser":"console_1_founder_4","toUser":"all","nickname":"\u7ba1\u7406\u5458B","role":"manage","banned":false,"roomid":"7"}
[2017-07-17 16:53:51] {"type":"userEnter","fromUser":"console_1_founder_4","toUser":"all","nickname":"\u7ba1\u7406\u5458B","role":"manage","banned":false,"roomid":"7"}
[2017-07-17 16:53:51] {"type":"connected","fromUser":"system","toUser":396,"banned":{"all":":0","self":false},"online":0,"settings":{"canat":0,"canrepeal":0,"virtual":0,"virtualadd":1,"status":0},"userList":false,"bannedList":false,"bannedNum":1}
