[2017-06-30 21:09:18] {"type":"connected","fromUser":"system","toUser":112,"banned":{"all":"*4","self":"console_1_founder_34"},"online":0,"settings":{"canat":0,"canrepeal":0,"virtual":0,"virtualadd":1,"status":0},"userList":false,"bannedList":false,"bannedNum":1}
[2017-06-30 21:09:25] {"type":"connected","fromUser":"system","toUser":113,"banned":{"all":false,"self":"*12"},"online":0,"settings":{"canat":0,"canrepeal":0,"virtual":0,"virtualadd":1,"status":0},"userList":false,"bannedList":false,"bannedNum":1}
[2017-06-30 21:10:46] {"type":"userEnter","fromUser":"console_1_founder_34","toUser":"all","nickname":"\u7ba1\u7406\u5458B","role":"manage","banned":"0","roomid":"6"}
[2017-06-30 21:10:46] {"type":"userEnter","fromUser":"console_1_founder_34","toUser":"all","nickname":"\u7ba1\u7406\u5458B","role":"manage","banned":"0","roomid":"6"}
[2017-06-30 21:10:46] {"type":"userEnter","fromUser":"console_1_founder_34","toUser":"all","nickname":"\u7ba1\u7406\u5458B","role":"manage","banned":"0","roomid":"6"}
[2017-06-30 21:10:46] {"type":"userEnter","fromUser":"console_1_founder_34","toUser":"all","nickname":"\u7ba1\u7406\u5458B","role":"manage","banned":"0","roomid":"6"}
[2017-06-30 21:10:46] {"type":"userEnter","fromUser":"console_1_founder_34","toUser":"all","nickname":"\u7ba1\u7406\u5458B","role":"manage","banned":"0","roomid":"6"}
[2017-06-30 21:10:46] {"type":"userEnter","fromUser":"console_1_founder_34","toUser":"all","nickname":"\u7ba1\u7406\u5458B","role":"manage","banned":"0","roomid":"6","self":1}
[2017-06-30 21:10:46] {"type":"connected","fromUser":"system","toUser":116,"banned":{"all":":0","self":"0"},"online":0,"settings":{"canat":0,"canrepeal":0,"virtual":0,"virtualadd":1,"status":0},"userList":false,"bannedList":false,"bannedNum":1}
[2017-06-30 21:11:03] {"type":"setting","fromUser":"console_1_founder_34","toUser":"all","settings":{"canat":0,"canrepeal":0,"virtual":0,"virtualadd":1,"status":0},"roomid":"6"}
[2017-06-30 21:11:03] {"type":"setting","fromUser":"console_1_founder_34","toUser":"all","settings":{"canat":0,"canrepeal":0,"virtual":0,"virtualadd":1,"status":0},"roomid":"6"}
[2017-06-30 21:11:03] {"type":"setting","fromUser":"console_1_founder_34","toUser":"all","settings":{"canat":0,"canrepeal":0,"virtual":0,"virtualadd":1,"status":0},"roomid":"6"}
[2017-06-30 21:11:03] {"type":"setting","fromUser":"console_1_founder_34","toUser":"all","settings":{"canat":0,"canrepeal":0,"virtual":0,"virtualadd":1,"status":0},"roomid":"6"}
[2017-06-30 21:11:03] {"type":"setting","fromUser":"console_1_founder_34","toUser":"all","settings":{"canat":0,"canrepeal":0,"virtual":0,"virtualadd":1,"status":0},"roomid":"6"}
[2017-06-30 21:11:03] {"type":"setting","fromUser":"console_1_founder_34","toUser":"all","settings":{"canat":0,"canrepeal":0,"virtual":0,"virtualadd":1,"status":0},"roomid":"6","self":1}
[2017-06-30 21:11:04] {"type":"setting","fromUser":"console_1_founder_34","toUser":"all","settings":{"canat":0,"canrepeal":0,"virtual":0,"virtualadd":1,"status":0},"roomid":"6"}
[2017-06-30 21:11:04] {"type":"setting","fromUser":"console_1_founder_34","toUser":"all","settings":{"canat":0,"canrepeal":0,"virtual":0,"virtualadd":1,"status":0},"roomid":"6"}
[2017-06-30 21:11:04] {"type":"setting","fromUser":"console_1_founder_34","toUser":"all","settings":{"canat":0,"canrepeal":0,"virtual":0,"virtualadd":1,"status":0},"roomid":"6"}
[2017-06-30 21:11:04] {"type":"setting","fromUser":"console_1_founder_34","toUser":"all","settings":{"canat":0,"canrepeal":0,"virtual":0,"virtualadd":1,"status":0},"roomid":"6"}
[2017-06-30 21:11:04] {"type":"setting","fromUser":"console_1_founder_34","toUser":"all","settings":{"canat":0,"canrepeal":0,"virtual":0,"virtualadd":1,"status":0},"roomid":"6"}
[2017-06-30 21:11:04] {"type":"setting","fromUser":"console_1_founder_34","toUser":"all","settings":{"canat":0,"canrepeal":0,"virtual":0,"virtualadd":1,"status":0},"roomid":"6","self":1}
[2017-06-30 21:11:05] {"type":"setting","fromUser":"console_1_founder_34","toUser":"all","settings":{"canat":0,"canrepeal":0,"virtual":0,"virtualadd":1,"status":0},"roomid":"6"}
[2017-06-30 21:11:05] {"type":"setting","fromUser":"console_1_founder_34","toUser":"all","settings":{"canat":0,"canrepeal":0,"virtual":0,"virtualadd":1,"status":0},"roomid":"6"}
[2017-06-30 21:11:05] {"type":"setting","fromUser":"console_1_founder_34","toUser":"all","settings":{"canat":0,"canrepeal":0,"virtual":0,"virtualadd":1,"status":0},"roomid":"6"}
[2017-06-30 21:11:05] {"type":"setting","fromUser":"console_1_founder_34","toUser":"all","settings":{"canat":0,"canrepeal":0,"virtual":0,"virtualadd":1,"status":0},"roomid":"6"}
[2017-06-30 21:11:05] {"type":"setting","fromUser":"console_1_founder_34","toUser":"all","settings":{"canat":0,"canrepeal":0,"virtual":0,"virtualadd":1,"status":0},"roomid":"6"}
[2017-06-30 21:11:05] {"type":"setting","fromUser":"console_1_founder_34","toUser":"all","settings":{"canat":0,"canrepeal":0,"virtual":0,"virtualadd":1,"status":0},"roomid":"6","self":1}
[2017-06-30 21:11:25] {"type":"connected","fromUser":"system","toUser":117,"banned":{"all":"*12","self":"status"},"online":0,"settings":{"canat":0,"canrepeal":0,"virtual":0,"virtualadd":1,"status":0},"userList":false,"bannedList":false,"bannedNum":1}
[2017-06-30 21:13:10] {"type":"connected","fromUser":"system","toUser":121,"banned":{"all":"1","self":"canat"},"online":0,"settings":{"canat":0,"canrepeal":0,"virtual":0,"virtualadd":1,"status":0},"userList":false,"bannedList":false,"bannedNum":1}
[2017-06-30 21:13:41] {"type":"connected","fromUser":"system","toUser":122,"banned":{"all":"canrepeal","self":"1"},"online":0,"settings":{"canat":0,"canrepeal":0,"virtual":0,"virtualadd":1,"status":0},"userList":false,"bannedList":false,"bannedNum":1}
[2017-06-30 21:14:25] {"type":"connected","fromUser":"system","toUser":123,"banned":{"all":"*4","self":"console_1_founder_34"},"online":0,"settings":{"canat":0,"canrepeal":0,"virtual":0,"virtualadd":1,"status":0},"userList":false,"bannedList":false,"bannedNum":1}
[2017-06-30 21:17:37] {"type":"userEnter","fromUser":"console_1_founder_34","toUser":"all","nickname":"\u7ba1\u7406\u5458B","role":"manage","banned":false,"roomid":"7","self":1}
[2017-06-30 21:17:37] {"type":"userEnter","fromUser":"console_1_founder_34","toUser":"all","nickname":"\u7ba1\u7406\u5458B","role":"manage","banned":false,"roomid":"7"}
[2017-06-30 21:17:37] {"type":"connected","fromUser":"system","toUser":124,"banned":{"all":"0","self":false},"online":0,"settings":{"canat":1,"canrepeal":1,"virtual":3777,"virtualadd":23,"status":1,"nickname":"\u7ba1\u7406\u5458B"},"userList":false,"bannedList":false,"bannedNum":1}
[2017-06-30 21:18:33] {"type":"connected","fromUser":"system","toUser":129,"banned":{"all":"71948","self":"{\"fd\":89,\"uid\":\"71948\",\"nickname\":\"\\u8363\\u8000\\u81f3\\u4e0a\",\"uniacid\":34,\"roomid\":\"6\",\"role\":null}"},"online":0,"settings":{"canat":0,"canrepeal":0,"virtual":0,"virtualadd":0,"status":0},"userList":{"status":"1","canat":"1","canrepeal":"1","virtual":"3777","virtualadd":"23","console_1_founder_34":"\u7ba1\u7406\u5458B"},"bannedList":{"console_1_founder_34":"{\"fd\":113,\"uid\":\"console_1_founder_34\",\"nickname\":\"\\u7ba1\\u7406\\u5458B\",\"uniacid\":\"34\",\"roomid\":\"6\",\"role\":\"manage\"}","71948":"{\"fd\":89,\"uid\":\"71948\",\"nickname\":\"\\u8363\\u8000\\u81f3\\u4e0a\",\"uniacid\":34,\"roomid\":\"6\",\"role\":null}"},"bannedNum":2}
[2017-06-30 21:18:40] {"type":"connected","fromUser":"system","toUser":130,"banned":{"all":false,"self":"*12"},"online":0,"settings":{"canat":0,"canrepeal":0,"virtual":0,"virtualadd":1,"status":0},"userList":false,"bannedList":false,"bannedNum":1}
[2017-06-30 21:23:37] {"type":"userEnter","fromUser":"console_1_founder_34","toUser":"all","nickname":"\u7ba1\u7406\u5458B","role":"manage","banned":"0","roomid":"6"}
[2017-06-30 21:23:37] {"type":"userEnter","fromUser":"console_1_founder_34","toUser":"all","nickname":"\u7ba1\u7406\u5458B","role":"manage","banned":"0","roomid":"6"}
[2017-06-30 21:23:37] {"type":"userEnter","fromUser":"console_1_founder_34","toUser":"all","nickname":"\u7ba1\u7406\u5458B","role":"manage","banned":"0","roomid":"6"}
[2017-06-30 21:23:37] {"type":"userEnter","fromUser":"console_1_founder_34","toUser":"all","nickname":"\u7ba1\u7406\u5458B","role":"manage","banned":"0","roomid":"6"}
[2017-06-30 21:23:37] {"type":"userEnter","fromUser":"console_1_founder_34","toUser":"all","nickname":"\u7ba1\u7406\u5458B","role":"manage","banned":"0","roomid":"6"}
[2017-06-30 21:23:37] {"type":"userEnter","fromUser":"console_1_founder_34","toUser":"all","nickname":"\u7ba1\u7406\u5458B","role":"manage","banned":"0","roomid":"6","self":1}
[2017-06-30 21:23:37] {"type":"connected","fromUser":"system","toUser":132,"banned":{"all":":0","self":"0"},"online":0,"settings":{"canat":0,"canrepeal":0,"virtual":0,"virtualadd":1,"status":0},"userList":false,"bannedList":false,"bannedNum":1}
[2017-06-30 21:23:47] {"type":"connected","fromUser":"system","toUser":133,"banned":{"all":"virtualadd","self":"23"},"online":0,"settings":{"canat":0,"canrepeal":0,"virtual":0,"virtualadd":1,"status":0},"userList":{"console_1_founder_34":"{\"fd\":112,\"uid\":\"console_1_founder_34\",\"nickname\":\"\\u7ba1\\u7406\\u5458B\",\"uniacid\":\"34\",\"roomid\":\"6\",\"role\":\"manage\"}","71948":"{\"fd\":89,\"uid\":\"71948\",\"nickname\":\"\\u8363\\u8000\\u81f3\\u4e0a\",\"uniacid\":34,\"roomid\":\"6\",\"role\":null}"},"bannedList":false,"bannedNum":1}
[2017-06-30 21:24:22] {"type":"connected","fromUser":"system","toUser":134,"banned":{"all":"virtualadd","self":"23"},"online":0,"settings":{"canat":0,"canrepeal":0,"virtual":0,"virtualadd":1,"status":0},"userList":{"console_1_founder_34":"{\"fd\":129,\"uid\":\"console_1_founder_34\",\"nickname\":\"\\u7ba1\\u7406\\u5458B\",\"uniacid\":\"34\",\"roomid\":\"6\",\"role\":\"manage\"}","71948":"{\"fd\":89,\"uid\":\"71948\",\"nickname\":\"\\u8363\\u8000\\u81f3\\u4e0a\",\"uniacid\":34,\"roomid\":\"6\",\"role\":null}"},"bannedList":false,"bannedNum":1}
[2017-06-30 23:02:33] {"type":"connected","fromUser":"system","toUser":136,"banned":{"all":"canat","self":"1"},"online":0,"settings":{"canat":0,"canrepeal":0,"virtual":0,"virtualadd":1,"status":0},"userList":false,"bannedList":false,"bannedNum":1}
[2017-07-01 22:07:16] {"type":"connected","fromUser":"system","toUser":160,"banned":{"all":"1","self":"canat"},"online":0,"settings":{"canat":0,"canrepeal":0,"virtual":0,"virtualadd":1,"status":0},"userList":false,"bannedList":false,"bannedNum":1}
[2017-07-01 22:07:41] {"type":"connected","fromUser":"system","toUser":161,"banned":{"all":false,"self":"*12"},"online":0,"settings":{"canat":0,"canrepeal":0,"virtual":0,"virtualadd":1,"status":0},"userList":false,"bannedList":false,"bannedNum":1}
[2017-07-01 22:13:35] {"type":"connected","fromUser":"system","toUser":163,"banned":{"all":"virtual","self":"3777"},"online":0,"settings":{"canat":0,"canrepeal":0,"virtual":0,"virtualadd":1,"status":0},"userList":false,"bannedList":false,"bannedNum":1}
[2017-07-01 22:13:52] {"type":"connected","fromUser":"system","toUser":164,"banned":{"all":"*4","self":"console_1_founder_34"},"online":0,"settings":{"canat":0,"canrepeal":0,"virtual":0,"virtualadd":1,"status":0},"userList":false,"bannedList":false,"bannedNum":1}
[2017-07-01 22:15:43] {"type":"setting","fromUser":"console_1_founder_34","toUser":"all","settings":{"canat":1,"canrepeal":1,"virtual":3777,"virtualadd":23,"status":1},"roomid":"8","self":1}
[2017-07-01 22:15:43] {"type":"setting","fromUser":"console_1_founder_34","toUser":"all","settings":{"canat":1,"canrepeal":1,"virtual":3777,"virtualadd":23,"status":1},"roomid":"8"}
[2017-07-01 22:18:44] {"type":"connected","fromUser":"system","toUser":7,"banned":{"all":false,"self":false},"online":1,"settings":{"canat":0,"canrepeal":0,"virtual":0,"virtualadd":0,"status":1},"userList":{"console_1_founder_34":"{\"fd\":7,\"uid\":\"console_1_founder_34\",\"nickname\":\"\\u7ba1\\u7406\\u5458B\",\"uniacid\":\"34\",\"roomid\":\"8\",\"role\":\"manage\"}"},"bannedList":[],"bannedNum":0}
[2017-07-01 22:18:57] {"type":"setting","fromUser":"console_1_founder_34","toUser":"all","settings":{"status":"1","canat":1,"canrepeal":1,"virtual":31231213,"virtualadd":1},"roomid":"8","self":1}
[2017-07-01 22:19:01] {"type":"setting","fromUser":"console_1_founder_34","toUser":"all","settings":{"status":"1","canat":1,"canrepeal":1,"virtual":31231213,"virtualadd":12},"roomid":"8","self":1}
[2017-07-01 22:19:12] {"type":"text","fromUser":"console_1_founder_34","toUser":"all","nickname":"\u7ba1\u7406\u5458B","text":"[\u5bb3\u7f9e]","msgid":"5337307fbf996fb6cd5502fb1e813f2f","roomid":"8","self":1}
[2017-07-01 22:21:12] {"type":"userEnter","fromUser":"71948","toUser":"all","nickname":"\u8363\u8000\u81f3\u4e0a","role":null,"banned":false,"roomid":"8"}
[2017-07-01 22:21:12] {"type":"connected","fromUser":"system","toUser":8,"banned":{"all":false,"self":false},"online":2,"settings":{"canat":1,"canrepeal":1,"virtual":31231213,"virtualadd":12,"status":1}}
[2017-07-01 22:21:22] {"type":"text","fromUser":"71948","toUser":"all","nickname":"\u8363\u8000\u81f3\u4e0a","text":"\u4f60\u597d","msgid":"cca79613c92bf422dab0ba1485a190ae","roomid":"8","self":1}
[2017-07-01 22:21:22] {"type":"text","fromUser":"71948","toUser":"all","nickname":"\u8363\u8000\u81f3\u4e0a","text":"\u4f60\u597d","msgid":"cca79613c92bf422dab0ba1485a190ae","roomid":"8"}
[2017-07-01 22:23:06] {"type":"userEnter","fromUser":"72218","toUser":"all","nickname":"\u6dfb\u9038\u79d1\u6280 \u7535\u5546\u7cfb\u7edf-ERP\u7cfb\u7edf\u5b9a\u5236","role":null,"banned":false,"roomid":"7"}
[2017-07-01 22:23:06] {"type":"connected","fromUser":"system","toUser":9,"banned":{"all":false,"self":false},"online":1,"settings":{"canat":0,"canrepeal":0,"virtual":23,"virtualadd":0,"status":0}}
[2017-07-01 22:23:19] {"type":"userEnter","fromUser":"72218","toUser":"all","nickname":"\u6dfb\u9038\u79d1\u6280 \u7535\u5546\u7cfb\u7edf-ERP\u7cfb\u7edf\u5b9a\u5236","role":null,"banned":false,"roomid":"8"}
[2017-07-01 22:23:19] {"type":"userEnter","fromUser":"72218","toUser":"all","nickname":"\u6dfb\u9038\u79d1\u6280 \u7535\u5546\u7cfb\u7edf-ERP\u7cfb\u7edf\u5b9a\u5236","role":null,"banned":false,"roomid":"8"}
[2017-07-01 22:23:19] {"type":"connected","fromUser":"system","toUser":10,"banned":{"all":false,"self":false},"online":3,"settings":{"canat":1,"canrepeal":1,"virtual":31231225,"virtualadd":12,"status":1}}
[2017-07-01 22:23:23] {"type":"text","fromUser":"72218","toUser":"all","nickname":"\u6dfb\u9038\u79d1\u6280 \u7535\u5546\u7cfb\u7edf-ERP\u7cfb\u7edf\u5b9a\u5236","text":"\u4f60\u597d","msgid":"ad897a1eb4bf65b0d6c0c9ebfa612f02","roomid":"8"}
[2017-07-01 22:23:23] {"type":"text","fromUser":"72218","toUser":"all","nickname":"\u6dfb\u9038\u79d1\u6280 \u7535\u5546\u7cfb\u7edf-ERP\u7cfb\u7edf\u5b9a\u5236","text":"\u4f60\u597d","msgid":"ad897a1eb4bf65b0d6c0c9ebfa612f02","roomid":"8","self":1}
[2017-07-01 22:23:23] {"type":"text","fromUser":"72218","toUser":"all","nickname":"\u6dfb\u9038\u79d1\u6280 \u7535\u5546\u7cfb\u7edf-ERP\u7cfb\u7edf\u5b9a\u5236","text":"\u4f60\u597d","msgid":"ad897a1eb4bf65b0d6c0c9ebfa612f02","roomid":"8"}
[2017-07-01 22:23:36] {"type":"clicklike","fromUser":"72218","toUser":"all","roomid":"8"}
[2017-07-01 22:23:36] {"type":"clicklike","fromUser":"72218","toUser":"all","roomid":"8"}
[2017-07-01 22:23:41] {"type":"clicklike","fromUser":"71948","toUser":"all","roomid":"8"}
[2017-07-01 22:23:41] {"type":"clicklike","fromUser":"71948","toUser":"all","roomid":"8"}
[2017-07-01 22:23:47] {"type":"clicklike","fromUser":"72218","toUser":"all","roomid":"8"}
[2017-07-01 22:23:47] {"type":"clicklike","fromUser":"72218","toUser":"all","roomid":"8"}
[2017-07-01 22:24:24] {"type":"userEnter","fromUser":"71948","toUser":"all","nickname":"\u8363\u8000\u81f3\u4e0a","role":null,"banned":false,"roomid":"8"}
[2017-07-01 22:24:24] {"type":"userEnter","fromUser":"71948","toUser":"all","nickname":"\u8363\u8000\u81f3\u4e0a","role":null,"banned":false,"roomid":"8"}
[2017-07-01 22:24:24] {"type":"connected","fromUser":"system","toUser":11,"banned":{"all":false,"self":false},"online":3,"settings":{"canat":1,"canrepeal":1,"virtual":31231237,"virtualadd":12,"status":1}}
[2017-07-01 22:24:32] {"type":"text","fromUser":"71948","toUser":"all","nickname":"\u8363\u8000\u81f3\u4e0a","text":"\u54c8\u54c8\ud83d\ude04","msgid":"6501cfa02ad2d1a8f277827ffd9f6829","roomid":"8","self":1}
[2017-07-01 22:24:32] {"type":"text","fromUser":"71948","toUser":"all","nickname":"\u8363\u8000\u81f3\u4e0a","text":"\u54c8\u54c8\ud83d\ude04","msgid":"6501cfa02ad2d1a8f277827ffd9f6829","roomid":"8"}
[2017-07-01 22:24:32] {"type":"text","fromUser":"71948","toUser":"all","nickname":"\u8363\u8000\u81f3\u4e0a","text":"\u54c8\u54c8\ud83d\ude04","msgid":"6501cfa02ad2d1a8f277827ffd9f6829","roomid":"8"}
[2017-07-01 22:24:40] {"type":"text","fromUser":"71948","toUser":"all","nickname":"\u8363\u8000\u81f3\u4e0a","text":"\u54c8\u54c8","msgid":"623133c0ea2577c55f3cffdaa1283a6b","roomid":"8","self":1}
[2017-07-01 22:24:40] {"type":"text","fromUser":"71948","toUser":"all","nickname":"\u8363\u8000\u81f3\u4e0a","text":"\u54c8\u54c8","msgid":"623133c0ea2577c55f3cffdaa1283a6b","roomid":"8"}
[2017-07-01 22:24:40] {"type":"text","fromUser":"71948","toUser":"all","nickname":"\u8363\u8000\u81f3\u4e0a","text":"\u54c8\u54c8","msgid":"623133c0ea2577c55f3cffdaa1283a6b","roomid":"8"}
[2017-07-01 22:24:51] {"type":"text","fromUser":"72218","toUser":"all","nickname":"\u6dfb\u9038\u79d1\u6280 \u7535\u5546\u7cfb\u7edf-ERP\u7cfb\u7edf\u5b9a\u5236","text":"\u6709\u610f\u601d","msgid":"7e56bfedf442a8c6eff0b51a52955ba5","roomid":"8"}
[2017-07-01 22:24:51] {"type":"text","fromUser":"72218","toUser":"all","nickname":"\u6dfb\u9038\u79d1\u6280 \u7535\u5546\u7cfb\u7edf-ERP\u7cfb\u7edf\u5b9a\u5236","text":"\u6709\u610f\u601d","msgid":"7e56bfedf442a8c6eff0b51a52955ba5","roomid":"8","self":1}
[2017-07-01 22:24:51] {"type":"text","fromUser":"72218","toUser":"all","nickname":"\u6dfb\u9038\u79d1\u6280 \u7535\u5546\u7cfb\u7edf-ERP\u7cfb\u7edf\u5b9a\u5236","text":"\u6709\u610f\u601d","msgid":"7e56bfedf442a8c6eff0b51a52955ba5","roomid":"8"}
[2017-07-01 22:25:20] {"type":"text","fromUser":"71948","toUser":"all","nickname":"\u8363\u8000\u81f3\u4e0a","text":"\u4f60\u597d","msgid":"192944652601d8e845d02b2f0f0a1df8","roomid":"8","self":1}
[2017-07-01 22:25:20] {"type":"text","fromUser":"71948","toUser":"all","nickname":"\u8363\u8000\u81f3\u4e0a","text":"\u4f60\u597d","msgid":"192944652601d8e845d02b2f0f0a1df8","roomid":"8"}
[2017-07-01 22:25:20] {"type":"text","fromUser":"71948","toUser":"all","nickname":"\u8363\u8000\u81f3\u4e0a","text":"\u4f60\u597d","msgid":"192944652601d8e845d02b2f0f0a1df8","roomid":"8"}
[2017-07-01 22:25:28] {"type":"text","fromUser":"72218","toUser":"all","nickname":"\u6dfb\u9038\u79d1\u6280 \u7535\u5546\u7cfb\u7edf-ERP\u7cfb\u7edf\u5b9a\u5236","text":"[\u5077\u7b11]","msgid":"dce07c3219ac9b78fe87282f120584a3","roomid":"8"}
[2017-07-01 22:25:28] {"type":"text","fromUser":"72218","toUser":"all","nickname":"\u6dfb\u9038\u79d1\u6280 \u7535\u5546\u7cfb\u7edf-ERP\u7cfb\u7edf\u5b9a\u5236","text":"[\u5077\u7b11]","msgid":"dce07c3219ac9b78fe87282f120584a3","roomid":"8","self":1}
[2017-07-01 22:25:28] {"type":"text","fromUser":"72218","toUser":"all","nickname":"\u6dfb\u9038\u79d1\u6280 \u7535\u5546\u7cfb\u7edf-ERP\u7cfb\u7edf\u5b9a\u5236","text":"[\u5077\u7b11]","msgid":"dce07c3219ac9b78fe87282f120584a3","roomid":"8"}
[2017-07-01 22:25:36] {"type":"text","fromUser":"71948","toUser":"all","nickname":"\u8363\u8000\u81f3\u4e0a","text":"\u5feb\u70b9","msgid":"3e81190d03e958876c681dbe10ad3286","roomid":"8","self":1}
[2017-07-01 22:25:36] {"type":"text","fromUser":"71948","toUser":"all","nickname":"\u8363\u8000\u81f3\u4e0a","text":"\u5feb\u70b9","msgid":"3e81190d03e958876c681dbe10ad3286","roomid":"8"}
[2017-07-01 22:25:36] {"type":"text","fromUser":"71948","toUser":"all","nickname":"\u8363\u8000\u81f3\u4e0a","text":"\u5feb\u70b9","msgid":"3e81190d03e958876c681dbe10ad3286","roomid":"8"}
[2017-07-01 22:27:15] {"type":"text","fromUser":"console_1_founder_34","toUser":"all","nickname":"\u7ba1\u7406\u5458B","text":"[\u574f\u7b11]","msgid":"69ceffe309d43a3bfe457b8473a4a4af","roomid":"8"}
[2017-07-01 22:27:15] {"type":"text","fromUser":"console_1_founder_34","toUser":"all","nickname":"\u7ba1\u7406\u5458B","text":"[\u574f\u7b11]","msgid":"69ceffe309d43a3bfe457b8473a4a4af","roomid":"8"}
[2017-07-01 22:27:15] {"type":"text","fromUser":"console_1_founder_34","toUser":"all","nickname":"\u7ba1\u7406\u5458B","text":"[\u574f\u7b11]","msgid":"69ceffe309d43a3bfe457b8473a4a4af","roomid":"8","self":1}
[2017-07-01 22:27:26] {"type":"text","fromUser":"console_1_founder_34","toUser":"all","nickname":"\u7ba1\u7406\u5458B","text":"\u5c31\u8fd9\u6837\uff0c\u4e0d\u8981\u4e71\u6765","msgid":"5363f7a58d2e37657e62fb72d8e234ec","roomid":"8"}
[2017-07-01 22:27:26] {"type":"text","fromUser":"console_1_founder_34","toUser":"all","nickname":"\u7ba1\u7406\u5458B","text":"\u5c31\u8fd9\u6837\uff0c\u4e0d\u8981\u4e71\u6765","msgid":"5363f7a58d2e37657e62fb72d8e234ec","roomid":"8"}
[2017-07-01 22:27:26] {"type":"text","fromUser":"console_1_founder_34","toUser":"all","nickname":"\u7ba1\u7406\u5458B","text":"\u5c31\u8fd9\u6837\uff0c\u4e0d\u8981\u4e71\u6765","msgid":"5363f7a58d2e37657e62fb72d8e234ec","roomid":"8","self":1}
[2017-07-01 22:27:39] {"type":"text","fromUser":"72218","toUser":"all","nickname":"\u6dfb\u9038\u79d1\u6280 \u7535\u5546\u7cfb\u7edf-ERP\u7cfb\u7edf\u5b9a\u5236","text":"\u7a33\u5b9a\u4e86\u5427","msgid":"4bcc8006d613b3efef539b91dafac018","roomid":"8"}
[2017-07-01 22:27:39] {"type":"text","fromUser":"72218","toUser":"all","nickname":"\u6dfb\u9038\u79d1\u6280 \u7535\u5546\u7cfb\u7edf-ERP\u7cfb\u7edf\u5b9a\u5236","text":"\u7a33\u5b9a\u4e86\u5427","msgid":"4bcc8006d613b3efef539b91dafac018","roomid":"8","self":1}
[2017-07-01 22:27:39] {"type":"text","fromUser":"72218","toUser":"all","nickname":"\u6dfb\u9038\u79d1\u6280 \u7535\u5546\u7cfb\u7edf-ERP\u7cfb\u7edf\u5b9a\u5236","text":"\u7a33\u5b9a\u4e86\u5427","msgid":"4bcc8006d613b3efef539b91dafac018","roomid":"8"}
[2017-07-01 22:27:47] {"type":"text","fromUser":"71948","toUser":"all","nickname":"\u8363\u8000\u81f3\u4e0a","text":"\u8fd8\u4e0d\u9519","msgid":"4011e63694b2877dbd026fe988b9bf1a","roomid":"8","self":1}
[2017-07-01 22:27:47] {"type":"text","fromUser":"71948","toUser":"all","nickname":"\u8363\u8000\u81f3\u4e0a","text":"\u8fd8\u4e0d\u9519","msgid":"4011e63694b2877dbd026fe988b9bf1a","roomid":"8"}
[2017-07-01 22:27:47] {"type":"text","fromUser":"71948","toUser":"all","nickname":"\u8363\u8000\u81f3\u4e0a","text":"\u8fd8\u4e0d\u9519","msgid":"4011e63694b2877dbd026fe988b9bf1a","roomid":"8"}
[2017-07-01 22:27:57] {"type":"text","fromUser":"71948","toUser":"all","nickname":"\u8363\u8000\u81f3\u4e0a","text":"\u8fd9\u5468\u5fc5\u987b\u641e\u597d","msgid":"230d0fe523fb2d00307580747ee2d1e1","roomid":"8","self":1}
[2017-07-01 22:27:57] {"type":"text","fromUser":"71948","toUser":"all","nickname":"\u8363\u8000\u81f3\u4e0a","text":"\u8fd9\u5468\u5fc5\u987b\u641e\u597d","msgid":"230d0fe523fb2d00307580747ee2d1e1","roomid":"8"}
[2017-07-01 22:27:57] {"type":"text","fromUser":"71948","toUser":"all","nickname":"\u8363\u8000\u81f3\u4e0a","text":"\u8fd9\u5468\u5fc5\u987b\u641e\u597d","msgid":"230d0fe523fb2d00307580747ee2d1e1","roomid":"8"}
[2017-07-01 22:28:05] {"type":"text","fromUser":"71948","toUser":"all","nickname":"\u8363\u8000\u81f3\u4e0a","text":"[\u98de\u543b]","msgid":"19a94fc35ae5af65b3663d0cd8bda669","roomid":"8","self":1}
[2017-07-01 22:28:05] {"type":"text","fromUser":"71948","toUser":"all","nickname":"\u8363\u8000\u81f3\u4e0a","text":"[\u98de\u543b]","msgid":"19a94fc35ae5af65b3663d0cd8bda669","roomid":"8"}
[2017-07-01 22:28:05] {"type":"text","fromUser":"71948","toUser":"all","nickname":"\u8363\u8000\u81f3\u4e0a","text":"[\u98de\u543b]","msgid":"19a94fc35ae5af65b3663d0cd8bda669","roomid":"8"}
[2017-07-01 22:43:25] {"type":"text","fromUser":"console_1_founder_34","toUser":"all","nickname":"\u7ba1\u7406\u5458B","text":"\u54c8\u54c8","msgid":"e19256850af0f0f82ff3d89399308ab5","roomid":"8"}
[2017-07-01 22:43:25] {"type":"text","fromUser":"console_1_founder_34","toUser":"all","nickname":"\u7ba1\u7406\u5458B","text":"\u54c8\u54c8","msgid":"e19256850af0f0f82ff3d89399308ab5","roomid":"8"}
[2017-07-01 22:43:25] {"type":"text","fromUser":"console_1_founder_34","toUser":"all","nickname":"\u7ba1\u7406\u5458B","text":"\u54c8\u54c8","msgid":"e19256850af0f0f82ff3d89399308ab5","roomid":"8","self":1}
[2017-07-01 22:43:27] {"type":"userLeave","fromUser":"console_1_founder_34","toUser":"all","nickname":"\u7ba1\u7406\u5458B","roomid":"8"}
[2017-07-01 22:43:27] {"type":"userLeave","fromUser":"console_1_founder_34","toUser":"all","nickname":"\u7ba1\u7406\u5458B","roomid":"8"}
[2017-07-01 22:43:30] {"type":"connected","fromUser":"system","toUser":12,"banned":{"all":false,"self":false},"online":1,"settings":{"canat":0,"canrepeal":0,"virtual":23,"virtualadd":0,"status":0},"userList":{"console_1_founder_34":"{\"fd\":12,\"uid\":\"console_1_founder_34\",\"nickname\":\"\\u7ba1\\u7406\\u5458B\",\"uniacid\":\"34\",\"roomid\":\"7\",\"role\":\"manage\"}"},"bannedList":[],"bannedNum":0}
[2017-07-01 22:43:46] {"type":"userEnter","fromUser":"console_1_founder_34","toUser":"all","nickname":"\u7ba1\u7406\u5458B","role":"manage","banned":false,"roomid":"6"}
[2017-07-01 22:43:46] {"type":"connected","fromUser":"system","toUser":13,"banned":{"all":"0","self":false},"online":1,"settings":{"canat":1,"canrepeal":1,"virtual":3777,"virtualadd":23,"status":1,"nickname":"\u7ba1\u7406\u5458B"},"userList":{"console_1_founder_34":"{\"fd\":13,\"uid\":\"console_1_founder_34\",\"nickname\":\"\\u7ba1\\u7406\\u5458B\",\"uniacid\":\"34\",\"roomid\":\"6\",\"role\":\"manage\"}"},"bannedList":[],"bannedNum":0}
[2017-07-01 22:43:52] {"type":"setting","fromUser":"console_1_founder_34","toUser":"all","settings":{"canat":1,"canrepeal":1,"virtual":3800,"virtualadd":23,"status":0},"roomid":"6","self":1}
[2017-07-01 22:43:56] {"type":"setting","fromUser":"console_1_founder_34","toUser":"all","settings":{"canat":1,"canrepeal":1,"virtual":3800,"virtualadd":23,"status":1},"roomid":"6","self":1}
[2017-07-01 22:44:02] {"type":"userLeave","fromUser":"71948","toUser":"all","nickname":"\u8363\u8000\u81f3\u4e0a","roomid":"8"}
[2017-07-01 22:44:13] {"type":"userEnter","fromUser":"71948","toUser":"all","nickname":"\u8363\u8000\u81f3\u4e0a","role":null,"banned":false,"roomid":"6"}
[2017-07-01 22:44:13] {"type":"connected","fromUser":"system","toUser":14,"banned":{"all":"0","self":false},"online":2,"settings":{"canat":1,"canrepeal":1,"virtual":3800,"virtualadd":23,"status":1}}
[2017-07-01 22:44:19] {"type":"text","fromUser":"71948","toUser":"all","nickname":"\u8363\u8000\u81f3\u4e0a","text":"\u54c8\u54c8","msgid":"e9eaacd3019691e82fb5777979c3c666","roomid":"6","self":1}
[2017-07-01 22:44:19] {"type":"text","fromUser":"71948","toUser":"all","nickname":"\u8363\u8000\u81f3\u4e0a","text":"\u54c8\u54c8","msgid":"e9eaacd3019691e82fb5777979c3c666","roomid":"6"}
[2017-07-01 22:44:37] {"type":"userEnter","fromUser":"72218","toUser":"all","nickname":"\u6dfb\u9038\u79d1\u6280 \u7535\u5546\u7cfb\u7edf-ERP\u7cfb\u7edf\u5b9a\u5236","role":null,"banned":false,"roomid":"6"}
[2017-07-01 22:44:37] {"type":"userEnter","fromUser":"72218","toUser":"all","nickname":"\u6dfb\u9038\u79d1\u6280 \u7535\u5546\u7cfb\u7edf-ERP\u7cfb\u7edf\u5b9a\u5236","role":null,"banned":false,"roomid":"6"}
[2017-07-01 22:44:37] {"type":"connected","fromUser":"system","toUser":15,"banned":{"all":"0","self":false},"online":3,"settings":{"canat":1,"canrepeal":1,"virtual":3823,"virtualadd":23,"status":1}}
[2017-07-01 22:44:42] {"type":"text","fromUser":"72218","toUser":"all","nickname":"\u6dfb\u9038\u79d1\u6280 \u7535\u5546\u7cfb\u7edf-ERP\u7cfb\u7edf\u5b9a\u5236","text":"\u54c8\u54c8","msgid":"4675140474828a0425e8c436d699b803","roomid":"6"}
[2017-07-01 22:44:42] {"type":"text","fromUser":"72218","toUser":"all","nickname":"\u6dfb\u9038\u79d1\u6280 \u7535\u5546\u7cfb\u7edf-ERP\u7cfb\u7edf\u5b9a\u5236","text":"\u54c8\u54c8","msgid":"4675140474828a0425e8c436d699b803","roomid":"6","self":1}
[2017-07-01 22:44:42] {"type":"text","fromUser":"72218","toUser":"all","nickname":"\u6dfb\u9038\u79d1\u6280 \u7535\u5546\u7cfb\u7edf-ERP\u7cfb\u7edf\u5b9a\u5236","text":"\u54c8\u54c8","msgid":"4675140474828a0425e8c436d699b803","roomid":"6"}
[2017-07-01 22:44:54] {"type":"text","fromUser":"72218","toUser":"all","nickname":"\u6dfb\u9038\u79d1\u6280 \u7535\u5546\u7cfb\u7edf-ERP\u7cfb\u7edf\u5b9a\u5236","text":"[\u8c03\u76ae]","msgid":"b87824b86fae41e3f125d71afd744fbc","roomid":"6"}
[2017-07-01 22:44:54] {"type":"text","fromUser":"72218","toUser":"all","nickname":"\u6dfb\u9038\u79d1\u6280 \u7535\u5546\u7cfb\u7edf-ERP\u7cfb\u7edf\u5b9a\u5236","text":"[\u8c03\u76ae]","msgid":"b87824b86fae41e3f125d71afd744fbc","roomid":"6","self":1}
[2017-07-01 22:44:54] {"type":"text","fromUser":"72218","toUser":"all","nickname":"\u6dfb\u9038\u79d1\u6280 \u7535\u5546\u7cfb\u7edf-ERP\u7cfb\u7edf\u5b9a\u5236","text":"[\u8c03\u76ae]","msgid":"b87824b86fae41e3f125d71afd744fbc","roomid":"6"}
[2017-07-01 22:45:12] {"type":"userLeave","fromUser":"console_1_founder_34","toUser":"all","nickname":"\u7ba1\u7406\u5458B","roomid":"6"}
[2017-07-01 22:45:12] {"type":"userLeave","fromUser":"console_1_founder_34","toUser":"all","nickname":"\u7ba1\u7406\u5458B","roomid":"6"}
[2017-07-01 22:45:31] {"type":"connected","fromUser":"system","toUser":16,"banned":{"all":"0","self":false},"online":1,"settings":{"canat":1,"canrepeal":1,"virtual":3846,"virtualadd":23,"status":1}}
[2017-07-01 22:45:35] {"type":"connected","fromUser":"system","toUser":17,"banned":{"all":false,"self":false},"online":1,"settings":{"canat":1,"canrepeal":1,"virtual":31231249,"virtualadd":12,"status":1}}
[2017-07-01 22:45:50] {"type":"text","fromUser":"71948","toUser":"all","nickname":"\u8363\u8000\u81f3\u4e0a","text":"[\u8c03\u76ae]","msgid":"4426fddd0d1dda929e421addbef72a03","roomid":"8","self":1}
[2017-07-01 22:45:59] {"type":"userEnter","fromUser":"72218","toUser":"all","nickname":"\u6dfb\u9038\u79d1\u6280 \u7535\u5546\u7cfb\u7edf-ERP\u7cfb\u7edf\u5b9a\u5236","role":null,"banned":false,"roomid":"8"}
[2017-07-01 22:45:59] {"type":"connected","fromUser":"system","toUser":18,"banned":{"all":false,"self":false},"online":2,"settings":{"canat":1,"canrepeal":1,"virtual":31231261,"virtualadd":12,"status":1}}
[2017-07-01 22:46:09] {"type":"text","fromUser":"72218","toUser":"all","nickname":"\u6dfb\u9038\u79d1\u6280 \u7535\u5546\u7cfb\u7edf-ERP\u7cfb\u7edf\u5b9a\u5236","text":"\uff78\uff9e\uff6f!(\u0e51\u2022\u0300\u3142\u2022\u0301)\u0648\u2727","msgid":"28cc20514f1f0f88f0b45d48acce9fc0","roomid":"8"}
[2017-07-01 22:46:09] {"type":"text","fromUser":"72218","toUser":"all","nickname":"\u6dfb\u9038\u79d1\u6280 \u7535\u5546\u7cfb\u7edf-ERP\u7cfb\u7edf\u5b9a\u5236","text":"\uff78\uff9e\uff6f!(\u0e51\u2022\u0300\u3142\u2022\u0301)\u0648\u2727","msgid":"28cc20514f1f0f88f0b45d48acce9fc0","roomid":"8","self":1}
[2017-07-01 22:46:43] {"type":"userLeave","fromUser":"71948","toUser":"all","nickname":"\u8363\u8000\u81f3\u4e0a","roomid":"8"}
[2017-07-01 22:47:09] {"type":"connected","fromUser":"system","toUser":19,"banned":{"all":"0","self":false},"online":1,"settings":{"canat":1,"canrepeal":1,"virtual":3869,"virtualadd":23,"status":1}}
[2017-07-01 22:47:50] {"type":"userEnter","fromUser":"71948","toUser":"all","nickname":"\u8363\u8000\u81f3\u4e0a","role":null,"banned":false,"roomid":"8"}
[2017-07-01 22:47:50] {"type":"connected","fromUser":"system","toUser":22,"banned":{"all":false,"self":false},"online":2,"settings":{"canat":1,"canrepeal":1,"virtual":31231273,"virtualadd":12,"status":1}}
[2017-07-01 22:47:57] {"type":"text","fromUser":"71948","toUser":"all","nickname":"\u8363\u8000\u81f3\u4e0a","text":"\u771f\u597d","msgid":"594135fd6ce7f87fba0faa4fe1318281","roomid":"8","self":1}
[2017-07-01 22:47:57] {"type":"text","fromUser":"71948","toUser":"all","nickname":"\u8363\u8000\u81f3\u4e0a","text":"\u771f\u597d","msgid":"594135fd6ce7f87fba0faa4fe1318281","roomid":"8"}
[2017-07-01 22:48:04] {"type":"clicklike","fromUser":"72218","toUser":"all","roomid":"8"}
[2017-07-01 22:48:07] {"type":"clicklike","fromUser":"71948","toUser":"all","roomid":"8"}
[2017-07-01 22:48:14] {"type":"clicklike","fromUser":"72218","toUser":"all","roomid":"8"}
[2017-07-01 22:48:20] {"type":"clicklike","fromUser":"71948","toUser":"all","roomid":"8"}
[2017-07-01 22:48:30] {"type":"clicklike","fromUser":"72218","toUser":"all","roomid":"8"}
[2017-07-01 22:48:37] {"type":"text","fromUser":"72218","toUser":"all","nickname":"\u6dfb\u9038\u79d1\u6280 \u7535\u5546\u7cfb\u7edf-ERP\u7cfb\u7edf\u5b9a\u5236","text":"\u522b\u662f","msgid":"d74addc88ee248eae432d640916f7ba2","roomid":"8"}
[2017-07-01 22:48:37] {"type":"text","fromUser":"72218","toUser":"all","nickname":"\u6dfb\u9038\u79d1\u6280 \u7535\u5546\u7cfb\u7edf-ERP\u7cfb\u7edf\u5b9a\u5236","text":"\u522b\u662f","msgid":"d74addc88ee248eae432d640916f7ba2","roomid":"8","self":1}
[2017-07-01 22:48:43] {"type":"userEnter","fromUser":"console_1_founder_34","toUser":"all","nickname":"\u7ba1\u7406\u5458B","role":"manage","banned":false,"roomid":"8"}
[2017-07-01 22:48:43] {"type":"userEnter","fromUser":"console_1_founder_34","toUser":"all","nickname":"\u7ba1\u7406\u5458B","role":"manage","banned":false,"roomid":"8"}
[2017-07-01 22:48:43] {"type":"connected","fromUser":"system","toUser":23,"banned":{"all":false,"self":false},"online":2,"settings":{"canat":1,"canrepeal":1,"virtual":31231285,"virtualadd":12,"status":1,"nickname":"\u7ba1\u7406\u5458B"},"userList":{"71948":"{\"fd\":22,\"uid\":\"71948\",\"nickname\":\"\\u8363\\u8000\\u81f3\\u4e0a\",\"uniacid\":\"34\",\"roomid\":\"8\",\"role\":null}","console_1_founder_34":"{\"fd\":23,\"uid\":\"console_1_founder_34\",\"nickname\":\"\\u7ba1\\u7406\\u5458B\",\"uniacid\":\"34\",\"roomid\":\"8\",\"role\":\"manage\"}"},"bannedList":[],"bannedNum":0}
[2017-07-01 22:48:58] {"type":"image","fromUser":"console_1_founder_34","toUser":"all","nickname":"\u7ba1\u7406\u5458B","text":"images\/34\/merch\/11\/EaanhNJFNZUOAjjNznc8ngjNN8NnAn.jpg","msgid":"7ef51a4daba320fb5a3fb5be51c6befd","roomid":"8"}
[2017-07-01 22:48:58] {"type":"image","fromUser":"console_1_founder_34","toUser":"all","nickname":"\u7ba1\u7406\u5458B","text":"images\/34\/merch\/11\/EaanhNJFNZUOAjjNznc8ngjNN8NnAn.jpg","msgid":"7ef51a4daba320fb5a3fb5be51c6befd","roomid":"8","self":1}
[2017-07-01 22:49:03] {"type":"image","fromUser":"console_1_founder_34","toUser":"all","nickname":"\u7ba1\u7406\u5458B","text":"images\/34\/2017\/06\/RtBbxxxmxFAB9aXXOZXmbB9bmvkBb7.jpg","msgid":"087dd413b10dc8a77ab573f55e8a56ed","roomid":"8"}
[2017-07-01 22:49:03] {"type":"image","fromUser":"console_1_founder_34","toUser":"all","nickname":"\u7ba1\u7406\u5458B","text":"images\/34\/2017\/06\/RtBbxxxmxFAB9aXXOZXmbB9bmvkBb7.jpg","msgid":"087dd413b10dc8a77ab573f55e8a56ed","roomid":"8","self":1}
[2017-07-01 22:49:08] {"type":"text","fromUser":"console_1_founder_34","toUser":"all","nickname":"\u7ba1\u7406\u5458B","text":"CES","msgid":"3908ac5961f1f7d14856970945fe56c4","roomid":"8"}
[2017-07-01 22:49:08] {"type":"text","fromUser":"console_1_founder_34","toUser":"all","nickname":"\u7ba1\u7406\u5458B","text":"CES","msgid":"3908ac5961f1f7d14856970945fe56c4","roomid":"8","self":1}
[2017-07-01 22:49:25] {"type":"text","fromUser":"72218","toUser":"all","nickname":"\u6dfb\u9038\u79d1\u6280 \u7535\u5546\u7cfb\u7edf-ERP\u7cfb\u7edf\u5b9a\u5236","text":"\u7ed9\u4e2a\u673a\u4f1a","msgid":"38430e9282583584a0789a7eaef239e1","roomid":"8"}
[2017-07-01 22:49:25] {"type":"text","fromUser":"72218","toUser":"all","nickname":"\u6dfb\u9038\u79d1\u6280 \u7535\u5546\u7cfb\u7edf-ERP\u7cfb\u7edf\u5b9a\u5236","text":"\u7ed9\u4e2a\u673a\u4f1a","msgid":"38430e9282583584a0789a7eaef239e1","roomid":"8"}
[2017-07-01 22:49:36] {"type":"clicklike","fromUser":"71948","toUser":"all","roomid":"8"}
[2017-07-01 22:49:43] {"type":"image","fromUser":"console_1_founder_34","toUser":"all","nickname":"\u7ba1\u7406\u5458B","text":"images\/34\/2017\/06\/OVBl5p0oO555v4344aLf4R443DLXrL.jpg","msgid":"c1f4aa49c78de51e3e4d9b0eb6415e6c","roomid":"8"}
[2017-07-01 22:49:43] {"type":"image","fromUser":"console_1_founder_34","toUser":"all","nickname":"\u7ba1\u7406\u5458B","text":"images\/34\/2017\/06\/OVBl5p0oO555v4344aLf4R443DLXrL.jpg","msgid":"c1f4aa49c78de51e3e4d9b0eb6415e6c","roomid":"8","self":1}
[2017-07-01 22:49:56] {"type":"text","fromUser":"72218","toUser":"all","nickname":"\u6dfb\u9038\u79d1\u6280 \u7535\u5546\u7cfb\u7edf-ERP\u7cfb\u7edf\u5b9a\u5236","text":"\u89c4\u5212\u597d","msgid":"1a743e07666067bc1dbb93eb5834621a","roomid":"8"}
[2017-07-01 22:49:56] {"type":"text","fromUser":"72218","toUser":"all","nickname":"\u6dfb\u9038\u79d1\u6280 \u7535\u5546\u7cfb\u7edf-ERP\u7cfb\u7edf\u5b9a\u5236","text":"\u89c4\u5212\u597d","msgid":"1a743e07666067bc1dbb93eb5834621a","roomid":"8"}
[2017-07-01 22:50:05] {"type":"text","fromUser":"72218","toUser":"all","nickname":"\u6dfb\u9038\u79d1\u6280 \u7535\u5546\u7cfb\u7edf-ERP\u7cfb\u7edf\u5b9a\u5236","text":"@\u8363\u8000\u81f3\u4e0a: \u8d77\u6765\u55e8","msgid":"60c3f5da19969cc1298fdc76d7e7cb41","roomid":"8","atUsers":{"71948":"\u8363\u8000\u81f3\u4e0a"},"at":1}
[2017-07-01 22:50:05] {"type":"text","fromUser":"72218","toUser":"all","nickname":"\u6dfb\u9038\u79d1\u6280 \u7535\u5546\u7cfb\u7edf-ERP\u7cfb\u7edf\u5b9a\u5236","text":"@\u8363\u8000\u81f3\u4e0a: \u8d77\u6765\u55e8","msgid":"60c3f5da19969cc1298fdc76d7e7cb41","roomid":"8","atUsers":{"71948":"\u8363\u8000\u81f3\u4e0a"},"at":1}
[2017-07-01 22:50:12] {"type":"userEnter","fromUser":"72218","toUser":"all","nickname":"\u6dfb\u9038\u79d1\u6280 \u7535\u5546\u7cfb\u7edf-ERP\u7cfb\u7edf\u5b9a\u5236","role":null,"banned":false,"roomid":"8"}
[2017-07-01 22:50:12] {"type":"userEnter","fromUser":"72218","toUser":"all","nickname":"\u6dfb\u9038\u79d1\u6280 \u7535\u5546\u7cfb\u7edf-ERP\u7cfb\u7edf\u5b9a\u5236","role":null,"banned":false,"roomid":"8"}
[2017-07-01 22:50:12] {"type":"connected","fromUser":"system","toUser":24,"banned":{"all":false,"self":false},"online":3,"settings":{"canat":1,"canrepeal":1,"virtual":31231297,"virtualadd":12,"status":1}}
[2017-07-01 22:50:19] {"type":"text","fromUser":"72218","toUser":"all","nickname":"\u6dfb\u9038\u79d1\u6280 \u7535\u5546\u7cfb\u7edf-ERP\u7cfb\u7edf\u5b9a\u5236","text":"\u55e8\u8d77\u6765","msgid":"3565bf21f6ad88366a064c1ac8153e02","roomid":"8"}
[2017-07-01 22:50:19] {"type":"text","fromUser":"72218","toUser":"all","nickname":"\u6dfb\u9038\u79d1\u6280 \u7535\u5546\u7cfb\u7edf-ERP\u7cfb\u7edf\u5b9a\u5236","text":"\u55e8\u8d77\u6765","msgid":"3565bf21f6ad88366a064c1ac8153e02","roomid":"8","self":1}
[2017-07-01 22:50:19] {"type":"text","fromUser":"72218","toUser":"all","nickname":"\u6dfb\u9038\u79d1\u6280 \u7535\u5546\u7cfb\u7edf-ERP\u7cfb\u7edf\u5b9a\u5236","text":"\u55e8\u8d77\u6765","msgid":"3565bf21f6ad88366a064c1ac8153e02","roomid":"8"}
[2017-07-01 22:50:41] {"type":"text","fromUser":"72218","toUser":"all","nickname":"\u6dfb\u9038\u79d1\u6280 \u7535\u5546\u7cfb\u7edf-ERP\u7cfb\u7edf\u5b9a\u5236","text":"@\u7ba1\u7406\u5458B: \u55e8\u8d77\u6765","msgid":"7338076b954755896b956e8d3673c3e3","roomid":"8","atUsers":{"console_1_founder_34":"\u7ba1\u7406\u5458B"}}
[2017-07-01 22:50:41] {"type":"text","fromUser":"72218","toUser":"all","nickname":"\u6dfb\u9038\u79d1\u6280 \u7535\u5546\u7cfb\u7edf-ERP\u7cfb\u7edf\u5b9a\u5236","text":"@\u7ba1\u7406\u5458B: \u55e8\u8d77\u6765","msgid":"7338076b954755896b956e8d3673c3e3","roomid":"8","atUsers":{"console_1_founder_34":"\u7ba1\u7406\u5458B"},"self":1}
[2017-07-01 22:50:41] {"type":"text","fromUser":"72218","toUser":"all","nickname":"\u6dfb\u9038\u79d1\u6280 \u7535\u5546\u7cfb\u7edf-ERP\u7cfb\u7edf\u5b9a\u5236","text":"@\u7ba1\u7406\u5458B: \u55e8\u8d77\u6765","msgid":"7338076b954755896b956e8d3673c3e3","roomid":"8","atUsers":{"console_1_founder_34":"\u7ba1\u7406\u5458B"},"at":1}
[2017-07-01 22:50:58] {"type":"text","fromUser":"72218","toUser":"all","nickname":"\u6dfb\u9038\u79d1\u6280 \u7535\u5546\u7cfb\u7edf-ERP\u7cfb\u7edf\u5b9a\u5236","text":"@\u8363\u8000\u81f3\u4e0a: \u55e8\u8d77\u6765\u554a","msgid":"7c2b1d7e78ac3af0125f73e1d3e43b18","roomid":"8","atUsers":{"71948":"\u8363\u8000\u81f3\u4e0a"},"at":1}
[2017-07-01 22:50:58] {"type":"text","fromUser":"72218","toUser":"all","nickname":"\u6dfb\u9038\u79d1\u6280 \u7535\u5546\u7cfb\u7edf-ERP\u7cfb\u7edf\u5b9a\u5236","text":"@\u8363\u8000\u81f3\u4e0a: \u55e8\u8d77\u6765\u554a","msgid":"7c2b1d7e78ac3af0125f73e1d3e43b18","roomid":"8","atUsers":{"71948":"\u8363\u8000\u81f3\u4e0a"},"at":1,"self":1}
[2017-07-01 22:50:58] {"type":"text","fromUser":"72218","toUser":"all","nickname":"\u6dfb\u9038\u79d1\u6280 \u7535\u5546\u7cfb\u7edf-ERP\u7cfb\u7edf\u5b9a\u5236","text":"@\u8363\u8000\u81f3\u4e0a: \u55e8\u8d77\u6765\u554a","msgid":"7c2b1d7e78ac3af0125f73e1d3e43b18","roomid":"8","atUsers":{"71948":"\u8363\u8000\u81f3\u4e0a"},"at":1}
[2017-07-01 22:51:26] {"type":"delete","fromUser":"console_1_founder_34","toUser":"all","nickname":"\u7ba1\u7406\u5458B","msgid":"7c2b1d7e78ac3af0125f73e1d3e43b18","deleteNick":"\u6dfb\u9038\u79d1\u6280 \u7535\u5546\u7cfb\u7edf-ERP\u7cfb\u7edf\u5b9a\u5236","deleteUid":"72218","roomid":"8"}
[2017-07-01 22:51:26] {"type":"delete","fromUser":"console_1_founder_34","toUser":"all","nickname":"\u7ba1\u7406\u5458B","msgid":"7c2b1d7e78ac3af0125f73e1d3e43b18","deleteNick":"\u6dfb\u9038\u79d1\u6280 \u7535\u5546\u7cfb\u7edf-ERP\u7cfb\u7edf\u5b9a\u5236","deleteUid":"72218","roomid":"8"}
[2017-07-01 22:51:26] {"type":"delete","fromUser":"console_1_founder_34","toUser":"all","nickname":"\u7ba1\u7406\u5458B","msgid":"7c2b1d7e78ac3af0125f73e1d3e43b18","deleteNick":"\u6dfb\u9038\u79d1\u6280 \u7535\u5546\u7cfb\u7edf-ERP\u7cfb\u7edf\u5b9a\u5236","deleteUid":"72218","roomid":"8","self":1}
[2017-07-01 22:51:33] {"type":"delete","fromUser":"console_1_founder_34","toUser":"all","nickname":"\u7ba1\u7406\u5458B","msgid":"7338076b954755896b956e8d3673c3e3","deleteNick":"\u6dfb\u9038\u79d1\u6280 \u7535\u5546\u7cfb\u7edf-ERP\u7cfb\u7edf\u5b9a\u5236","deleteUid":"72218","roomid":"8"}
[2017-07-01 22:51:33] {"type":"delete","fromUser":"console_1_founder_34","toUser":"all","nickname":"\u7ba1\u7406\u5458B","msgid":"7338076b954755896b956e8d3673c3e3","deleteNick":"\u6dfb\u9038\u79d1\u6280 \u7535\u5546\u7cfb\u7edf-ERP\u7cfb\u7edf\u5b9a\u5236","deleteUid":"72218","roomid":"8"}
[2017-07-01 22:51:33] {"type":"delete","fromUser":"console_1_founder_34","toUser":"all","nickname":"\u7ba1\u7406\u5458B","msgid":"7338076b954755896b956e8d3673c3e3","deleteNick":"\u6dfb\u9038\u79d1\u6280 \u7535\u5546\u7cfb\u7edf-ERP\u7cfb\u7edf\u5b9a\u5236","deleteUid":"72218","roomid":"8","self":1}
[2017-07-01 22:51:37] {"type":"repeal","fromUser":"console_1_founder_34","toUser":"all","nickname":"\u7ba1\u7406\u5458B","msgid":"c1f4aa49c78de51e3e4d9b0eb6415e6c","roomid":"8"}
[2017-07-01 22:51:37] {"type":"repeal","fromUser":"console_1_founder_34","toUser":"all","nickname":"\u7ba1\u7406\u5458B","msgid":"c1f4aa49c78de51e3e4d9b0eb6415e6c","roomid":"8"}
[2017-07-01 22:51:37] {"type":"repeal","fromUser":"console_1_founder_34","toUser":"all","nickname":"\u7ba1\u7406\u5458B","msgid":"c1f4aa49c78de51e3e4d9b0eb6415e6c","roomid":"8","self":1}
[2017-07-01 22:51:55] {"type":"userLeave","fromUser":"console_1_founder_34","toUser":"all","nickname":"\u7ba1\u7406\u5458B","roomid":"8"}
[2017-07-01 22:51:55] {"type":"userLeave","fromUser":"console_1_founder_34","toUser":"all","nickname":"\u7ba1\u7406\u5458B","roomid":"8"}
[2017-07-01 23:00:09] {"type":"clicklike","fromUser":"71948","toUser":"all","roomid":"8"}
[2017-07-01 23:00:16] {"type":"userLeave","fromUser":"71948","toUser":"all","nickname":"\u8363\u8000\u81f3\u4e0a","roomid":"8"}
[2017-07-02 00:12:11] {"type":"userEnter","fromUser":"71948","toUser":"all","nickname":"\u8363\u8000\u81f3\u4e0a","role":null,"banned":false,"roomid":"8"}
[2017-07-02 00:12:11] {"type":"connected","fromUser":"system","toUser":26,"banned":{"all":false,"self":false},"online":2,"settings":{"canat":1,"canrepeal":1,"virtual":31231309,"virtualadd":12,"status":1}}
[2017-07-02 00:12:22] {"type":"text","fromUser":"71948","toUser":"all","nickname":"\u8363\u8000\u81f3\u4e0a","text":"\u73a9\u513f\u5457","msgid":"0396945f17fe42f9de11016be9a16186","roomid":"8","self":1}
[2017-07-02 00:12:22] {"type":"text","fromUser":"71948","toUser":"all","nickname":"\u8363\u8000\u81f3\u4e0a","text":"\u73a9\u513f\u5457","msgid":"0396945f17fe42f9de11016be9a16186","roomid":"8"}
[2017-07-02 00:13:26] {"type":"userEnter","fromUser":"71948","toUser":"all","nickname":"\u8363\u8000\u81f3\u4e0a","role":null,"banned":false,"roomid":"8"}
[2017-07-02 00:13:26] {"type":"connected","fromUser":"system","toUser":27,"banned":{"all":false,"self":false},"online":2,"settings":{"canat":1,"canrepeal":1,"virtual":31231321,"virtualadd":12,"status":1}}
[2017-07-02 00:13:37] {"type":"userEnter","fromUser":"71948","toUser":"all","nickname":"\u8363\u8000\u81f3\u4e0a","role":null,"banned":false,"roomid":"8"}
[2017-07-02 00:13:37] {"type":"connected","fromUser":"system","toUser":28,"banned":{"all":false,"self":false},"online":2,"settings":{"canat":1,"canrepeal":1,"virtual":31231333,"virtualadd":12,"status":1}}
[2017-07-02 00:13:49] {"type":"userLeave","fromUser":"71948","toUser":"all","nickname":"\u8363\u8000\u81f3\u4e0a","roomid":"8"}
[2017-07-02 01:25:16] {"type":"text","fromUser":"72218","toUser":"all","nickname":"\u6dfb\u9038\u79d1\u6280 \u7535\u5546\u7cfb\u7edf-ERP\u7cfb\u7edf\u5b9a\u5236","text":"\ud83d\ude04","msgid":"49e7eabe5717b39a36a7bb1d6e08d9cd","roomid":"8","self":1}
[2017-07-02 20:50:30] {"type":"connected","fromUser":"system","toUser":37,"banned":{"all":"0","self":false},"online":1,"settings":{"canat":1,"canrepeal":1,"virtual":3892,"virtualadd":23,"status":1,"nickname":"\u7ba1\u7406\u5458B"},"userList":{"console_1_founder_34":"{\"fd\":37,\"uid\":\"console_1_founder_34\",\"nickname\":\"\\u7ba1\\u7406\\u5458B\",\"uniacid\":\"34\",\"roomid\":\"6\",\"role\":\"manage\"}"},"bannedList":[],"bannedNum":0}
[2017-07-02 20:50:39] {"type":"text","fromUser":"console_1_founder_34","toUser":"all","nickname":"\u7ba1\u7406\u5458B","text":"\u8fd8\u4e0d\u9519","msgid":"268c627ea284c3a64d215582b5625289","roomid":"6","self":1}
[2017-07-05 09:48:54] {"type":"connected","fromUser":"system","toUser":45,"banned":{"all":false,"self":false},"online":1,"settings":{"canat":1,"canrepeal":1,"virtual":31231345,"virtualadd":12,"status":1,"nickname":"\u7ba1\u7406\u5458B"},"userList":{"console_1_founder_34":"{\"fd\":45,\"uid\":\"console_1_founder_34\",\"nickname\":\"\\u7ba1\\u7406\\u5458B\",\"uniacid\":\"34\",\"roomid\":\"8\",\"role\":\"manage\"}"},"bannedList":[],"bannedNum":0}
[2017-07-05 09:49:01] {"type":"connected","fromUser":"system","toUser":46,"banned":{"all":"0","self":false},"online":1,"settings":{"canat":1,"canrepeal":1,"virtual":3915,"virtualadd":23,"status":1,"nickname":"\u7ba1\u7406\u5458B"},"userList":{"console_1_founder_34":"{\"fd\":46,\"uid\":\"console_1_founder_34\",\"nickname\":\"\\u7ba1\\u7406\\u5458B\",\"uniacid\":\"34\",\"roomid\":\"6\",\"role\":\"manage\"}"},"bannedList":[],"bannedNum":0}
[2017-07-05 09:49:09] {"type":"text","fromUser":"console_1_founder_34","toUser":"all","nickname":"\u7ba1\u7406\u5458B","text":"\u4e0d\u9519","msgid":"8772ff50bfe3ac94fbd29dc0d09b2f1c","roomid":"6","self":1}
[2017-07-05 09:49:58] {"type":"userEnter","fromUser":"71948","toUser":"all","nickname":"\u8363\u8000\u81f3\u4e0a","role":null,"banned":false,"roomid":"6"}
[2017-07-05 09:49:58] {"type":"connected","fromUser":"system","toUser":47,"banned":{"all":"0","self":false},"online":2,"settings":{"canat":1,"canrepeal":1,"virtual":3938,"virtualadd":23,"status":1}}
[2017-07-05 09:50:04] {"type":"text","fromUser":"71948","toUser":"all","nickname":"\u8363\u8000\u81f3\u4e0a","text":"[\u5fae\u7b11]","msgid":"bf2b2cbff7f36fe33b0397512e5cd70a","roomid":"6","self":1}
[2017-07-05 09:50:04] {"type":"text","fromUser":"71948","toUser":"all","nickname":"\u8363\u8000\u81f3\u4e0a","text":"[\u5fae\u7b11]","msgid":"bf2b2cbff7f36fe33b0397512e5cd70a","roomid":"6"}
[2017-07-05 09:50:18] {"type":"text","fromUser":"console_1_founder_34","toUser":"all","nickname":"\u7ba1\u7406\u5458B","text":"[\u8272]","msgid":"9ad38274689d2ab006fe1b080c2ae5e2","roomid":"6"}
[2017-07-05 09:50:18] {"type":"text","fromUser":"console_1_founder_34","toUser":"all","nickname":"\u7ba1\u7406\u5458B","text":"[\u8272]","msgid":"9ad38274689d2ab006fe1b080c2ae5e2","roomid":"6","self":1}
[2017-07-05 09:50:32] {"type":"userEnter","fromUser":"71948","toUser":"all","nickname":"\u8363\u8000\u81f3\u4e0a","role":null,"banned":false,"roomid":"6"}
[2017-07-05 09:50:32] {"type":"connected","fromUser":"system","toUser":48,"banned":{"all":"0","self":false},"online":2,"settings":{"canat":1,"canrepeal":1,"virtual":3961,"virtualadd":23,"status":1}}
[2017-07-05 09:50:42] {"type":"userLeave","fromUser":"71948","toUser":"all","nickname":"\u8363\u8000\u81f3\u4e0a","roomid":"6"}
[2017-07-05 09:50:44] {"type":"userEnter","fromUser":"71948","toUser":"all","nickname":"\u8363\u8000\u81f3\u4e0a","role":null,"banned":false,"roomid":"6"}
[2017-07-05 09:50:44] {"type":"connected","fromUser":"system","toUser":49,"banned":{"all":"0","self":false},"online":2,"settings":{"canat":1,"canrepeal":1,"virtual":3984,"virtualadd":23,"status":1}}
[2017-07-05 09:51:00] {"type":"text","fromUser":"71948","toUser":"all","nickname":"\u8363\u8000\u81f3\u4e0a","text":"\u7eff\u8336","msgid":"086f1b9cfb10a25a9efc17d30b3ff0c8","roomid":"6","self":1}
[2017-07-05 09:51:00] {"type":"text","fromUser":"71948","toUser":"all","nickname":"\u8363\u8000\u81f3\u4e0a","text":"\u7eff\u8336","msgid":"086f1b9cfb10a25a9efc17d30b3ff0c8","roomid":"6"}
[2017-07-05 09:51:05] {"type":"text","fromUser":"71948","toUser":"all","nickname":"\u8363\u8000\u81f3\u4e0a","text":"\u6709\u610f\u601d\u5427","msgid":"3e1bc8fd92fb6c55c26cdd9ea2e762b8","roomid":"6","self":1}
[2017-07-05 09:51:05] {"type":"text","fromUser":"71948","toUser":"all","nickname":"\u8363\u8000\u81f3\u4e0a","text":"\u6709\u610f\u601d\u5427","msgid":"3e1bc8fd92fb6c55c26cdd9ea2e762b8","roomid":"6"}
[2017-07-05 09:53:01] {"type":"setting","fromUser":"console_1_founder_34","toUser":"all","settings":{"canat":1,"canrepeal":1,"virtual":4007,"virtualadd":23,"status":0},"roomid":"6"}
[2017-07-05 09:53:01] {"type":"setting","fromUser":"console_1_founder_34","toUser":"all","settings":{"canat":1,"canrepeal":1,"virtual":4007,"virtualadd":23,"status":0},"roomid":"6","self":1}
[2017-07-05 09:53:03] {"type":"userLeave","fromUser":"console_1_founder_34","toUser":"all","nickname":"\u7ba1\u7406\u5458B","roomid":"6"}
