[ 2019-07-07T19:05:16+08:00 ] 127.0.0.1 /index.php/admin
INFO: [ app_init ] --START--
INFO: Run Behavior\BuildLiteBehavior [ RunTime:0.000000s ]
INFO: [ app_init ] --END-- [ RunTime:0.001000s ]
INFO: [ app_begin ] --START--
INFO: Run Behavior\ReadHtmlCacheBehavior [ RunTime:0.002000s ]
INFO: [ app_begin ] --END-- [ RunTime:0.002000s ]
NOTIC: [8] Undefined index: user D:\wwwroot\bptx\Application\Common\Controller\AdminBaseController.class.php 第 16 行.
SQL: SHOW COLUMNS FROM `dt_auth_group_access` [ RunTime:0.0120s ]
SQL: SELECT `uid`,`group_id`,`title`,`rules` FROM dt_auth_group_access a INNER JOIN dt_auth_group g on a.group_id=g.id  WHERE ( a.uid='' and g.status='1' )  [ RunTime:0.0030s ]
INFO: [ view_parse ] --START--
INFO: [ template_filter ] --START--
INFO: Run Behavior\ContentReplaceBehavior [ RunTime:0.000000s ]
INFO: [ template_filter ] --END-- [ RunTime:0.000000s ]
INFO: Run Behavior\ParseTemplateBehavior [ RunTime:0.010000s ]
INFO: [ view_parse ] --END-- [ RunTime:0.010000s ]
INFO: [ view_filter ] --START--
INFO: Run Behavior\WriteHtmlCacheBehavior [ RunTime:0.001000s ]
INFO: [ view_filter ] --END-- [ RunTime:0.001000s ]

[ 2019-07-07T19:05:19+08:00 ] 127.0.0.1 /index.php/Admin/Public/login.html
INFO: [ app_init ] --START--
INFO: Run Behavior\BuildLiteBehavior [ RunTime:0.000000s ]
INFO: [ app_init ] --END-- [ RunTime:0.001000s ]
INFO: [ app_begin ] --START--
INFO: Run Behavior\ReadHtmlCacheBehavior [ RunTime:0.001000s ]
INFO: [ app_begin ] --END-- [ RunTime:0.001000s ]
INFO: [ view_parse ] --START--
INFO: [ template_filter ] --START--
INFO: Run Behavior\ContentReplaceBehavior [ RunTime:0.000000s ]
INFO: [ template_filter ] --END-- [ RunTime:0.000000s ]
INFO: Run Behavior\ParseTemplateBehavior [ RunTime:0.017001s ]
INFO: [ view_parse ] --END-- [ RunTime:0.017001s ]
INFO: [ view_filter ] --START--
INFO: Run Behavior\WriteHtmlCacheBehavior [ RunTime:0.001000s ]
INFO: [ view_filter ] --END-- [ RunTime:0.001000s ]
INFO: [ app_end ] --START--
INFO: Run Behavior\ShowPageTraceBehavior [ RunTime:0.000000s ]
INFO: [ app_end ] --END-- [ RunTime:0.000000s ]

[ 2019-07-07T19:05:25+08:00 ] 127.0.0.1 /index.php/Admin/Public/login.html
INFO: [ app_init ] --START--
INFO: Run Behavior\BuildLiteBehavior [ RunTime:0.000000s ]
INFO: [ app_init ] --END-- [ RunTime:0.001000s ]
INFO: [ app_begin ] --START--
INFO: Run Behavior\ReadHtmlCacheBehavior [ RunTime:0.001000s ]
INFO: [ app_begin ] --END-- [ RunTime:0.001000s ]
SQL: SHOW COLUMNS FROM `dt_users` [ RunTime:0.0130s ]
SQL: SELECT * FROM `dt_users` WHERE `username` = 'admin' AND `password` = 'e10adc3949ba59abbe56e057f20f883e' LIMIT 1   [ RunTime:0.0000s ]
INFO: [ view_parse ] --START--
INFO: [ template_filter ] --START--
INFO: Run Behavior\ContentReplaceBehavior [ RunTime:0.000000s ]
INFO: [ template_filter ] --END-- [ RunTime:0.000000s ]
INFO: Run Behavior\ParseTemplateBehavior [ RunTime:0.012001s ]
INFO: [ view_parse ] --END-- [ RunTime:0.012001s ]
INFO: [ view_filter ] --START--
INFO: Run Behavior\WriteHtmlCacheBehavior [ RunTime:0.001000s ]
INFO: [ view_filter ] --END-- [ RunTime:0.001000s ]

[ 2019-07-07T19:05:26+08:00 ] 127.0.0.1 /index.php/Admin/Public/login.html
INFO: [ app_init ] --START--
INFO: Run Behavior\BuildLiteBehavior [ RunTime:0.000000s ]
INFO: [ app_init ] --END-- [ RunTime:0.001000s ]
INFO: [ app_begin ] --START--
INFO: Run Behavior\ReadHtmlCacheBehavior [ RunTime:0.001000s ]
INFO: [ app_begin ] --END-- [ RunTime:0.001000s ]
INFO: [ view_parse ] --START--
INFO: [ template_filter ] --START--
INFO: Run Behavior\ContentReplaceBehavior [ RunTime:0.000000s ]
INFO: [ template_filter ] --END-- [ RunTime:0.000000s ]
INFO: Run Behavior\ParseTemplateBehavior [ RunTime:0.012001s ]
INFO: [ view_parse ] --END-- [ RunTime:0.012001s ]
INFO: [ view_filter ] --START--
INFO: Run Behavior\WriteHtmlCacheBehavior [ RunTime:0.001000s ]
INFO: [ view_filter ] --END-- [ RunTime:0.001000s ]
INFO: [ app_end ] --START--
INFO: Run Behavior\ShowPageTraceBehavior [ RunTime:0.000000s ]
INFO: [ app_end ] --END-- [ RunTime:0.000000s ]

[ 2019-07-07T19:05:30+08:00 ] 127.0.0.1 /index.php/Admin/Public/login.html
INFO: [ app_init ] --START--
INFO: Run Behavior\BuildLiteBehavior [ RunTime:0.000000s ]
INFO: [ app_init ] --END-- [ RunTime:0.000000s ]
INFO: [ app_begin ] --START--
INFO: Run Behavior\ReadHtmlCacheBehavior [ RunTime:0.001000s ]
INFO: [ app_begin ] --END-- [ RunTime:0.001000s ]
SQL: SHOW COLUMNS FROM `dt_users` [ RunTime:0.0100s ]
SQL: SELECT * FROM `dt_users` WHERE `username` = 'admin' AND `password` = 'cc077e4074d58b5b3afe96921b220364' LIMIT 1   [ RunTime:0.0000s ]

[ 2019-07-07T19:05:30+08:00 ] 127.0.0.1 /index.php/Admin/Index/index.html
INFO: [ app_init ] --START--
INFO: Run Behavior\BuildLiteBehavior [ RunTime:0.000000s ]
INFO: [ app_init ] --END-- [ RunTime:0.000000s ]
INFO: [ app_begin ] --START--
INFO: Run Behavior\ReadHtmlCacheBehavior [ RunTime:0.001000s ]
INFO: [ app_begin ] --END-- [ RunTime:0.001000s ]
SQL: SHOW COLUMNS FROM `dt_auth_group_access` [ RunTime:0.0110s ]
SQL: SELECT `uid`,`group_id`,`title`,`rules` FROM dt_auth_group_access a INNER JOIN dt_auth_group g on a.group_id=g.id  WHERE ( a.uid='88' and g.status='1' )  [ RunTime:0.0010s ]
SQL: SHOW COLUMNS FROM `dt_auth_rule` [ RunTime:0.0170s ]
SQL: SELECT `condition`,`name` FROM `dt_auth_rule` WHERE `id` IN ('6','96','20','1','2','3','4','5','64','7','8','9','10','11','12','13','14','15','16','123','124','125','19','164','104','105','106','108','118','153','109','110','111','112','117','148','149','150','185','134','135','136','137','139','151','182','183','184','186','161','165','166','167','147','162','163','179','180','181','157','158','168','169','171','172','173','174','175','176','177','178') AND `type` = 1 AND `status` = 1  [ RunTime:0.0010s ]
NOTIC: [2048] Declaration of Common\Model\AdminNavModel::getTreeData() should be compatible with Common\Model\BaseModel::getTreeData($type = 'tree', $order = '', $name = 'name', $child = 'id', $parent = 'pid') D:\wwwroot\bptx\Application\Common\Model\AdminNavModel.class.php 第 7 行.
SQL: SHOW COLUMNS FROM `dt_admin_nav` [ RunTime:0.0140s ]
SQL: SELECT * FROM `dt_admin_nav` ORDER BY order_number is null,`order_number`,`id`  [ RunTime:0.0010s ]
INFO: [ view_parse ] --START--
INFO: [ template_filter ] --START--
INFO: Run Behavior\ContentReplaceBehavior [ RunTime:0.000000s ]
INFO: [ template_filter ] --END-- [ RunTime:0.000000s ]
INFO: Run Behavior\ParseTemplateBehavior [ RunTime:0.012001s ]
INFO: [ view_parse ] --END-- [ RunTime:0.012001s ]
INFO: [ view_filter ] --START--
INFO: Run Behavior\WriteHtmlCacheBehavior [ RunTime:0.000000s ]
INFO: [ view_filter ] --END-- [ RunTime:0.000000s ]
INFO: [ app_end ] --START--
INFO: Run Behavior\ShowPageTraceBehavior [ RunTime:0.000000s ]
INFO: [ app_end ] --END-- [ RunTime:0.001000s ]

[ 2019-07-07T19:05:30+08:00 ] 127.0.0.1 /index.php/Admin/Index/tongji.html
INFO: [ app_init ] --START--
INFO: Run Behavior\BuildLiteBehavior [ RunTime:0.000000s ]
INFO: [ app_init ] --END-- [ RunTime:0.000000s ]
INFO: [ app_begin ] --START--
INFO: Run Behavior\ReadHtmlCacheBehavior [ RunTime:0.001000s ]
INFO: [ app_begin ] --END-- [ RunTime:0.001000s ]
SQL: SHOW COLUMNS FROM `dt_auth_group_access` [ RunTime:0.0120s ]
SQL: SELECT `uid`,`group_id`,`title`,`rules` FROM dt_auth_group_access a INNER JOIN dt_auth_group g on a.group_id=g.id  WHERE ( a.uid='88' and g.status='1' )  [ RunTime:0.0000s ]
SQL: SHOW COLUMNS FROM `dt_auth_rule` [ RunTime:0.0120s ]
SQL: SELECT `condition`,`name` FROM `dt_auth_rule` WHERE `id` IN ('6','96','20','1','2','3','4','5','64','7','8','9','10','11','12','13','14','15','16','123','124','125','19','164','104','105','106','108','118','153','109','110','111','112','117','148','149','150','185','134','135','136','137','139','151','182','183','184','186','161','165','166','167','147','162','163','179','180','181','157','158','168','169','171','172','173','174','175','176','177','178') AND `type` = 1 AND `status` = 1  [ RunTime:0.0000s ]
SQL: SHOW COLUMNS FROM `dt_task_apply` [ RunTime:0.0170s ]
SQL: SELECT COUNT(*) AS tp_count FROM `dt_task_apply` WHERE `status` = 1 LIMIT 1   [ RunTime:0.0050s ]
SQL: SHOW COLUMNS FROM `dt_member_tixian` [ RunTime:0.0100s ]
SQL: SELECT COUNT(*) AS tp_count FROM `dt_member_tixian` WHERE `status` = 0 LIMIT 1   [ RunTime:0.0010s ]
SQL: SHOW COLUMNS FROM `dt_member` [ RunTime:0.0090s ]
SQL: SELECT COUNT(*) AS tp_count FROM `dt_member` LIMIT 1   [ RunTime:0.0000s ]
SQL: SHOW COLUMNS FROM `dt_task` [ RunTime:0.0100s ]
SQL: SELECT COUNT(*) AS tp_count FROM `dt_task` LIMIT 1   [ RunTime:0.0000s ]
SQL: SELECT COUNT(*) AS tp_count FROM `dt_task_apply` WHERE `status` = 2 LIMIT 1   [ RunTime:0.0010s ]
SQL: SHOW COLUMNS FROM `dt_pay` [ RunTime:0.0080s ]
SQL: SELECT SUM(price) AS tp_sum FROM `dt_pay` LIMIT 1   [ RunTime:0.0010s ]
SQL: SELECT SUM(price) AS tp_sum FROM `dt_member_tixian` WHERE `status` = 1 LIMIT 1   [ RunTime:0.0000s ]
SQL: SELECT SUM(price) AS tp_sum FROM `dt_member` LIMIT 1   [ RunTime:0.0010s ]
SQL: SELECT SUM(price) AS tp_sum FROM `dt_pay` WHERE ( ( create_time >= 1562342400 and create_time < 1562428800 ) ) LIMIT 1   [ RunTime:0.0000s ]
SQL: SELECT SUM(price) AS tp_sum FROM `dt_pay` WHERE ( ( create_time >= 1561824000 and create_time < 1562428800 ) ) LIMIT 1   [ RunTime:0.0000s ]
SQL: SELECT SUM(price) AS tp_sum FROM `dt_pay` WHERE ( ( create_time >= 1559836800 and create_time < 1562428800 ) ) LIMIT 1   [ RunTime:0.0000s ]
SQL: SELECT COUNT(*) AS tp_count FROM `dt_task_apply` WHERE `status` = 2 AND ( ( create_time >= 1562342400 and create_time < 1562428800 ) ) LIMIT 1   [ RunTime:0.0010s ]
SQL: SELECT COUNT(*) AS tp_count FROM `dt_task_apply` WHERE `status` = 2 AND ( ( create_time >= 1561824000 and create_time < 1562428800 ) ) LIMIT 1   [ RunTime:0.0010s ]
SQL: SELECT COUNT(*) AS tp_count FROM `dt_task_apply` WHERE `status` = 2 AND ( ( create_time >= 1559836800 and create_time < 1562428800 ) ) LIMIT 1   [ RunTime:0.0010s ]
SQL: select sum(price) as sub_total_price, count(id) as sub_number, FROM_UNIXTIME(create_time, '%Y-%m-%d' ) as `date` from dt_pay where 1 and ( create_time >= 1559836800 and create_time < 1562515199 ) GROUP BY FROM_UNIXTIME(create_time, '%Y%m%d' ) [ RunTime:0.0040s ]
INFO: [ view_parse ] --START--
INFO: [ template_filter ] --START--
INFO: Run Behavior\ContentReplaceBehavior [ RunTime:0.000000s ]
INFO: [ template_filter ] --END-- [ RunTime:0.000000s ]
INFO: Run Behavior\ParseTemplateBehavior [ RunTime:0.011001s ]
INFO: [ view_parse ] --END-- [ RunTime:0.011001s ]
INFO: [ view_filter ] --START--
INFO: Run Behavior\WriteHtmlCacheBehavior [ RunTime:0.000000s ]
INFO: [ view_filter ] --END-- [ RunTime:0.000000s ]
INFO: [ app_end ] --START--
INFO: Run Behavior\ShowPageTraceBehavior [ RunTime:0.001000s ]
INFO: [ app_end ] --END-- [ RunTime:0.001000s ]

[ 2019-07-07T19:19:58+08:00 ] 127.0.0.1 /index.php/Admin/Member/index.html
INFO: [ app_init ] --START--
INFO: Run Behavior\BuildLiteBehavior [ RunTime:0.000000s ]
INFO: [ app_init ] --END-- [ RunTime:0.000000s ]
INFO: [ app_begin ] --START--
INFO: Run Behavior\ReadHtmlCacheBehavior [ RunTime:0.001000s ]
INFO: [ app_begin ] --END-- [ RunTime:0.001000s ]
SQL: SHOW COLUMNS FROM `dt_auth_group_access` [ RunTime:0.0050s ]
SQL: SELECT `uid`,`group_id`,`title`,`rules` FROM dt_auth_group_access a INNER JOIN dt_auth_group g on a.group_id=g.id  WHERE ( a.uid='88' and g.status='1' )  [ RunTime:0.0000s ]
SQL: SHOW COLUMNS FROM `dt_auth_rule` [ RunTime:0.0050s ]
SQL: SELECT `condition`,`name` FROM `dt_auth_rule` WHERE `id` IN ('6','96','20','1','2','3','4','5','64','7','8','9','10','11','12','13','14','15','16','123','124','125','19','164','104','105','106','108','118','153','109','110','111','112','117','148','149','150','185','134','135','136','137','139','151','182','183','184','186','161','165','166','167','147','162','163','179','180','181','157','158','168','169','171','172','173','174','175','176','177','178') AND `type` = 1 AND `status` = 1  [ RunTime:0.0000s ]
SQL: SHOW COLUMNS FROM `dt_member` [ RunTime:0.0040s ]
SQL: SHOW COLUMNS FROM `dt_level` [ RunTime:0.0060s ]
SQL: SELECT COUNT(*) AS tp_count FROM `dt_member` LIMIT 1   [ RunTime:0.0000s ]
SQL: SHOW COLUMNS FROM `dt_level` [ RunTime:0.0050s ]
NOTIC: [2048] Only variables should be passed by reference D:\wwwroot\bptx\ThinkPHP\Library\Think\Db\Driver.class.php 第 769 行.
SQL: SELECT * FROM `dt_level` ORDER BY `id` asc  [ RunTime:0.0000s ]
SQL: SELECT COUNT(*) AS tp_count FROM `dt_member` WHERE `level` = 0 LIMIT 1   [ RunTime:0.0010s ]
SQL: SELECT COUNT(*) AS tp_count FROM `dt_member` WHERE `level` = 1 LIMIT 1   [ RunTime:0.0010s ]
SQL: SELECT COUNT(*) AS tp_count FROM `dt_member` WHERE `level` = 2 LIMIT 1   [ RunTime:0.0000s ]
SQL: SELECT COUNT(*) AS tp_count FROM `dt_member` WHERE `level` = 3 LIMIT 1   [ RunTime:0.0010s ]
NOTIC: [8] Undefined variable: map D:\wwwroot\bptx\Application\Common\Controller\AdminBaseController.class.php 第 112 行.
SQL: SELECT COUNT(*) AS tp_count FROM `dt_member` LIMIT 1   [ RunTime:0.0000s ]
NOTIC: [2048] Only variables should be passed by reference D:\wwwroot\bptx\ThinkPHP\Library\Think\Db\Driver.class.php 第 769 行.
SQL: SELECT * FROM `dt_member` ORDER BY `id` desc LIMIT 0,30   [ RunTime:0.0010s ]
SQL: SELECT COUNT(*) AS tp_count FROM `dt_member` WHERE ( p1=52760 or p2=52760 or p3=52760 ) LIMIT 1   [ RunTime:0.0010s ]
SQL: SELECT COUNT(*) AS tp_count FROM `dt_member` WHERE ( p1=52759 or p2=52759 or p3=52759 ) LIMIT 1   [ RunTime:0.0010s ]
SQL: SELECT COUNT(*) AS tp_count FROM `dt_member` WHERE ( p1=52758 or p2=52758 or p3=52758 ) LIMIT 1   [ RunTime:0.0010s ]
SQL: SELECT COUNT(*) AS tp_count FROM `dt_member` WHERE ( p1=52757 or p2=52757 or p3=52757 ) LIMIT 1   [ RunTime:0.0000s ]
SQL: SELECT COUNT(*) AS tp_count FROM `dt_member` WHERE ( p1=52756 or p2=52756 or p3=52756 ) LIMIT 1   [ RunTime:0.0010s ]
SQL: SELECT COUNT(*) AS tp_count FROM `dt_member` WHERE ( p1=52755 or p2=52755 or p3=52755 ) LIMIT 1   [ RunTime:0.0010s ]
SQL: SELECT COUNT(*) AS tp_count FROM `dt_member` WHERE ( p1=52754 or p2=52754 or p3=52754 ) LIMIT 1   [ RunTime:0.0000s ]
SQL: SELECT COUNT(*) AS tp_count FROM `dt_member` WHERE ( p1=52753 or p2=52753 or p3=52753 ) LIMIT 1   [ RunTime:0.0010s ]
SQL: SELECT COUNT(*) AS tp_count FROM `dt_member` WHERE ( p1=52752 or p2=52752 or p3=52752 ) LIMIT 1   [ RunTime:0.0010s ]
SQL: SELECT COUNT(*) AS tp_count FROM `dt_member` WHERE ( p1=52751 or p2=52751 or p3=52751 ) LIMIT 1   [ RunTime:0.0000s ]
SQL: SELECT COUNT(*) AS tp_count FROM `dt_member` WHERE ( p1=52750 or p2=52750 or p3=52750 ) LIMIT 1   [ RunTime:0.0000s ]
SQL: SELECT COUNT(*) AS tp_count FROM `dt_member` WHERE ( p1=52749 or p2=52749 or p3=52749 ) LIMIT 1   [ RunTime:0.0010s ]
SQL: SELECT COUNT(*) AS tp_count FROM `dt_member` WHERE ( p1=52748 or p2=52748 or p3=52748 ) LIMIT 1   [ RunTime:0.0010s ]
SQL: SELECT COUNT(*) AS tp_count FROM `dt_member` WHERE ( p1=52747 or p2=52747 or p3=52747 ) LIMIT 1   [ RunTime:0.0000s ]
SQL: SELECT COUNT(*) AS tp_count FROM `dt_member` WHERE ( p1=52746 or p2=52746 or p3=52746 ) LIMIT 1   [ RunTime:0.0000s ]
SQL: SELECT COUNT(*) AS tp_count FROM `dt_member` WHERE ( p1=52745 or p2=52745 or p3=52745 ) LIMIT 1   [ RunTime:0.0010s ]
SQL: SELECT COUNT(*) AS tp_count FROM `dt_member` WHERE ( p1=52744 or p2=52744 or p3=52744 ) LIMIT 1   [ RunTime:0.0000s ]
SQL: SELECT COUNT(*) AS tp_count FROM `dt_member` WHERE ( p1=52743 or p2=52743 or p3=52743 ) LIMIT 1   [ RunTime:0.0010s ]
SQL: SELECT COUNT(*) AS tp_count FROM `dt_member` WHERE ( p1=52742 or p2=52742 or p3=52742 ) LIMIT 1   [ RunTime:0.0010s ]
SQL: SELECT COUNT(*) AS tp_count FROM `dt_member` WHERE ( p1=52741 or p2=52741 or p3=52741 ) LIMIT 1   [ RunTime:0.0010s ]
SQL: SELECT COUNT(*) AS tp_count FROM `dt_member` WHERE ( p1=52740 or p2=52740 or p3=52740 ) LIMIT 1   [ RunTime:0.0020s ]
SQL: SELECT COUNT(*) AS tp_count FROM `dt_member` WHERE ( p1=52739 or p2=52739 or p3=52739 ) LIMIT 1   [ RunTime:0.0000s ]
SQL: SELECT COUNT(*) AS tp_count FROM `dt_member` WHERE ( p1=52738 or p2=52738 or p3=52738 ) LIMIT 1   [ RunTime:0.0000s ]
SQL: SELECT COUNT(*) AS tp_count FROM `dt_member` WHERE ( p1=52737 or p2=52737 or p3=52737 ) LIMIT 1   [ RunTime:0.0010s ]
SQL: SELECT COUNT(*) AS tp_count FROM `dt_member` WHERE ( p1=52736 or p2=52736 or p3=52736 ) LIMIT 1   [ RunTime:0.0010s ]
SQL: SELECT COUNT(*) AS tp_count FROM `dt_member` WHERE ( p1=52735 or p2=52735 or p3=52735 ) LIMIT 1   [ RunTime:0.0010s ]
SQL: SELECT COUNT(*) AS tp_count FROM `dt_member` WHERE ( p1=52734 or p2=52734 or p3=52734 ) LIMIT 1   [ RunTime:0.0000s ]
SQL: SELECT COUNT(*) AS tp_count FROM `dt_member` WHERE ( p1=52733 or p2=52733 or p3=52733 ) LIMIT 1   [ RunTime:0.0010s ]
SQL: SELECT COUNT(*) AS tp_count FROM `dt_member` WHERE ( p1=52732 or p2=52732 or p3=52732 ) LIMIT 1   [ RunTime:0.0010s ]
SQL: SELECT COUNT(*) AS tp_count FROM `dt_member` WHERE ( p1=52731 or p2=52731 or p3=52731 ) LIMIT 1   [ RunTime:0.0000s ]
NOTIC: [2048] Only variables should be passed by reference D:\wwwroot\bptx\ThinkPHP\Library\Think\Db\Driver.class.php 第 769 行.
SQL: SELECT * FROM `dt_level` ORDER BY `id` asc  [ RunTime:0.0000s ]
INFO: [ view_parse ] --START--
INFO: [ template_filter ] --START--
INFO: Run Behavior\ContentReplaceBehavior [ RunTime:0.000000s ]
INFO: [ template_filter ] --END-- [ RunTime:0.000000s ]
NOTIC: [8] Undefined index: level D:\wwwroot\bptx\Runtime\Cache\Admin\c36ad2088ecfedbb1e6e6aebc8965af2.php 第 55 行.
NOTIC: [8] Undefined index: level D:\wwwroot\bptx\Runtime\Cache\Admin\c36ad2088ecfedbb1e6e6aebc8965af2.php 第 56 行.
NOTIC: [8] Use of undefined constant level - assumed 'level' D:\wwwroot\bptx\Runtime\Cache\Admin\c36ad2088ecfedbb1e6e6aebc8965af2.php 第 56 行.
NOTIC: [8] Undefined index: level D:\wwwroot\bptx\Runtime\Cache\Admin\c36ad2088ecfedbb1e6e6aebc8965af2.php 第 56 行.
NOTIC: [8] Undefined index: level D:\wwwroot\bptx\Runtime\Cache\Admin\c36ad2088ecfedbb1e6e6aebc8965af2.php 第 56 行.
NOTIC: [8] Use of undefined constant level - assumed 'level' D:\wwwroot\bptx\Runtime\Cache\Admin\c36ad2088ecfedbb1e6e6aebc8965af2.php 第 56 行.
NOTIC: [8] Undefined index: level D:\wwwroot\bptx\Runtime\Cache\Admin\c36ad2088ecfedbb1e6e6aebc8965af2.php 第 56 行.
NOTIC: [8] Use of undefined constant level - assumed 'level' D:\wwwroot\bptx\Runtime\Cache\Admin\c36ad2088ecfedbb1e6e6aebc8965af2.php 第 56 行.
NOTIC: [8] Undefined index: level D:\wwwroot\bptx\Runtime\Cache\Admin\c36ad2088ecfedbb1e6e6aebc8965af2.php 第 56 行.
NOTIC: [8] Use of undefined constant level - assumed 'level' D:\wwwroot\bptx\Runtime\Cache\Admin\c36ad2088ecfedbb1e6e6aebc8965af2.php 第 56 行.
NOTIC: [8] Undefined index: id D:\wwwroot\bptx\Runtime\Cache\Admin\c36ad2088ecfedbb1e6e6aebc8965af2.php 第 65 行.
NOTIC: [8] Undefined index: keywords D:\wwwroot\bptx\Runtime\Cache\Admin\c36ad2088ecfedbb1e6e6aebc8965af2.php 第 71 行.
NOTIC: [8] Undefined index: start_date D:\wwwroot\bptx\Runtime\Cache\Admin\c36ad2088ecfedbb1e6e6aebc8965af2.php 第 76 行.
NOTIC: [8] Undefined index: end_date D:\wwwroot\bptx\Runtime\Cache\Admin\c36ad2088ecfedbb1e6e6aebc8965af2.php 第 78 行.
NOTIC: [8] Undefined index: is_area D:\wwwroot\bptx\Runtime\Cache\Admin\c36ad2088ecfedbb1e6e6aebc8965af2.php 第 81 行.
INFO: Run Behavior\ParseTemplateBehavior [ RunTime:0.017001s ]
INFO: [ view_parse ] --END-- [ RunTime:0.017001s ]
INFO: [ view_filter ] --START--
INFO: Run Behavior\WriteHtmlCacheBehavior [ RunTime:0.001000s ]
INFO: [ view_filter ] --END-- [ RunTime:0.001000s ]
INFO: [ app_end ] --START--
INFO: Run Behavior\ShowPageTraceBehavior [ RunTime:0.001000s ]
INFO: [ app_end ] --END-- [ RunTime:0.001000s ]

[ 2019-07-07T19:19:58+08:00 ] 127.0.0.1 /index.php/Admin/Member/index.html
INFO: [ app_init ] --START--
INFO: Run Behavior\BuildLiteBehavior [ RunTime:0.000000s ]
INFO: [ app_init ] --END-- [ RunTime:0.000000s ]
INFO: [ app_begin ] --START--
INFO: Run Behavior\ReadHtmlCacheBehavior [ RunTime:0.000000s ]
INFO: [ app_begin ] --END-- [ RunTime:0.000000s ]
SQL: SHOW COLUMNS FROM `dt_auth_group_access` [ RunTime:0.0080s ]
SQL: SELECT `uid`,`group_id`,`title`,`rules` FROM dt_auth_group_access a INNER JOIN dt_auth_group g on a.group_id=g.id  WHERE ( a.uid='88' and g.status='1' )  [ RunTime:0.0000s ]
SQL: SHOW COLUMNS FROM `dt_auth_rule` [ RunTime:0.0110s ]
SQL: SELECT `condition`,`name` FROM `dt_auth_rule` WHERE `id` IN ('6','96','20','1','2','3','4','5','64','7','8','9','10','11','12','13','14','15','16','123','124','125','19','164','104','105','106','108','118','153','109','110','111','112','117','148','149','150','185','134','135','136','137','139','151','182','183','184','186','161','165','166','167','147','162','163','179','180','181','157','158','168','169','171','172','173','174','175','176','177','178') AND `type` = 1 AND `status` = 1  [ RunTime:0.0000s ]
SQL: SHOW COLUMNS FROM `dt_member` [ RunTime:0.0070s ]
SQL: SHOW COLUMNS FROM `dt_level` [ RunTime:0.0230s ]
SQL: SELECT COUNT(*) AS tp_count FROM `dt_member` LIMIT 1   [ RunTime:0.0000s ]
SQL: SHOW COLUMNS FROM `dt_level` [ RunTime:0.0140s ]
NOTIC: [2048] Only variables should be passed by reference D:\wwwroot\bptx\ThinkPHP\Library\Think\Db\Driver.class.php 第 769 行.
SQL: SELECT * FROM `dt_level` ORDER BY `id` asc  [ RunTime:0.0000s ]
SQL: SELECT COUNT(*) AS tp_count FROM `dt_member` WHERE `level` = 0 LIMIT 1   [ RunTime:0.0010s ]
SQL: SELECT COUNT(*) AS tp_count FROM `dt_member` WHERE `level` = 1 LIMIT 1   [ RunTime:0.0000s ]
SQL: SELECT COUNT(*) AS tp_count FROM `dt_member` WHERE `level` = 2 LIMIT 1   [ RunTime:0.0000s ]
SQL: SELECT COUNT(*) AS tp_count FROM `dt_member` WHERE `level` = 3 LIMIT 1   [ RunTime:0.0000s ]
NOTIC: [8] Undefined variable: map D:\wwwroot\bptx\Application\Common\Controller\AdminBaseController.class.php 第 112 行.
SQL: SELECT COUNT(*) AS tp_count FROM `dt_member` LIMIT 1   [ RunTime:0.0000s ]
NOTIC: [2048] Only variables should be passed by reference D:\wwwroot\bptx\ThinkPHP\Library\Think\Db\Driver.class.php 第 769 行.
SQL: SELECT * FROM `dt_member` ORDER BY `id` desc LIMIT 0,30   [ RunTime:0.0010s ]
SQL: SELECT COUNT(*) AS tp_count FROM `dt_member` WHERE ( p1=52760 or p2=52760 or p3=52760 ) LIMIT 1   [ RunTime:0.0000s ]
SQL: SELECT COUNT(*) AS tp_count FROM `dt_member` WHERE ( p1=52759 or p2=52759 or p3=52759 ) LIMIT 1   [ RunTime:0.0000s ]
SQL: SELECT COUNT(*) AS tp_count FROM `dt_member` WHERE ( p1=52758 or p2=52758 or p3=52758 ) LIMIT 1   [ RunTime:0.0000s ]
SQL: SELECT COUNT(*) AS tp_count FROM `dt_member` WHERE ( p1=52757 or p2=52757 or p3=52757 ) LIMIT 1   [ RunTime:0.0000s ]
SQL: SELECT COUNT(*) AS tp_count FROM `dt_member` WHERE ( p1=52756 or p2=52756 or p3=52756 ) LIMIT 1   [ RunTime:0.0010s ]
SQL: SELECT COUNT(*) AS tp_count FROM `dt_member` WHERE ( p1=52755 or p2=52755 or p3=52755 ) LIMIT 1   [ RunTime:0.0020s ]
SQL: SELECT COUNT(*) AS tp_count FROM `dt_member` WHERE ( p1=52754 or p2=52754 or p3=52754 ) LIMIT 1   [ RunTime:0.0010s ]
SQL: SELECT COUNT(*) AS tp_count FROM `dt_member` WHERE ( p1=52753 or p2=52753 or p3=52753 ) LIMIT 1   [ RunTime:0.0000s ]
SQL: SELECT COUNT(*) AS tp_count FROM `dt_member` WHERE ( p1=52752 or p2=52752 or p3=52752 ) LIMIT 1   [ RunTime:0.0010s ]
SQL: SELECT COUNT(*) AS tp_count FROM `dt_member` WHERE ( p1=52751 or p2=52751 or p3=52751 ) LIMIT 1   [ RunTime:0.0000s ]
SQL: SELECT COUNT(*) AS tp_count FROM `dt_member` WHERE ( p1=52750 or p2=52750 or p3=52750 ) LIMIT 1   [ RunTime:0.0000s ]
SQL: SELECT COUNT(*) AS tp_count FROM `dt_member` WHERE ( p1=52749 or p2=52749 or p3=52749 ) LIMIT 1   [ RunTime:0.0000s ]
SQL: SELECT COUNT(*) AS tp_count FROM `dt_member` WHERE ( p1=52748 or p2=52748 or p3=52748 ) LIMIT 1   [ RunTime:0.0010s ]
SQL: SELECT COUNT(*) AS tp_count FROM `dt_member` WHERE ( p1=52747 or p2=52747 or p3=52747 ) LIMIT 1   [ RunTime:0.0000s ]
SQL: SELECT COUNT(*) AS tp_count FROM `dt_member` WHERE ( p1=52746 or p2=52746 or p3=52746 ) LIMIT 1   [ RunTime:0.0000s ]
SQL: SELECT COUNT(*) AS tp_count FROM `dt_member` WHERE ( p1=52745 or p2=52745 or p3=52745 ) LIMIT 1   [ RunTime:0.0000s ]
SQL: SELECT COUNT(*) AS tp_count FROM `dt_member` WHERE ( p1=52744 or p2=52744 or p3=52744 ) LIMIT 1   [ RunTime:0.0000s ]
SQL: SELECT COUNT(*) AS tp_count FROM `dt_member` WHERE ( p1=52743 or p2=52743 or p3=52743 ) LIMIT 1   [ RunTime:0.0000s ]
SQL: SELECT COUNT(*) AS tp_count FROM `dt_member` WHERE ( p1=52742 or p2=52742 or p3=52742 ) LIMIT 1   [ RunTime:0.0000s ]
SQL: SELECT COUNT(*) AS tp_count FROM `dt_member` WHERE ( p1=52741 or p2=52741 or p3=52741 ) LIMIT 1   [ RunTime:0.0000s ]
SQL: SELECT COUNT(*) AS tp_count FROM `dt_member` WHERE ( p1=52740 or p2=52740 or p3=52740 ) LIMIT 1   [ RunTime:0.0000s ]
SQL: SELECT COUNT(*) AS tp_count FROM `dt_member` WHERE ( p1=52739 or p2=52739 or p3=52739 ) LIMIT 1   [ RunTime:0.0000s ]
SQL: SELECT COUNT(*) AS tp_count FROM `dt_member` WHERE ( p1=52738 or p2=52738 or p3=52738 ) LIMIT 1   [ RunTime:0.0000s ]
SQL: SELECT COUNT(*) AS tp_count FROM `dt_member` WHERE ( p1=52737 or p2=52737 or p3=52737 ) LIMIT 1   [ RunTime:0.0000s ]
SQL: SELECT COUNT(*) AS tp_count FROM `dt_member` WHERE ( p1=52736 or p2=52736 or p3=52736 ) LIMIT 1   [ RunTime:0.0000s ]
SQL: SELECT COUNT(*) AS tp_count FROM `dt_member` WHERE ( p1=52735 or p2=52735 or p3=52735 ) LIMIT 1   [ RunTime:0.0010s ]
SQL: SELECT COUNT(*) AS tp_count FROM `dt_member` WHERE ( p1=52734 or p2=52734 or p3=52734 ) LIMIT 1   [ RunTime:0.0000s ]
SQL: SELECT COUNT(*) AS tp_count FROM `dt_member` WHERE ( p1=52733 or p2=52733 or p3=52733 ) LIMIT 1   [ RunTime:0.0000s ]
SQL: SELECT COUNT(*) AS tp_count FROM `dt_member` WHERE ( p1=52732 or p2=52732 or p3=52732 ) LIMIT 1   [ RunTime:0.0000s ]
SQL: SELECT COUNT(*) AS tp_count FROM `dt_member` WHERE ( p1=52731 or p2=52731 or p3=52731 ) LIMIT 1   [ RunTime:0.0000s ]
NOTIC: [2048] Only variables should be passed by reference D:\wwwroot\bptx\ThinkPHP\Library\Think\Db\Driver.class.php 第 769 行.
SQL: SELECT * FROM `dt_level` ORDER BY `id` asc  [ RunTime:0.0000s ]
INFO: [ view_parse ] --START--
INFO: [ template_filter ] --START--
INFO: Run Behavior\ContentReplaceBehavior [ RunTime:0.000000s ]
INFO: [ template_filter ] --END-- [ RunTime:0.001000s ]
NOTIC: [8] Undefined index: level D:\wwwroot\bptx\Runtime\Cache\Admin\c36ad2088ecfedbb1e6e6aebc8965af2.php 第 55 行.
NOTIC: [8] Undefined index: level D:\wwwroot\bptx\Runtime\Cache\Admin\c36ad2088ecfedbb1e6e6aebc8965af2.php 第 56 行.
NOTIC: [8] Use of undefined constant level - assumed 'level' D:\wwwroot\bptx\Runtime\Cache\Admin\c36ad2088ecfedbb1e6e6aebc8965af2.php 第 56 行.
NOTIC: [8] Undefined index: level D:\wwwroot\bptx\Runtime\Cache\Admin\c36ad2088ecfedbb1e6e6aebc8965af2.php 第 56 行.
NOTIC: [8] Undefined index: level D:\wwwroot\bptx\Runtime\Cache\Admin\c36ad2088ecfedbb1e6e6aebc8965af2.php 第 56 行.
NOTIC: [8] Use of undefined constant level - assumed 'level' D:\wwwroot\bptx\Runtime\Cache\Admin\c36ad2088ecfedbb1e6e6aebc8965af2.php 第 56 行.
NOTIC: [8] Undefined index: level D:\wwwroot\bptx\Runtime\Cache\Admin\c36ad2088ecfedbb1e6e6aebc8965af2.php 第 56 行.
NOTIC: [8] Use of undefined constant level - assumed 'level' D:\wwwroot\bptx\Runtime\Cache\Admin\c36ad2088ecfedbb1e6e6aebc8965af2.php 第 56 行.
NOTIC: [8] Undefined index: level D:\wwwroot\bptx\Runtime\Cache\Admin\c36ad2088ecfedbb1e6e6aebc8965af2.php 第 56 行.
NOTIC: [8] Use of undefined constant level - assumed 'level' D:\wwwroot\bptx\Runtime\Cache\Admin\c36ad2088ecfedbb1e6e6aebc8965af2.php 第 56 行.
NOTIC: [8] Undefined index: id D:\wwwroot\bptx\Runtime\Cache\Admin\c36ad2088ecfedbb1e6e6aebc8965af2.php 第 65 行.
NOTIC: [8] Undefined index: keywords D:\wwwroot\bptx\Runtime\Cache\Admin\c36ad2088ecfedbb1e6e6aebc8965af2.php 第 71 行.
NOTIC: [8] Undefined index: start_date D:\wwwroot\bptx\Runtime\Cache\Admin\c36ad2088ecfedbb1e6e6aebc8965af2.php 第 76 行.
NOTIC: [8] Undefined index: end_date D:\wwwroot\bptx\Runtime\Cache\Admin\c36ad2088ecfedbb1e6e6aebc8965af2.php 第 78 行.
NOTIC: [8] Undefined index: is_area D:\wwwroot\bptx\Runtime\Cache\Admin\c36ad2088ecfedbb1e6e6aebc8965af2.php 第 81 行.
INFO: Run Behavior\ParseTemplateBehavior [ RunTime:0.017001s ]
INFO: [ view_parse ] --END-- [ RunTime:0.017001s ]
INFO: [ view_filter ] --START--
INFO: Run Behavior\WriteHtmlCacheBehavior [ RunTime:0.000000s ]
INFO: [ view_filter ] --END-- [ RunTime:0.000000s ]
INFO: [ app_end ] --START--
INFO: Run Behavior\ShowPageTraceBehavior [ RunTime:0.001000s ]
INFO: [ app_end ] --END-- [ RunTime:0.001000s ]

[ 2019-07-07T19:20:12+08:00 ] 127.0.0.1 /index.php/Admin/Member/handle/id/52760/role/1.html
INFO: [ app_init ] --START--
INFO: Run Behavior\BuildLiteBehavior [ RunTime:0.000000s ]
INFO: [ app_init ] --END-- [ RunTime:0.000000s ]
INFO: [ app_begin ] --START--
INFO: Run Behavior\ReadHtmlCacheBehavior [ RunTime:0.001000s ]
INFO: [ app_begin ] --END-- [ RunTime:0.001000s ]
SQL: SHOW COLUMNS FROM `dt_auth_group_access` [ RunTime:0.0130s ]
SQL: SELECT `uid`,`group_id`,`title`,`rules` FROM dt_auth_group_access a INNER JOIN dt_auth_group g on a.group_id=g.id  WHERE ( a.uid='88' and g.status='1' )  [ RunTime:0.0000s ]
SQL: SHOW COLUMNS FROM `dt_auth_rule` [ RunTime:0.0070s ]
SQL: SELECT `condition`,`name` FROM `dt_auth_rule` WHERE `id` IN ('6','96','20','1','2','3','4','5','64','7','8','9','10','11','12','13','14','15','16','123','124','125','19','164','104','105','106','108','118','153','109','110','111','112','117','148','149','150','185','134','135','136','137','139','151','182','183','184','186','161','165','166','167','147','162','163','179','180','181','157','158','168','169','171','172','173','174','175','176','177','178') AND `type` = 1 AND `status` = 1  [ RunTime:0.0010s ]
SQL: SHOW COLUMNS FROM `dt_member` [ RunTime:0.0060s ]
SQL: SELECT * FROM `dt_member` WHERE `id` = 52760 LIMIT 1   [ RunTime:0.0000s ]
SQL: SHOW COLUMNS FROM `dt_level` [ RunTime:0.0080s ]
NOTIC: [2048] Only variables should be passed by reference D:\wwwroot\bptx\ThinkPHP\Library\Think\Db\Driver.class.php 第 769 行.
SQL: SELECT * FROM `dt_level` ORDER BY `id` asc  [ RunTime:0.0000s ]
INFO: [ view_parse ] --START--
INFO: [ template_filter ] --START--
INFO: Run Behavior\ContentReplaceBehavior [ RunTime:0.000000s ]
INFO: [ template_filter ] --END-- [ RunTime:0.000000s ]
INFO: Run Behavior\ParseTemplateBehavior [ RunTime:0.016001s ]
INFO: [ view_parse ] --END-- [ RunTime:0.016001s ]
INFO: [ view_filter ] --START--
INFO: Run Behavior\WriteHtmlCacheBehavior [ RunTime:0.000000s ]
INFO: [ view_filter ] --END-- [ RunTime:0.000000s ]
INFO: [ app_end ] --START--
INFO: Run Behavior\ShowPageTraceBehavior [ RunTime:0.001000s ]
INFO: [ app_end ] --END-- [ RunTime:0.001000s ]

[ 2019-07-07T19:20:17+08:00 ] 127.0.0.1 /index.php/Admin/Member/handle/id/52760/role/1.html
INFO: [ app_init ] --START--
INFO: Run Behavior\BuildLiteBehavior [ RunTime:0.000000s ]
INFO: [ app_init ] --END-- [ RunTime:0.000000s ]
INFO: [ app_begin ] --START--
INFO: Run Behavior\ReadHtmlCacheBehavior [ RunTime:0.000000s ]
INFO: [ app_begin ] --END-- [ RunTime:0.000000s ]
SQL: SHOW COLUMNS FROM `dt_auth_group_access` [ RunTime:0.0100s ]
SQL: SELECT `uid`,`group_id`,`title`,`rules` FROM dt_auth_group_access a INNER JOIN dt_auth_group g on a.group_id=g.id  WHERE ( a.uid='88' and g.status='1' )  [ RunTime:0.0000s ]
SQL: SHOW COLUMNS FROM `dt_auth_rule` [ RunTime:0.0080s ]
SQL: SELECT `condition`,`name` FROM `dt_auth_rule` WHERE `id` IN ('6','96','20','1','2','3','4','5','64','7','8','9','10','11','12','13','14','15','16','123','124','125','19','164','104','105','106','108','118','153','109','110','111','112','117','148','149','150','185','134','135','136','137','139','151','182','183','184','186','161','165','166','167','147','162','163','179','180','181','157','158','168','169','171','172','173','174','175','176','177','178') AND `type` = 1 AND `status` = 1  [ RunTime:0.0000s ]
SQL: SHOW COLUMNS FROM `dt_member` [ RunTime:0.0080s ]
SQL: UPDATE `dt_member` SET `role`='0',`nickname`='庞书辉',`phone`='',`sex`='0',`address`='',`password`='d7a31ea0e38dc781ad32a5a94d6b48cc',`level`='3',`remark`='' WHERE `id` = 52760 [ RunTime:0.0010s ]

[ 2019-07-07T19:20:17+08:00 ] 127.0.0.1 /index.php/Admin/Member/index.html
INFO: [ app_init ] --START--
INFO: Run Behavior\BuildLiteBehavior [ RunTime:0.000000s ]
INFO: [ app_init ] --END-- [ RunTime:0.001000s ]
INFO: [ app_begin ] --START--
INFO: Run Behavior\ReadHtmlCacheBehavior [ RunTime:0.002000s ]
INFO: [ app_begin ] --END-- [ RunTime:0.003000s ]
SQL: SHOW COLUMNS FROM `dt_auth_group_access` [ RunTime:0.0050s ]
SQL: SELECT `uid`,`group_id`,`title`,`rules` FROM dt_auth_group_access a INNER JOIN dt_auth_group g on a.group_id=g.id  WHERE ( a.uid='88' and g.status='1' )  [ RunTime:0.0000s ]
SQL: SHOW COLUMNS FROM `dt_auth_rule` [ RunTime:0.0070s ]
SQL: SELECT `condition`,`name` FROM `dt_auth_rule` WHERE `id` IN ('6','96','20','1','2','3','4','5','64','7','8','9','10','11','12','13','14','15','16','123','124','125','19','164','104','105','106','108','118','153','109','110','111','112','117','148','149','150','185','134','135','136','137','139','151','182','183','184','186','161','165','166','167','147','162','163','179','180','181','157','158','168','169','171','172','173','174','175','176','177','178') AND `type` = 1 AND `status` = 1  [ RunTime:0.0000s ]
SQL: SHOW COLUMNS FROM `dt_member` [ RunTime:0.0070s ]
SQL: SHOW COLUMNS FROM `dt_level` [ RunTime:0.0060s ]
SQL: SELECT COUNT(*) AS tp_count FROM `dt_member` LIMIT 1   [ RunTime:0.0000s ]
SQL: SHOW COLUMNS FROM `dt_level` [ RunTime:0.0070s ]
NOTIC: [2048] Only variables should be passed by reference D:\wwwroot\bptx\ThinkPHP\Library\Think\Db\Driver.class.php 第 769 行.
SQL: SELECT * FROM `dt_level` ORDER BY `id` asc  [ RunTime:0.0000s ]
SQL: SELECT COUNT(*) AS tp_count FROM `dt_member` WHERE `level` = 0 LIMIT 1   [ RunTime:0.0010s ]
SQL: SELECT COUNT(*) AS tp_count FROM `dt_member` WHERE `level` = 1 LIMIT 1   [ RunTime:0.0010s ]
SQL: SELECT COUNT(*) AS tp_count FROM `dt_member` WHERE `level` = 2 LIMIT 1   [ RunTime:0.0000s ]
SQL: SELECT COUNT(*) AS tp_count FROM `dt_member` WHERE `level` = 3 LIMIT 1   [ RunTime:0.0010s ]
NOTIC: [8] Undefined variable: map D:\wwwroot\bptx\Application\Common\Controller\AdminBaseController.class.php 第 112 行.
SQL: SELECT COUNT(*) AS tp_count FROM `dt_member` LIMIT 1   [ RunTime:0.0000s ]
NOTIC: [2048] Only variables should be passed by reference D:\wwwroot\bptx\ThinkPHP\Library\Think\Db\Driver.class.php 第 769 行.
SQL: SELECT * FROM `dt_member` ORDER BY `id` desc LIMIT 0,30   [ RunTime:0.0010s ]
SQL: SELECT COUNT(*) AS tp_count FROM `dt_member` WHERE ( p1=52760 or p2=52760 or p3=52760 ) LIMIT 1   [ RunTime:0.0010s ]
SQL: SELECT COUNT(*) AS tp_count FROM `dt_member` WHERE ( p1=52759 or p2=52759 or p3=52759 ) LIMIT 1   [ RunTime:0.0000s ]
SQL: SELECT COUNT(*) AS tp_count FROM `dt_member` WHERE ( p1=52758 or p2=52758 or p3=52758 ) LIMIT 1   [ RunTime:0.0010s ]
SQL: SELECT COUNT(*) AS tp_count FROM `dt_member` WHERE ( p1=52757 or p2=52757 or p3=52757 ) LIMIT 1   [ RunTime:0.0010s ]
SQL: SELECT COUNT(*) AS tp_count FROM `dt_member` WHERE ( p1=52756 or p2=52756 or p3=52756 ) LIMIT 1   [ RunTime:0.0010s ]
SQL: SELECT COUNT(*) AS tp_count FROM `dt_member` WHERE ( p1=52755 or p2=52755 or p3=52755 ) LIMIT 1   [ RunTime:0.0010s ]
SQL: SELECT COUNT(*) AS tp_count FROM `dt_member` WHERE ( p1=52754 or p2=52754 or p3=52754 ) LIMIT 1   [ RunTime:0.0010s ]
SQL: SELECT COUNT(*) AS tp_count FROM `dt_member` WHERE ( p1=52753 or p2=52753 or p3=52753 ) LIMIT 1   [ RunTime:0.0020s ]
SQL: SELECT COUNT(*) AS tp_count FROM `dt_member` WHERE ( p1=52752 or p2=52752 or p3=52752 ) LIMIT 1   [ RunTime:0.0010s ]
SQL: SELECT COUNT(*) AS tp_count FROM `dt_member` WHERE ( p1=52751 or p2=52751 or p3=52751 ) LIMIT 1   [ RunTime:0.0000s ]
SQL: SELECT COUNT(*) AS tp_count FROM `dt_member` WHERE ( p1=52750 or p2=52750 or p3=52750 ) LIMIT 1   [ RunTime:0.0000s ]
SQL: SELECT COUNT(*) AS tp_count FROM `dt_member` WHERE ( p1=52749 or p2=52749 or p3=52749 ) LIMIT 1   [ RunTime:0.0010s ]
SQL: SELECT COUNT(*) AS tp_count FROM `dt_member` WHERE ( p1=52748 or p2=52748 or p3=52748 ) LIMIT 1   [ RunTime:0.0010s ]
SQL: SELECT COUNT(*) AS tp_count FROM `dt_member` WHERE ( p1=52747 or p2=52747 or p3=52747 ) LIMIT 1   [ RunTime:0.0010s ]
SQL: SELECT COUNT(*) AS tp_count FROM `dt_member` WHERE ( p1=52746 or p2=52746 or p3=52746 ) LIMIT 1   [ RunTime:0.0000s ]
SQL: SELECT COUNT(*) AS tp_count FROM `dt_member` WHERE ( p1=52745 or p2=52745 or p3=52745 ) LIMIT 1   [ RunTime:0.0000s ]
SQL: SELECT COUNT(*) AS tp_count FROM `dt_member` WHERE ( p1=52744 or p2=52744 or p3=52744 ) LIMIT 1   [ RunTime:0.0010s ]
SQL: SELECT COUNT(*) AS tp_count FROM `dt_member` WHERE ( p1=52743 or p2=52743 or p3=52743 ) LIMIT 1   [ RunTime:0.0010s ]
SQL: SELECT COUNT(*) AS tp_count FROM `dt_member` WHERE ( p1=52742 or p2=52742 or p3=52742 ) LIMIT 1   [ RunTime:0.0020s ]
SQL: SELECT COUNT(*) AS tp_count FROM `dt_member` WHERE ( p1=52741 or p2=52741 or p3=52741 ) LIMIT 1   [ RunTime:0.0010s ]
SQL: SELECT COUNT(*) AS tp_count FROM `dt_member` WHERE ( p1=52740 or p2=52740 or p3=52740 ) LIMIT 1   [ RunTime:0.0010s ]
SQL: SELECT COUNT(*) AS tp_count FROM `dt_member` WHERE ( p1=52739 or p2=52739 or p3=52739 ) LIMIT 1   [ RunTime:0.0010s ]
SQL: SELECT COUNT(*) AS tp_count FROM `dt_member` WHERE ( p1=52738 or p2=52738 or p3=52738 ) LIMIT 1   [ RunTime:0.0010s ]
SQL: SELECT COUNT(*) AS tp_count FROM `dt_member` WHERE ( p1=52737 or p2=52737 or p3=52737 ) LIMIT 1   [ RunTime:0.0010s ]
SQL: SELECT COUNT(*) AS tp_count FROM `dt_member` WHERE ( p1=52736 or p2=52736 or p3=52736 ) LIMIT 1   [ RunTime:0.0010s ]
SQL: SELECT COUNT(*) AS tp_count FROM `dt_member` WHERE ( p1=52735 or p2=52735 or p3=52735 ) LIMIT 1   [ RunTime:0.0010s ]
SQL: SELECT COUNT(*) AS tp_count FROM `dt_member` WHERE ( p1=52734 or p2=52734 or p3=52734 ) LIMIT 1   [ RunTime:0.0000s ]
SQL: SELECT COUNT(*) AS tp_count FROM `dt_member` WHERE ( p1=52733 or p2=52733 or p3=52733 ) LIMIT 1   [ RunTime:0.0010s ]
SQL: SELECT COUNT(*) AS tp_count FROM `dt_member` WHERE ( p1=52732 or p2=52732 or p3=52732 ) LIMIT 1   [ RunTime:0.0010s ]
SQL: SELECT COUNT(*) AS tp_count FROM `dt_member` WHERE ( p1=52731 or p2=52731 or p3=52731 ) LIMIT 1   [ RunTime:0.0010s ]
NOTIC: [2048] Only variables should be passed by reference D:\wwwroot\bptx\ThinkPHP\Library\Think\Db\Driver.class.php 第 769 行.
SQL: SELECT * FROM `dt_level` ORDER BY `id` asc  [ RunTime:0.0000s ]
INFO: [ view_parse ] --START--
INFO: [ template_filter ] --START--
INFO: Run Behavior\ContentReplaceBehavior [ RunTime:0.000000s ]
INFO: [ template_filter ] --END-- [ RunTime:0.000000s ]
NOTIC: [8] Undefined index: level D:\wwwroot\bptx\Runtime\Cache\Admin\c36ad2088ecfedbb1e6e6aebc8965af2.php 第 55 行.
NOTIC: [8] Undefined index: level D:\wwwroot\bptx\Runtime\Cache\Admin\c36ad2088ecfedbb1e6e6aebc8965af2.php 第 56 行.
NOTIC: [8] Use of undefined constant level - assumed 'level' D:\wwwroot\bptx\Runtime\Cache\Admin\c36ad2088ecfedbb1e6e6aebc8965af2.php 第 56 行.
NOTIC: [8] Undefined index: level D:\wwwroot\bptx\Runtime\Cache\Admin\c36ad2088ecfedbb1e6e6aebc8965af2.php 第 56 行.
NOTIC: [8] Undefined index: level D:\wwwroot\bptx\Runtime\Cache\Admin\c36ad2088ecfedbb1e6e6aebc8965af2.php 第 56 行.
NOTIC: [8] Use of undefined constant level - assumed 'level' D:\wwwroot\bptx\Runtime\Cache\Admin\c36ad2088ecfedbb1e6e6aebc8965af2.php 第 56 行.
NOTIC: [8] Undefined index: level D:\wwwroot\bptx\Runtime\Cache\Admin\c36ad2088ecfedbb1e6e6aebc8965af2.php 第 56 行.
NOTIC: [8] Use of undefined constant level - assumed 'level' D:\wwwroot\bptx\Runtime\Cache\Admin\c36ad2088ecfedbb1e6e6aebc8965af2.php 第 56 行.
NOTIC: [8] Undefined index: level D:\wwwroot\bptx\Runtime\Cache\Admin\c36ad2088ecfedbb1e6e6aebc8965af2.php 第 56 行.
NOTIC: [8] Use of undefined constant level - assumed 'level' D:\wwwroot\bptx\Runtime\Cache\Admin\c36ad2088ecfedbb1e6e6aebc8965af2.php 第 56 行.
NOTIC: [8] Undefined index: id D:\wwwroot\bptx\Runtime\Cache\Admin\c36ad2088ecfedbb1e6e6aebc8965af2.php 第 65 行.
NOTIC: [8] Undefined index: keywords D:\wwwroot\bptx\Runtime\Cache\Admin\c36ad2088ecfedbb1e6e6aebc8965af2.php 第 71 行.
NOTIC: [8] Undefined index: start_date D:\wwwroot\bptx\Runtime\Cache\Admin\c36ad2088ecfedbb1e6e6aebc8965af2.php 第 76 行.
NOTIC: [8] Undefined index: end_date D:\wwwroot\bptx\Runtime\Cache\Admin\c36ad2088ecfedbb1e6e6aebc8965af2.php 第 78 行.
NOTIC: [8] Undefined index: is_area D:\wwwroot\bptx\Runtime\Cache\Admin\c36ad2088ecfedbb1e6e6aebc8965af2.php 第 81 行.
INFO: Run Behavior\ParseTemplateBehavior [ RunTime:0.017001s ]
INFO: [ view_parse ] --END-- [ RunTime:0.017001s ]
INFO: [ view_filter ] --START--
INFO: Run Behavior\WriteHtmlCacheBehavior [ RunTime:0.001000s ]
INFO: [ view_filter ] --END-- [ RunTime:0.001000s ]
INFO: [ app_end ] --START--
INFO: Run Behavior\ShowPageTraceBehavior [ RunTime:0.001000s ]
INFO: [ app_end ] --END-- [ RunTime:0.001000s ]

