[ 2019-07-17T17:16:27+08:00 ] 182.84.18.194 /index.php/admin
INFO: [ app_init ] --START--
INFO: Run Behavior\BuildLiteBehavior [ RunTime:0.000011s ]
INFO: [ app_init ] --END-- [ RunTime:0.000205s ]
INFO: [ app_begin ] --START--
INFO: Run Behavior\ReadHtmlCacheBehavior [ RunTime:0.000241s ]
INFO: [ app_begin ] --END-- [ RunTime:0.000268s ]
SQL: SHOW COLUMNS FROM `dt_auth_group_access` [ RunTime:0.0004s ]
SQL: SELECT `uid`,`group_id`,`title`,`rules` FROM dt_auth_group_access a INNER JOIN dt_auth_group g on a.group_id=g.id  WHERE ( a.uid='88' and g.status='1' )  [ RunTime:0.0001s ]
SQL: SHOW COLUMNS FROM `dt_auth_rule` [ RunTime:0.0003s ]
SQL: SELECT `condition`,`name` FROM `dt_auth_rule` WHERE `id` IN ('6','96','20','1','2','3','4','5','64','7','8','9','10','11','12','13','14','15','16','123','124','125','19','164','104','105','106','108','118','153','109','110','111','112','117','148','149','150','185','134','135','136','137','139','151','182','183','184','186','161','165','166','167','147','162','163','179','180','181','157','158','168','169','171','172','173','174','175','176','177','178') AND `type` = 1 AND `status` = 1  [ RunTime:0.0001s ]
NOTIC: [2048] Declaration of Common\Model\AdminNavModel::getTreeData() should be compatible with Common\Model\BaseModel::getTreeData($type = 'tree', $order = '', $name = 'name', $child = 'id', $parent = 'pid') /www/wwwroot/a/Application/Common/Model/AdminNavModel.class.php 第 7 行.
SQL: SHOW COLUMNS FROM `dt_admin_nav` [ RunTime:0.0003s ]
SQL: SELECT * FROM `dt_admin_nav` ORDER BY order_number is null,`order_number`,`id`  [ RunTime:0.0001s ]
INFO: [ view_parse ] --START--
INFO: [ template_filter ] --START--
INFO: Run Behavior\ContentReplaceBehavior [ RunTime:0.000096s ]
INFO: [ template_filter ] --END-- [ RunTime:0.000127s ]
INFO: Run Behavior\ParseTemplateBehavior [ RunTime:0.007158s ]
INFO: [ view_parse ] --END-- [ RunTime:0.007193s ]
INFO: [ view_filter ] --START--
INFO: Run Behavior\WriteHtmlCacheBehavior [ RunTime:0.000085s ]
INFO: [ view_filter ] --END-- [ RunTime:0.000103s ]
INFO: [ app_end ] --START--
INFO: Run Behavior\ShowPageTraceBehavior [ RunTime:0.000258s ]
INFO: [ app_end ] --END-- [ RunTime:0.000278s ]

[ 2019-07-17T17:16:28+08:00 ] 182.84.18.194 /index.php/Admin/Index/tongji.html
INFO: [ app_init ] --START--
INFO: Run Behavior\BuildLiteBehavior [ RunTime:0.000011s ]
INFO: [ app_init ] --END-- [ RunTime:0.000202s ]
INFO: [ app_begin ] --START--
INFO: Run Behavior\ReadHtmlCacheBehavior [ RunTime:0.000224s ]
INFO: [ app_begin ] --END-- [ RunTime:0.000249s ]
SQL: SHOW COLUMNS FROM `dt_auth_group_access` [ RunTime:0.0004s ]
SQL: SELECT `uid`,`group_id`,`title`,`rules` FROM dt_auth_group_access a INNER JOIN dt_auth_group g on a.group_id=g.id  WHERE ( a.uid='88' and g.status='1' )  [ RunTime:0.0001s ]
SQL: SHOW COLUMNS FROM `dt_auth_rule` [ RunTime:0.0003s ]
SQL: SELECT `condition`,`name` FROM `dt_auth_rule` WHERE `id` IN ('6','96','20','1','2','3','4','5','64','7','8','9','10','11','12','13','14','15','16','123','124','125','19','164','104','105','106','108','118','153','109','110','111','112','117','148','149','150','185','134','135','136','137','139','151','182','183','184','186','161','165','166','167','147','162','163','179','180','181','157','158','168','169','171','172','173','174','175','176','177','178') AND `type` = 1 AND `status` = 1  [ RunTime:0.0001s ]
SQL: SHOW COLUMNS FROM `dt_task_apply` [ RunTime:0.0003s ]
SQL: SELECT COUNT(*) AS tp_count FROM `dt_task_apply` WHERE `status` = 1 LIMIT 1   [ RunTime:0.0000s ]
SQL: SHOW COLUMNS FROM `dt_member_tixian` [ RunTime:0.0003s ]
SQL: SELECT COUNT(*) AS tp_count FROM `dt_member_tixian` WHERE `status` = 0 LIMIT 1   [ RunTime:0.0000s ]
SQL: SHOW COLUMNS FROM `dt_member` [ RunTime:0.0004s ]
SQL: SELECT COUNT(*) AS tp_count FROM `dt_member` LIMIT 1   [ RunTime:0.0001s ]
SQL: SHOW COLUMNS FROM `dt_task` [ RunTime:0.0003s ]
SQL: SELECT COUNT(*) AS tp_count FROM `dt_task` LIMIT 1   [ RunTime:0.0000s ]
SQL: SELECT COUNT(*) AS tp_count FROM `dt_task_apply` WHERE `status` = 2 LIMIT 1   [ RunTime:0.0000s ]
SQL: SHOW COLUMNS FROM `dt_pay` [ RunTime:0.0003s ]
SQL: SELECT SUM(price) AS tp_sum FROM `dt_pay` LIMIT 1   [ RunTime:0.0000s ]
SQL: SELECT SUM(price) AS tp_sum FROM `dt_member_tixian` WHERE `status` = 1 LIMIT 1   [ RunTime:0.0000s ]
SQL: SELECT SUM(price) AS tp_sum FROM `dt_member` LIMIT 1   [ RunTime:0.0008s ]
SQL: SELECT SUM(price) AS tp_sum FROM `dt_pay` WHERE ( ( create_time >= 1563206400 and create_time < 1563292800 ) ) LIMIT 1   [ RunTime:0.0002s ]
SQL: SELECT SUM(price) AS tp_sum FROM `dt_pay` WHERE ( ( create_time >= 1562688000 and create_time < 1563292800 ) ) LIMIT 1   [ RunTime:0.0001s ]
SQL: SELECT SUM(price) AS tp_sum FROM `dt_pay` WHERE ( ( create_time >= 1560700800 and create_time < 1563292800 ) ) LIMIT 1   [ RunTime:0.0002s ]
SQL: SELECT COUNT(*) AS tp_count FROM `dt_task_apply` WHERE `status` = 2 AND ( ( create_time >= 1563206400 and create_time < 1563292800 ) ) LIMIT 1   [ RunTime:0.0006s ]
SQL: SELECT COUNT(*) AS tp_count FROM `dt_task_apply` WHERE `status` = 2 AND ( ( create_time >= 1562688000 and create_time < 1563292800 ) ) LIMIT 1   [ RunTime:0.0006s ]
SQL: SELECT COUNT(*) AS tp_count FROM `dt_task_apply` WHERE `status` = 2 AND ( ( create_time >= 1560700800 and create_time < 1563292800 ) ) LIMIT 1   [ RunTime:0.0006s ]
SQL: select sum(price) as sub_total_price, count(id) as sub_number, FROM_UNIXTIME(create_time, '%Y-%m-%d' ) as `date` from dt_pay where 1 and ( create_time >= 1560700800 and create_time < 1563379199 ) GROUP BY FROM_UNIXTIME(create_time, '%Y%m%d' ) [ RunTime:0.0005s ]
INFO: [ view_parse ] --START--
INFO: [ template_filter ] --START--
INFO: Run Behavior\ContentReplaceBehavior [ RunTime:0.000120s ]
INFO: [ template_filter ] --END-- [ RunTime:0.000146s ]
INFO: Run Behavior\ParseTemplateBehavior [ RunTime:0.006536s ]
INFO: [ view_parse ] --END-- [ RunTime:0.006566s ]
INFO: [ view_filter ] --START--
INFO: Run Behavior\WriteHtmlCacheBehavior [ RunTime:0.000075s ]
INFO: [ view_filter ] --END-- [ RunTime:0.000093s ]
INFO: [ app_end ] --START--
INFO: Run Behavior\ShowPageTraceBehavior [ RunTime:0.000282s ]
INFO: [ app_end ] --END-- [ RunTime:0.000313s ]

[ 2019-07-17T17:16:42+08:00 ] 183.3.239.171 /index.php/admin
INFO: [ app_init ] --START--
INFO: Run Behavior\BuildLiteBehavior [ RunTime:0.000008s ]
INFO: [ app_init ] --END-- [ RunTime:0.000195s ]
INFO: [ app_begin ] --START--
INFO: Run Behavior\ReadHtmlCacheBehavior [ RunTime:0.000227s ]
INFO: [ app_begin ] --END-- [ RunTime:0.000251s ]
NOTIC: [8] Undefined index: user /www/wwwroot/a/Application/Common/Controller/AdminBaseController.class.php 第 16 行.
SQL: SHOW COLUMNS FROM `dt_auth_group_access` [ RunTime:0.0004s ]
SQL: SELECT `uid`,`group_id`,`title`,`rules` FROM dt_auth_group_access a INNER JOIN dt_auth_group g on a.group_id=g.id  WHERE ( a.uid='' and g.status='1' )  [ RunTime:0.0002s ]
INFO: [ view_parse ] --START--
INFO: [ template_filter ] --START--
INFO: Run Behavior\ContentReplaceBehavior [ RunTime:0.000033s ]
INFO: [ template_filter ] --END-- [ RunTime:0.000057s ]
INFO: Run Behavior\ParseTemplateBehavior [ RunTime:0.003400s ]
INFO: [ view_parse ] --END-- [ RunTime:0.003428s ]
INFO: [ view_filter ] --START--
INFO: Run Behavior\WriteHtmlCacheBehavior [ RunTime:0.000072s ]
INFO: [ view_filter ] --END-- [ RunTime:0.000089s ]

[ 2019-07-17T17:17:03+08:00 ] 182.84.18.194 /index.php/admin
INFO: [ app_init ] --START--
INFO: Run Behavior\BuildLiteBehavior [ RunTime:0.000011s ]
INFO: [ app_init ] --END-- [ RunTime:0.000201s ]
INFO: [ app_begin ] --START--
INFO: Run Behavior\ReadHtmlCacheBehavior [ RunTime:0.000231s ]
INFO: [ app_begin ] --END-- [ RunTime:0.000255s ]
NOTIC: [8] Undefined index: user /www/wwwroot/a/Application/Common/Controller/AdminBaseController.class.php 第 16 行.
SQL: SHOW COLUMNS FROM `dt_auth_group_access` [ RunTime:0.0004s ]
SQL: SELECT `uid`,`group_id`,`title`,`rules` FROM dt_auth_group_access a INNER JOIN dt_auth_group g on a.group_id=g.id  WHERE ( a.uid='' and g.status='1' )  [ RunTime:0.0003s ]
INFO: [ view_parse ] --START--
INFO: [ template_filter ] --START--
INFO: Run Behavior\ContentReplaceBehavior [ RunTime:0.000042s ]
INFO: [ template_filter ] --END-- [ RunTime:0.000076s ]
INFO: Run Behavior\ParseTemplateBehavior [ RunTime:0.003859s ]
INFO: [ view_parse ] --END-- [ RunTime:0.003887s ]
INFO: [ view_filter ] --START--
INFO: Run Behavior\WriteHtmlCacheBehavior [ RunTime:0.000077s ]
INFO: [ view_filter ] --END-- [ RunTime:0.000095s ]

[ 2019-07-17T17:17:06+08:00 ] 182.84.18.194 /index.php/Admin/Public/login.html
INFO: [ app_init ] --START--
INFO: Run Behavior\BuildLiteBehavior [ RunTime:0.000011s ]
INFO: [ app_init ] --END-- [ RunTime:0.000190s ]
INFO: [ app_begin ] --START--
INFO: Run Behavior\ReadHtmlCacheBehavior [ RunTime:0.000252s ]
INFO: [ app_begin ] --END-- [ RunTime:0.000278s ]
INFO: [ view_parse ] --START--
INFO: [ template_filter ] --START--
INFO: Run Behavior\ContentReplaceBehavior [ RunTime:0.000058s ]
INFO: [ template_filter ] --END-- [ RunTime:0.000088s ]
INFO: Run Behavior\ParseTemplateBehavior [ RunTime:0.006136s ]
INFO: [ view_parse ] --END-- [ RunTime:0.006163s ]
INFO: [ view_filter ] --START--
INFO: Run Behavior\WriteHtmlCacheBehavior [ RunTime:0.000085s ]
INFO: [ view_filter ] --END-- [ RunTime:0.000102s ]
INFO: [ app_end ] --START--
INFO: Run Behavior\ShowPageTraceBehavior [ RunTime:0.000221s ]
INFO: [ app_end ] --END-- [ RunTime:0.000239s ]

[ 2019-07-17T17:17:16+08:00 ] 182.84.18.194 /index.php/Admin/Public/login.html
INFO: [ app_init ] --START--
INFO: Run Behavior\BuildLiteBehavior [ RunTime:0.000009s ]
INFO: [ app_init ] --END-- [ RunTime:0.000185s ]
INFO: [ app_begin ] --START--
INFO: Run Behavior\ReadHtmlCacheBehavior [ RunTime:0.000232s ]
INFO: [ app_begin ] --END-- [ RunTime:0.000260s ]
SQL: SHOW COLUMNS FROM `dt_users` [ RunTime:0.0005s ]
SQL: SELECT * FROM `dt_users` WHERE `username` = 'admin' AND `password` = 'cc077e4074d58b5b3afe96921b220364' LIMIT 1   [ RunTime:0.0001s ]

[ 2019-07-17T17:17:16+08:00 ] 182.84.18.194 /index.php/Admin/Index/index.html
INFO: [ app_init ] --START--
INFO: Run Behavior\BuildLiteBehavior [ RunTime:0.000010s ]
INFO: [ app_init ] --END-- [ RunTime:0.000193s ]
INFO: [ app_begin ] --START--
INFO: Run Behavior\ReadHtmlCacheBehavior [ RunTime:0.000227s ]
INFO: [ app_begin ] --END-- [ RunTime:0.000252s ]
SQL: SHOW COLUMNS FROM `dt_auth_group_access` [ RunTime:0.0004s ]
SQL: SELECT `uid`,`group_id`,`title`,`rules` FROM dt_auth_group_access a INNER JOIN dt_auth_group g on a.group_id=g.id  WHERE ( a.uid='88' and g.status='1' )  [ RunTime:0.0001s ]
SQL: SHOW COLUMNS FROM `dt_auth_rule` [ RunTime:0.0004s ]
SQL: SELECT `condition`,`name` FROM `dt_auth_rule` WHERE `id` IN ('6','96','20','1','2','3','4','5','64','7','8','9','10','11','12','13','14','15','16','123','124','125','19','164','104','105','106','108','118','153','109','110','111','112','117','148','149','150','185','134','135','136','137','139','151','182','183','184','186','161','165','166','167','147','162','163','179','180','181','157','158','168','169','171','172','173','174','175','176','177','178') AND `type` = 1 AND `status` = 1  [ RunTime:0.0001s ]
NOTIC: [2048] Declaration of Common\Model\AdminNavModel::getTreeData() should be compatible with Common\Model\BaseModel::getTreeData($type = 'tree', $order = '', $name = 'name', $child = 'id', $parent = 'pid') /www/wwwroot/a/Application/Common/Model/AdminNavModel.class.php 第 7 行.
SQL: SHOW COLUMNS FROM `dt_admin_nav` [ RunTime:0.0003s ]
SQL: SELECT * FROM `dt_admin_nav` ORDER BY order_number is null,`order_number`,`id`  [ RunTime:0.0001s ]
INFO: [ view_parse ] --START--
INFO: [ template_filter ] --START--
INFO: Run Behavior\ContentReplaceBehavior [ RunTime:0.000094s ]
INFO: [ template_filter ] --END-- [ RunTime:0.000123s ]
INFO: Run Behavior\ParseTemplateBehavior [ RunTime:0.007212s ]
INFO: [ view_parse ] --END-- [ RunTime:0.007242s ]
INFO: [ view_filter ] --START--
INFO: Run Behavior\WriteHtmlCacheBehavior [ RunTime:0.000077s ]
INFO: [ view_filter ] --END-- [ RunTime:0.000098s ]
INFO: [ app_end ] --START--
INFO: Run Behavior\ShowPageTraceBehavior [ RunTime:0.000255s ]
INFO: [ app_end ] --END-- [ RunTime:0.000276s ]

[ 2019-07-17T17:17:16+08:00 ] 182.84.18.194 /index.php/Admin/Index/tongji.html
INFO: [ app_init ] --START--
INFO: Run Behavior\BuildLiteBehavior [ RunTime:0.000011s ]
INFO: [ app_init ] --END-- [ RunTime:0.000188s ]
INFO: [ app_begin ] --START--
INFO: Run Behavior\ReadHtmlCacheBehavior [ RunTime:0.000223s ]
INFO: [ app_begin ] --END-- [ RunTime:0.000248s ]
SQL: SHOW COLUMNS FROM `dt_auth_group_access` [ RunTime:0.0004s ]
SQL: SELECT `uid`,`group_id`,`title`,`rules` FROM dt_auth_group_access a INNER JOIN dt_auth_group g on a.group_id=g.id  WHERE ( a.uid='88' and g.status='1' )  [ RunTime:0.0001s ]
SQL: SHOW COLUMNS FROM `dt_auth_rule` [ RunTime:0.0003s ]
SQL: SELECT `condition`,`name` FROM `dt_auth_rule` WHERE `id` IN ('6','96','20','1','2','3','4','5','64','7','8','9','10','11','12','13','14','15','16','123','124','125','19','164','104','105','106','108','118','153','109','110','111','112','117','148','149','150','185','134','135','136','137','139','151','182','183','184','186','161','165','166','167','147','162','163','179','180','181','157','158','168','169','171','172','173','174','175','176','177','178') AND `type` = 1 AND `status` = 1  [ RunTime:0.0001s ]
SQL: SHOW COLUMNS FROM `dt_task_apply` [ RunTime:0.0003s ]
SQL: SELECT COUNT(*) AS tp_count FROM `dt_task_apply` WHERE `status` = 1 LIMIT 1   [ RunTime:0.0001s ]
SQL: SHOW COLUMNS FROM `dt_member_tixian` [ RunTime:0.0003s ]
SQL: SELECT COUNT(*) AS tp_count FROM `dt_member_tixian` WHERE `status` = 0 LIMIT 1   [ RunTime:0.0000s ]
SQL: SHOW COLUMNS FROM `dt_member` [ RunTime:0.0004s ]
SQL: SELECT COUNT(*) AS tp_count FROM `dt_member` LIMIT 1   [ RunTime:0.0001s ]
SQL: SHOW COLUMNS FROM `dt_task` [ RunTime:0.0003s ]
SQL: SELECT COUNT(*) AS tp_count FROM `dt_task` LIMIT 1   [ RunTime:0.0000s ]
SQL: SELECT COUNT(*) AS tp_count FROM `dt_task_apply` WHERE `status` = 2 LIMIT 1   [ RunTime:0.0000s ]
SQL: SHOW COLUMNS FROM `dt_pay` [ RunTime:0.0003s ]
SQL: SELECT SUM(price) AS tp_sum FROM `dt_pay` LIMIT 1   [ RunTime:0.0000s ]
SQL: SELECT SUM(price) AS tp_sum FROM `dt_member_tixian` WHERE `status` = 1 LIMIT 1   [ RunTime:0.0000s ]
SQL: SELECT SUM(price) AS tp_sum FROM `dt_member` LIMIT 1   [ RunTime:0.0000s ]
SQL: SELECT SUM(price) AS tp_sum FROM `dt_pay` WHERE ( ( create_time >= 1563206400 and create_time < 1563292800 ) ) LIMIT 1   [ RunTime:0.0000s ]
SQL: SELECT SUM(price) AS tp_sum FROM `dt_pay` WHERE ( ( create_time >= 1562688000 and create_time < 1563292800 ) ) LIMIT 1   [ RunTime:0.0000s ]
SQL: SELECT SUM(price) AS tp_sum FROM `dt_pay` WHERE ( ( create_time >= 1560700800 and create_time < 1563292800 ) ) LIMIT 1   [ RunTime:0.0000s ]
SQL: SELECT COUNT(*) AS tp_count FROM `dt_task_apply` WHERE `status` = 2 AND ( ( create_time >= 1563206400 and create_time < 1563292800 ) ) LIMIT 1   [ RunTime:0.0000s ]
SQL: SELECT COUNT(*) AS tp_count FROM `dt_task_apply` WHERE `status` = 2 AND ( ( create_time >= 1562688000 and create_time < 1563292800 ) ) LIMIT 1   [ RunTime:0.0000s ]
SQL: SELECT COUNT(*) AS tp_count FROM `dt_task_apply` WHERE `status` = 2 AND ( ( create_time >= 1560700800 and create_time < 1563292800 ) ) LIMIT 1   [ RunTime:0.0000s ]
SQL: select sum(price) as sub_total_price, count(id) as sub_number, FROM_UNIXTIME(create_time, '%Y-%m-%d' ) as `date` from dt_pay where 1 and ( create_time >= 1560700800 and create_time < 1563379199 ) GROUP BY FROM_UNIXTIME(create_time, '%Y%m%d' ) [ RunTime:0.0001s ]
INFO: [ view_parse ] --START--
INFO: [ template_filter ] --START--
INFO: Run Behavior\ContentReplaceBehavior [ RunTime:0.000133s ]
INFO: [ template_filter ] --END-- [ RunTime:0.000170s ]
INFO: Run Behavior\ParseTemplateBehavior [ RunTime:0.006761s ]
INFO: [ view_parse ] --END-- [ RunTime:0.006794s ]
INFO: [ view_filter ] --START--
INFO: Run Behavior\WriteHtmlCacheBehavior [ RunTime:0.000087s ]
INFO: [ view_filter ] --END-- [ RunTime:0.000108s ]
INFO: [ app_end ] --START--
INFO: Run Behavior\ShowPageTraceBehavior [ RunTime:0.000313s ]
INFO: [ app_end ] --END-- [ RunTime:0.000337s ]

[ 2019-07-17T17:17:22+08:00 ] 61.129.6.159 /index.php/admin
INFO: [ app_init ] --START--
INFO: Run Behavior\BuildLiteBehavior [ RunTime:0.000009s ]
INFO: [ app_init ] --END-- [ RunTime:0.000200s ]
INFO: [ app_begin ] --START--
INFO: Run Behavior\ReadHtmlCacheBehavior [ RunTime:0.000226s ]
INFO: [ app_begin ] --END-- [ RunTime:0.000250s ]
NOTIC: [8] Undefined index: user /www/wwwroot/a/Application/Common/Controller/AdminBaseController.class.php 第 16 行.
SQL: SHOW COLUMNS FROM `dt_auth_group_access` [ RunTime:0.0004s ]
SQL: SELECT `uid`,`group_id`,`title`,`rules` FROM dt_auth_group_access a INNER JOIN dt_auth_group g on a.group_id=g.id  WHERE ( a.uid='' and g.status='1' )  [ RunTime:0.0002s ]
INFO: [ view_parse ] --START--
INFO: [ template_filter ] --START--
INFO: Run Behavior\ContentReplaceBehavior [ RunTime:0.000033s ]
INFO: [ template_filter ] --END-- [ RunTime:0.000060s ]
INFO: Run Behavior\ParseTemplateBehavior [ RunTime:0.003346s ]
INFO: [ view_parse ] --END-- [ RunTime:0.003369s ]
INFO: [ view_filter ] --START--
INFO: Run Behavior\WriteHtmlCacheBehavior [ RunTime:0.000086s ]
INFO: [ view_filter ] --END-- [ RunTime:0.000104s ]

[ 2019-07-17T17:17:32+08:00 ] 182.84.18.194 /index.php/Admin/Member/index.html
INFO: [ app_init ] --START--
INFO: Run Behavior\BuildLiteBehavior [ RunTime:0.000011s ]
INFO: [ app_init ] --END-- [ RunTime:0.000215s ]
INFO: [ app_begin ] --START--
INFO: Run Behavior\ReadHtmlCacheBehavior [ RunTime:0.000242s ]
INFO: [ app_begin ] --END-- [ RunTime:0.000266s ]
SQL: SHOW COLUMNS FROM `dt_auth_group_access` [ RunTime:0.0004s ]
SQL: SELECT `uid`,`group_id`,`title`,`rules` FROM dt_auth_group_access a INNER JOIN dt_auth_group g on a.group_id=g.id  WHERE ( a.uid='88' and g.status='1' )  [ RunTime:0.0001s ]
SQL: SHOW COLUMNS FROM `dt_auth_rule` [ RunTime:0.0003s ]
SQL: SELECT `condition`,`name` FROM `dt_auth_rule` WHERE `id` IN ('6','96','20','1','2','3','4','5','64','7','8','9','10','11','12','13','14','15','16','123','124','125','19','164','104','105','106','108','118','153','109','110','111','112','117','148','149','150','185','134','135','136','137','139','151','182','183','184','186','161','165','166','167','147','162','163','179','180','181','157','158','168','169','171','172','173','174','175','176','177','178') AND `type` = 1 AND `status` = 1  [ RunTime:0.0001s ]
SQL: SHOW COLUMNS FROM `dt_member` [ RunTime:0.0005s ]
SQL: SHOW COLUMNS FROM `dt_level` [ RunTime:0.0003s ]
SQL: SELECT COUNT(*) AS tp_count FROM `dt_member` LIMIT 1   [ RunTime:0.0000s ]
SQL: SHOW COLUMNS FROM `dt_level` [ RunTime:0.0003s ]
NOTIC: [2048] Only variables should be passed by reference /www/wwwroot/a/ThinkPHP/Library/Think/Db/Driver.class.php 第 769 行.
SQL: SELECT * FROM `dt_level` ORDER BY `id` asc  [ RunTime:0.0001s ]
SQL: SELECT COUNT(*) AS tp_count FROM `dt_member` WHERE `level` = 0 LIMIT 1   [ RunTime:0.0001s ]
SQL: SELECT COUNT(*) AS tp_count FROM `dt_member` WHERE `level` = 1 LIMIT 1   [ RunTime:0.0000s ]
SQL: SELECT COUNT(*) AS tp_count FROM `dt_member` WHERE `level` = 2 LIMIT 1   [ RunTime:0.0000s ]
SQL: SELECT COUNT(*) AS tp_count FROM `dt_member` WHERE `level` = 3 LIMIT 1   [ RunTime:0.0000s ]
NOTIC: [8] Undefined variable: map /www/wwwroot/a/Application/Common/Controller/AdminBaseController.class.php 第 112 行.
SQL: SELECT COUNT(*) AS tp_count FROM `dt_member` LIMIT 1   [ RunTime:0.0000s ]
NOTIC: [2048] Only variables should be passed by reference /www/wwwroot/a/ThinkPHP/Library/Think/Db/Driver.class.php 第 769 行.
SQL: SELECT * FROM `dt_member` ORDER BY `id` desc LIMIT 0,30   [ RunTime:0.0001s ]
SQL: SELECT COUNT(*) AS tp_count FROM `dt_member` WHERE ( p1=52760 or p2=52760 or p3=52760 ) LIMIT 1   [ RunTime:0.0001s ]
SQL: SELECT COUNT(*) AS tp_count FROM `dt_member` WHERE ( p1=52759 or p2=52759 or p3=52759 ) LIMIT 1   [ RunTime:0.0001s ]
SQL: SELECT COUNT(*) AS tp_count FROM `dt_member` WHERE ( p1=52758 or p2=52758 or p3=52758 ) LIMIT 1   [ RunTime:0.0000s ]
SQL: SELECT COUNT(*) AS tp_count FROM `dt_member` WHERE ( p1=52757 or p2=52757 or p3=52757 ) LIMIT 1   [ RunTime:0.0000s ]
SQL: SELECT COUNT(*) AS tp_count FROM `dt_member` WHERE ( p1=52756 or p2=52756 or p3=52756 ) LIMIT 1   [ RunTime:0.0000s ]
SQL: SELECT COUNT(*) AS tp_count FROM `dt_member` WHERE ( p1=52755 or p2=52755 or p3=52755 ) LIMIT 1   [ RunTime:0.0000s ]
SQL: SELECT COUNT(*) AS tp_count FROM `dt_member` WHERE ( p1=52754 or p2=52754 or p3=52754 ) LIMIT 1   [ RunTime:0.0000s ]
SQL: SELECT COUNT(*) AS tp_count FROM `dt_member` WHERE ( p1=52753 or p2=52753 or p3=52753 ) LIMIT 1   [ RunTime:0.0000s ]
SQL: SELECT COUNT(*) AS tp_count FROM `dt_member` WHERE ( p1=52752 or p2=52752 or p3=52752 ) LIMIT 1   [ RunTime:0.0000s ]
SQL: SELECT COUNT(*) AS tp_count FROM `dt_member` WHERE ( p1=52751 or p2=52751 or p3=52751 ) LIMIT 1   [ RunTime:0.0000s ]
SQL: SELECT COUNT(*) AS tp_count FROM `dt_member` WHERE ( p1=52750 or p2=52750 or p3=52750 ) LIMIT 1   [ RunTime:0.0000s ]
SQL: SELECT COUNT(*) AS tp_count FROM `dt_member` WHERE ( p1=52749 or p2=52749 or p3=52749 ) LIMIT 1   [ RunTime:0.0000s ]
SQL: SELECT COUNT(*) AS tp_count FROM `dt_member` WHERE ( p1=52748 or p2=52748 or p3=52748 ) LIMIT 1   [ RunTime:0.0000s ]
SQL: SELECT COUNT(*) AS tp_count FROM `dt_member` WHERE ( p1=52747 or p2=52747 or p3=52747 ) LIMIT 1   [ RunTime:0.0000s ]
SQL: SELECT COUNT(*) AS tp_count FROM `dt_member` WHERE ( p1=52746 or p2=52746 or p3=52746 ) LIMIT 1   [ RunTime:0.0000s ]
SQL: SELECT COUNT(*) AS tp_count FROM `dt_member` WHERE ( p1=52745 or p2=52745 or p3=52745 ) LIMIT 1   [ RunTime:0.0000s ]
SQL: SELECT COUNT(*) AS tp_count FROM `dt_member` WHERE ( p1=52744 or p2=52744 or p3=52744 ) LIMIT 1   [ RunTime:0.0000s ]
SQL: SELECT COUNT(*) AS tp_count FROM `dt_member` WHERE ( p1=52743 or p2=52743 or p3=52743 ) LIMIT 1   [ RunTime:0.0000s ]
SQL: SELECT COUNT(*) AS tp_count FROM `dt_member` WHERE ( p1=52742 or p2=52742 or p3=52742 ) LIMIT 1   [ RunTime:0.0000s ]
SQL: SELECT COUNT(*) AS tp_count FROM `dt_member` WHERE ( p1=52741 or p2=52741 or p3=52741 ) LIMIT 1   [ RunTime:0.0000s ]
SQL: SELECT COUNT(*) AS tp_count FROM `dt_member` WHERE ( p1=52740 or p2=52740 or p3=52740 ) LIMIT 1   [ RunTime:0.0000s ]
SQL: SELECT COUNT(*) AS tp_count FROM `dt_member` WHERE ( p1=52739 or p2=52739 or p3=52739 ) LIMIT 1   [ RunTime:0.0000s ]
SQL: SELECT COUNT(*) AS tp_count FROM `dt_member` WHERE ( p1=52738 or p2=52738 or p3=52738 ) LIMIT 1   [ RunTime:0.0000s ]
SQL: SELECT COUNT(*) AS tp_count FROM `dt_member` WHERE ( p1=52737 or p2=52737 or p3=52737 ) LIMIT 1   [ RunTime:0.0000s ]
SQL: SELECT COUNT(*) AS tp_count FROM `dt_member` WHERE ( p1=52736 or p2=52736 or p3=52736 ) LIMIT 1   [ RunTime:0.0000s ]
SQL: SELECT COUNT(*) AS tp_count FROM `dt_member` WHERE ( p1=52735 or p2=52735 or p3=52735 ) LIMIT 1   [ RunTime:0.0000s ]
SQL: SELECT COUNT(*) AS tp_count FROM `dt_member` WHERE ( p1=52734 or p2=52734 or p3=52734 ) LIMIT 1   [ RunTime:0.0000s ]
SQL: SELECT COUNT(*) AS tp_count FROM `dt_member` WHERE ( p1=52733 or p2=52733 or p3=52733 ) LIMIT 1   [ RunTime:0.0000s ]
SQL: SELECT COUNT(*) AS tp_count FROM `dt_member` WHERE ( p1=52732 or p2=52732 or p3=52732 ) LIMIT 1   [ RunTime:0.0000s ]
SQL: SELECT COUNT(*) AS tp_count FROM `dt_member` WHERE ( p1=52731 or p2=52731 or p3=52731 ) LIMIT 1   [ RunTime:0.0000s ]
NOTIC: [2048] Only variables should be passed by reference /www/wwwroot/a/ThinkPHP/Library/Think/Db/Driver.class.php 第 769 行.
SQL: SELECT * FROM `dt_level` ORDER BY `id` asc  [ RunTime:0.0001s ]
INFO: [ view_parse ] --START--
INFO: [ template_filter ] --START--
INFO: Run Behavior\ContentReplaceBehavior [ RunTime:0.000159s ]
INFO: [ template_filter ] --END-- [ RunTime:0.000205s ]
NOTIC: [8] Undefined index: level /www/wwwroot/a/Runtime/Cache/Admin/c36ad2088ecfedbb1e6e6aebc8965af2.php 第 55 行.
NOTIC: [8] Undefined index: level /www/wwwroot/a/Runtime/Cache/Admin/c36ad2088ecfedbb1e6e6aebc8965af2.php 第 56 行.
NOTIC: [8] Use of undefined constant level - assumed 'level' /www/wwwroot/a/Runtime/Cache/Admin/c36ad2088ecfedbb1e6e6aebc8965af2.php 第 56 行.
NOTIC: [8] Undefined index: level /www/wwwroot/a/Runtime/Cache/Admin/c36ad2088ecfedbb1e6e6aebc8965af2.php 第 56 行.
NOTIC: [8] Undefined index: level /www/wwwroot/a/Runtime/Cache/Admin/c36ad2088ecfedbb1e6e6aebc8965af2.php 第 56 行.
NOTIC: [8] Use of undefined constant level - assumed 'level' /www/wwwroot/a/Runtime/Cache/Admin/c36ad2088ecfedbb1e6e6aebc8965af2.php 第 56 行.
NOTIC: [8] Undefined index: level /www/wwwroot/a/Runtime/Cache/Admin/c36ad2088ecfedbb1e6e6aebc8965af2.php 第 56 行.
NOTIC: [8] Use of undefined constant level - assumed 'level' /www/wwwroot/a/Runtime/Cache/Admin/c36ad2088ecfedbb1e6e6aebc8965af2.php 第 56 行.
NOTIC: [8] Undefined index: level /www/wwwroot/a/Runtime/Cache/Admin/c36ad2088ecfedbb1e6e6aebc8965af2.php 第 56 行.
NOTIC: [8] Use of undefined constant level - assumed 'level' /www/wwwroot/a/Runtime/Cache/Admin/c36ad2088ecfedbb1e6e6aebc8965af2.php 第 56 行.
NOTIC: [8] Undefined index: id /www/wwwroot/a/Runtime/Cache/Admin/c36ad2088ecfedbb1e6e6aebc8965af2.php 第 65 行.
NOTIC: [8] Undefined index: keywords /www/wwwroot/a/Runtime/Cache/Admin/c36ad2088ecfedbb1e6e6aebc8965af2.php 第 71 行.
NOTIC: [8] Undefined index: start_date /www/wwwroot/a/Runtime/Cache/Admin/c36ad2088ecfedbb1e6e6aebc8965af2.php 第 76 行.
NOTIC: [8] Undefined index: end_date /www/wwwroot/a/Runtime/Cache/Admin/c36ad2088ecfedbb1e6e6aebc8965af2.php 第 78 行.
NOTIC: [8] Undefined index: is_area /www/wwwroot/a/Runtime/Cache/Admin/c36ad2088ecfedbb1e6e6aebc8965af2.php 第 81 行.
INFO: Run Behavior\ParseTemplateBehavior [ RunTime:0.012511s ]
INFO: [ view_parse ] --END-- [ RunTime:0.012560s ]
INFO: [ view_filter ] --START--
INFO: Run Behavior\WriteHtmlCacheBehavior [ RunTime:0.000179s ]
INFO: [ view_filter ] --END-- [ RunTime:0.000211s ]
INFO: [ app_end ] --START--
INFO: Run Behavior\ShowPageTraceBehavior [ RunTime:0.001362s ]
INFO: [ app_end ] --END-- [ RunTime:0.001407s ]

[ 2019-07-17T17:17:42+08:00 ] 182.84.18.194 /index.php/Admin/Task/index.html
INFO: [ app_init ] --START--
INFO: Run Behavior\BuildLiteBehavior [ RunTime:0.000011s ]
INFO: [ app_init ] --END-- [ RunTime:0.000212s ]
INFO: [ app_begin ] --START--
INFO: Run Behavior\ReadHtmlCacheBehavior [ RunTime:0.000246s ]
INFO: [ app_begin ] --END-- [ RunTime:0.000273s ]
SQL: SHOW COLUMNS FROM `dt_auth_group_access` [ RunTime:0.0004s ]
SQL: SELECT `uid`,`group_id`,`title`,`rules` FROM dt_auth_group_access a INNER JOIN dt_auth_group g on a.group_id=g.id  WHERE ( a.uid='88' and g.status='1' )  [ RunTime:0.0001s ]
SQL: SHOW COLUMNS FROM `dt_auth_rule` [ RunTime:0.0003s ]
SQL: SELECT `condition`,`name` FROM `dt_auth_rule` WHERE `id` IN ('6','96','20','1','2','3','4','5','64','7','8','9','10','11','12','13','14','15','16','123','124','125','19','164','104','105','106','108','118','153','109','110','111','112','117','148','149','150','185','134','135','136','137','139','151','182','183','184','186','161','165','166','167','147','162','163','179','180','181','157','158','168','169','171','172','173','174','175','176','177','178') AND `type` = 1 AND `status` = 1  [ RunTime:0.0001s ]
SQL: SHOW COLUMNS FROM `dt_level` [ RunTime:0.0003s ]
NOTIC: [2048] Only variables should be passed by reference /www/wwwroot/a/ThinkPHP/Library/Think/Db/Driver.class.php 第 769 行.
SQL: SELECT * FROM `dt_level` ORDER BY `id` asc  [ RunTime:0.0001s ]
NOTIC: [8] Undefined variable: map /www/wwwroot/a/Application/Common/Controller/AdminBaseController.class.php 第 112 行.
SQL: SHOW COLUMNS FROM `dt_task` [ RunTime:0.0003s ]
SQL: SELECT COUNT(*) AS tp_count FROM `dt_task` LIMIT 1   [ RunTime:0.0000s ]
NOTIC: [2048] Only variables should be passed by reference /www/wwwroot/a/ThinkPHP/Library/Think/Db/Driver.class.php 第 769 行.
SQL: SELECT * FROM `dt_task` ORDER BY `id` desc LIMIT 0,20   [ RunTime:0.0003s ]
INFO: [ view_parse ] --START--
INFO: [ template_filter ] --START--
INFO: Run Behavior\ContentReplaceBehavior [ RunTime:0.000095s ]
INFO: [ template_filter ] --END-- [ RunTime:0.000122s ]
NOTIC: [8] Undefined index: type /www/wwwroot/a/Runtime/Cache/Admin/50e054dd6e9446b43f58e54b1cb79bed.php 第 51 行.
NOTIC: [8] Undefined index: type /www/wwwroot/a/Runtime/Cache/Admin/50e054dd6e9446b43f58e54b1cb79bed.php 第 51 行.
NOTIC: [8] Undefined index: type /www/wwwroot/a/Runtime/Cache/Admin/50e054dd6e9446b43f58e54b1cb79bed.php 第 51 行.
NOTIC: [8] Undefined index: level /www/wwwroot/a/Runtime/Cache/Admin/50e054dd6e9446b43f58e54b1cb79bed.php 第 59 行.
NOTIC: [8] Undefined index: level /www/wwwroot/a/Runtime/Cache/Admin/50e054dd6e9446b43f58e54b1cb79bed.php 第 59 行.
NOTIC: [8] Undefined index: level /www/wwwroot/a/Runtime/Cache/Admin/50e054dd6e9446b43f58e54b1cb79bed.php 第 59 行.
NOTIC: [8] Undefined index: level /www/wwwroot/a/Runtime/Cache/Admin/50e054dd6e9446b43f58e54b1cb79bed.php 第 59 行.
NOTIC: [8] Undefined index: start_date /www/wwwroot/a/Runtime/Cache/Admin/50e054dd6e9446b43f58e54b1cb79bed.php 第 65 行.
NOTIC: [8] Undefined index: end_date /www/wwwroot/a/Runtime/Cache/Admin/50e054dd6e9446b43f58e54b1cb79bed.php 第 66 行.
INFO: Run Behavior\ParseTemplateBehavior [ RunTime:0.007318s ]
INFO: [ view_parse ] --END-- [ RunTime:0.007347s ]
INFO: [ view_filter ] --START--
INFO: Run Behavior\WriteHtmlCacheBehavior [ RunTime:0.000097s ]
INFO: [ view_filter ] --END-- [ RunTime:0.000116s ]
INFO: [ app_end ] --START--
INFO: Run Behavior\ShowPageTraceBehavior [ RunTime:0.000250s ]
INFO: [ app_end ] --END-- [ RunTime:0.000271s ]

[ 2019-07-17T17:17:43+08:00 ] 182.84.18.194 /index.php/Admin/TaskApply/index.html
INFO: [ app_init ] --START--
INFO: Run Behavior\BuildLiteBehavior [ RunTime:0.000009s ]
INFO: [ app_init ] --END-- [ RunTime:0.000188s ]
INFO: [ app_begin ] --START--
INFO: Run Behavior\ReadHtmlCacheBehavior [ RunTime:0.000230s ]
INFO: [ app_begin ] --END-- [ RunTime:0.000254s ]
SQL: SHOW COLUMNS FROM `dt_auth_group_access` [ RunTime:0.0004s ]
SQL: SELECT `uid`,`group_id`,`title`,`rules` FROM dt_auth_group_access a INNER JOIN dt_auth_group g on a.group_id=g.id  WHERE ( a.uid='88' and g.status='1' )  [ RunTime:0.0001s ]
SQL: SHOW COLUMNS FROM `dt_auth_rule` [ RunTime:0.0003s ]
SQL: SELECT `condition`,`name` FROM `dt_auth_rule` WHERE `id` IN ('6','96','20','1','2','3','4','5','64','7','8','9','10','11','12','13','14','15','16','123','124','125','19','164','104','105','106','108','118','153','109','110','111','112','117','148','149','150','185','134','135','136','137','139','151','182','183','184','186','161','165','166','167','147','162','163','179','180','181','157','158','168','169','171','172','173','174','175','176','177','178') AND `type` = 1 AND `status` = 1  [ RunTime:0.0001s ]
SQL: SHOW COLUMNS FROM `dt_task_apply` [ RunTime:0.0003s ]
SQL: SELECT COUNT(*) AS tp_count FROM dt_task_apply a LIMIT 1   [ RunTime:0.0001s ]
NOTIC: [2048] Only variables should be passed by reference /www/wwwroot/a/ThinkPHP/Library/Think/Db/Driver.class.php 第 769 行.
SQL: SELECT a.*,b.title,b.level,b.type,c.username,c.phone FROM dt_task_apply a left JOIN dt_task as b on a.task_id = b.id left JOIN dt_member as c on a.member_id = c.id  ORDER BY a.id desc LIMIT 0,100   [ RunTime:0.0013s ]
INFO: [ view_parse ] --START--
INFO: [ template_filter ] --START--
INFO: Run Behavior\ContentReplaceBehavior [ RunTime:0.000085s ]
INFO: [ template_filter ] --END-- [ RunTime:0.000111s ]
NOTIC: [8] Undefined index: status /www/wwwroot/a/Runtime/Cache/Admin/a02a0909f9f97a7187ac4977a5fa41bf.php 第 72 行.
NOTIC: [8] Undefined index: status /www/wwwroot/a/Runtime/Cache/Admin/a02a0909f9f97a7187ac4977a5fa41bf.php 第 72 行.
NOTIC: [8] Undefined index: status /www/wwwroot/a/Runtime/Cache/Admin/a02a0909f9f97a7187ac4977a5fa41bf.php 第 72 行.
NOTIC: [8] Undefined index: status /www/wwwroot/a/Runtime/Cache/Admin/a02a0909f9f97a7187ac4977a5fa41bf.php 第 72 行.
NOTIC: [8] Undefined index: status /www/wwwroot/a/Runtime/Cache/Admin/a02a0909f9f97a7187ac4977a5fa41bf.php 第 72 行.
NOTIC: [8] Undefined index: start_date /www/wwwroot/a/Runtime/Cache/Admin/a02a0909f9f97a7187ac4977a5fa41bf.php 第 78 行.
NOTIC: [8] Undefined index: end_date /www/wwwroot/a/Runtime/Cache/Admin/a02a0909f9f97a7187ac4977a5fa41bf.php 第 79 行.
NOTIC: [8] Undefined index: status /www/wwwroot/a/Runtime/Cache/Admin/a02a0909f9f97a7187ac4977a5fa41bf.php 第 91 行.
NOTIC: [8] Undefined index: status /www/wwwroot/a/Runtime/Cache/Admin/a02a0909f9f97a7187ac4977a5fa41bf.php 第 98 行.
NOTIC: [8] Undefined index: status /www/wwwroot/a/Runtime/Cache/Admin/a02a0909f9f97a7187ac4977a5fa41bf.php 第 110 行.
NOTIC: [8] Undefined index: status /www/wwwroot/a/Runtime/Cache/Admin/a02a0909f9f97a7187ac4977a5fa41bf.php 第 110 行.
NOTIC: [8] Undefined index: status /www/wwwroot/a/Runtime/Cache/Admin/a02a0909f9f97a7187ac4977a5fa41bf.php 第 110 行.
NOTIC: [8] Undefined index: status /www/wwwroot/a/Runtime/Cache/Admin/a02a0909f9f97a7187ac4977a5fa41bf.php 第 110 行.
NOTIC: [8] Undefined index: status /www/wwwroot/a/Runtime/Cache/Admin/a02a0909f9f97a7187ac4977a5fa41bf.php 第 110 行.
NOTIC: [8] Undefined index: status /www/wwwroot/a/Runtime/Cache/Admin/a02a0909f9f97a7187ac4977a5fa41bf.php 第 110 行.
NOTIC: [8] Undefined index: status /www/wwwroot/a/Runtime/Cache/Admin/a02a0909f9f97a7187ac4977a5fa41bf.php 第 110 行.
NOTIC: [8] Undefined index: status /www/wwwroot/a/Runtime/Cache/Admin/a02a0909f9f97a7187ac4977a5fa41bf.php 第 110 行.
NOTIC: [8] Undefined index: status /www/wwwroot/a/Runtime/Cache/Admin/a02a0909f9f97a7187ac4977a5fa41bf.php 第 110 行.
NOTIC: [8] Undefined index: status /www/wwwroot/a/Runtime/Cache/Admin/a02a0909f9f97a7187ac4977a5fa41bf.php 第 110 行.
NOTIC: [8] Undefined index: status /www/wwwroot/a/Runtime/Cache/Admin/a02a0909f9f97a7187ac4977a5fa41bf.php 第 110 行.
NOTIC: [8] Undefined index: status /www/wwwroot/a/Runtime/Cache/Admin/a02a0909f9f97a7187ac4977a5fa41bf.php 第 110 行.
NOTIC: [8] Undefined index: status /www/wwwroot/a/Runtime/Cache/Admin/a02a0909f9f97a7187ac4977a5fa41bf.php 第 110 行.
NOTIC: [8] Undefined index: status /www/wwwroot/a/Runtime/Cache/Admin/a02a0909f9f97a7187ac4977a5fa41bf.php 第 110 行.
NOTIC: [8] Undefined index: status /www/wwwroot/a/Runtime/Cache/Admin/a02a0909f9f97a7187ac4977a5fa41bf.php 第 110 行.
NOTIC: [8] Undefined index: status /www/wwwroot/a/Runtime/Cache/Admin/a02a0909f9f97a7187ac4977a5fa41bf.php 第 110 行.
NOTIC: [8] Undefined index: status /www/wwwroot/a/Runtime/Cache/Admin/a02a0909f9f97a7187ac4977a5fa41bf.php 第 110 行.
NOTIC: [8] Undefined index: status /www/wwwroot/a/Runtime/Cache/Admin/a02a0909f9f97a7187ac4977a5fa41bf.php 第 110 行.
NOTIC: [8] Undefined index: status /www/wwwroot/a/Runtime/Cache/Admin/a02a0909f9f97a7187ac4977a5fa41bf.php 第 110 行.
NOTIC: [8] Undefined index: status /www/wwwroot/a/Runtime/Cache/Admin/a02a0909f9f97a7187ac4977a5fa41bf.php 第 110 行.
NOTIC: [8] Undefined index: status /www/wwwroot/a/Runtime/Cache/Admin/a02a0909f9f97a7187ac4977a5fa41bf.php 第 110 行.
NOTIC: [8] Undefined index: status /www/wwwroot/a/Runtime/Cache/Admin/a02a0909f9f97a7187ac4977a5fa41bf.php 第 110 行.
NOTIC: [8] Undefined index: status /www/wwwroot/a/Runtime/Cache/Admin/a02a0909f9f97a7187ac4977a5fa41bf.php 第 110 行.
NOTIC: [8] Undefined index: status /www/wwwroot/a/Runtime/Cache/Admin/a02a0909f9f97a7187ac4977a5fa41bf.php 第 110 行.
NOTIC: [8] Undefined index: status /www/wwwroot/a/Runtime/Cache/Admin/a02a0909f9f97a7187ac4977a5fa41bf.php 第 110 行.
NOTIC: [8] Undefined index: status /www/wwwroot/a/Runtime/Cache/Admin/a02a0909f9f97a7187ac4977a5fa41bf.php 第 110 行.
NOTIC: [8] Undefined index: status /www/wwwroot/a/Runtime/Cache/Admin/a02a0909f9f97a7187ac4977a5fa41bf.php 第 110 行.
NOTIC: [8] Undefined index: status /www/wwwroot/a/Runtime/Cache/Admin/a02a0909f9f97a7187ac4977a5fa41bf.php 第 110 行.
NOTIC: [8] Undefined index: status /www/wwwroot/a/Runtime/Cache/Admin/a02a0909f9f97a7187ac4977a5fa41bf.php 第 110 行.
NOTIC: [8] Undefined index: status /www/wwwroot/a/Runtime/Cache/Admin/a02a0909f9f97a7187ac4977a5fa41bf.php 第 110 行.
NOTIC: [8] Undefined index: status /www/wwwroot/a/Runtime/Cache/Admin/a02a0909f9f97a7187ac4977a5fa41bf.php 第 110 行.
NOTIC: [8] Undefined index: status /www/wwwroot/a/Runtime/Cache/Admin/a02a0909f9f97a7187ac4977a5fa41bf.php 第 110 行.
NOTIC: [8] Undefined index: status /www/wwwroot/a/Runtime/Cache/Admin/a02a0909f9f97a7187ac4977a5fa41bf.php 第 110 行.
NOTIC: [8] Undefined index: status /www/wwwroot/a/Runtime/Cache/Admin/a02a0909f9f97a7187ac4977a5fa41bf.php 第 110 行.
NOTIC: [8] Undefined index: status /www/wwwroot/a/Runtime/Cache/Admin/a02a0909f9f97a7187ac4977a5fa41bf.php 第 110 行.
NOTIC: [8] Undefined index: status /www/wwwroot/a/Runtime/Cache/Admin/a02a0909f9f97a7187ac4977a5fa41bf.php 第 110 行.
NOTIC: [8] Undefined index: status /www/wwwroot/a/Runtime/Cache/Admin/a02a0909f9f97a7187ac4977a5fa41bf.php 第 110 行.
NOTIC: [8] Undefined index: status /www/wwwroot/a/Runtime/Cache/Admin/a02a0909f9f97a7187ac4977a5fa41bf.php 第 110 行.
NOTIC: [8] Undefined index: status /www/wwwroot/a/Runtime/Cache/Admin/a02a0909f9f97a7187ac4977a5fa41bf.php 第 110 行.
NOTIC: [8] Undefined index: status /www/wwwroot/a/Runtime/Cache/Admin/a02a0909f9f97a7187ac4977a5fa41bf.php 第 110 行.
NOTIC: [8] Undefined index: status /www/wwwroot/a/Runtime/Cache/Admin/a02a0909f9f97a7187ac4977a5fa41bf.php 第 110 行.
NOTIC: [8] Undefined index: status /www/wwwroot/a/Runtime/Cache/Admin/a02a0909f9f97a7187ac4977a5fa41bf.php 第 110 行.
NOTIC: [8] Undefined index: status /www/wwwroot/a/Runtime/Cache/Admin/a02a0909f9f97a7187ac4977a5fa41bf.php 第 110 行.
NOTIC: [8] Undefined index: status /www/wwwroot/a/Runtime/Cache/Admin/a02a0909f9f97a7187ac4977a5fa41bf.php 第 110 行.
NOTIC: [8] Undefined index: status /www/wwwroot/a/Runtime/Cache/Admin/a02a0909f9f97a7187ac4977a5fa41bf.php 第 110 行.
NOTIC: [8] Undefined index: status /www/wwwroot/a/Runtime/Cache/Admin/a02a0909f9f97a7187ac4977a5fa41bf.php 第 110 行.
NOTIC: [8] Undefined index: status /www/wwwroot/a/Runtime/Cache/Admin/a02a0909f9f97a7187ac4977a5fa41bf.php 第 110 行.
NOTIC: [8] Undefined index: status /www/wwwroot/a/Runtime/Cache/Admin/a02a0909f9f97a7187ac4977a5fa41bf.php 第 110 行.
NOTIC: [8] Undefined index: status /www/wwwroot/a/Runtime/Cache/Admin/a02a0909f9f97a7187ac4977a5fa41bf.php 第 110 行.
NOTIC: [8] Undefined index: status /www/wwwroot/a/Runtime/Cache/Admin/a02a0909f9f97a7187ac4977a5fa41bf.php 第 110 行.
NOTIC: [8] Undefined index: status /www/wwwroot/a/Runtime/Cache/Admin/a02a0909f9f97a7187ac4977a5fa41bf.php 第 110 行.
NOTIC: [8] Undefined index: status /www/wwwroot/a/Runtime/Cache/Admin/a02a0909f9f97a7187ac4977a5fa41bf.php 第 110 行.
NOTIC: [8] Undefined index: status /www/wwwroot/a/Runtime/Cache/Admin/a02a0909f9f97a7187ac4977a5fa41bf.php 第 110 行.
NOTIC: [8] Undefined index: status /www/wwwroot/a/Runtime/Cache/Admin/a02a0909f9f97a7187ac4977a5fa41bf.php 第 110 行.
NOTIC: [8] Undefined index: status /www/wwwroot/a/Runtime/Cache/Admin/a02a0909f9f97a7187ac4977a5fa41bf.php 第 110 行.
NOTIC: [8] Undefined index: status /www/wwwroot/a/Runtime/Cache/Admin/a02a0909f9f97a7187ac4977a5fa41bf.php 第 110 行.
NOTIC: [8] Undefined index: status /www/wwwroot/a/Runtime/Cache/Admin/a02a0909f9f97a7187ac4977a5fa41bf.php 第 110 行.
NOTIC: [8] Undefined index: status /www/wwwroot/a/Runtime/Cache/Admin/a02a0909f9f97a7187ac4977a5fa41bf.php 第 110 行.
NOTIC: [8] Undefined index: status /www/wwwroot/a/Runtime/Cache/Admin/a02a0909f9f97a7187ac4977a5fa41bf.php 第 110 行.
NOTIC: [8] Undefined index: status /www/wwwroot/a/Runtime/Cache/Admin/a02a0909f9f97a7187ac4977a5fa41bf.php 第 110 行.
NOTIC: [8] Undefined index: status /www/wwwroot/a/Runtime/Cache/Admin/a02a0909f9f97a7187ac4977a5fa41bf.php 第 110 行.
NOTIC: [8] Undefined index: status /www/wwwroot/a/Runtime/Cache/Admin/a02a0909f9f97a7187ac4977a5fa41bf.php 第 110 行.
NOTIC: [8] Undefined index: status /www/wwwroot/a/Runtime/Cache/Admin/a02a0909f9f97a7187ac4977a5fa41bf.php 第 110 行.
NOTIC: [8] Undefined index: status /www/wwwroot/a/Runtime/Cache/Admin/a02a0909f9f97a7187ac4977a5fa41bf.php 第 110 行.
NOTIC: [8] Undefined index: status /www/wwwroot/a/Runtime/Cache/Admin/a02a0909f9f97a7187ac4977a5fa41bf.php 第 110 行.
NOTIC: [8] Undefined index: status /www/wwwroot/a/Runtime/Cache/Admin/a02a0909f9f97a7187ac4977a5fa41bf.php 第 110 行.
NOTIC: [8] Undefined index: status /www/wwwroot/a/Runtime/Cache/Admin/a02a0909f9f97a7187ac4977a5fa41bf.php 第 110 行.
NOTIC: [8] Undefined index: status /www/wwwroot/a/Runtime/Cache/Admin/a02a0909f9f97a7187ac4977a5fa41bf.php 第 110 行.
NOTIC: [8] Undefined index: status /www/wwwroot/a/Runtime/Cache/Admin/a02a0909f9f97a7187ac4977a5fa41bf.php 第 110 行.
NOTIC: [8] Undefined index: status /www/wwwroot/a/Runtime/Cache/Admin/a02a0909f9f97a7187ac4977a5fa41bf.php 第 110 行.
NOTIC: [8] Undefined index: status /www/wwwroot/a/Runtime/Cache/Admin/a02a0909f9f97a7187ac4977a5fa41bf.php 第 110 行.
NOTIC: [8] Undefined index: status /www/wwwroot/a/Runtime/Cache/Admin/a02a0909f9f97a7187ac4977a5fa41bf.php 第 110 行.
NOTIC: [8] Undefined index: status /www/wwwroot/a/Runtime/Cache/Admin/a02a0909f9f97a7187ac4977a5fa41bf.php 第 110 行.
NOTIC: [8] Undefined index: status /www/wwwroot/a/Runtime/Cache/Admin/a02a0909f9f97a7187ac4977a5fa41bf.php 第 110 行.
NOTIC: [8] Undefined index: status /www/wwwroot/a/Runtime/Cache/Admin/a02a0909f9f97a7187ac4977a5fa41bf.php 第 110 行.
NOTIC: [8] Undefined index: status /www/wwwroot/a/Runtime/Cache/Admin/a02a0909f9f97a7187ac4977a5fa41bf.php 第 110 行.
NOTIC: [8] Undefined index: status /www/wwwroot/a/Runtime/Cache/Admin/a02a0909f9f97a7187ac4977a5fa41bf.php 第 110 行.
NOTIC: [8] Undefined index: status /www/wwwroot/a/Runtime/Cache/Admin/a02a0909f9f97a7187ac4977a5fa41bf.php 第 110 行.
NOTIC: [8] Undefined index: status /www/wwwroot/a/Runtime/Cache/Admin/a02a0909f9f97a7187ac4977a5fa41bf.php 第 110 行.
NOTIC: [8] Undefined index: status /www/wwwroot/a/Runtime/Cache/Admin/a02a0909f9f97a7187ac4977a5fa41bf.php 第 110 行.
NOTIC: [8] Undefined index: status /www/wwwroot/a/Runtime/Cache/Admin/a02a0909f9f97a7187ac4977a5fa41bf.php 第 110 行.
NOTIC: [8] Undefined index: status /www/wwwroot/a/Runtime/Cache/Admin/a02a0909f9f97a7187ac4977a5fa41bf.php 第 110 行.
NOTIC: [8] Undefined index: status /www/wwwroot/a/Runtime/Cache/Admin/a02a0909f9f97a7187ac4977a5fa41bf.php 第 110 行.
NOTIC: [8] Undefined index: status /www/wwwroot/a/Runtime/Cache/Admin/a02a0909f9f97a7187ac4977a5fa41bf.php 第 110 行.
NOTIC: [8] Undefined index: status /www/wwwroot/a/Runtime/Cache/Admin/a02a0909f9f97a7187ac4977a5fa41bf.php 第 110 行.
NOTIC: [8] Undefined index: status /www/wwwroot/a/Runtime/Cache/Admin/a02a0909f9f97a7187ac4977a5fa41bf.php 第 110 行.
NOTIC: [8] Undefined index: status /www/wwwroot/a/Runtime/Cache/Admin/a02a0909f9f97a7187ac4977a5fa41bf.php 第 110 行.
NOTIC: [8] Undefined index: status /www/wwwroot/a/Runtime/Cache/Admin/a02a0909f9f97a7187ac4977a5fa41bf.php 第 110 行.
NOTIC: [8] Undefined index: status /www/wwwroot/a/Runtime/Cache/Admin/a02a0909f9f97a7187ac4977a5fa41bf.php 第 110 行.
NOTIC: [8] Undefined index: status /www/wwwroot/a/Runtime/Cache/Admin/a02a0909f9f97a7187ac4977a5fa41bf.php 第 110 行.
NOTIC: [8] Undefined index: status /www/wwwroot/a/Runtime/Cache/Admin/a02a0909f9f97a7187ac4977a5fa41bf.php 第 110 行.
NOTIC: [8] Undefined index: status /www/wwwroot/a/Runtime/Cache/Admin/a02a0909f9f97a7187ac4977a5fa41bf.php 第 110 行.
NOTIC: [8] Undefined index: status /www/wwwroot/a/Runtime/Cache/Admin/a02a0909f9f97a7187ac4977a5fa41bf.php 第 110 行.
NOTIC: [8] Undefined index: status /www/wwwroot/a/Runtime/Cache/Admin/a02a0909f9f97a7187ac4977a5fa41bf.php 第 110 行.
NOTIC: [8] Undefined index: status /www/wwwroot/a/Runtime/Cache/Admin/a02a0909f9f97a7187ac4977a5fa41bf.php 第 110 行.
NOTIC: [8] Undefined index: status /www/wwwroot/a/Runtime/Cache/Admin/a02a0909f9f97a7187ac4977a5fa41bf.php 第 110 行.
NOTIC: [8] Undefined index: status /www/wwwroot/a/Runtime/Cache/Admin/a02a0909f9f97a7187ac4977a5fa41bf.php 第 110 行.
NOTIC: [8] Undefined index: status /www/wwwroot/a/Runtime/Cache/Admin/a02a0909f9f97a7187ac4977a5fa41bf.php 第 110 行.
NOTIC: [8] Undefined index: status /www/wwwroot/a/Runtime/Cache/Admin/a02a0909f9f97a7187ac4977a5fa41bf.php 第 110 行.
NOTIC: [8] Undefined index: status /www/wwwroot/a/Runtime/Cache/Admin/a02a0909f9f97a7187ac4977a5fa41bf.php 第 110 行.
INFO: Run Behavior\ParseTemplateBehavior [ RunTime:0.011737s ]
INFO: [ view_parse ] --END-- [ RunTime:0.011775s ]
INFO: [ view_filter ] --START--
INFO: Run Behavior\WriteHtmlCacheBehavior [ RunTime:0.000207s ]
INFO: [ view_filter ] --END-- [ RunTime:0.000234s ]
INFO: [ app_end ] --START--
INFO: Run Behavior\ShowPageTraceBehavior [ RunTime:0.000384s ]
INFO: [ app_end ] --END-- [ RunTime:0.000416s ]

[ 2019-07-17T17:17:52+08:00 ] 182.84.18.194 /index.php/Admin/Task/index.html
INFO: [ app_init ] --START--
INFO: Run Behavior\BuildLiteBehavior [ RunTime:0.000011s ]
INFO: [ app_init ] --END-- [ RunTime:0.000219s ]
INFO: [ app_begin ] --START--
INFO: Run Behavior\ReadHtmlCacheBehavior [ RunTime:0.000262s ]
INFO: [ app_begin ] --END-- [ RunTime:0.000295s ]
SQL: SHOW COLUMNS FROM `dt_auth_group_access` [ RunTime:0.0004s ]
SQL: SELECT `uid`,`group_id`,`title`,`rules` FROM dt_auth_group_access a INNER JOIN dt_auth_group g on a.group_id=g.id  WHERE ( a.uid='88' and g.status='1' )  [ RunTime:0.0001s ]
SQL: SHOW COLUMNS FROM `dt_auth_rule` [ RunTime:0.0003s ]
SQL: SELECT `condition`,`name` FROM `dt_auth_rule` WHERE `id` IN ('6','96','20','1','2','3','4','5','64','7','8','9','10','11','12','13','14','15','16','123','124','125','19','164','104','105','106','108','118','153','109','110','111','112','117','148','149','150','185','134','135','136','137','139','151','182','183','184','186','161','165','166','167','147','162','163','179','180','181','157','158','168','169','171','172','173','174','175','176','177','178') AND `type` = 1 AND `status` = 1  [ RunTime:0.0001s ]
SQL: SHOW COLUMNS FROM `dt_level` [ RunTime:0.0003s ]
NOTIC: [2048] Only variables should be passed by reference /www/wwwroot/a/ThinkPHP/Library/Think/Db/Driver.class.php 第 769 行.
SQL: SELECT * FROM `dt_level` ORDER BY `id` asc  [ RunTime:0.0001s ]
NOTIC: [8] Undefined variable: map /www/wwwroot/a/Application/Common/Controller/AdminBaseController.class.php 第 112 行.
SQL: SHOW COLUMNS FROM `dt_task` [ RunTime:0.0003s ]
SQL: SELECT COUNT(*) AS tp_count FROM `dt_task` LIMIT 1   [ RunTime:0.0001s ]
NOTIC: [2048] Only variables should be passed by reference /www/wwwroot/a/ThinkPHP/Library/Think/Db/Driver.class.php 第 769 行.
SQL: SELECT * FROM `dt_task` ORDER BY `id` desc LIMIT 0,20   [ RunTime:0.0001s ]
INFO: [ view_parse ] --START--
INFO: [ template_filter ] --START--
INFO: Run Behavior\ContentReplaceBehavior [ RunTime:0.000104s ]
INFO: [ template_filter ] --END-- [ RunTime:0.000147s ]
NOTIC: [8] Undefined index: type /www/wwwroot/a/Runtime/Cache/Admin/50e054dd6e9446b43f58e54b1cb79bed.php 第 51 行.
NOTIC: [8] Undefined index: type /www/wwwroot/a/Runtime/Cache/Admin/50e054dd6e9446b43f58e54b1cb79bed.php 第 51 行.
NOTIC: [8] Undefined index: type /www/wwwroot/a/Runtime/Cache/Admin/50e054dd6e9446b43f58e54b1cb79bed.php 第 51 行.
NOTIC: [8] Undefined index: level /www/wwwroot/a/Runtime/Cache/Admin/50e054dd6e9446b43f58e54b1cb79bed.php 第 59 行.
NOTIC: [8] Undefined index: level /www/wwwroot/a/Runtime/Cache/Admin/50e054dd6e9446b43f58e54b1cb79bed.php 第 59 行.
NOTIC: [8] Undefined index: level /www/wwwroot/a/Runtime/Cache/Admin/50e054dd6e9446b43f58e54b1cb79bed.php 第 59 行.
NOTIC: [8] Undefined index: level /www/wwwroot/a/Runtime/Cache/Admin/50e054dd6e9446b43f58e54b1cb79bed.php 第 59 行.
NOTIC: [8] Undefined index: start_date /www/wwwroot/a/Runtime/Cache/Admin/50e054dd6e9446b43f58e54b1cb79bed.php 第 65 行.
NOTIC: [8] Undefined index: end_date /www/wwwroot/a/Runtime/Cache/Admin/50e054dd6e9446b43f58e54b1cb79bed.php 第 66 行.
INFO: Run Behavior\ParseTemplateBehavior [ RunTime:0.007734s ]
INFO: [ view_parse ] --END-- [ RunTime:0.007762s ]
INFO: [ view_filter ] --START--
INFO: Run Behavior\WriteHtmlCacheBehavior [ RunTime:0.000088s ]
INFO: [ view_filter ] --END-- [ RunTime:0.000108s ]
INFO: [ app_end ] --START--
INFO: Run Behavior\ShowPageTraceBehavior [ RunTime:0.000290s ]
INFO: [ app_end ] --END-- [ RunTime:0.000322s ]

[ 2019-07-17T17:17:53+08:00 ] 182.84.18.194 /index.php/Admin/TaskApply/index.html
INFO: [ app_init ] --START--
INFO: Run Behavior\BuildLiteBehavior [ RunTime:0.000009s ]
INFO: [ app_init ] --END-- [ RunTime:0.000191s ]
INFO: [ app_begin ] --START--
INFO: Run Behavior\ReadHtmlCacheBehavior [ RunTime:0.000248s ]
INFO: [ app_begin ] --END-- [ RunTime:0.000275s ]
SQL: SHOW COLUMNS FROM `dt_auth_group_access` [ RunTime:0.0004s ]
SQL: SELECT `uid`,`group_id`,`title`,`rules` FROM dt_auth_group_access a INNER JOIN dt_auth_group g on a.group_id=g.id  WHERE ( a.uid='88' and g.status='1' )  [ RunTime:0.0001s ]
SQL: SHOW COLUMNS FROM `dt_auth_rule` [ RunTime:0.0003s ]
SQL: SELECT `condition`,`name` FROM `dt_auth_rule` WHERE `id` IN ('6','96','20','1','2','3','4','5','64','7','8','9','10','11','12','13','14','15','16','123','124','125','19','164','104','105','106','108','118','153','109','110','111','112','117','148','149','150','185','134','135','136','137','139','151','182','183','184','186','161','165','166','167','147','162','163','179','180','181','157','158','168','169','171','172','173','174','175','176','177','178') AND `type` = 1 AND `status` = 1  [ RunTime:0.0001s ]
SQL: SHOW COLUMNS FROM `dt_task_apply` [ RunTime:0.0003s ]
SQL: SELECT COUNT(*) AS tp_count FROM dt_task_apply a LIMIT 1   [ RunTime:0.0000s ]
NOTIC: [2048] Only variables should be passed by reference /www/wwwroot/a/ThinkPHP/Library/Think/Db/Driver.class.php 第 769 行.
SQL: SELECT a.*,b.title,b.level,b.type,c.username,c.phone FROM dt_task_apply a left JOIN dt_task as b on a.task_id = b.id left JOIN dt_member as c on a.member_id = c.id  ORDER BY a.id desc LIMIT 0,100   [ RunTime:0.0002s ]
INFO: [ view_parse ] --START--
INFO: [ template_filter ] --START--
INFO: Run Behavior\ContentReplaceBehavior [ RunTime:0.000086s ]
INFO: [ template_filter ] --END-- [ RunTime:0.000114s ]
NOTIC: [8] Undefined index: status /www/wwwroot/a/Runtime/Cache/Admin/a02a0909f9f97a7187ac4977a5fa41bf.php 第 72 行.
NOTIC: [8] Undefined index: status /www/wwwroot/a/Runtime/Cache/Admin/a02a0909f9f97a7187ac4977a5fa41bf.php 第 72 行.
NOTIC: [8] Undefined index: status /www/wwwroot/a/Runtime/Cache/Admin/a02a0909f9f97a7187ac4977a5fa41bf.php 第 72 行.
NOTIC: [8] Undefined index: status /www/wwwroot/a/Runtime/Cache/Admin/a02a0909f9f97a7187ac4977a5fa41bf.php 第 72 行.
NOTIC: [8] Undefined index: status /www/wwwroot/a/Runtime/Cache/Admin/a02a0909f9f97a7187ac4977a5fa41bf.php 第 72 行.
NOTIC: [8] Undefined index: start_date /www/wwwroot/a/Runtime/Cache/Admin/a02a0909f9f97a7187ac4977a5fa41bf.php 第 78 行.
NOTIC: [8] Undefined index: end_date /www/wwwroot/a/Runtime/Cache/Admin/a02a0909f9f97a7187ac4977a5fa41bf.php 第 79 行.
NOTIC: [8] Undefined index: status /www/wwwroot/a/Runtime/Cache/Admin/a02a0909f9f97a7187ac4977a5fa41bf.php 第 91 行.
NOTIC: [8] Undefined index: status /www/wwwroot/a/Runtime/Cache/Admin/a02a0909f9f97a7187ac4977a5fa41bf.php 第 98 行.
NOTIC: [8] Undefined index: status /www/wwwroot/a/Runtime/Cache/Admin/a02a0909f9f97a7187ac4977a5fa41bf.php 第 110 行.
NOTIC: [8] Undefined index: status /www/wwwroot/a/Runtime/Cache/Admin/a02a0909f9f97a7187ac4977a5fa41bf.php 第 110 行.
NOTIC: [8] Undefined index: status /www/wwwroot/a/Runtime/Cache/Admin/a02a0909f9f97a7187ac4977a5fa41bf.php 第 110 行.
NOTIC: [8] Undefined index: status /www/wwwroot/a/Runtime/Cache/Admin/a02a0909f9f97a7187ac4977a5fa41bf.php 第 110 行.
NOTIC: [8] Undefined index: status /www/wwwroot/a/Runtime/Cache/Admin/a02a0909f9f97a7187ac4977a5fa41bf.php 第 110 行.
NOTIC: [8] Undefined index: status /www/wwwroot/a/Runtime/Cache/Admin/a02a0909f9f97a7187ac4977a5fa41bf.php 第 110 行.
NOTIC: [8] Undefined index: status /www/wwwroot/a/Runtime/Cache/Admin/a02a0909f9f97a7187ac4977a5fa41bf.php 第 110 行.
NOTIC: [8] Undefined index: status /www/wwwroot/a/Runtime/Cache/Admin/a02a0909f9f97a7187ac4977a5fa41bf.php 第 110 行.
NOTIC: [8] Undefined index: status /www/wwwroot/a/Runtime/Cache/Admin/a02a0909f9f97a7187ac4977a5fa41bf.php 第 110 行.
NOTIC: [8] Undefined index: status /www/wwwroot/a/Runtime/Cache/Admin/a02a0909f9f97a7187ac4977a5fa41bf.php 第 110 行.
NOTIC: [8] Undefined index: status /www/wwwroot/a/Runtime/Cache/Admin/a02a0909f9f97a7187ac4977a5fa41bf.php 第 110 行.
NOTIC: [8] Undefined index: status /www/wwwroot/a/Runtime/Cache/Admin/a02a0909f9f97a7187ac4977a5fa41bf.php 第 110 行.
NOTIC: [8] Undefined index: status /www/wwwroot/a/Runtime/Cache/Admin/a02a0909f9f97a7187ac4977a5fa41bf.php 第 110 行.
NOTIC: [8] Undefined index: status /www/wwwroot/a/Runtime/Cache/Admin/a02a0909f9f97a7187ac4977a5fa41bf.php 第 110 行.
NOTIC: [8] Undefined index: status /www/wwwroot/a/Runtime/Cache/Admin/a02a0909f9f97a7187ac4977a5fa41bf.php 第 110 行.
NOTIC: [8] Undefined index: status /www/wwwroot/a/Runtime/Cache/Admin/a02a0909f9f97a7187ac4977a5fa41bf.php 第 110 行.
NOTIC: [8] Undefined index: status /www/wwwroot/a/Runtime/Cache/Admin/a02a0909f9f97a7187ac4977a5fa41bf.php 第 110 行.
NOTIC: [8] Undefined index: status /www/wwwroot/a/Runtime/Cache/Admin/a02a0909f9f97a7187ac4977a5fa41bf.php 第 110 行.
NOTIC: [8] Undefined index: status /www/wwwroot/a/Runtime/Cache/Admin/a02a0909f9f97a7187ac4977a5fa41bf.php 第 110 行.
NOTIC: [8] Undefined index: status /www/wwwroot/a/Runtime/Cache/Admin/a02a0909f9f97a7187ac4977a5fa41bf.php 第 110 行.
NOTIC: [8] Undefined index: status /www/wwwroot/a/Runtime/Cache/Admin/a02a0909f9f97a7187ac4977a5fa41bf.php 第 110 行.
NOTIC: [8] Undefined index: status /www/wwwroot/a/Runtime/Cache/Admin/a02a0909f9f97a7187ac4977a5fa41bf.php 第 110 行.
NOTIC: [8] Undefined index: status /www/wwwroot/a/Runtime/Cache/Admin/a02a0909f9f97a7187ac4977a5fa41bf.php 第 110 行.
NOTIC: [8] Undefined index: status /www/wwwroot/a/Runtime/Cache/Admin/a02a0909f9f97a7187ac4977a5fa41bf.php 第 110 行.
NOTIC: [8] Undefined index: status /www/wwwroot/a/Runtime/Cache/Admin/a02a0909f9f97a7187ac4977a5fa41bf.php 第 110 行.
NOTIC: [8] Undefined index: status /www/wwwroot/a/Runtime/Cache/Admin/a02a0909f9f97a7187ac4977a5fa41bf.php 第 110 行.
NOTIC: [8] Undefined index: status /www/wwwroot/a/Runtime/Cache/Admin/a02a0909f9f97a7187ac4977a5fa41bf.php 第 110 行.
NOTIC: [8] Undefined index: status /www/wwwroot/a/Runtime/Cache/Admin/a02a0909f9f97a7187ac4977a5fa41bf.php 第 110 行.
NOTIC: [8] Undefined index: status /www/wwwroot/a/Runtime/Cache/Admin/a02a0909f9f97a7187ac4977a5fa41bf.php 第 110 行.
NOTIC: [8] Undefined index: status /www/wwwroot/a/Runtime/Cache/Admin/a02a0909f9f97a7187ac4977a5fa41bf.php 第 110 行.
NOTIC: [8] Undefined index: status /www/wwwroot/a/Runtime/Cache/Admin/a02a0909f9f97a7187ac4977a5fa41bf.php 第 110 行.
NOTIC: [8] Undefined index: status /www/wwwroot/a/Runtime/Cache/Admin/a02a0909f9f97a7187ac4977a5fa41bf.php 第 110 行.
NOTIC: [8] Undefined index: status /www/wwwroot/a/Runtime/Cache/Admin/a02a0909f9f97a7187ac4977a5fa41bf.php 第 110 行.
NOTIC: [8] Undefined index: status /www/wwwroot/a/Runtime/Cache/Admin/a02a0909f9f97a7187ac4977a5fa41bf.php 第 110 行.
NOTIC: [8] Undefined index: status /www/wwwroot/a/Runtime/Cache/Admin/a02a0909f9f97a7187ac4977a5fa41bf.php 第 110 行.
NOTIC: [8] Undefined index: status /www/wwwroot/a/Runtime/Cache/Admin/a02a0909f9f97a7187ac4977a5fa41bf.php 第 110 行.
NOTIC: [8] Undefined index: status /www/wwwroot/a/Runtime/Cache/Admin/a02a0909f9f97a7187ac4977a5fa41bf.php 第 110 行.
NOTIC: [8] Undefined index: status /www/wwwroot/a/Runtime/Cache/Admin/a02a0909f9f97a7187ac4977a5fa41bf.php 第 110 行.
NOTIC: [8] Undefined index: status /www/wwwroot/a/Runtime/Cache/Admin/a02a0909f9f97a7187ac4977a5fa41bf.php 第 110 行.
NOTIC: [8] Undefined index: status /www/wwwroot/a/Runtime/Cache/Admin/a02a0909f9f97a7187ac4977a5fa41bf.php 第 110 行.
NOTIC: [8] Undefined index: status /www/wwwroot/a/Runtime/Cache/Admin/a02a0909f9f97a7187ac4977a5fa41bf.php 第 110 行.
NOTIC: [8] Undefined index: status /www/wwwroot/a/Runtime/Cache/Admin/a02a0909f9f97a7187ac4977a5fa41bf.php 第 110 行.
NOTIC: [8] Undefined index: status /www/wwwroot/a/Runtime/Cache/Admin/a02a0909f9f97a7187ac4977a5fa41bf.php 第 110 行.
NOTIC: [8] Undefined index: status /www/wwwroot/a/Runtime/Cache/Admin/a02a0909f9f97a7187ac4977a5fa41bf.php 第 110 行.
NOTIC: [8] Undefined index: status /www/wwwroot/a/Runtime/Cache/Admin/a02a0909f9f97a7187ac4977a5fa41bf.php 第 110 行.
NOTIC: [8] Undefined index: status /www/wwwroot/a/Runtime/Cache/Admin/a02a0909f9f97a7187ac4977a5fa41bf.php 第 110 行.
NOTIC: [8] Undefined index: status /www/wwwroot/a/Runtime/Cache/Admin/a02a0909f9f97a7187ac4977a5fa41bf.php 第 110 行.
NOTIC: [8] Undefined index: status /www/wwwroot/a/Runtime/Cache/Admin/a02a0909f9f97a7187ac4977a5fa41bf.php 第 110 行.
NOTIC: [8] Undefined index: status /www/wwwroot/a/Runtime/Cache/Admin/a02a0909f9f97a7187ac4977a5fa41bf.php 第 110 行.
NOTIC: [8] Undefined index: status /www/wwwroot/a/Runtime/Cache/Admin/a02a0909f9f97a7187ac4977a5fa41bf.php 第 110 行.
NOTIC: [8] Undefined index: status /www/wwwroot/a/Runtime/Cache/Admin/a02a0909f9f97a7187ac4977a5fa41bf.php 第 110 行.
NOTIC: [8] Undefined index: status /www/wwwroot/a/Runtime/Cache/Admin/a02a0909f9f97a7187ac4977a5fa41bf.php 第 110 行.
NOTIC: [8] Undefined index: status /www/wwwroot/a/Runtime/Cache/Admin/a02a0909f9f97a7187ac4977a5fa41bf.php 第 110 行.
NOTIC: [8] Undefined index: status /www/wwwroot/a/Runtime/Cache/Admin/a02a0909f9f97a7187ac4977a5fa41bf.php 第 110 行.
NOTIC: [8] Undefined index: status /www/wwwroot/a/Runtime/Cache/Admin/a02a0909f9f97a7187ac4977a5fa41bf.php 第 110 行.
NOTIC: [8] Undefined index: status /www/wwwroot/a/Runtime/Cache/Admin/a02a0909f9f97a7187ac4977a5fa41bf.php 第 110 行.
NOTIC: [8] Undefined index: status /www/wwwroot/a/Runtime/Cache/Admin/a02a0909f9f97a7187ac4977a5fa41bf.php 第 110 行.
NOTIC: [8] Undefined index: status /www/wwwroot/a/Runtime/Cache/Admin/a02a0909f9f97a7187ac4977a5fa41bf.php 第 110 行.
NOTIC: [8] Undefined index: status /www/wwwroot/a/Runtime/Cache/Admin/a02a0909f9f97a7187ac4977a5fa41bf.php 第 110 行.
NOTIC: [8] Undefined index: status /www/wwwroot/a/Runtime/Cache/Admin/a02a0909f9f97a7187ac4977a5fa41bf.php 第 110 行.
NOTIC: [8] Undefined index: status /www/wwwroot/a/Runtime/Cache/Admin/a02a0909f9f97a7187ac4977a5fa41bf.php 第 110 行.
NOTIC: [8] Undefined index: status /www/wwwroot/a/Runtime/Cache/Admin/a02a0909f9f97a7187ac4977a5fa41bf.php 第 110 行.
NOTIC: [8] Undefined index: status /www/wwwroot/a/Runtime/Cache/Admin/a02a0909f9f97a7187ac4977a5fa41bf.php 第 110 行.
NOTIC: [8] Undefined index: status /www/wwwroot/a/Runtime/Cache/Admin/a02a0909f9f97a7187ac4977a5fa41bf.php 第 110 行.
NOTIC: [8] Undefined index: status /www/wwwroot/a/Runtime/Cache/Admin/a02a0909f9f97a7187ac4977a5fa41bf.php 第 110 行.
NOTIC: [8] Undefined index: status /www/wwwroot/a/Runtime/Cache/Admin/a02a0909f9f97a7187ac4977a5fa41bf.php 第 110 行.
NOTIC: [8] Undefined index: status /www/wwwroot/a/Runtime/Cache/Admin/a02a0909f9f97a7187ac4977a5fa41bf.php 第 110 行.
NOTIC: [8] Undefined index: status /www/wwwroot/a/Runtime/Cache/Admin/a02a0909f9f97a7187ac4977a5fa41bf.php 第 110 行.
NOTIC: [8] Undefined index: status /www/wwwroot/a/Runtime/Cache/Admin/a02a0909f9f97a7187ac4977a5fa41bf.php 第 110 行.
NOTIC: [8] Undefined index: status /www/wwwroot/a/Runtime/Cache/Admin/a02a0909f9f97a7187ac4977a5fa41bf.php 第 110 行.
NOTIC: [8] Undefined index: status /www/wwwroot/a/Runtime/Cache/Admin/a02a0909f9f97a7187ac4977a5fa41bf.php 第 110 行.
NOTIC: [8] Undefined index: status /www/wwwroot/a/Runtime/Cache/Admin/a02a0909f9f97a7187ac4977a5fa41bf.php 第 110 行.
NOTIC: [8] Undefined index: status /www/wwwroot/a/Runtime/Cache/Admin/a02a0909f9f97a7187ac4977a5fa41bf.php 第 110 行.
NOTIC: [8] Undefined index: status /www/wwwroot/a/Runtime/Cache/Admin/a02a0909f9f97a7187ac4977a5fa41bf.php 第 110 行.
NOTIC: [8] Undefined index: status /www/wwwroot/a/Runtime/Cache/Admin/a02a0909f9f97a7187ac4977a5fa41bf.php 第 110 行.
NOTIC: [8] Undefined index: status /www/wwwroot/a/Runtime/Cache/Admin/a02a0909f9f97a7187ac4977a5fa41bf.php 第 110 行.
NOTIC: [8] Undefined index: status /www/wwwroot/a/Runtime/Cache/Admin/a02a0909f9f97a7187ac4977a5fa41bf.php 第 110 行.
NOTIC: [8] Undefined index: status /www/wwwroot/a/Runtime/Cache/Admin/a02a0909f9f97a7187ac4977a5fa41bf.php 第 110 行.
NOTIC: [8] Undefined index: status /www/wwwroot/a/Runtime/Cache/Admin/a02a0909f9f97a7187ac4977a5fa41bf.php 第 110 行.
NOTIC: [8] Undefined index: status /www/wwwroot/a/Runtime/Cache/Admin/a02a0909f9f97a7187ac4977a5fa41bf.php 第 110 行.
NOTIC: [8] Undefined index: status /www/wwwroot/a/Runtime/Cache/Admin/a02a0909f9f97a7187ac4977a5fa41bf.php 第 110 行.
NOTIC: [8] Undefined index: status /www/wwwroot/a/Runtime/Cache/Admin/a02a0909f9f97a7187ac4977a5fa41bf.php 第 110 行.
NOTIC: [8] Undefined index: status /www/wwwroot/a/Runtime/Cache/Admin/a02a0909f9f97a7187ac4977a5fa41bf.php 第 110 行.
NOTIC: [8] Undefined index: status /www/wwwroot/a/Runtime/Cache/Admin/a02a0909f9f97a7187ac4977a5fa41bf.php 第 110 行.
NOTIC: [8] Undefined index: status /www/wwwroot/a/Runtime/Cache/Admin/a02a0909f9f97a7187ac4977a5fa41bf.php 第 110 行.
NOTIC: [8] Undefined index: status /www/wwwroot/a/Runtime/Cache/Admin/a02a0909f9f97a7187ac4977a5fa41bf.php 第 110 行.
NOTIC: [8] Undefined index: status /www/wwwroot/a/Runtime/Cache/Admin/a02a0909f9f97a7187ac4977a5fa41bf.php 第 110 行.
NOTIC: [8] Undefined index: status /www/wwwroot/a/Runtime/Cache/Admin/a02a0909f9f97a7187ac4977a5fa41bf.php 第 110 行.
NOTIC: [8] Undefined index: status /www/wwwroot/a/Runtime/Cache/Admin/a02a0909f9f97a7187ac4977a5fa41bf.php 第 110 行.
NOTIC: [8] Undefined index: status /www/wwwroot/a/Runtime/Cache/Admin/a02a0909f9f97a7187ac4977a5fa41bf.php 第 110 行.
NOTIC: [8] Undefined index: status /www/wwwroot/a/Runtime/Cache/Admin/a02a0909f9f97a7187ac4977a5fa41bf.php 第 110 行.
NOTIC: [8] Undefined index: status /www/wwwroot/a/Runtime/Cache/Admin/a02a0909f9f97a7187ac4977a5fa41bf.php 第 110 行.
NOTIC: [8] Undefined index: status /www/wwwroot/a/Runtime/Cache/Admin/a02a0909f9f97a7187ac4977a5fa41bf.php 第 110 行.
NOTIC: [8] Undefined index: status /www/wwwroot/a/Runtime/Cache/Admin/a02a0909f9f97a7187ac4977a5fa41bf.php 第 110 行.
NOTIC: [8] Undefined index: status /www/wwwroot/a/Runtime/Cache/Admin/a02a0909f9f97a7187ac4977a5fa41bf.php 第 110 行.
NOTIC: [8] Undefined index: status /www/wwwroot/a/Runtime/Cache/Admin/a02a0909f9f97a7187ac4977a5fa41bf.php 第 110 行.
NOTIC: [8] Undefined index: status /www/wwwroot/a/Runtime/Cache/Admin/a02a0909f9f97a7187ac4977a5fa41bf.php 第 110 行.
NOTIC: [8] Undefined index: status /www/wwwroot/a/Runtime/Cache/Admin/a02a0909f9f97a7187ac4977a5fa41bf.php 第 110 行.
NOTIC: [8] Undefined index: status /www/wwwroot/a/Runtime/Cache/Admin/a02a0909f9f97a7187ac4977a5fa41bf.php 第 110 行.
NOTIC: [8] Undefined index: status /www/wwwroot/a/Runtime/Cache/Admin/a02a0909f9f97a7187ac4977a5fa41bf.php 第 110 行.
INFO: Run Behavior\ParseTemplateBehavior [ RunTime:0.009892s ]
INFO: [ view_parse ] --END-- [ RunTime:0.009918s ]
INFO: [ view_filter ] --START--
INFO: Run Behavior\WriteHtmlCacheBehavior [ RunTime:0.000095s ]
INFO: [ view_filter ] --END-- [ RunTime:0.000126s ]
INFO: [ app_end ] --START--
INFO: Run Behavior\ShowPageTraceBehavior [ RunTime:0.000258s ]
INFO: [ app_end ] --END-- [ RunTime:0.000281s ]

[ 2019-07-17T17:17:54+08:00 ] 182.84.18.194 /index.php/Admin/Task/handle.html
INFO: [ app_init ] --START--
INFO: Run Behavior\BuildLiteBehavior [ RunTime:0.000043s ]
INFO: [ app_init ] --END-- [ RunTime:0.000227s ]
INFO: [ app_begin ] --START--
INFO: Run Behavior\ReadHtmlCacheBehavior [ RunTime:0.000243s ]
INFO: [ app_begin ] --END-- [ RunTime:0.000271s ]
SQL: SHOW COLUMNS FROM `dt_auth_group_access` [ RunTime:0.0004s ]
SQL: SELECT `uid`,`group_id`,`title`,`rules` FROM dt_auth_group_access a INNER JOIN dt_auth_group g on a.group_id=g.id  WHERE ( a.uid='88' and g.status='1' )  [ RunTime:0.0001s ]
SQL: SHOW COLUMNS FROM `dt_auth_rule` [ RunTime:0.0003s ]
SQL: SELECT `condition`,`name` FROM `dt_auth_rule` WHERE `id` IN ('6','96','20','1','2','3','4','5','64','7','8','9','10','11','12','13','14','15','16','123','124','125','19','164','104','105','106','108','118','153','109','110','111','112','117','148','149','150','185','134','135','136','137','139','151','182','183','184','186','161','165','166','167','147','162','163','179','180','181','157','158','168','169','171','172','173','174','175','176','177','178') AND `type` = 1 AND `status` = 1  [ RunTime:0.0001s ]
SQL: SHOW COLUMNS FROM `dt_task` [ RunTime:0.0003s ]
NOTIC: [8] Undefined index: id /www/wwwroot/a/Application/Admin/Controller/TaskController.class.php 第 92 行.
SQL: SHOW COLUMNS FROM `dt_level` [ RunTime:0.0003s ]
NOTIC: [2048] Only variables should be passed by reference /www/wwwroot/a/ThinkPHP/Library/Think/Db/Driver.class.php 第 769 行.
SQL: SELECT * FROM `dt_level` ORDER BY `id` asc  [ RunTime:0.0001s ]
INFO: [ view_parse ] --START--
INFO: [ template_filter ] --START--
INFO: Run Behavior\ContentReplaceBehavior [ RunTime:0.000107s ]
INFO: [ template_filter ] --END-- [ RunTime:0.000134s ]
NOTIC: [8] Undefined variable: info /www/wwwroot/a/Runtime/Cache/Admin/e5fa8faae3a94136b2ad2202dd8a2623.php 第 32 行.
NOTIC: [8] Undefined variable: info /www/wwwroot/a/Runtime/Cache/Admin/e5fa8faae3a94136b2ad2202dd8a2623.php 第 54 行.
NOTIC: [8] Undefined index: copy /www/wwwroot/a/Runtime/Cache/Admin/e5fa8faae3a94136b2ad2202dd8a2623.php 第 55 行.
NOTIC: [8] Undefined variable: info /www/wwwroot/a/Runtime/Cache/Admin/e5fa8faae3a94136b2ad2202dd8a2623.php 第 60 行.
NOTIC: [8] Undefined variable: info /www/wwwroot/a/Runtime/Cache/Admin/e5fa8faae3a94136b2ad2202dd8a2623.php 第 66 行.
NOTIC: [8] Undefined variable: info /www/wwwroot/a/Runtime/Cache/Admin/e5fa8faae3a94136b2ad2202dd8a2623.php 第 75 行.
NOTIC: [8] Undefined variable: info /www/wwwroot/a/Runtime/Cache/Admin/e5fa8faae3a94136b2ad2202dd8a2623.php 第 75 行.
NOTIC: [8] Undefined variable: info /www/wwwroot/a/Runtime/Cache/Admin/e5fa8faae3a94136b2ad2202dd8a2623.php 第 82 行.
NOTIC: [8] Undefined variable: info /www/wwwroot/a/Runtime/Cache/Admin/e5fa8faae3a94136b2ad2202dd8a2623.php 第 89 行.
NOTIC: [8] Undefined variable: info /www/wwwroot/a/Runtime/Cache/Admin/e5fa8faae3a94136b2ad2202dd8a2623.php 第 89 行.
NOTIC: [8] Undefined variable: info /www/wwwroot/a/Runtime/Cache/Admin/e5fa8faae3a94136b2ad2202dd8a2623.php 第 89 行.
NOTIC: [8] Undefined variable: info /www/wwwroot/a/Runtime/Cache/Admin/e5fa8faae3a94136b2ad2202dd8a2623.php 第 98 行.
NOTIC: [8] Undefined variable: info /www/wwwroot/a/Runtime/Cache/Admin/e5fa8faae3a94136b2ad2202dd8a2623.php 第 99 行.
NOTIC: [8] Undefined index: tasklb /www/wwwroot/a/Runtime/Cache/Admin/e5fa8faae3a94136b2ad2202dd8a2623.php 第 99 行.
NOTIC: [8] Undefined variable: info /www/wwwroot/a/Runtime/Cache/Admin/e5fa8faae3a94136b2ad2202dd8a2623.php 第 110 行.
NOTIC: [8] Use of undefined constant end_time - assumed 'end_time' /www/wwwroot/a/Runtime/Cache/Admin/e5fa8faae3a94136b2ad2202dd8a2623.php 第 116 行.
NOTIC: [8] Undefined variable: info /www/wwwroot/a/Runtime/Cache/Admin/e5fa8faae3a94136b2ad2202dd8a2623.php 第 116 行.
NOTIC: [8] Undefined variable: info /www/wwwroot/a/Runtime/Cache/Admin/e5fa8faae3a94136b2ad2202dd8a2623.php 第 122 行.
NOTIC: [8] Undefined variable: info /www/wwwroot/a/Runtime/Cache/Admin/e5fa8faae3a94136b2ad2202dd8a2623.php 第 128 行.
NOTIC: [8] Undefined variable: info /www/wwwroot/a/Runtime/Cache/Admin/e5fa8faae3a94136b2ad2202dd8a2623.php 第 134 行.
INFO: Run Behavior\ParseTemplateBehavior [ RunTime:0.007056s ]
INFO: [ view_parse ] --END-- [ RunTime:0.007083s ]
INFO: [ view_filter ] --START--
INFO: Run Behavior\WriteHtmlCacheBehavior [ RunTime:0.000077s ]
INFO: [ view_filter ] --END-- [ RunTime:0.000092s ]
INFO: [ app_end ] --START--
INFO: Run Behavior\ShowPageTraceBehavior [ RunTime:0.000285s ]
INFO: [ app_end ] --END-- [ RunTime:0.000312s ]

[ 2019-07-17T17:19:20+08:00 ] 182.84.18.194 /index.php/Admin/Public/swfupload/?path=Task_thumb&thumb_width=undefined&thumb_height=undefined&authkey=undefined
INFO: [ app_init ] --START--
INFO: Run Behavior\BuildLiteBehavior [ RunTime:0.000009s ]
INFO: [ app_init ] --END-- [ RunTime:0.000193s ]
INFO: [ app_begin ] --START--
INFO: Run Behavior\ReadHtmlCacheBehavior [ RunTime:0.000246s ]
INFO: [ app_begin ] --END-- [ RunTime:0.000275s ]
NOTIC: [8] Undefined variable: file_types /www/wwwroot/a/Application/Admin/Controller/PublicController.class.php 第 56 行.
INFO: [ view_parse ] --START--
INFO: [ template_filter ] --START--
INFO: Run Behavior\ContentReplaceBehavior [ RunTime:0.000060s ]
INFO: [ template_filter ] --END-- [ RunTime:0.000091s ]
INFO: Run Behavior\ParseTemplateBehavior [ RunTime:0.003736s ]
INFO: [ view_parse ] --END-- [ RunTime:0.003759s ]
INFO: [ view_filter ] --START--
INFO: Run Behavior\WriteHtmlCacheBehavior [ RunTime:0.000074s ]
INFO: [ view_filter ] --END-- [ RunTime:0.000090s ]
INFO: [ app_end ] --START--
INFO: Run Behavior\ShowPageTraceBehavior [ RunTime:0.000245s ]
INFO: [ app_end ] --END-- [ RunTime:0.000264s ]

[ 2019-07-17T17:20:40+08:00 ] 182.84.18.194 /index.php/Admin/Task/handle.html
INFO: [ app_init ] --START--
INFO: Run Behavior\BuildLiteBehavior [ RunTime:0.000009s ]
INFO: [ app_init ] --END-- [ RunTime:0.000206s ]
INFO: [ app_begin ] --START--
INFO: Run Behavior\ReadHtmlCacheBehavior [ RunTime:0.000236s ]
INFO: [ app_begin ] --END-- [ RunTime:0.000264s ]
SQL: SHOW COLUMNS FROM `dt_auth_group_access` [ RunTime:0.0004s ]
SQL: SELECT `uid`,`group_id`,`title`,`rules` FROM dt_auth_group_access a INNER JOIN dt_auth_group g on a.group_id=g.id  WHERE ( a.uid='88' and g.status='1' )  [ RunTime:0.0001s ]
SQL: SHOW COLUMNS FROM `dt_auth_rule` [ RunTime:0.0003s ]
SQL: SELECT `condition`,`name` FROM `dt_auth_rule` WHERE `id` IN ('6','96','20','1','2','3','4','5','64','7','8','9','10','11','12','13','14','15','16','123','124','125','19','164','104','105','106','108','118','153','109','110','111','112','117','148','149','150','185','134','135','136','137','139','151','182','183','184','186','161','165','166','167','147','162','163','179','180','181','157','158','168','169','171','172','173','174','175','176','177','178') AND `type` = 1 AND `status` = 1  [ RunTime:0.0001s ]
SQL: SHOW COLUMNS FROM `dt_task` [ RunTime:0.0003s ]
SQL: INSERT INTO `dt_task` (`id`,`title`,`price`,`type`,`taskuser`,`level`,`tasklb`,`max_num`,`end_time`,`thumb`,`info`,`content`,`create_time`) VALUES ('0','抖音任务','3','0','是多少啊','0','2','1000','1567785599','','http://v.douyin.com/B6tmqr/','','1563355240') [ RunTime:0.0002s ]
INFO: [ view_parse ] --START--
INFO: [ template_filter ] --START--
INFO: Run Behavior\ContentReplaceBehavior [ RunTime:0.000039s ]
INFO: [ template_filter ] --END-- [ RunTime:0.000064s ]
INFO: Run Behavior\ParseTemplateBehavior [ RunTime:0.003370s ]
INFO: [ view_parse ] --END-- [ RunTime:0.003395s ]
INFO: [ view_filter ] --START--
INFO: Run Behavior\WriteHtmlCacheBehavior [ RunTime:0.000074s ]
INFO: [ view_filter ] --END-- [ RunTime:0.000090s ]
INFO: [ app_end ] --START--
INFO: Run Behavior\ShowPageTraceBehavior [ RunTime:0.000266s ]
INFO: [ app_end ] --END-- [ RunTime:0.000287s ]

[ 2019-07-17T17:20:41+08:00 ] 182.84.18.194 /index.php/Admin/Task/index.html
INFO: [ app_init ] --START--
INFO: Run Behavior\BuildLiteBehavior [ RunTime:0.000009s ]
INFO: [ app_init ] --END-- [ RunTime:0.000201s ]
INFO: [ app_begin ] --START--
INFO: Run Behavior\ReadHtmlCacheBehavior [ RunTime:0.000254s ]
INFO: [ app_begin ] --END-- [ RunTime:0.000283s ]
SQL: SHOW COLUMNS FROM `dt_auth_group_access` [ RunTime:0.0004s ]
SQL: SELECT `uid`,`group_id`,`title`,`rules` FROM dt_auth_group_access a INNER JOIN dt_auth_group g on a.group_id=g.id  WHERE ( a.uid='88' and g.status='1' )  [ RunTime:0.0001s ]
SQL: SHOW COLUMNS FROM `dt_auth_rule` [ RunTime:0.0003s ]
SQL: SELECT `condition`,`name` FROM `dt_auth_rule` WHERE `id` IN ('6','96','20','1','2','3','4','5','64','7','8','9','10','11','12','13','14','15','16','123','124','125','19','164','104','105','106','108','118','153','109','110','111','112','117','148','149','150','185','134','135','136','137','139','151','182','183','184','186','161','165','166','167','147','162','163','179','180','181','157','158','168','169','171','172','173','174','175','176','177','178') AND `type` = 1 AND `status` = 1  [ RunTime:0.0001s ]
SQL: SHOW COLUMNS FROM `dt_level` [ RunTime:0.0003s ]
NOTIC: [2048] Only variables should be passed by reference /www/wwwroot/a/ThinkPHP/Library/Think/Db/Driver.class.php 第 769 行.
SQL: SELECT * FROM `dt_level` ORDER BY `id` asc  [ RunTime:0.0001s ]
NOTIC: [8] Undefined variable: map /www/wwwroot/a/Application/Common/Controller/AdminBaseController.class.php 第 112 行.
SQL: SHOW COLUMNS FROM `dt_task` [ RunTime:0.0004s ]
SQL: SELECT COUNT(*) AS tp_count FROM `dt_task` LIMIT 1   [ RunTime:0.0002s ]
NOTIC: [2048] Only variables should be passed by reference /www/wwwroot/a/ThinkPHP/Library/Think/Db/Driver.class.php 第 769 行.
SQL: SELECT * FROM `dt_task` ORDER BY `id` desc LIMIT 0,20   [ RunTime:0.0003s ]
INFO: [ view_parse ] --START--
INFO: [ template_filter ] --START--
INFO: Run Behavior\ContentReplaceBehavior [ RunTime:0.000128s ]
INFO: [ template_filter ] --END-- [ RunTime:0.000187s ]
NOTIC: [8] Undefined index: type /www/wwwroot/a/Runtime/Cache/Admin/50e054dd6e9446b43f58e54b1cb79bed.php 第 51 行.
NOTIC: [8] Undefined index: type /www/wwwroot/a/Runtime/Cache/Admin/50e054dd6e9446b43f58e54b1cb79bed.php 第 51 行.
NOTIC: [8] Undefined index: type /www/wwwroot/a/Runtime/Cache/Admin/50e054dd6e9446b43f58e54b1cb79bed.php 第 51 行.
NOTIC: [8] Undefined index: level /www/wwwroot/a/Runtime/Cache/Admin/50e054dd6e9446b43f58e54b1cb79bed.php 第 59 行.
NOTIC: [8] Undefined index: level /www/wwwroot/a/Runtime/Cache/Admin/50e054dd6e9446b43f58e54b1cb79bed.php 第 59 行.
NOTIC: [8] Undefined index: level /www/wwwroot/a/Runtime/Cache/Admin/50e054dd6e9446b43f58e54b1cb79bed.php 第 59 行.
NOTIC: [8] Undefined index: level /www/wwwroot/a/Runtime/Cache/Admin/50e054dd6e9446b43f58e54b1cb79bed.php 第 59 行.
NOTIC: [8] Undefined index: start_date /www/wwwroot/a/Runtime/Cache/Admin/50e054dd6e9446b43f58e54b1cb79bed.php 第 65 行.
NOTIC: [8] Undefined index: end_date /www/wwwroot/a/Runtime/Cache/Admin/50e054dd6e9446b43f58e54b1cb79bed.php 第 66 行.
INFO: Run Behavior\ParseTemplateBehavior [ RunTime:0.011145s ]
INFO: [ view_parse ] --END-- [ RunTime:0.011192s ]
INFO: [ view_filter ] --START--
INFO: Run Behavior\WriteHtmlCacheBehavior [ RunTime:0.000130s ]
INFO: [ view_filter ] --END-- [ RunTime:0.000158s ]
INFO: [ app_end ] --START--
INFO: Run Behavior\ShowPageTraceBehavior [ RunTime:0.000324s ]
INFO: [ app_end ] --END-- [ RunTime:0.000353s ]

[ 2019-07-17T17:22:21+08:00 ] 182.84.18.194 /index.php/Admin/Task/handle/id/283.html
INFO: [ app_init ] --START--
INFO: Run Behavior\BuildLiteBehavior [ RunTime:0.000011s ]
INFO: [ app_init ] --END-- [ RunTime:0.000206s ]
INFO: [ app_begin ] --START--
INFO: Run Behavior\ReadHtmlCacheBehavior [ RunTime:0.000229s ]
INFO: [ app_begin ] --END-- [ RunTime:0.000254s ]
SQL: SHOW COLUMNS FROM `dt_auth_group_access` [ RunTime:0.0004s ]
SQL: SELECT `uid`,`group_id`,`title`,`rules` FROM dt_auth_group_access a INNER JOIN dt_auth_group g on a.group_id=g.id  WHERE ( a.uid='88' and g.status='1' )  [ RunTime:0.0001s ]
SQL: SHOW COLUMNS FROM `dt_auth_rule` [ RunTime:0.0003s ]
SQL: SELECT `condition`,`name` FROM `dt_auth_rule` WHERE `id` IN ('6','96','20','1','2','3','4','5','64','7','8','9','10','11','12','13','14','15','16','123','124','125','19','164','104','105','106','108','118','153','109','110','111','112','117','148','149','150','185','134','135','136','137','139','151','182','183','184','186','161','165','166','167','147','162','163','179','180','181','157','158','168','169','171','172','173','174','175','176','177','178') AND `type` = 1 AND `status` = 1  [ RunTime:0.0001s ]
SQL: SHOW COLUMNS FROM `dt_task` [ RunTime:0.0003s ]
SQL: SELECT * FROM `dt_task` WHERE `id` = 283 LIMIT 1   [ RunTime:0.0002s ]
SQL: SHOW COLUMNS FROM `dt_level` [ RunTime:0.0003s ]
NOTIC: [2048] Only variables should be passed by reference /www/wwwroot/a/ThinkPHP/Library/Think/Db/Driver.class.php 第 769 行.
SQL: SELECT * FROM `dt_level` ORDER BY `id` asc  [ RunTime:0.0001s ]
INFO: [ view_parse ] --START--
INFO: [ template_filter ] --START--
INFO: Run Behavior\ContentReplaceBehavior [ RunTime:0.000099s ]
INFO: [ template_filter ] --END-- [ RunTime:0.000129s ]
NOTIC: [8] Undefined index: copy /www/wwwroot/a/Runtime/Cache/Admin/e5fa8faae3a94136b2ad2202dd8a2623.php 第 55 行.
NOTIC: [8] Undefined index: tasklb /www/wwwroot/a/Runtime/Cache/Admin/e5fa8faae3a94136b2ad2202dd8a2623.php 第 99 行.
NOTIC: [8] Use of undefined constant end_time - assumed 'end_time' /www/wwwroot/a/Runtime/Cache/Admin/e5fa8faae3a94136b2ad2202dd8a2623.php 第 116 行.
INFO: Run Behavior\ParseTemplateBehavior [ RunTime:0.006278s ]
INFO: [ view_parse ] --END-- [ RunTime:0.006308s ]
INFO: [ view_filter ] --START--
INFO: Run Behavior\WriteHtmlCacheBehavior [ RunTime:0.000079s ]
INFO: [ view_filter ] --END-- [ RunTime:0.000096s ]
INFO: [ app_end ] --START--
INFO: Run Behavior\ShowPageTraceBehavior [ RunTime:0.000252s ]
INFO: [ app_end ] --END-- [ RunTime:0.000272s ]

[ 2019-07-17T17:30:27+08:00 ] 117.170.6.45 /index.php/admin
INFO: [ app_init ] --START--
INFO: Run Behavior\BuildLiteBehavior [ RunTime:0.000012s ]
INFO: [ app_init ] --END-- [ RunTime:0.000198s ]
INFO: [ app_begin ] --START--
INFO: Run Behavior\ReadHtmlCacheBehavior [ RunTime:0.000249s ]
INFO: [ app_begin ] --END-- [ RunTime:0.000283s ]
NOTIC: [8] Undefined index: user /www/wwwroot/a/Application/Common/Controller/AdminBaseController.class.php 第 16 行.
SQL: SHOW COLUMNS FROM `dt_auth_group_access` [ RunTime:0.0004s ]
SQL: SELECT `uid`,`group_id`,`title`,`rules` FROM dt_auth_group_access a INNER JOIN dt_auth_group g on a.group_id=g.id  WHERE ( a.uid='' and g.status='1' )  [ RunTime:0.0007s ]
INFO: [ view_parse ] --START--
INFO: [ template_filter ] --START--
INFO: Run Behavior\ContentReplaceBehavior [ RunTime:0.000055s ]
INFO: [ template_filter ] --END-- [ RunTime:0.000090s ]
INFO: Run Behavior\ParseTemplateBehavior [ RunTime:0.003768s ]
INFO: [ view_parse ] --END-- [ RunTime:0.003798s ]
INFO: [ view_filter ] --START--
INFO: Run Behavior\WriteHtmlCacheBehavior [ RunTime:0.000102s ]
INFO: [ view_filter ] --END-- [ RunTime:0.000127s ]

[ 2019-07-17T18:43:11+08:00 ] 117.170.6.45 /index.php/admin
INFO: [ app_init ] --START--
INFO: Run Behavior\BuildLiteBehavior [ RunTime:0.000009s ]
INFO: [ app_init ] --END-- [ RunTime:0.000220s ]
INFO: [ app_begin ] --START--
INFO: Run Behavior\ReadHtmlCacheBehavior [ RunTime:0.000234s ]
INFO: [ app_begin ] --END-- [ RunTime:0.000258s ]
SQL: SHOW COLUMNS FROM `dt_auth_group_access` [ RunTime:0.0004s ]
SQL: SELECT `uid`,`group_id`,`title`,`rules` FROM dt_auth_group_access a INNER JOIN dt_auth_group g on a.group_id=g.id  WHERE ( a.uid='88' and g.status='1' )  [ RunTime:0.0001s ]
SQL: SHOW COLUMNS FROM `dt_auth_rule` [ RunTime:0.0003s ]
SQL: SELECT `condition`,`name` FROM `dt_auth_rule` WHERE `id` IN ('6','96','20','1','2','3','4','5','64','7','8','9','10','11','12','13','14','15','16','123','124','125','19','164','104','105','106','108','118','153','109','110','111','112','117','148','149','150','185','134','135','136','137','139','151','182','183','184','186','161','165','166','167','147','162','163','179','180','181','157','158','168','169','171','172','173','174','175','176','177','178') AND `type` = 1 AND `status` = 1  [ RunTime:0.0001s ]
NOTIC: [2048] Declaration of Common\Model\AdminNavModel::getTreeData() should be compatible with Common\Model\BaseModel::getTreeData($type = 'tree', $order = '', $name = 'name', $child = 'id', $parent = 'pid') /www/wwwroot/a/Application/Common/Model/AdminNavModel.class.php 第 7 行.
SQL: SHOW COLUMNS FROM `dt_admin_nav` [ RunTime:0.0003s ]
SQL: SELECT * FROM `dt_admin_nav` ORDER BY order_number is null,`order_number`,`id`  [ RunTime:0.0001s ]
INFO: [ view_parse ] --START--
INFO: [ template_filter ] --START--
INFO: Run Behavior\ContentReplaceBehavior [ RunTime:0.000088s ]
INFO: [ template_filter ] --END-- [ RunTime:0.000113s ]
INFO: Run Behavior\ParseTemplateBehavior [ RunTime:0.006815s ]
INFO: [ view_parse ] --END-- [ RunTime:0.006840s ]
INFO: [ view_filter ] --START--
INFO: Run Behavior\WriteHtmlCacheBehavior [ RunTime:0.000084s ]
INFO: [ view_filter ] --END-- [ RunTime:0.000101s ]
INFO: [ app_end ] --START--
INFO: Run Behavior\ShowPageTraceBehavior [ RunTime:0.000233s ]
INFO: [ app_end ] --END-- [ RunTime:0.000252s ]

[ 2019-07-17T18:43:11+08:00 ] 117.170.6.45 /index.php/Admin/Index/tongji.html
INFO: [ app_init ] --START--
INFO: Run Behavior\BuildLiteBehavior [ RunTime:0.000016s ]
INFO: [ app_init ] --END-- [ RunTime:0.000276s ]
INFO: [ app_begin ] --START--
INFO: Run Behavior\ReadHtmlCacheBehavior [ RunTime:0.000255s ]
INFO: [ app_begin ] --END-- [ RunTime:0.000282s ]
SQL: SHOW COLUMNS FROM `dt_auth_group_access` [ RunTime:0.0004s ]
SQL: SELECT `uid`,`group_id`,`title`,`rules` FROM dt_auth_group_access a INNER JOIN dt_auth_group g on a.group_id=g.id  WHERE ( a.uid='88' and g.status='1' )  [ RunTime:0.0001s ]
SQL: SHOW COLUMNS FROM `dt_auth_rule` [ RunTime:0.0003s ]
SQL: SELECT `condition`,`name` FROM `dt_auth_rule` WHERE `id` IN ('6','96','20','1','2','3','4','5','64','7','8','9','10','11','12','13','14','15','16','123','124','125','19','164','104','105','106','108','118','153','109','110','111','112','117','148','149','150','185','134','135','136','137','139','151','182','183','184','186','161','165','166','167','147','162','163','179','180','181','157','158','168','169','171','172','173','174','175','176','177','178') AND `type` = 1 AND `status` = 1  [ RunTime:0.0001s ]
SQL: SHOW COLUMNS FROM `dt_task_apply` [ RunTime:0.0003s ]
SQL: SELECT COUNT(*) AS tp_count FROM `dt_task_apply` WHERE `status` = 1 LIMIT 1   [ RunTime:0.0001s ]
SQL: SHOW COLUMNS FROM `dt_member_tixian` [ RunTime:0.0003s ]
SQL: SELECT COUNT(*) AS tp_count FROM `dt_member_tixian` WHERE `status` = 0 LIMIT 1   [ RunTime:0.0001s ]
SQL: SHOW COLUMNS FROM `dt_member` [ RunTime:0.0005s ]
SQL: SELECT COUNT(*) AS tp_count FROM `dt_member` LIMIT 1   [ RunTime:0.0001s ]
SQL: SHOW COLUMNS FROM `dt_task` [ RunTime:0.0004s ]
SQL: SELECT COUNT(*) AS tp_count FROM `dt_task` LIMIT 1   [ RunTime:0.0001s ]
SQL: SELECT COUNT(*) AS tp_count FROM `dt_task_apply` WHERE `status` = 2 LIMIT 1   [ RunTime:0.0001s ]
SQL: SHOW COLUMNS FROM `dt_pay` [ RunTime:0.0003s ]
SQL: SELECT SUM(price) AS tp_sum FROM `dt_pay` LIMIT 1   [ RunTime:0.0001s ]
SQL: SELECT SUM(price) AS tp_sum FROM `dt_member_tixian` WHERE `status` = 1 LIMIT 1   [ RunTime:0.0000s ]
SQL: SELECT SUM(price) AS tp_sum FROM `dt_member` LIMIT 1   [ RunTime:0.0000s ]
SQL: SELECT SUM(price) AS tp_sum FROM `dt_pay` WHERE ( ( create_time >= 1563206400 and create_time < 1563292800 ) ) LIMIT 1   [ RunTime:0.0001s ]
SQL: SELECT SUM(price) AS tp_sum FROM `dt_pay` WHERE ( ( create_time >= 1562688000 and create_time < 1563292800 ) ) LIMIT 1   [ RunTime:0.0001s ]
SQL: SELECT SUM(price) AS tp_sum FROM `dt_pay` WHERE ( ( create_time >= 1560700800 and create_time < 1563292800 ) ) LIMIT 1   [ RunTime:0.0000s ]
SQL: SELECT COUNT(*) AS tp_count FROM `dt_task_apply` WHERE `status` = 2 AND ( ( create_time >= 1563206400 and create_time < 1563292800 ) ) LIMIT 1   [ RunTime:0.0001s ]
SQL: SELECT COUNT(*) AS tp_count FROM `dt_task_apply` WHERE `status` = 2 AND ( ( create_time >= 1562688000 and create_time < 1563292800 ) ) LIMIT 1   [ RunTime:0.0000s ]
SQL: SELECT COUNT(*) AS tp_count FROM `dt_task_apply` WHERE `status` = 2 AND ( ( create_time >= 1560700800 and create_time < 1563292800 ) ) LIMIT 1   [ RunTime:0.0001s ]
SQL: select sum(price) as sub_total_price, count(id) as sub_number, FROM_UNIXTIME(create_time, '%Y-%m-%d' ) as `date` from dt_pay where 1 and ( create_time >= 1560700800 and create_time < 1563379199 ) GROUP BY FROM_UNIXTIME(create_time, '%Y%m%d' ) [ RunTime:0.0001s ]
INFO: [ view_parse ] --START--
INFO: [ template_filter ] --START--
INFO: Run Behavior\ContentReplaceBehavior [ RunTime:0.000157s ]
INFO: [ template_filter ] --END-- [ RunTime:0.000198s ]
INFO: Run Behavior\ParseTemplateBehavior [ RunTime:0.008223s ]
INFO: [ view_parse ] --END-- [ RunTime:0.008261s ]
INFO: [ view_filter ] --START--
INFO: Run Behavior\WriteHtmlCacheBehavior [ RunTime:0.000111s ]
INFO: [ view_filter ] --END-- [ RunTime:0.000146s ]
INFO: [ app_end ] --START--
INFO: Run Behavior\ShowPageTraceBehavior [ RunTime:0.000352s ]
INFO: [ app_end ] --END-- [ RunTime:0.000384s ]

