[ 2019-07-16T22:18:17+08:00 ] 182.84.18.194 /index.php/admin
INFO: [ app_init ] --START--
INFO: Run Behavior\BuildLiteBehavior [ RunTime:0.000009s ]
INFO: [ app_init ] --END-- [ RunTime:0.000183s ]
INFO: [ app_begin ] --START--
INFO: Run Behavior\ReadHtmlCacheBehavior [ RunTime:0.000235s ]
INFO: [ app_begin ] --END-- [ RunTime:0.000262s ]
NOTIC: [8] Undefined index: user /www/wwwroot/a/Application/Common/Controller/AdminBaseController.class.php 第 16 行.
ERR: 1146:Table 'zan.dt_auth_group_access' doesn't exist
 [ SQL语句 ] : SHOW COLUMNS FROM `dt_auth_group_access`
ERR: 1146:Table 'zan.dt_auth_group_access' doesn't exist
 [ SQL语句 ] : SHOW COLUMNS FROM `dt_auth_group_access`

[ 2019-07-16T22:18:21+08:00 ] 182.84.18.194 /index.php/admin
INFO: [ app_init ] --START--
INFO: Run Behavior\BuildLiteBehavior [ RunTime:0.000009s ]
INFO: [ app_init ] --END-- [ RunTime:0.000196s ]
INFO: [ app_begin ] --START--
INFO: Run Behavior\ReadHtmlCacheBehavior [ RunTime:0.000231s ]
INFO: [ app_begin ] --END-- [ RunTime:0.000255s ]
NOTIC: [8] Undefined index: user /www/wwwroot/a/Application/Common/Controller/AdminBaseController.class.php 第 16 行.
ERR: 1146:Table 'zan.dt_auth_group_access' doesn't exist
 [ SQL语句 ] : SHOW COLUMNS FROM `dt_auth_group_access`
ERR: 1146:Table 'zan.dt_auth_group_access' doesn't exist
 [ SQL语句 ] : SHOW COLUMNS FROM `dt_auth_group_access`

[ 2019-07-16T22:24:42+08:00 ] 182.84.18.194 /index.php/admin
INFO: [ app_init ] --START--
INFO: Run Behavior\BuildLiteBehavior [ RunTime:0.000009s ]
INFO: [ app_init ] --END-- [ RunTime:0.000182s ]
INFO: [ app_begin ] --START--
INFO: Run Behavior\ReadHtmlCacheBehavior [ RunTime:0.000223s ]
INFO: [ app_begin ] --END-- [ RunTime:0.000247s ]
NOTIC: [8] Undefined index: user /www/wwwroot/a/Application/Common/Controller/AdminBaseController.class.php 第 16 行.
SQL: SHOW COLUMNS FROM `dt_auth_group_access` [ RunTime:0.0004s ]
SQL: SELECT `uid`,`group_id`,`title`,`rules` FROM dt_auth_group_access a INNER JOIN dt_auth_group g on a.group_id=g.id  WHERE ( a.uid='' and g.status='1' )  [ RunTime:0.0003s ]
INFO: [ view_parse ] --START--
INFO: [ template_filter ] --START--
INFO: Run Behavior\ContentReplaceBehavior [ RunTime:0.000035s ]
INFO: [ template_filter ] --END-- [ RunTime:0.000059s ]
INFO: Run Behavior\ParseTemplateBehavior [ RunTime:0.003384s ]
INFO: [ view_parse ] --END-- [ RunTime:0.003407s ]
INFO: [ view_filter ] --START--
INFO: Run Behavior\WriteHtmlCacheBehavior [ RunTime:0.000084s ]
INFO: [ view_filter ] --END-- [ RunTime:0.000102s ]

[ 2019-07-16T22:24:46+08:00 ] 182.84.18.194 /index.php/Admin/Public/login.html
INFO: [ app_init ] --START--
INFO: Run Behavior\BuildLiteBehavior [ RunTime:0.000008s ]
INFO: [ app_init ] --END-- [ RunTime:0.000184s ]
INFO: [ app_begin ] --START--
INFO: Run Behavior\ReadHtmlCacheBehavior [ RunTime:0.000221s ]
INFO: [ app_begin ] --END-- [ RunTime:0.000246s ]
INFO: [ view_parse ] --START--
INFO: [ template_filter ] --START--
INFO: Run Behavior\ContentReplaceBehavior [ RunTime:0.000049s ]
INFO: [ template_filter ] --END-- [ RunTime:0.000080s ]
INFO: Run Behavior\ParseTemplateBehavior [ RunTime:0.005938s ]
INFO: [ view_parse ] --END-- [ RunTime:0.005966s ]
INFO: [ view_filter ] --START--
INFO: Run Behavior\WriteHtmlCacheBehavior [ RunTime:0.000073s ]
INFO: [ view_filter ] --END-- [ RunTime:0.000090s ]
INFO: [ app_end ] --START--
INFO: Run Behavior\ShowPageTraceBehavior [ RunTime:0.000232s ]
INFO: [ app_end ] --END-- [ RunTime:0.000251s ]

[ 2019-07-16T22:24:59+08:00 ] 182.84.18.194 /index.php/Admin/Public/login.html
INFO: [ app_init ] --START--
INFO: Run Behavior\BuildLiteBehavior [ RunTime:0.000009s ]
INFO: [ app_init ] --END-- [ RunTime:0.000183s ]
INFO: [ app_begin ] --START--
INFO: Run Behavior\ReadHtmlCacheBehavior [ RunTime:0.000230s ]
INFO: [ app_begin ] --END-- [ RunTime:0.000258s ]
SQL: SHOW COLUMNS FROM `dt_users` [ RunTime:0.0005s ]
SQL: SELECT * FROM `dt_users` WHERE `username` = 'admin' AND `password` = 'cc077e4074d58b5b3afe96921b220364' LIMIT 1   [ RunTime:0.0002s ]

[ 2019-07-16T22:25:00+08:00 ] 182.84.18.194 /index.php/Admin/Index/index.html
INFO: [ app_init ] --START--
INFO: Run Behavior\BuildLiteBehavior [ RunTime:0.000009s ]
INFO: [ app_init ] --END-- [ RunTime:0.000180s ]
INFO: [ app_begin ] --START--
INFO: Run Behavior\ReadHtmlCacheBehavior [ RunTime:0.000233s ]
INFO: [ app_begin ] --END-- [ RunTime:0.000257s ]
SQL: SHOW COLUMNS FROM `dt_auth_group_access` [ RunTime:0.0004s ]
SQL: SELECT `uid`,`group_id`,`title`,`rules` FROM dt_auth_group_access a INNER JOIN dt_auth_group g on a.group_id=g.id  WHERE ( a.uid='88' and g.status='1' )  [ RunTime:0.0003s ]
SQL: SHOW COLUMNS FROM `dt_auth_rule` [ RunTime:0.0004s ]
SQL: SELECT `condition`,`name` FROM `dt_auth_rule` WHERE `id` IN ('6','96','20','1','2','3','4','5','64','7','8','9','10','11','12','13','14','15','16','123','124','125','19','164','104','105','106','108','118','153','109','110','111','112','117','148','149','150','185','134','135','136','137','139','151','182','183','184','186','161','165','166','167','147','162','163','179','180','181','157','158','168','169','171','172','173','174','175','176','177','178') AND `type` = 1 AND `status` = 1  [ RunTime:0.0003s ]
NOTIC: [2048] Declaration of Common\Model\AdminNavModel::getTreeData() should be compatible with Common\Model\BaseModel::getTreeData($type = 'tree', $order = '', $name = 'name', $child = 'id', $parent = 'pid') /www/wwwroot/a/Application/Common/Model/AdminNavModel.class.php 第 7 行.
SQL: SHOW COLUMNS FROM `dt_admin_nav` [ RunTime:0.0003s ]
SQL: SELECT * FROM `dt_admin_nav` ORDER BY order_number is null,`order_number`,`id`  [ RunTime:0.0002s ]
INFO: [ view_parse ] --START--
INFO: [ template_filter ] --START--
INFO: Run Behavior\ContentReplaceBehavior [ RunTime:0.000086s ]
INFO: [ template_filter ] --END-- [ RunTime:0.000120s ]
INFO: Run Behavior\ParseTemplateBehavior [ RunTime:0.007238s ]
INFO: [ view_parse ] --END-- [ RunTime:0.007264s ]
INFO: [ view_filter ] --START--
INFO: Run Behavior\WriteHtmlCacheBehavior [ RunTime:0.000075s ]
INFO: [ view_filter ] --END-- [ RunTime:0.000092s ]
INFO: [ app_end ] --START--
INFO: Run Behavior\ShowPageTraceBehavior [ RunTime:0.000237s ]
INFO: [ app_end ] --END-- [ RunTime:0.000258s ]

[ 2019-07-16T22:25:01+08:00 ] 182.84.18.194 /index.php/Admin/Index/tongji.html
INFO: [ app_init ] --START--
INFO: Run Behavior\BuildLiteBehavior [ RunTime:0.000010s ]
INFO: [ app_init ] --END-- [ RunTime:0.000185s ]
INFO: [ app_begin ] --START--
INFO: Run Behavior\ReadHtmlCacheBehavior [ RunTime:0.000226s ]
INFO: [ app_begin ] --END-- [ RunTime:0.000249s ]
SQL: SHOW COLUMNS FROM `dt_auth_group_access` [ RunTime:0.0004s ]
SQL: SELECT `uid`,`group_id`,`title`,`rules` FROM dt_auth_group_access a INNER JOIN dt_auth_group g on a.group_id=g.id  WHERE ( a.uid='88' and g.status='1' )  [ RunTime:0.0001s ]
SQL: SHOW COLUMNS FROM `dt_auth_rule` [ RunTime:0.0003s ]
SQL: SELECT `condition`,`name` FROM `dt_auth_rule` WHERE `id` IN ('6','96','20','1','2','3','4','5','64','7','8','9','10','11','12','13','14','15','16','123','124','125','19','164','104','105','106','108','118','153','109','110','111','112','117','148','149','150','185','134','135','136','137','139','151','182','183','184','186','161','165','166','167','147','162','163','179','180','181','157','158','168','169','171','172','173','174','175','176','177','178') AND `type` = 1 AND `status` = 1  [ RunTime:0.0001s ]
SQL: SHOW COLUMNS FROM `dt_task_apply` [ RunTime:0.0003s ]
SQL: SELECT COUNT(*) AS tp_count FROM `dt_task_apply` WHERE `status` = 1 LIMIT 1   [ RunTime:0.0007s ]
SQL: SHOW COLUMNS FROM `dt_member_tixian` [ RunTime:0.0003s ]
SQL: SELECT COUNT(*) AS tp_count FROM `dt_member_tixian` WHERE `status` = 0 LIMIT 1   [ RunTime:0.0001s ]
SQL: SHOW COLUMNS FROM `dt_member` [ RunTime:0.0004s ]
SQL: SELECT COUNT(*) AS tp_count FROM `dt_member` LIMIT 1   [ RunTime:0.0001s ]
SQL: SHOW COLUMNS FROM `dt_task` [ RunTime:0.0003s ]
SQL: SELECT COUNT(*) AS tp_count FROM `dt_task` LIMIT 1   [ RunTime:0.0001s ]
SQL: SELECT COUNT(*) AS tp_count FROM `dt_task_apply` WHERE `status` = 2 LIMIT 1   [ RunTime:0.0005s ]
SQL: SHOW COLUMNS FROM `dt_pay` [ RunTime:0.0003s ]
SQL: SELECT SUM(price) AS tp_sum FROM `dt_pay` LIMIT 1   [ RunTime:0.0001s ]
SQL: SELECT SUM(price) AS tp_sum FROM `dt_member_tixian` WHERE `status` = 1 LIMIT 1   [ RunTime:0.0001s ]
SQL: SELECT SUM(price) AS tp_sum FROM `dt_member` LIMIT 1   [ RunTime:0.0008s ]
SQL: SELECT SUM(price) AS tp_sum FROM `dt_pay` WHERE ( ( create_time >= 1563120000 and create_time < 1563206400 ) ) LIMIT 1   [ RunTime:0.0001s ]
SQL: SELECT SUM(price) AS tp_sum FROM `dt_pay` WHERE ( ( create_time >= 1562601600 and create_time < 1563206400 ) ) LIMIT 1   [ RunTime:0.0001s ]
SQL: SELECT SUM(price) AS tp_sum FROM `dt_pay` WHERE ( ( create_time >= 1560614400 and create_time < 1563206400 ) ) LIMIT 1   [ RunTime:0.0001s ]
SQL: SELECT COUNT(*) AS tp_count FROM `dt_task_apply` WHERE `status` = 2 AND ( ( create_time >= 1563120000 and create_time < 1563206400 ) ) LIMIT 1   [ RunTime:0.0005s ]
SQL: SELECT COUNT(*) AS tp_count FROM `dt_task_apply` WHERE `status` = 2 AND ( ( create_time >= 1562601600 and create_time < 1563206400 ) ) LIMIT 1   [ RunTime:0.0005s ]
SQL: SELECT COUNT(*) AS tp_count FROM `dt_task_apply` WHERE `status` = 2 AND ( ( create_time >= 1560614400 and create_time < 1563206400 ) ) LIMIT 1   [ RunTime:0.0006s ]
SQL: select sum(price) as sub_total_price, count(id) as sub_number, FROM_UNIXTIME(create_time, '%Y-%m-%d' ) as `date` from dt_pay where 1 and ( create_time >= 1560614400 and create_time < 1563292799 ) GROUP BY FROM_UNIXTIME(create_time, '%Y%m%d' ) [ RunTime:0.0004s ]
INFO: [ view_parse ] --START--
INFO: [ template_filter ] --START--
INFO: Run Behavior\ContentReplaceBehavior [ RunTime:0.000134s ]
INFO: [ template_filter ] --END-- [ RunTime:0.000171s ]
INFO: Run Behavior\ParseTemplateBehavior [ RunTime:0.006602s ]
INFO: [ view_parse ] --END-- [ RunTime:0.006630s ]
INFO: [ view_filter ] --START--
INFO: Run Behavior\WriteHtmlCacheBehavior [ RunTime:0.000079s ]
INFO: [ view_filter ] --END-- [ RunTime:0.000097s ]
INFO: [ app_end ] --START--
INFO: Run Behavior\ShowPageTraceBehavior [ RunTime:0.000300s ]
INFO: [ app_end ] --END-- [ RunTime:0.000322s ]

[ 2019-07-16T22:25:14+08:00 ] 182.84.18.194 /index.php/Admin/TaskApply/index/status/1.html
INFO: [ app_init ] --START--
INFO: Run Behavior\BuildLiteBehavior [ RunTime:0.000010s ]
INFO: [ app_init ] --END-- [ RunTime:0.000206s ]
INFO: [ app_begin ] --START--
INFO: Run Behavior\ReadHtmlCacheBehavior [ RunTime:0.000227s ]
INFO: [ app_begin ] --END-- [ RunTime:0.000251s ]
SQL: SHOW COLUMNS FROM `dt_auth_group_access` [ RunTime:0.0004s ]
SQL: SELECT `uid`,`group_id`,`title`,`rules` FROM dt_auth_group_access a INNER JOIN dt_auth_group g on a.group_id=g.id  WHERE ( a.uid='88' and g.status='1' )  [ RunTime:0.0001s ]
SQL: SHOW COLUMNS FROM `dt_auth_rule` [ RunTime:0.0003s ]
SQL: SELECT `condition`,`name` FROM `dt_auth_rule` WHERE `id` IN ('6','96','20','1','2','3','4','5','64','7','8','9','10','11','12','13','14','15','16','123','124','125','19','164','104','105','106','108','118','153','109','110','111','112','117','148','149','150','185','134','135','136','137','139','151','182','183','184','186','161','165','166','167','147','162','163','179','180','181','157','158','168','169','171','172','173','174','175','176','177','178') AND `type` = 1 AND `status` = 1  [ RunTime:0.0001s ]
SQL: SHOW COLUMNS FROM `dt_task_apply` [ RunTime:0.0003s ]
SQL: SELECT COUNT(*) AS tp_count FROM dt_task_apply a WHERE a.status = '1' LIMIT 1   [ RunTime:0.0006s ]
NOTIC: [2048] Only variables should be passed by reference /www/wwwroot/a/ThinkPHP/Library/Think/Db/Driver.class.php 第 769 行.
SQL: SELECT a.*,b.title,b.level,b.type,c.username,c.phone FROM dt_task_apply a left JOIN dt_task as b on a.task_id = b.id left JOIN dt_member as c on a.member_id = c.id  WHERE a.status = '1' ORDER BY a.id desc LIMIT 0,100   [ RunTime:0.0008s ]
INFO: [ view_parse ] --START--
INFO: [ template_filter ] --START--
INFO: Run Behavior\ContentReplaceBehavior [ RunTime:0.000085s ]
INFO: [ template_filter ] --END-- [ RunTime:0.000115s ]
NOTIC: [8] Undefined index: start_date /www/wwwroot/a/Runtime/Cache/Admin/a02a0909f9f97a7187ac4977a5fa41bf.php 第 78 行.
NOTIC: [8] Undefined index: end_date /www/wwwroot/a/Runtime/Cache/Admin/a02a0909f9f97a7187ac4977a5fa41bf.php 第 79 行.
INFO: Run Behavior\ParseTemplateBehavior [ RunTime:0.007226s ]
INFO: [ view_parse ] --END-- [ RunTime:0.007253s ]
INFO: [ view_filter ] --START--
INFO: Run Behavior\WriteHtmlCacheBehavior [ RunTime:0.000082s ]
INFO: [ view_filter ] --END-- [ RunTime:0.000100s ]
INFO: [ app_end ] --START--
INFO: Run Behavior\ShowPageTraceBehavior [ RunTime:0.000233s ]
INFO: [ app_end ] --END-- [ RunTime:0.000254s ]

[ 2019-07-16T22:25:58+08:00 ] 61.129.6.227 /index.php/admin
INFO: [ app_init ] --START--
INFO: Run Behavior\BuildLiteBehavior [ RunTime:0.000008s ]
INFO: [ app_init ] --END-- [ RunTime:0.000178s ]
INFO: [ app_begin ] --START--
INFO: Run Behavior\ReadHtmlCacheBehavior [ RunTime:0.000244s ]
INFO: [ app_begin ] --END-- [ RunTime:0.000269s ]
NOTIC: [8] Undefined index: user /www/wwwroot/a/Application/Common/Controller/AdminBaseController.class.php 第 16 行.
SQL: SHOW COLUMNS FROM `dt_auth_group_access` [ RunTime:0.0004s ]
SQL: SELECT `uid`,`group_id`,`title`,`rules` FROM dt_auth_group_access a INNER JOIN dt_auth_group g on a.group_id=g.id  WHERE ( a.uid='' and g.status='1' )  [ RunTime:0.0002s ]
INFO: [ view_parse ] --START--
INFO: [ template_filter ] --START--
INFO: Run Behavior\ContentReplaceBehavior [ RunTime:0.000033s ]
INFO: [ template_filter ] --END-- [ RunTime:0.000057s ]
INFO: Run Behavior\ParseTemplateBehavior [ RunTime:0.003201s ]
INFO: [ view_parse ] --END-- [ RunTime:0.003223s ]
INFO: [ view_filter ] --START--
INFO: Run Behavior\WriteHtmlCacheBehavior [ RunTime:0.000068s ]
INFO: [ view_filter ] --END-- [ RunTime:0.000085s ]

[ 2019-07-16T22:28:47+08:00 ] 182.84.18.194 /index.php/admin
INFO: [ app_init ] --START--
INFO: Run Behavior\BuildLiteBehavior [ RunTime:0.000016s ]
INFO: [ app_init ] --END-- [ RunTime:0.000189s ]
INFO: [ app_begin ] --START--
INFO: Run Behavior\ReadHtmlCacheBehavior [ RunTime:0.000214s ]
INFO: [ app_begin ] --END-- [ RunTime:0.000238s ]
SQL: SHOW COLUMNS FROM `dt_auth_group_access` [ RunTime:0.0004s ]
SQL: SELECT `uid`,`group_id`,`title`,`rules` FROM dt_auth_group_access a INNER JOIN dt_auth_group g on a.group_id=g.id  WHERE ( a.uid='88' and g.status='1' )  [ RunTime:0.0001s ]
SQL: SHOW COLUMNS FROM `dt_auth_rule` [ RunTime:0.0003s ]
SQL: SELECT `condition`,`name` FROM `dt_auth_rule` WHERE `id` IN ('6','96','20','1','2','3','4','5','64','7','8','9','10','11','12','13','14','15','16','123','124','125','19','164','104','105','106','108','118','153','109','110','111','112','117','148','149','150','185','134','135','136','137','139','151','182','183','184','186','161','165','166','167','147','162','163','179','180','181','157','158','168','169','171','172','173','174','175','176','177','178') AND `type` = 1 AND `status` = 1  [ RunTime:0.0001s ]
NOTIC: [2048] Declaration of Common\Model\AdminNavModel::getTreeData() should be compatible with Common\Model\BaseModel::getTreeData($type = 'tree', $order = '', $name = 'name', $child = 'id', $parent = 'pid') /www/wwwroot/a/Application/Common/Model/AdminNavModel.class.php 第 7 行.
SQL: SHOW COLUMNS FROM `dt_admin_nav` [ RunTime:0.0003s ]
SQL: SELECT * FROM `dt_admin_nav` ORDER BY order_number is null,`order_number`,`id`  [ RunTime:0.0001s ]
INFO: [ view_parse ] --START--
INFO: [ template_filter ] --START--
INFO: Run Behavior\ContentReplaceBehavior [ RunTime:0.000082s ]
INFO: [ template_filter ] --END-- [ RunTime:0.000161s ]
INFO: Run Behavior\ParseTemplateBehavior [ RunTime:0.006809s ]
INFO: [ view_parse ] --END-- [ RunTime:0.006834s ]
INFO: [ view_filter ] --START--
INFO: Run Behavior\WriteHtmlCacheBehavior [ RunTime:0.000081s ]
INFO: [ view_filter ] --END-- [ RunTime:0.000099s ]
INFO: [ app_end ] --START--
INFO: Run Behavior\ShowPageTraceBehavior [ RunTime:0.000221s ]
INFO: [ app_end ] --END-- [ RunTime:0.000241s ]

[ 2019-07-16T22:28:47+08:00 ] 182.84.18.194 /index.php/Admin/Index/tongji.html
INFO: [ app_init ] --START--
INFO: Run Behavior\BuildLiteBehavior [ RunTime:0.000010s ]
INFO: [ app_init ] --END-- [ RunTime:0.000189s ]
INFO: [ app_begin ] --START--
INFO: Run Behavior\ReadHtmlCacheBehavior [ RunTime:0.000268s ]
INFO: [ app_begin ] --END-- [ RunTime:0.000300s ]
SQL: SHOW COLUMNS FROM `dt_auth_group_access` [ RunTime:0.0004s ]
SQL: SELECT `uid`,`group_id`,`title`,`rules` FROM dt_auth_group_access a INNER JOIN dt_auth_group g on a.group_id=g.id  WHERE ( a.uid='88' and g.status='1' )  [ RunTime:0.0001s ]
SQL: SHOW COLUMNS FROM `dt_auth_rule` [ RunTime:0.0003s ]
SQL: SELECT `condition`,`name` FROM `dt_auth_rule` WHERE `id` IN ('6','96','20','1','2','3','4','5','64','7','8','9','10','11','12','13','14','15','16','123','124','125','19','164','104','105','106','108','118','153','109','110','111','112','117','148','149','150','185','134','135','136','137','139','151','182','183','184','186','161','165','166','167','147','162','163','179','180','181','157','158','168','169','171','172','173','174','175','176','177','178') AND `type` = 1 AND `status` = 1  [ RunTime:0.0001s ]
SQL: SHOW COLUMNS FROM `dt_task_apply` [ RunTime:0.0003s ]
SQL: SELECT COUNT(*) AS tp_count FROM `dt_task_apply` WHERE `status` = 1 LIMIT 1   [ RunTime:0.0001s ]
SQL: SHOW COLUMNS FROM `dt_member_tixian` [ RunTime:0.0003s ]
SQL: SELECT COUNT(*) AS tp_count FROM `dt_member_tixian` WHERE `status` = 0 LIMIT 1   [ RunTime:0.0001s ]
SQL: SHOW COLUMNS FROM `dt_member` [ RunTime:0.0004s ]
SQL: SELECT COUNT(*) AS tp_count FROM `dt_member` LIMIT 1   [ RunTime:0.0001s ]
SQL: SHOW COLUMNS FROM `dt_task` [ RunTime:0.0003s ]
SQL: SELECT COUNT(*) AS tp_count FROM `dt_task` LIMIT 1   [ RunTime:0.0000s ]
SQL: SELECT COUNT(*) AS tp_count FROM `dt_task_apply` WHERE `status` = 2 LIMIT 1   [ RunTime:0.0000s ]
SQL: SHOW COLUMNS FROM `dt_pay` [ RunTime:0.0003s ]
SQL: SELECT SUM(price) AS tp_sum FROM `dt_pay` LIMIT 1   [ RunTime:0.0000s ]
SQL: SELECT SUM(price) AS tp_sum FROM `dt_member_tixian` WHERE `status` = 1 LIMIT 1   [ RunTime:0.0000s ]
SQL: SELECT SUM(price) AS tp_sum FROM `dt_member` LIMIT 1   [ RunTime:0.0000s ]
SQL: SELECT SUM(price) AS tp_sum FROM `dt_pay` WHERE ( ( create_time >= 1563120000 and create_time < 1563206400 ) ) LIMIT 1   [ RunTime:0.0000s ]
SQL: SELECT SUM(price) AS tp_sum FROM `dt_pay` WHERE ( ( create_time >= 1562601600 and create_time < 1563206400 ) ) LIMIT 1   [ RunTime:0.0000s ]
SQL: SELECT SUM(price) AS tp_sum FROM `dt_pay` WHERE ( ( create_time >= 1560614400 and create_time < 1563206400 ) ) LIMIT 1   [ RunTime:0.0000s ]
SQL: SELECT COUNT(*) AS tp_count FROM `dt_task_apply` WHERE `status` = 2 AND ( ( create_time >= 1563120000 and create_time < 1563206400 ) ) LIMIT 1   [ RunTime:0.0000s ]
SQL: SELECT COUNT(*) AS tp_count FROM `dt_task_apply` WHERE `status` = 2 AND ( ( create_time >= 1562601600 and create_time < 1563206400 ) ) LIMIT 1   [ RunTime:0.0000s ]
SQL: SELECT COUNT(*) AS tp_count FROM `dt_task_apply` WHERE `status` = 2 AND ( ( create_time >= 1560614400 and create_time < 1563206400 ) ) LIMIT 1   [ RunTime:0.0000s ]
SQL: select sum(price) as sub_total_price, count(id) as sub_number, FROM_UNIXTIME(create_time, '%Y-%m-%d' ) as `date` from dt_pay where 1 and ( create_time >= 1560614400 and create_time < 1563292799 ) GROUP BY FROM_UNIXTIME(create_time, '%Y%m%d' ) [ RunTime:0.0000s ]
INFO: [ view_parse ] --START--
INFO: [ template_filter ] --START--
INFO: Run Behavior\ContentReplaceBehavior [ RunTime:0.000119s ]
INFO: [ template_filter ] --END-- [ RunTime:0.000146s ]
INFO: Run Behavior\ParseTemplateBehavior [ RunTime:0.006854s ]
INFO: [ view_parse ] --END-- [ RunTime:0.006878s ]
INFO: [ view_filter ] --START--
INFO: Run Behavior\WriteHtmlCacheBehavior [ RunTime:0.000073s ]
INFO: [ view_filter ] --END-- [ RunTime:0.000090s ]
INFO: [ app_end ] --START--
INFO: Run Behavior\ShowPageTraceBehavior [ RunTime:0.000276s ]
INFO: [ app_end ] --END-- [ RunTime:0.000301s ]

[ 2019-07-16T22:28:54+08:00 ] 182.84.18.194 /index.php/Admin/Member/index.html
INFO: [ app_init ] --START--
INFO: Run Behavior\BuildLiteBehavior [ RunTime:0.000009s ]
INFO: [ app_init ] --END-- [ RunTime:0.000193s ]
INFO: [ app_begin ] --START--
INFO: Run Behavior\ReadHtmlCacheBehavior [ RunTime:0.000225s ]
INFO: [ app_begin ] --END-- [ RunTime:0.000253s ]
SQL: SHOW COLUMNS FROM `dt_auth_group_access` [ RunTime:0.0004s ]
SQL: SELECT `uid`,`group_id`,`title`,`rules` FROM dt_auth_group_access a INNER JOIN dt_auth_group g on a.group_id=g.id  WHERE ( a.uid='88' and g.status='1' )  [ RunTime:0.0001s ]
SQL: SHOW COLUMNS FROM `dt_auth_rule` [ RunTime:0.0003s ]
SQL: SELECT `condition`,`name` FROM `dt_auth_rule` WHERE `id` IN ('6','96','20','1','2','3','4','5','64','7','8','9','10','11','12','13','14','15','16','123','124','125','19','164','104','105','106','108','118','153','109','110','111','112','117','148','149','150','185','134','135','136','137','139','151','182','183','184','186','161','165','166','167','147','162','163','179','180','181','157','158','168','169','171','172','173','174','175','176','177','178') AND `type` = 1 AND `status` = 1  [ RunTime:0.0001s ]
SQL: SHOW COLUMNS FROM `dt_member` [ RunTime:0.0005s ]
SQL: SHOW COLUMNS FROM `dt_level` [ RunTime:0.0004s ]
SQL: SELECT COUNT(*) AS tp_count FROM `dt_member` LIMIT 1   [ RunTime:0.0001s ]
SQL: SHOW COLUMNS FROM `dt_level` [ RunTime:0.0002s ]
NOTIC: [2048] Only variables should be passed by reference /www/wwwroot/a/ThinkPHP/Library/Think/Db/Driver.class.php 第 769 行.
SQL: SELECT * FROM `dt_level` ORDER BY `id` asc  [ RunTime:0.0002s ]
SQL: SELECT COUNT(*) AS tp_count FROM `dt_member` WHERE `level` = 0 LIMIT 1   [ RunTime:0.0009s ]
SQL: SELECT COUNT(*) AS tp_count FROM `dt_member` WHERE `level` = 1 LIMIT 1   [ RunTime:0.0007s ]
SQL: SELECT COUNT(*) AS tp_count FROM `dt_member` WHERE `level` = 2 LIMIT 1   [ RunTime:0.0007s ]
SQL: SELECT COUNT(*) AS tp_count FROM `dt_member` WHERE `level` = 3 LIMIT 1   [ RunTime:0.0006s ]
NOTIC: [8] Undefined variable: map /www/wwwroot/a/Application/Common/Controller/AdminBaseController.class.php 第 112 行.
SQL: SELECT COUNT(*) AS tp_count FROM `dt_member` LIMIT 1   [ RunTime:0.0001s ]
NOTIC: [2048] Only variables should be passed by reference /www/wwwroot/a/ThinkPHP/Library/Think/Db/Driver.class.php 第 769 行.
SQL: SELECT * FROM `dt_member` ORDER BY `id` desc LIMIT 0,30   [ RunTime:0.0003s ]
SQL: SELECT COUNT(*) AS tp_count FROM `dt_member` WHERE ( p1=52760 or p2=52760 or p3=52760 ) LIMIT 1   [ RunTime:0.0008s ]
SQL: SELECT COUNT(*) AS tp_count FROM `dt_member` WHERE ( p1=52759 or p2=52759 or p3=52759 ) LIMIT 1   [ RunTime:0.0008s ]
SQL: SELECT COUNT(*) AS tp_count FROM `dt_member` WHERE ( p1=52758 or p2=52758 or p3=52758 ) LIMIT 1   [ RunTime:0.0007s ]
SQL: SELECT COUNT(*) AS tp_count FROM `dt_member` WHERE ( p1=52757 or p2=52757 or p3=52757 ) LIMIT 1   [ RunTime:0.0007s ]
SQL: SELECT COUNT(*) AS tp_count FROM `dt_member` WHERE ( p1=52756 or p2=52756 or p3=52756 ) LIMIT 1   [ RunTime:0.0007s ]
SQL: SELECT COUNT(*) AS tp_count FROM `dt_member` WHERE ( p1=52755 or p2=52755 or p3=52755 ) LIMIT 1   [ RunTime:0.0008s ]
SQL: SELECT COUNT(*) AS tp_count FROM `dt_member` WHERE ( p1=52754 or p2=52754 or p3=52754 ) LIMIT 1   [ RunTime:0.0008s ]
SQL: SELECT COUNT(*) AS tp_count FROM `dt_member` WHERE ( p1=52753 or p2=52753 or p3=52753 ) LIMIT 1   [ RunTime:0.0007s ]
SQL: SELECT COUNT(*) AS tp_count FROM `dt_member` WHERE ( p1=52752 or p2=52752 or p3=52752 ) LIMIT 1   [ RunTime:0.0007s ]
SQL: SELECT COUNT(*) AS tp_count FROM `dt_member` WHERE ( p1=52751 or p2=52751 or p3=52751 ) LIMIT 1   [ RunTime:0.0007s ]
SQL: SELECT COUNT(*) AS tp_count FROM `dt_member` WHERE ( p1=52750 or p2=52750 or p3=52750 ) LIMIT 1   [ RunTime:0.0008s ]
SQL: SELECT COUNT(*) AS tp_count FROM `dt_member` WHERE ( p1=52749 or p2=52749 or p3=52749 ) LIMIT 1   [ RunTime:0.0008s ]
SQL: SELECT COUNT(*) AS tp_count FROM `dt_member` WHERE ( p1=52748 or p2=52748 or p3=52748 ) LIMIT 1   [ RunTime:0.0007s ]
SQL: SELECT COUNT(*) AS tp_count FROM `dt_member` WHERE ( p1=52747 or p2=52747 or p3=52747 ) LIMIT 1   [ RunTime:0.0007s ]
SQL: SELECT COUNT(*) AS tp_count FROM `dt_member` WHERE ( p1=52746 or p2=52746 or p3=52746 ) LIMIT 1   [ RunTime:0.0007s ]
SQL: SELECT COUNT(*) AS tp_count FROM `dt_member` WHERE ( p1=52745 or p2=52745 or p3=52745 ) LIMIT 1   [ RunTime:0.0007s ]
SQL: SELECT COUNT(*) AS tp_count FROM `dt_member` WHERE ( p1=52744 or p2=52744 or p3=52744 ) LIMIT 1   [ RunTime:0.0007s ]
SQL: SELECT COUNT(*) AS tp_count FROM `dt_member` WHERE ( p1=52743 or p2=52743 or p3=52743 ) LIMIT 1   [ RunTime:0.0007s ]
SQL: SELECT COUNT(*) AS tp_count FROM `dt_member` WHERE ( p1=52742 or p2=52742 or p3=52742 ) LIMIT 1   [ RunTime:0.0007s ]
SQL: SELECT COUNT(*) AS tp_count FROM `dt_member` WHERE ( p1=52741 or p2=52741 or p3=52741 ) LIMIT 1   [ RunTime:0.0008s ]
SQL: SELECT COUNT(*) AS tp_count FROM `dt_member` WHERE ( p1=52740 or p2=52740 or p3=52740 ) LIMIT 1   [ RunTime:0.0007s ]
SQL: SELECT COUNT(*) AS tp_count FROM `dt_member` WHERE ( p1=52739 or p2=52739 or p3=52739 ) LIMIT 1   [ RunTime:0.0007s ]
SQL: SELECT COUNT(*) AS tp_count FROM `dt_member` WHERE ( p1=52738 or p2=52738 or p3=52738 ) LIMIT 1   [ RunTime:0.0010s ]
SQL: SELECT COUNT(*) AS tp_count FROM `dt_member` WHERE ( p1=52737 or p2=52737 or p3=52737 ) LIMIT 1   [ RunTime:0.0008s ]
SQL: SELECT COUNT(*) AS tp_count FROM `dt_member` WHERE ( p1=52736 or p2=52736 or p3=52736 ) LIMIT 1   [ RunTime:0.0007s ]
SQL: SELECT COUNT(*) AS tp_count FROM `dt_member` WHERE ( p1=52735 or p2=52735 or p3=52735 ) LIMIT 1   [ RunTime:0.0007s ]
SQL: SELECT COUNT(*) AS tp_count FROM `dt_member` WHERE ( p1=52734 or p2=52734 or p3=52734 ) LIMIT 1   [ RunTime:0.0007s ]
SQL: SELECT COUNT(*) AS tp_count FROM `dt_member` WHERE ( p1=52733 or p2=52733 or p3=52733 ) LIMIT 1   [ RunTime:0.0007s ]
SQL: SELECT COUNT(*) AS tp_count FROM `dt_member` WHERE ( p1=52732 or p2=52732 or p3=52732 ) LIMIT 1   [ RunTime:0.0007s ]
SQL: SELECT COUNT(*) AS tp_count FROM `dt_member` WHERE ( p1=52731 or p2=52731 or p3=52731 ) LIMIT 1   [ RunTime:0.0007s ]
NOTIC: [2048] Only variables should be passed by reference /www/wwwroot/a/ThinkPHP/Library/Think/Db/Driver.class.php 第 769 行.
SQL: SELECT * FROM `dt_level` ORDER BY `id` asc  [ RunTime:0.0001s ]
INFO: [ view_parse ] --START--
INFO: [ template_filter ] --START--
INFO: Run Behavior\ContentReplaceBehavior [ RunTime:0.000129s ]
INFO: [ template_filter ] --END-- [ RunTime:0.000155s ]
NOTIC: [8] Undefined index: level /www/wwwroot/a/Runtime/Cache/Admin/c36ad2088ecfedbb1e6e6aebc8965af2.php 第 55 行.
NOTIC: [8] Undefined index: level /www/wwwroot/a/Runtime/Cache/Admin/c36ad2088ecfedbb1e6e6aebc8965af2.php 第 56 行.
NOTIC: [8] Use of undefined constant level - assumed 'level' /www/wwwroot/a/Runtime/Cache/Admin/c36ad2088ecfedbb1e6e6aebc8965af2.php 第 56 行.
NOTIC: [8] Undefined index: level /www/wwwroot/a/Runtime/Cache/Admin/c36ad2088ecfedbb1e6e6aebc8965af2.php 第 56 行.
NOTIC: [8] Undefined index: level /www/wwwroot/a/Runtime/Cache/Admin/c36ad2088ecfedbb1e6e6aebc8965af2.php 第 56 行.
NOTIC: [8] Use of undefined constant level - assumed 'level' /www/wwwroot/a/Runtime/Cache/Admin/c36ad2088ecfedbb1e6e6aebc8965af2.php 第 56 行.
NOTIC: [8] Undefined index: level /www/wwwroot/a/Runtime/Cache/Admin/c36ad2088ecfedbb1e6e6aebc8965af2.php 第 56 行.
NOTIC: [8] Use of undefined constant level - assumed 'level' /www/wwwroot/a/Runtime/Cache/Admin/c36ad2088ecfedbb1e6e6aebc8965af2.php 第 56 行.
NOTIC: [8] Undefined index: level /www/wwwroot/a/Runtime/Cache/Admin/c36ad2088ecfedbb1e6e6aebc8965af2.php 第 56 行.
NOTIC: [8] Use of undefined constant level - assumed 'level' /www/wwwroot/a/Runtime/Cache/Admin/c36ad2088ecfedbb1e6e6aebc8965af2.php 第 56 行.
NOTIC: [8] Undefined index: id /www/wwwroot/a/Runtime/Cache/Admin/c36ad2088ecfedbb1e6e6aebc8965af2.php 第 65 行.
NOTIC: [8] Undefined index: keywords /www/wwwroot/a/Runtime/Cache/Admin/c36ad2088ecfedbb1e6e6aebc8965af2.php 第 71 行.
NOTIC: [8] Undefined index: start_date /www/wwwroot/a/Runtime/Cache/Admin/c36ad2088ecfedbb1e6e6aebc8965af2.php 第 76 行.
NOTIC: [8] Undefined index: end_date /www/wwwroot/a/Runtime/Cache/Admin/c36ad2088ecfedbb1e6e6aebc8965af2.php 第 78 行.
NOTIC: [8] Undefined index: is_area /www/wwwroot/a/Runtime/Cache/Admin/c36ad2088ecfedbb1e6e6aebc8965af2.php 第 81 行.
INFO: Run Behavior\ParseTemplateBehavior [ RunTime:0.010770s ]
INFO: [ view_parse ] --END-- [ RunTime:0.010801s ]
INFO: [ view_filter ] --START--
INFO: Run Behavior\WriteHtmlCacheBehavior [ RunTime:0.000100s ]
INFO: [ view_filter ] --END-- [ RunTime:0.000118s ]
INFO: [ app_end ] --START--
INFO: Run Behavior\ShowPageTraceBehavior [ RunTime:0.000250s ]
INFO: [ app_end ] --END-- [ RunTime:0.000270s ]

[ 2019-07-16T22:28:55+08:00 ] 182.84.18.194 /index.php/Admin/Member/index.html
INFO: [ app_init ] --START--
INFO: Run Behavior\BuildLiteBehavior [ RunTime:0.000009s ]
INFO: [ app_init ] --END-- [ RunTime:0.000189s ]
INFO: [ app_begin ] --START--
INFO: Run Behavior\ReadHtmlCacheBehavior [ RunTime:0.000224s ]
INFO: [ app_begin ] --END-- [ RunTime:0.000249s ]
SQL: SHOW COLUMNS FROM `dt_auth_group_access` [ RunTime:0.0004s ]
SQL: SELECT `uid`,`group_id`,`title`,`rules` FROM dt_auth_group_access a INNER JOIN dt_auth_group g on a.group_id=g.id  WHERE ( a.uid='88' and g.status='1' )  [ RunTime:0.0001s ]
SQL: SHOW COLUMNS FROM `dt_auth_rule` [ RunTime:0.0003s ]
SQL: SELECT `condition`,`name` FROM `dt_auth_rule` WHERE `id` IN ('6','96','20','1','2','3','4','5','64','7','8','9','10','11','12','13','14','15','16','123','124','125','19','164','104','105','106','108','118','153','109','110','111','112','117','148','149','150','185','134','135','136','137','139','151','182','183','184','186','161','165','166','167','147','162','163','179','180','181','157','158','168','169','171','172','173','174','175','176','177','178') AND `type` = 1 AND `status` = 1  [ RunTime:0.0001s ]
SQL: SHOW COLUMNS FROM `dt_member` [ RunTime:0.0004s ]
SQL: SHOW COLUMNS FROM `dt_level` [ RunTime:0.0003s ]
SQL: SELECT COUNT(*) AS tp_count FROM `dt_member` LIMIT 1   [ RunTime:0.0000s ]
SQL: SHOW COLUMNS FROM `dt_level` [ RunTime:0.0002s ]
NOTIC: [2048] Only variables should be passed by reference /www/wwwroot/a/ThinkPHP/Library/Think/Db/Driver.class.php 第 769 行.
SQL: SELECT * FROM `dt_level` ORDER BY `id` asc  [ RunTime:0.0001s ]
SQL: SELECT COUNT(*) AS tp_count FROM `dt_member` WHERE `level` = 0 LIMIT 1   [ RunTime:0.0000s ]
SQL: SELECT COUNT(*) AS tp_count FROM `dt_member` WHERE `level` = 1 LIMIT 1   [ RunTime:0.0000s ]
SQL: SELECT COUNT(*) AS tp_count FROM `dt_member` WHERE `level` = 2 LIMIT 1   [ RunTime:0.0000s ]
SQL: SELECT COUNT(*) AS tp_count FROM `dt_member` WHERE `level` = 3 LIMIT 1   [ RunTime:0.0000s ]
NOTIC: [8] Undefined variable: map /www/wwwroot/a/Application/Common/Controller/AdminBaseController.class.php 第 112 行.
SQL: SELECT COUNT(*) AS tp_count FROM `dt_member` LIMIT 1   [ RunTime:0.0000s ]
NOTIC: [2048] Only variables should be passed by reference /www/wwwroot/a/ThinkPHP/Library/Think/Db/Driver.class.php 第 769 行.
SQL: SELECT * FROM `dt_member` ORDER BY `id` desc LIMIT 0,30   [ RunTime:0.0001s ]
SQL: SELECT COUNT(*) AS tp_count FROM `dt_member` WHERE ( p1=52760 or p2=52760 or p3=52760 ) LIMIT 1   [ RunTime:0.0001s ]
SQL: SELECT COUNT(*) AS tp_count FROM `dt_member` WHERE ( p1=52759 or p2=52759 or p3=52759 ) LIMIT 1   [ RunTime:0.0000s ]
SQL: SELECT COUNT(*) AS tp_count FROM `dt_member` WHERE ( p1=52758 or p2=52758 or p3=52758 ) LIMIT 1   [ RunTime:0.0000s ]
SQL: SELECT COUNT(*) AS tp_count FROM `dt_member` WHERE ( p1=52757 or p2=52757 or p3=52757 ) LIMIT 1   [ RunTime:0.0000s ]
SQL: SELECT COUNT(*) AS tp_count FROM `dt_member` WHERE ( p1=52756 or p2=52756 or p3=52756 ) LIMIT 1   [ RunTime:0.0000s ]
SQL: SELECT COUNT(*) AS tp_count FROM `dt_member` WHERE ( p1=52755 or p2=52755 or p3=52755 ) LIMIT 1   [ RunTime:0.0000s ]
SQL: SELECT COUNT(*) AS tp_count FROM `dt_member` WHERE ( p1=52754 or p2=52754 or p3=52754 ) LIMIT 1   [ RunTime:0.0000s ]
SQL: SELECT COUNT(*) AS tp_count FROM `dt_member` WHERE ( p1=52753 or p2=52753 or p3=52753 ) LIMIT 1   [ RunTime:0.0000s ]
SQL: SELECT COUNT(*) AS tp_count FROM `dt_member` WHERE ( p1=52752 or p2=52752 or p3=52752 ) LIMIT 1   [ RunTime:0.0000s ]
SQL: SELECT COUNT(*) AS tp_count FROM `dt_member` WHERE ( p1=52751 or p2=52751 or p3=52751 ) LIMIT 1   [ RunTime:0.0000s ]
SQL: SELECT COUNT(*) AS tp_count FROM `dt_member` WHERE ( p1=52750 or p2=52750 or p3=52750 ) LIMIT 1   [ RunTime:0.0000s ]
SQL: SELECT COUNT(*) AS tp_count FROM `dt_member` WHERE ( p1=52749 or p2=52749 or p3=52749 ) LIMIT 1   [ RunTime:0.0000s ]
SQL: SELECT COUNT(*) AS tp_count FROM `dt_member` WHERE ( p1=52748 or p2=52748 or p3=52748 ) LIMIT 1   [ RunTime:0.0000s ]
SQL: SELECT COUNT(*) AS tp_count FROM `dt_member` WHERE ( p1=52747 or p2=52747 or p3=52747 ) LIMIT 1   [ RunTime:0.0000s ]
SQL: SELECT COUNT(*) AS tp_count FROM `dt_member` WHERE ( p1=52746 or p2=52746 or p3=52746 ) LIMIT 1   [ RunTime:0.0000s ]
SQL: SELECT COUNT(*) AS tp_count FROM `dt_member` WHERE ( p1=52745 or p2=52745 or p3=52745 ) LIMIT 1   [ RunTime:0.0000s ]
SQL: SELECT COUNT(*) AS tp_count FROM `dt_member` WHERE ( p1=52744 or p2=52744 or p3=52744 ) LIMIT 1   [ RunTime:0.0000s ]
SQL: SELECT COUNT(*) AS tp_count FROM `dt_member` WHERE ( p1=52743 or p2=52743 or p3=52743 ) LIMIT 1   [ RunTime:0.0000s ]
SQL: SELECT COUNT(*) AS tp_count FROM `dt_member` WHERE ( p1=52742 or p2=52742 or p3=52742 ) LIMIT 1   [ RunTime:0.0000s ]
SQL: SELECT COUNT(*) AS tp_count FROM `dt_member` WHERE ( p1=52741 or p2=52741 or p3=52741 ) LIMIT 1   [ RunTime:0.0000s ]
SQL: SELECT COUNT(*) AS tp_count FROM `dt_member` WHERE ( p1=52740 or p2=52740 or p3=52740 ) LIMIT 1   [ RunTime:0.0000s ]
SQL: SELECT COUNT(*) AS tp_count FROM `dt_member` WHERE ( p1=52739 or p2=52739 or p3=52739 ) LIMIT 1   [ RunTime:0.0000s ]
SQL: SELECT COUNT(*) AS tp_count FROM `dt_member` WHERE ( p1=52738 or p2=52738 or p3=52738 ) LIMIT 1   [ RunTime:0.0000s ]
SQL: SELECT COUNT(*) AS tp_count FROM `dt_member` WHERE ( p1=52737 or p2=52737 or p3=52737 ) LIMIT 1   [ RunTime:0.0000s ]
SQL: SELECT COUNT(*) AS tp_count FROM `dt_member` WHERE ( p1=52736 or p2=52736 or p3=52736 ) LIMIT 1   [ RunTime:0.0000s ]
SQL: SELECT COUNT(*) AS tp_count FROM `dt_member` WHERE ( p1=52735 or p2=52735 or p3=52735 ) LIMIT 1   [ RunTime:0.0000s ]
SQL: SELECT COUNT(*) AS tp_count FROM `dt_member` WHERE ( p1=52734 or p2=52734 or p3=52734 ) LIMIT 1   [ RunTime:0.0000s ]
SQL: SELECT COUNT(*) AS tp_count FROM `dt_member` WHERE ( p1=52733 or p2=52733 or p3=52733 ) LIMIT 1   [ RunTime:0.0000s ]
SQL: SELECT COUNT(*) AS tp_count FROM `dt_member` WHERE ( p1=52732 or p2=52732 or p3=52732 ) LIMIT 1   [ RunTime:0.0000s ]
SQL: SELECT COUNT(*) AS tp_count FROM `dt_member` WHERE ( p1=52731 or p2=52731 or p3=52731 ) LIMIT 1   [ RunTime:0.0000s ]
NOTIC: [2048] Only variables should be passed by reference /www/wwwroot/a/ThinkPHP/Library/Think/Db/Driver.class.php 第 769 行.
SQL: SELECT * FROM `dt_level` ORDER BY `id` asc  [ RunTime:0.0001s ]
INFO: [ view_parse ] --START--
INFO: [ template_filter ] --START--
INFO: Run Behavior\ContentReplaceBehavior [ RunTime:0.000138s ]
INFO: [ template_filter ] --END-- [ RunTime:0.000164s ]
NOTIC: [8] Undefined index: level /www/wwwroot/a/Runtime/Cache/Admin/c36ad2088ecfedbb1e6e6aebc8965af2.php 第 55 行.
NOTIC: [8] Undefined index: level /www/wwwroot/a/Runtime/Cache/Admin/c36ad2088ecfedbb1e6e6aebc8965af2.php 第 56 行.
NOTIC: [8] Use of undefined constant level - assumed 'level' /www/wwwroot/a/Runtime/Cache/Admin/c36ad2088ecfedbb1e6e6aebc8965af2.php 第 56 行.
NOTIC: [8] Undefined index: level /www/wwwroot/a/Runtime/Cache/Admin/c36ad2088ecfedbb1e6e6aebc8965af2.php 第 56 行.
NOTIC: [8] Undefined index: level /www/wwwroot/a/Runtime/Cache/Admin/c36ad2088ecfedbb1e6e6aebc8965af2.php 第 56 行.
NOTIC: [8] Use of undefined constant level - assumed 'level' /www/wwwroot/a/Runtime/Cache/Admin/c36ad2088ecfedbb1e6e6aebc8965af2.php 第 56 行.
NOTIC: [8] Undefined index: level /www/wwwroot/a/Runtime/Cache/Admin/c36ad2088ecfedbb1e6e6aebc8965af2.php 第 56 行.
NOTIC: [8] Use of undefined constant level - assumed 'level' /www/wwwroot/a/Runtime/Cache/Admin/c36ad2088ecfedbb1e6e6aebc8965af2.php 第 56 行.
NOTIC: [8] Undefined index: level /www/wwwroot/a/Runtime/Cache/Admin/c36ad2088ecfedbb1e6e6aebc8965af2.php 第 56 行.
NOTIC: [8] Use of undefined constant level - assumed 'level' /www/wwwroot/a/Runtime/Cache/Admin/c36ad2088ecfedbb1e6e6aebc8965af2.php 第 56 行.
NOTIC: [8] Undefined index: id /www/wwwroot/a/Runtime/Cache/Admin/c36ad2088ecfedbb1e6e6aebc8965af2.php 第 65 行.
NOTIC: [8] Undefined index: keywords /www/wwwroot/a/Runtime/Cache/Admin/c36ad2088ecfedbb1e6e6aebc8965af2.php 第 71 行.
NOTIC: [8] Undefined index: start_date /www/wwwroot/a/Runtime/Cache/Admin/c36ad2088ecfedbb1e6e6aebc8965af2.php 第 76 行.
NOTIC: [8] Undefined index: end_date /www/wwwroot/a/Runtime/Cache/Admin/c36ad2088ecfedbb1e6e6aebc8965af2.php 第 78 行.
NOTIC: [8] Undefined index: is_area /www/wwwroot/a/Runtime/Cache/Admin/c36ad2088ecfedbb1e6e6aebc8965af2.php 第 81 行.
INFO: Run Behavior\ParseTemplateBehavior [ RunTime:0.010060s ]
INFO: [ view_parse ] --END-- [ RunTime:0.010086s ]
INFO: [ view_filter ] --START--
INFO: Run Behavior\WriteHtmlCacheBehavior [ RunTime:0.000088s ]
INFO: [ view_filter ] --END-- [ RunTime:0.000105s ]
INFO: [ app_end ] --START--
INFO: Run Behavior\ShowPageTraceBehavior [ RunTime:0.000248s ]
INFO: [ app_end ] --END-- [ RunTime:0.000268s ]

[ 2019-07-16T22:29:14+08:00 ] 182.84.18.194 /index.php/Admin/Member/handle/id/52760/role/1.html
INFO: [ app_init ] --START--
INFO: Run Behavior\BuildLiteBehavior [ RunTime:0.000008s ]
INFO: [ app_init ] --END-- [ RunTime:0.000193s ]
INFO: [ app_begin ] --START--
INFO: Run Behavior\ReadHtmlCacheBehavior [ RunTime:0.000236s ]
INFO: [ app_begin ] --END-- [ RunTime:0.000262s ]
SQL: SHOW COLUMNS FROM `dt_auth_group_access` [ RunTime:0.0004s ]
SQL: SELECT `uid`,`group_id`,`title`,`rules` FROM dt_auth_group_access a INNER JOIN dt_auth_group g on a.group_id=g.id  WHERE ( a.uid='88' and g.status='1' )  [ RunTime:0.0001s ]
SQL: SHOW COLUMNS FROM `dt_auth_rule` [ RunTime:0.0003s ]
SQL: SELECT `condition`,`name` FROM `dt_auth_rule` WHERE `id` IN ('6','96','20','1','2','3','4','5','64','7','8','9','10','11','12','13','14','15','16','123','124','125','19','164','104','105','106','108','118','153','109','110','111','112','117','148','149','150','185','134','135','136','137','139','151','182','183','184','186','161','165','166','167','147','162','163','179','180','181','157','158','168','169','171','172','173','174','175','176','177','178') AND `type` = 1 AND `status` = 1  [ RunTime:0.0001s ]
SQL: SHOW COLUMNS FROM `dt_member` [ RunTime:0.0004s ]
SQL: SELECT * FROM `dt_member` WHERE `id` = 52760 LIMIT 1   [ RunTime:0.0002s ]
SQL: SHOW COLUMNS FROM `dt_level` [ RunTime:0.0003s ]
NOTIC: [2048] Only variables should be passed by reference /www/wwwroot/a/ThinkPHP/Library/Think/Db/Driver.class.php 第 769 行.
SQL: SELECT * FROM `dt_level` ORDER BY `id` asc  [ RunTime:0.0001s ]
INFO: [ view_parse ] --START--
INFO: [ template_filter ] --START--
INFO: Run Behavior\ContentReplaceBehavior [ RunTime:0.000097s ]
INFO: [ template_filter ] --END-- [ RunTime:0.000123s ]
INFO: Run Behavior\ParseTemplateBehavior [ RunTime:0.005551s ]
INFO: [ view_parse ] --END-- [ RunTime:0.005581s ]
INFO: [ view_filter ] --START--
INFO: Run Behavior\WriteHtmlCacheBehavior [ RunTime:0.000070s ]
INFO: [ view_filter ] --END-- [ RunTime:0.000087s ]
INFO: [ app_end ] --START--
INFO: Run Behavior\ShowPageTraceBehavior [ RunTime:0.000233s ]
INFO: [ app_end ] --END-- [ RunTime:0.000268s ]

[ 2019-07-16T22:29:24+08:00 ] 101.91.60.104 /index.php/Admin/Index/index.html
INFO: [ app_init ] --START--
INFO: Run Behavior\BuildLiteBehavior [ RunTime:0.000009s ]
INFO: [ app_init ] --END-- [ RunTime:0.000179s ]
INFO: [ app_begin ] --START--
INFO: Run Behavior\ReadHtmlCacheBehavior [ RunTime:0.000215s ]
INFO: [ app_begin ] --END-- [ RunTime:0.000240s ]
NOTIC: [8] Undefined index: user /www/wwwroot/a/Application/Common/Controller/AdminBaseController.class.php 第 16 行.
SQL: SHOW COLUMNS FROM `dt_auth_group_access` [ RunTime:0.0004s ]
SQL: SELECT `uid`,`group_id`,`title`,`rules` FROM dt_auth_group_access a INNER JOIN dt_auth_group g on a.group_id=g.id  WHERE ( a.uid='' and g.status='1' )  [ RunTime:0.0002s ]
INFO: [ view_parse ] --START--
INFO: [ template_filter ] --START--
INFO: Run Behavior\ContentReplaceBehavior [ RunTime:0.000035s ]
INFO: [ template_filter ] --END-- [ RunTime:0.000070s ]
INFO: Run Behavior\ParseTemplateBehavior [ RunTime:0.003217s ]
INFO: [ view_parse ] --END-- [ RunTime:0.003251s ]
INFO: [ view_filter ] --START--
INFO: Run Behavior\WriteHtmlCacheBehavior [ RunTime:0.000070s ]
INFO: [ view_filter ] --END-- [ RunTime:0.000087s ]

[ 2019-07-16T22:29:28+08:00 ] 182.84.18.194 /index.php/Admin/Member/handle/id/52760/role/1.html
INFO: [ app_init ] --START--
INFO: Run Behavior\BuildLiteBehavior [ RunTime:0.000009s ]
INFO: [ app_init ] --END-- [ RunTime:0.000179s ]
INFO: [ app_begin ] --START--
INFO: Run Behavior\ReadHtmlCacheBehavior [ RunTime:0.000224s ]
INFO: [ app_begin ] --END-- [ RunTime:0.000249s ]
SQL: SHOW COLUMNS FROM `dt_auth_group_access` [ RunTime:0.0004s ]
SQL: SELECT `uid`,`group_id`,`title`,`rules` FROM dt_auth_group_access a INNER JOIN dt_auth_group g on a.group_id=g.id  WHERE ( a.uid='88' and g.status='1' )  [ RunTime:0.0001s ]
SQL: SHOW COLUMNS FROM `dt_auth_rule` [ RunTime:0.0003s ]
SQL: SELECT `condition`,`name` FROM `dt_auth_rule` WHERE `id` IN ('6','96','20','1','2','3','4','5','64','7','8','9','10','11','12','13','14','15','16','123','124','125','19','164','104','105','106','108','118','153','109','110','111','112','117','148','149','150','185','134','135','136','137','139','151','182','183','184','186','161','165','166','167','147','162','163','179','180','181','157','158','168','169','171','172','173','174','175','176','177','178') AND `type` = 1 AND `status` = 1  [ RunTime:0.0001s ]
SQL: SHOW COLUMNS FROM `dt_member` [ RunTime:0.0004s ]
SQL: UPDATE `dt_member` SET `role`='0',`nickname`='庞书辉',`phone`='',`sex`='0',`address`='',`password`='d7a31ea0e38dc781ad32a5a94d6b48cc',`level`='0',`remark`='' WHERE `id` = 52760 [ RunTime:0.0003s ]

[ 2019-07-16T22:29:29+08:00 ] 182.84.18.194 /index.php/Admin/Member/index.html
INFO: [ app_init ] --START--
INFO: Run Behavior\BuildLiteBehavior [ RunTime:0.000009s ]
INFO: [ app_init ] --END-- [ RunTime:0.000194s ]
INFO: [ app_begin ] --START--
INFO: Run Behavior\ReadHtmlCacheBehavior [ RunTime:0.000229s ]
INFO: [ app_begin ] --END-- [ RunTime:0.000258s ]
SQL: SHOW COLUMNS FROM `dt_auth_group_access` [ RunTime:0.0004s ]
SQL: SELECT `uid`,`group_id`,`title`,`rules` FROM dt_auth_group_access a INNER JOIN dt_auth_group g on a.group_id=g.id  WHERE ( a.uid='88' and g.status='1' )  [ RunTime:0.0001s ]
SQL: SHOW COLUMNS FROM `dt_auth_rule` [ RunTime:0.0003s ]
SQL: SELECT `condition`,`name` FROM `dt_auth_rule` WHERE `id` IN ('6','96','20','1','2','3','4','5','64','7','8','9','10','11','12','13','14','15','16','123','124','125','19','164','104','105','106','108','118','153','109','110','111','112','117','148','149','150','185','134','135','136','137','139','151','182','183','184','186','161','165','166','167','147','162','163','179','180','181','157','158','168','169','171','172','173','174','175','176','177','178') AND `type` = 1 AND `status` = 1  [ RunTime:0.0001s ]
SQL: SHOW COLUMNS FROM `dt_member` [ RunTime:0.0004s ]
SQL: SHOW COLUMNS FROM `dt_level` [ RunTime:0.0003s ]
SQL: SELECT COUNT(*) AS tp_count FROM `dt_member` LIMIT 1   [ RunTime:0.0001s ]
SQL: SHOW COLUMNS FROM `dt_level` [ RunTime:0.0002s ]
NOTIC: [2048] Only variables should be passed by reference /www/wwwroot/a/ThinkPHP/Library/Think/Db/Driver.class.php 第 769 行.
SQL: SELECT * FROM `dt_level` ORDER BY `id` asc  [ RunTime:0.0001s ]
SQL: SELECT COUNT(*) AS tp_count FROM `dt_member` WHERE `level` = 0 LIMIT 1   [ RunTime:0.0007s ]
SQL: SELECT COUNT(*) AS tp_count FROM `dt_member` WHERE `level` = 1 LIMIT 1   [ RunTime:0.0007s ]
SQL: SELECT COUNT(*) AS tp_count FROM `dt_member` WHERE `level` = 2 LIMIT 1   [ RunTime:0.0008s ]
SQL: SELECT COUNT(*) AS tp_count FROM `dt_member` WHERE `level` = 3 LIMIT 1   [ RunTime:0.0006s ]
NOTIC: [8] Undefined variable: map /www/wwwroot/a/Application/Common/Controller/AdminBaseController.class.php 第 112 行.
SQL: SELECT COUNT(*) AS tp_count FROM `dt_member` LIMIT 1   [ RunTime:0.0001s ]
NOTIC: [2048] Only variables should be passed by reference /www/wwwroot/a/ThinkPHP/Library/Think/Db/Driver.class.php 第 769 行.
SQL: SELECT * FROM `dt_member` ORDER BY `id` desc LIMIT 0,30   [ RunTime:0.0003s ]
SQL: SELECT COUNT(*) AS tp_count FROM `dt_member` WHERE ( p1=52760 or p2=52760 or p3=52760 ) LIMIT 1   [ RunTime:0.0007s ]
SQL: SELECT COUNT(*) AS tp_count FROM `dt_member` WHERE ( p1=52759 or p2=52759 or p3=52759 ) LIMIT 1   [ RunTime:0.0007s ]
SQL: SELECT COUNT(*) AS tp_count FROM `dt_member` WHERE ( p1=52758 or p2=52758 or p3=52758 ) LIMIT 1   [ RunTime:0.0007s ]
SQL: SELECT COUNT(*) AS tp_count FROM `dt_member` WHERE ( p1=52757 or p2=52757 or p3=52757 ) LIMIT 1   [ RunTime:0.0007s ]
SQL: SELECT COUNT(*) AS tp_count FROM `dt_member` WHERE ( p1=52756 or p2=52756 or p3=52756 ) LIMIT 1   [ RunTime:0.0007s ]
SQL: SELECT COUNT(*) AS tp_count FROM `dt_member` WHERE ( p1=52755 or p2=52755 or p3=52755 ) LIMIT 1   [ RunTime:0.0007s ]
SQL: SELECT COUNT(*) AS tp_count FROM `dt_member` WHERE ( p1=52754 or p2=52754 or p3=52754 ) LIMIT 1   [ RunTime:0.0007s ]
SQL: SELECT COUNT(*) AS tp_count FROM `dt_member` WHERE ( p1=52753 or p2=52753 or p3=52753 ) LIMIT 1   [ RunTime:0.0007s ]
SQL: SELECT COUNT(*) AS tp_count FROM `dt_member` WHERE ( p1=52752 or p2=52752 or p3=52752 ) LIMIT 1   [ RunTime:0.0007s ]
SQL: SELECT COUNT(*) AS tp_count FROM `dt_member` WHERE ( p1=52751 or p2=52751 or p3=52751 ) LIMIT 1   [ RunTime:0.0007s ]
SQL: SELECT COUNT(*) AS tp_count FROM `dt_member` WHERE ( p1=52750 or p2=52750 or p3=52750 ) LIMIT 1   [ RunTime:0.0007s ]
SQL: SELECT COUNT(*) AS tp_count FROM `dt_member` WHERE ( p1=52749 or p2=52749 or p3=52749 ) LIMIT 1   [ RunTime:0.0007s ]
SQL: SELECT COUNT(*) AS tp_count FROM `dt_member` WHERE ( p1=52748 or p2=52748 or p3=52748 ) LIMIT 1   [ RunTime:0.0007s ]
SQL: SELECT COUNT(*) AS tp_count FROM `dt_member` WHERE ( p1=52747 or p2=52747 or p3=52747 ) LIMIT 1   [ RunTime:0.0007s ]
SQL: SELECT COUNT(*) AS tp_count FROM `dt_member` WHERE ( p1=52746 or p2=52746 or p3=52746 ) LIMIT 1   [ RunTime:0.0007s ]
SQL: SELECT COUNT(*) AS tp_count FROM `dt_member` WHERE ( p1=52745 or p2=52745 or p3=52745 ) LIMIT 1   [ RunTime:0.0007s ]
SQL: SELECT COUNT(*) AS tp_count FROM `dt_member` WHERE ( p1=52744 or p2=52744 or p3=52744 ) LIMIT 1   [ RunTime:0.0007s ]
SQL: SELECT COUNT(*) AS tp_count FROM `dt_member` WHERE ( p1=52743 or p2=52743 or p3=52743 ) LIMIT 1   [ RunTime:0.0007s ]
SQL: SELECT COUNT(*) AS tp_count FROM `dt_member` WHERE ( p1=52742 or p2=52742 or p3=52742 ) LIMIT 1   [ RunTime:0.0007s ]
SQL: SELECT COUNT(*) AS tp_count FROM `dt_member` WHERE ( p1=52741 or p2=52741 or p3=52741 ) LIMIT 1   [ RunTime:0.0007s ]
SQL: SELECT COUNT(*) AS tp_count FROM `dt_member` WHERE ( p1=52740 or p2=52740 or p3=52740 ) LIMIT 1   [ RunTime:0.0007s ]
SQL: SELECT COUNT(*) AS tp_count FROM `dt_member` WHERE ( p1=52739 or p2=52739 or p3=52739 ) LIMIT 1   [ RunTime:0.0007s ]
SQL: SELECT COUNT(*) AS tp_count FROM `dt_member` WHERE ( p1=52738 or p2=52738 or p3=52738 ) LIMIT 1   [ RunTime:0.0007s ]
SQL: SELECT COUNT(*) AS tp_count FROM `dt_member` WHERE ( p1=52737 or p2=52737 or p3=52737 ) LIMIT 1   [ RunTime:0.0007s ]
SQL: SELECT COUNT(*) AS tp_count FROM `dt_member` WHERE ( p1=52736 or p2=52736 or p3=52736 ) LIMIT 1   [ RunTime:0.0007s ]
SQL: SELECT COUNT(*) AS tp_count FROM `dt_member` WHERE ( p1=52735 or p2=52735 or p3=52735 ) LIMIT 1   [ RunTime:0.0007s ]
SQL: SELECT COUNT(*) AS tp_count FROM `dt_member` WHERE ( p1=52734 or p2=52734 or p3=52734 ) LIMIT 1   [ RunTime:0.0007s ]
SQL: SELECT COUNT(*) AS tp_count FROM `dt_member` WHERE ( p1=52733 or p2=52733 or p3=52733 ) LIMIT 1   [ RunTime:0.0007s ]
SQL: SELECT COUNT(*) AS tp_count FROM `dt_member` WHERE ( p1=52732 or p2=52732 or p3=52732 ) LIMIT 1   [ RunTime:0.0007s ]
SQL: SELECT COUNT(*) AS tp_count FROM `dt_member` WHERE ( p1=52731 or p2=52731 or p3=52731 ) LIMIT 1   [ RunTime:0.0007s ]
NOTIC: [2048] Only variables should be passed by reference /www/wwwroot/a/ThinkPHP/Library/Think/Db/Driver.class.php 第 769 行.
SQL: SELECT * FROM `dt_level` ORDER BY `id` asc  [ RunTime:0.0001s ]
INFO: [ view_parse ] --START--
INFO: [ template_filter ] --START--
INFO: Run Behavior\ContentReplaceBehavior [ RunTime:0.000119s ]
INFO: [ template_filter ] --END-- [ RunTime:0.000145s ]
NOTIC: [8] Undefined index: level /www/wwwroot/a/Runtime/Cache/Admin/c36ad2088ecfedbb1e6e6aebc8965af2.php 第 55 行.
NOTIC: [8] Undefined index: level /www/wwwroot/a/Runtime/Cache/Admin/c36ad2088ecfedbb1e6e6aebc8965af2.php 第 56 行.
NOTIC: [8] Use of undefined constant level - assumed 'level' /www/wwwroot/a/Runtime/Cache/Admin/c36ad2088ecfedbb1e6e6aebc8965af2.php 第 56 行.
NOTIC: [8] Undefined index: level /www/wwwroot/a/Runtime/Cache/Admin/c36ad2088ecfedbb1e6e6aebc8965af2.php 第 56 行.
NOTIC: [8] Undefined index: level /www/wwwroot/a/Runtime/Cache/Admin/c36ad2088ecfedbb1e6e6aebc8965af2.php 第 56 行.
NOTIC: [8] Use of undefined constant level - assumed 'level' /www/wwwroot/a/Runtime/Cache/Admin/c36ad2088ecfedbb1e6e6aebc8965af2.php 第 56 行.
NOTIC: [8] Undefined index: level /www/wwwroot/a/Runtime/Cache/Admin/c36ad2088ecfedbb1e6e6aebc8965af2.php 第 56 行.
NOTIC: [8] Use of undefined constant level - assumed 'level' /www/wwwroot/a/Runtime/Cache/Admin/c36ad2088ecfedbb1e6e6aebc8965af2.php 第 56 行.
NOTIC: [8] Undefined index: level /www/wwwroot/a/Runtime/Cache/Admin/c36ad2088ecfedbb1e6e6aebc8965af2.php 第 56 行.
NOTIC: [8] Use of undefined constant level - assumed 'level' /www/wwwroot/a/Runtime/Cache/Admin/c36ad2088ecfedbb1e6e6aebc8965af2.php 第 56 行.
NOTIC: [8] Undefined index: id /www/wwwroot/a/Runtime/Cache/Admin/c36ad2088ecfedbb1e6e6aebc8965af2.php 第 65 行.
NOTIC: [8] Undefined index: keywords /www/wwwroot/a/Runtime/Cache/Admin/c36ad2088ecfedbb1e6e6aebc8965af2.php 第 71 行.
NOTIC: [8] Undefined index: start_date /www/wwwroot/a/Runtime/Cache/Admin/c36ad2088ecfedbb1e6e6aebc8965af2.php 第 76 行.
NOTIC: [8] Undefined index: end_date /www/wwwroot/a/Runtime/Cache/Admin/c36ad2088ecfedbb1e6e6aebc8965af2.php 第 78 行.
NOTIC: [8] Undefined index: is_area /www/wwwroot/a/Runtime/Cache/Admin/c36ad2088ecfedbb1e6e6aebc8965af2.php 第 81 行.
INFO: Run Behavior\ParseTemplateBehavior [ RunTime:0.009924s ]
INFO: [ view_parse ] --END-- [ RunTime:0.009947s ]
INFO: [ view_filter ] --START--
INFO: Run Behavior\WriteHtmlCacheBehavior [ RunTime:0.000096s ]
INFO: [ view_filter ] --END-- [ RunTime:0.000114s ]
INFO: [ app_end ] --START--
INFO: Run Behavior\ShowPageTraceBehavior [ RunTime:0.000253s ]
INFO: [ app_end ] --END-- [ RunTime:0.000274s ]

[ 2019-07-16T22:30:19+08:00 ] 101.89.239.238 /index.php/admin
INFO: [ app_init ] --START--
INFO: Run Behavior\BuildLiteBehavior [ RunTime:0.000011s ]
INFO: [ app_init ] --END-- [ RunTime:0.000232s ]
INFO: [ app_begin ] --START--
INFO: Run Behavior\ReadHtmlCacheBehavior [ RunTime:0.000241s ]
INFO: [ app_begin ] --END-- [ RunTime:0.000267s ]
NOTIC: [8] Undefined index: user /www/wwwroot/a/Application/Common/Controller/AdminBaseController.class.php 第 16 行.
SQL: SHOW COLUMNS FROM `dt_auth_group_access` [ RunTime:0.0004s ]
SQL: SELECT `uid`,`group_id`,`title`,`rules` FROM dt_auth_group_access a INNER JOIN dt_auth_group g on a.group_id=g.id  WHERE ( a.uid='' and g.status='1' )  [ RunTime:0.0002s ]
INFO: [ view_parse ] --START--
INFO: [ template_filter ] --START--
INFO: Run Behavior\ContentReplaceBehavior [ RunTime:0.000042s ]
INFO: [ template_filter ] --END-- [ RunTime:0.000067s ]
INFO: Run Behavior\ParseTemplateBehavior [ RunTime:0.003228s ]
INFO: [ view_parse ] --END-- [ RunTime:0.003253s ]
INFO: [ view_filter ] --START--
INFO: Run Behavior\WriteHtmlCacheBehavior [ RunTime:0.000071s ]
INFO: [ view_filter ] --END-- [ RunTime:0.000089s ]

[ 2019-07-16T22:33:21+08:00 ] 61.151.178.197 /index.php/Admin/Public/login.html
INFO: [ app_init ] --START--
INFO: Run Behavior\BuildLiteBehavior [ RunTime:0.000009s ]
INFO: [ app_init ] --END-- [ RunTime:0.000192s ]
INFO: [ app_begin ] --START--
INFO: Run Behavior\ReadHtmlCacheBehavior [ RunTime:0.000230s ]
INFO: [ app_begin ] --END-- [ RunTime:0.000255s ]
INFO: [ view_parse ] --START--
INFO: [ template_filter ] --START--
INFO: Run Behavior\ContentReplaceBehavior [ RunTime:0.000048s ]
INFO: [ template_filter ] --END-- [ RunTime:0.000085s ]
INFO: Run Behavior\ParseTemplateBehavior [ RunTime:0.006239s ]
INFO: [ view_parse ] --END-- [ RunTime:0.006267s ]
INFO: [ view_filter ] --START--
INFO: Run Behavior\WriteHtmlCacheBehavior [ RunTime:0.000073s ]
INFO: [ view_filter ] --END-- [ RunTime:0.000090s ]
INFO: [ app_end ] --START--
INFO: Run Behavior\ShowPageTraceBehavior [ RunTime:0.000227s ]
INFO: [ app_end ] --END-- [ RunTime:0.000248s ]

