[ 2019-07-04T15:22:59+08:00 ] 127.0.0.1 /index.php/admin
INFO: [ app_init ] --START--
INFO: Run Behavior\BuildLiteBehavior [ RunTime:0.000000s ]
INFO: [ app_init ] --END-- [ RunTime:0.001000s ]
INFO: [ app_begin ] --START--
INFO: Run Behavior\ReadHtmlCacheBehavior [ RunTime:0.001000s ]
INFO: [ app_begin ] --END-- [ RunTime:0.001000s ]
SQL: SHOW COLUMNS FROM `dt_auth_group_access` [ RunTime:0.0070s ]
SQL: SELECT `uid`,`group_id`,`title`,`rules` FROM dt_auth_group_access a INNER JOIN dt_auth_group g on a.group_id=g.id  WHERE ( a.uid='88' and g.status='1' )  [ RunTime:0.0060s ]
SQL: SHOW COLUMNS FROM `dt_auth_rule` [ RunTime:0.0060s ]
SQL: SELECT `condition`,`name` FROM `dt_auth_rule` WHERE `id` IN ('6','96','20','1','2','3','4','5','64','7','8','9','10','11','12','13','14','15','16','123','124','125','19','164','104','105','106','108','118','153','109','110','111','112','117','148','149','150','185','134','135','136','137','139','151','182','183','184','186','161','165','166','167','147','162','163','179','180','181','157','158','168','169','171','172','173','174','175','176','177','178') AND `type` = 1 AND `status` = 1  [ RunTime:0.0020s ]
NOTIC: [2048] Declaration of Common\Model\AdminNavModel::getTreeData() should be compatible with Common\Model\BaseModel::getTreeData($type = 'tree', $order = '', $name = 'name', $child = 'id', $parent = 'pid') D:\wwwroot\bptx\Application\Common\Model\AdminNavModel.class.php 第 7 行.
SQL: SHOW COLUMNS FROM `dt_admin_nav` [ RunTime:0.0060s ]
SQL: SELECT * FROM `dt_admin_nav` ORDER BY order_number is null,`order_number`,`id`  [ RunTime:0.0000s ]
INFO: [ view_parse ] --START--
INFO: [ template_filter ] --START--
INFO: Run Behavior\ContentReplaceBehavior [ RunTime:0.000000s ]
INFO: [ template_filter ] --END-- [ RunTime:0.000000s ]
INFO: Run Behavior\ParseTemplateBehavior [ RunTime:0.014001s ]
INFO: [ view_parse ] --END-- [ RunTime:0.014001s ]
INFO: [ view_filter ] --START--
INFO: Run Behavior\WriteHtmlCacheBehavior [ RunTime:0.000000s ]
INFO: [ view_filter ] --END-- [ RunTime:0.001000s ]
INFO: [ app_end ] --START--
INFO: Run Behavior\ShowPageTraceBehavior [ RunTime:0.001000s ]
INFO: [ app_end ] --END-- [ RunTime:0.001000s ]

[ 2019-07-04T15:22:59+08:00 ] 127.0.0.1 /index.php/Admin/Index/tongji.html
INFO: [ app_init ] --START--
INFO: Run Behavior\BuildLiteBehavior [ RunTime:0.000000s ]
INFO: [ app_init ] --END-- [ RunTime:0.001000s ]
INFO: [ app_begin ] --START--
INFO: Run Behavior\ReadHtmlCacheBehavior [ RunTime:0.001001s ]
INFO: [ app_begin ] --END-- [ RunTime:0.001001s ]
SQL: SHOW COLUMNS FROM `dt_auth_group_access` [ RunTime:0.0060s ]
SQL: SELECT `uid`,`group_id`,`title`,`rules` FROM dt_auth_group_access a INNER JOIN dt_auth_group g on a.group_id=g.id  WHERE ( a.uid='88' and g.status='1' )  [ RunTime:0.0000s ]
SQL: SHOW COLUMNS FROM `dt_auth_rule` [ RunTime:0.0060s ]
SQL: SELECT `condition`,`name` FROM `dt_auth_rule` WHERE `id` IN ('6','96','20','1','2','3','4','5','64','7','8','9','10','11','12','13','14','15','16','123','124','125','19','164','104','105','106','108','118','153','109','110','111','112','117','148','149','150','185','134','135','136','137','139','151','182','183','184','186','161','165','166','167','147','162','163','179','180','181','157','158','168','169','171','172','173','174','175','176','177','178') AND `type` = 1 AND `status` = 1  [ RunTime:0.0010s ]
SQL: SHOW COLUMNS FROM `dt_task_apply` [ RunTime:0.0090s ]
SQL: SELECT COUNT(*) AS tp_count FROM `dt_task_apply` WHERE `status` = 1 LIMIT 1   [ RunTime:0.0140s ]
SQL: SHOW COLUMNS FROM `dt_member_tixian` [ RunTime:0.0090s ]
SQL: SELECT COUNT(*) AS tp_count FROM `dt_member_tixian` WHERE `status` = 0 LIMIT 1   [ RunTime:0.0000s ]
SQL: SHOW COLUMNS FROM `dt_member` [ RunTime:0.0080s ]
SQL: SELECT COUNT(*) AS tp_count FROM `dt_member` LIMIT 1   [ RunTime:0.0000s ]
SQL: SHOW COLUMNS FROM `dt_task` [ RunTime:0.0070s ]
SQL: SELECT COUNT(*) AS tp_count FROM `dt_task` LIMIT 1   [ RunTime:0.0000s ]
SQL: SELECT COUNT(*) AS tp_count FROM `dt_task_apply` WHERE `status` = 2 LIMIT 1   [ RunTime:0.0000s ]
SQL: SHOW COLUMNS FROM `dt_pay` [ RunTime:0.0060s ]
SQL: SELECT SUM(price) AS tp_sum FROM `dt_pay` LIMIT 1   [ RunTime:0.0000s ]
SQL: SELECT SUM(price) AS tp_sum FROM `dt_member_tixian` WHERE `status` = 1 LIMIT 1   [ RunTime:0.0000s ]
SQL: SELECT SUM(price) AS tp_sum FROM `dt_member` LIMIT 1   [ RunTime:0.0030s ]
SQL: SELECT SUM(price) AS tp_sum FROM `dt_pay` WHERE ( ( create_time >= 1562083200 and create_time < 1562169600 ) ) LIMIT 1   [ RunTime:0.0010s ]
SQL: SELECT SUM(price) AS tp_sum FROM `dt_pay` WHERE ( ( create_time >= 1561564800 and create_time < 1562169600 ) ) LIMIT 1   [ RunTime:0.0000s ]
SQL: SELECT SUM(price) AS tp_sum FROM `dt_pay` WHERE ( ( create_time >= 1559577600 and create_time < 1562169600 ) ) LIMIT 1   [ RunTime:0.0000s ]
SQL: SELECT COUNT(*) AS tp_count FROM `dt_task_apply` WHERE `status` = 2 AND ( ( create_time >= 1562083200 and create_time < 1562169600 ) ) LIMIT 1   [ RunTime:0.0020s ]
SQL: SELECT COUNT(*) AS tp_count FROM `dt_task_apply` WHERE `status` = 2 AND ( ( create_time >= 1561564800 and create_time < 1562169600 ) ) LIMIT 1   [ RunTime:0.0020s ]
SQL: SELECT COUNT(*) AS tp_count FROM `dt_task_apply` WHERE `status` = 2 AND ( ( create_time >= 1559577600 and create_time < 1562169600 ) ) LIMIT 1   [ RunTime:0.0020s ]
SQL: select sum(price) as sub_total_price, count(id) as sub_number, FROM_UNIXTIME(create_time, '%Y-%m-%d' ) as `date` from dt_pay where 1 and ( create_time >= 1559577600 and create_time < 1562255999 ) GROUP BY FROM_UNIXTIME(create_time, '%Y%m%d' ) [ RunTime:0.0040s ]
INFO: [ view_parse ] --START--
INFO: [ template_filter ] --START--
INFO: Run Behavior\ContentReplaceBehavior [ RunTime:0.000000s ]
INFO: [ template_filter ] --END-- [ RunTime:0.000000s ]
INFO: Run Behavior\ParseTemplateBehavior [ RunTime:0.013000s ]
INFO: [ view_parse ] --END-- [ RunTime:0.013000s ]
INFO: [ view_filter ] --START--
INFO: Run Behavior\WriteHtmlCacheBehavior [ RunTime:0.001000s ]
INFO: [ view_filter ] --END-- [ RunTime:0.001000s ]
INFO: [ app_end ] --START--
INFO: Run Behavior\ShowPageTraceBehavior [ RunTime:0.000000s ]
INFO: [ app_end ] --END-- [ RunTime:0.000000s ]

[ 2019-07-04T15:23:00+08:00 ] 127.0.0.1 /index.php/Admin/Pay/tixian/status/0.html
INFO: [ app_init ] --START--
INFO: Run Behavior\BuildLiteBehavior [ RunTime:0.000000s ]
INFO: [ app_init ] --END-- [ RunTime:0.000000s ]
INFO: [ app_begin ] --START--
INFO: Run Behavior\ReadHtmlCacheBehavior [ RunTime:0.001000s ]
INFO: [ app_begin ] --END-- [ RunTime:0.001000s ]
SQL: SHOW COLUMNS FROM `dt_auth_group_access` [ RunTime:0.0100s ]
SQL: SELECT `uid`,`group_id`,`title`,`rules` FROM dt_auth_group_access a INNER JOIN dt_auth_group g on a.group_id=g.id  WHERE ( a.uid='88' and g.status='1' )  [ RunTime:0.0010s ]
SQL: SHOW COLUMNS FROM `dt_auth_rule` [ RunTime:0.0130s ]
SQL: SELECT `condition`,`name` FROM `dt_auth_rule` WHERE `id` IN ('6','96','20','1','2','3','4','5','64','7','8','9','10','11','12','13','14','15','16','123','124','125','19','164','104','105','106','108','118','153','109','110','111','112','117','148','149','150','185','134','135','136','137','139','151','182','183','184','186','161','165','166','167','147','162','163','179','180','181','157','158','168','169','171','172','173','174','175','176','177','178') AND `type` = 1 AND `status` = 1  [ RunTime:0.0000s ]
SQL: SHOW COLUMNS FROM `dt_member_tixian` [ RunTime:0.0170s ]
SQL: SELECT COUNT(*) AS tp_count FROM dt_member_tixian a WHERE a.status = '0' LIMIT 1   [ RunTime:0.0010s ]
SQL: SELECT SUM(price) AS tp_sum FROM dt_member_tixian a WHERE a.status = '0' LIMIT 1   [ RunTime:0.0000s ]
SQL: SELECT SUM(actual_price) AS tp_sum FROM dt_member_tixian a WHERE a.status = '0' LIMIT 1   [ RunTime:0.0000s ]
NOTIC: [2048] Only variables should be passed by reference D:\wwwroot\bptx\ThinkPHP\Library\Think\Db\Driver.class.php 第 769 行.
SQL: SELECT a.*,c.nickname,c.phone,c.bank_name,c.bank_user,c.bank_number FROM dt_member_tixian a left JOIN dt_member as c on a.member_id = c.id  WHERE a.status = '0' ORDER BY a.id desc LIMIT 0,20   [ RunTime:0.0040s ]
SQL: SELECT count(id) as total,`status` FROM `dt_member_tixian` GROUP BY status  [ RunTime:0.0040s ]
INFO: [ view_parse ] --START--
INFO: [ template_filter ] --START--
INFO: Run Behavior\ContentReplaceBehavior [ RunTime:0.000000s ]
INFO: [ template_filter ] --END-- [ RunTime:0.000000s ]
NOTIC: [8] Undefined index: start_date D:\wwwroot\bptx\Runtime\Cache\Admin\9852fab6ea8ecb6dbb164f204327a3e2.php 第 59 行.
NOTIC: [8] Undefined index: end_date D:\wwwroot\bptx\Runtime\Cache\Admin\9852fab6ea8ecb6dbb164f204327a3e2.php 第 60 行.
INFO: Run Behavior\ParseTemplateBehavior [ RunTime:0.026002s ]
INFO: [ view_parse ] --END-- [ RunTime:0.026002s ]
INFO: [ view_filter ] --START--
INFO: Run Behavior\WriteHtmlCacheBehavior [ RunTime:0.001000s ]
INFO: [ view_filter ] --END-- [ RunTime:0.001000s ]
INFO: [ app_end ] --START--
INFO: Run Behavior\ShowPageTraceBehavior [ RunTime:0.001000s ]
INFO: [ app_end ] --END-- [ RunTime:0.002000s ]

[ 2019-07-04T15:23:01+08:00 ] 127.0.0.1 /index.php/Admin/Task/index.html
INFO: [ app_init ] --START--
INFO: Run Behavior\BuildLiteBehavior [ RunTime:0.000000s ]
INFO: [ app_init ] --END-- [ RunTime:0.001000s ]
INFO: [ app_begin ] --START--
INFO: Run Behavior\ReadHtmlCacheBehavior [ RunTime:0.001000s ]
INFO: [ app_begin ] --END-- [ RunTime:0.001000s ]
SQL: SHOW COLUMNS FROM `dt_auth_group_access` [ RunTime:0.0050s ]
SQL: SELECT `uid`,`group_id`,`title`,`rules` FROM dt_auth_group_access a INNER JOIN dt_auth_group g on a.group_id=g.id  WHERE ( a.uid='88' and g.status='1' )  [ RunTime:0.0000s ]
SQL: SHOW COLUMNS FROM `dt_auth_rule` [ RunTime:0.0050s ]
SQL: SELECT `condition`,`name` FROM `dt_auth_rule` WHERE `id` IN ('6','96','20','1','2','3','4','5','64','7','8','9','10','11','12','13','14','15','16','123','124','125','19','164','104','105','106','108','118','153','109','110','111','112','117','148','149','150','185','134','135','136','137','139','151','182','183','184','186','161','165','166','167','147','162','163','179','180','181','157','158','168','169','171','172','173','174','175','176','177','178') AND `type` = 1 AND `status` = 1  [ RunTime:0.0000s ]
SQL: SHOW COLUMNS FROM `dt_level` [ RunTime:0.0050s ]
NOTIC: [2048] Only variables should be passed by reference D:\wwwroot\bptx\ThinkPHP\Library\Think\Db\Driver.class.php 第 769 行.
SQL: SELECT * FROM `dt_level` ORDER BY `id` asc  [ RunTime:0.0000s ]
NOTIC: [8] Undefined variable: map D:\wwwroot\bptx\Application\Common\Controller\AdminBaseController.class.php 第 112 行.
SQL: SHOW COLUMNS FROM `dt_task` [ RunTime:0.0050s ]
SQL: SELECT COUNT(*) AS tp_count FROM `dt_task` LIMIT 1   [ RunTime:0.0000s ]
NOTIC: [2048] Only variables should be passed by reference D:\wwwroot\bptx\ThinkPHP\Library\Think\Db\Driver.class.php 第 769 行.
SQL: SELECT * FROM `dt_task` ORDER BY `id` desc LIMIT 0,20   [ RunTime:0.0000s ]
INFO: [ view_parse ] --START--
INFO: [ template_filter ] --START--
INFO: Run Behavior\ContentReplaceBehavior [ RunTime:0.000000s ]
INFO: [ template_filter ] --END-- [ RunTime:0.000000s ]
NOTIC: [8] Undefined index: type D:\wwwroot\bptx\Runtime\Cache\Admin\50e054dd6e9446b43f58e54b1cb79bed.php 第 51 行.
NOTIC: [8] Undefined index: type D:\wwwroot\bptx\Runtime\Cache\Admin\50e054dd6e9446b43f58e54b1cb79bed.php 第 51 行.
NOTIC: [8] Undefined index: type D:\wwwroot\bptx\Runtime\Cache\Admin\50e054dd6e9446b43f58e54b1cb79bed.php 第 51 行.
NOTIC: [8] Undefined index: level D:\wwwroot\bptx\Runtime\Cache\Admin\50e054dd6e9446b43f58e54b1cb79bed.php 第 59 行.
NOTIC: [8] Undefined index: level D:\wwwroot\bptx\Runtime\Cache\Admin\50e054dd6e9446b43f58e54b1cb79bed.php 第 59 行.
NOTIC: [8] Undefined index: level D:\wwwroot\bptx\Runtime\Cache\Admin\50e054dd6e9446b43f58e54b1cb79bed.php 第 59 行.
NOTIC: [8] Undefined index: level D:\wwwroot\bptx\Runtime\Cache\Admin\50e054dd6e9446b43f58e54b1cb79bed.php 第 59 行.
NOTIC: [8] Undefined index: start_date D:\wwwroot\bptx\Runtime\Cache\Admin\50e054dd6e9446b43f58e54b1cb79bed.php 第 65 行.
NOTIC: [8] Undefined index: end_date D:\wwwroot\bptx\Runtime\Cache\Admin\50e054dd6e9446b43f58e54b1cb79bed.php 第 66 行.
INFO: Run Behavior\ParseTemplateBehavior [ RunTime:0.009000s ]
INFO: [ view_parse ] --END-- [ RunTime:0.009000s ]
INFO: [ view_filter ] --START--
INFO: Run Behavior\WriteHtmlCacheBehavior [ RunTime:0.001000s ]
INFO: [ view_filter ] --END-- [ RunTime:0.001000s ]
INFO: [ app_end ] --START--
INFO: Run Behavior\ShowPageTraceBehavior [ RunTime:0.001000s ]
INFO: [ app_end ] --END-- [ RunTime:0.001000s ]

[ 2019-07-04T15:23:03+08:00 ] 127.0.0.1 /index.php/Admin/TaskApply/index.html
INFO: [ app_init ] --START--
INFO: Run Behavior\BuildLiteBehavior [ RunTime:0.000000s ]
INFO: [ app_init ] --END-- [ RunTime:0.000000s ]
INFO: [ app_begin ] --START--
INFO: Run Behavior\ReadHtmlCacheBehavior [ RunTime:0.000000s ]
INFO: [ app_begin ] --END-- [ RunTime:0.000000s ]
SQL: SHOW COLUMNS FROM `dt_auth_group_access` [ RunTime:0.0060s ]
SQL: SELECT `uid`,`group_id`,`title`,`rules` FROM dt_auth_group_access a INNER JOIN dt_auth_group g on a.group_id=g.id  WHERE ( a.uid='88' and g.status='1' )  [ RunTime:0.0000s ]
SQL: SHOW COLUMNS FROM `dt_auth_rule` [ RunTime:0.0050s ]
SQL: SELECT `condition`,`name` FROM `dt_auth_rule` WHERE `id` IN ('6','96','20','1','2','3','4','5','64','7','8','9','10','11','12','13','14','15','16','123','124','125','19','164','104','105','106','108','118','153','109','110','111','112','117','148','149','150','185','134','135','136','137','139','151','182','183','184','186','161','165','166','167','147','162','163','179','180','181','157','158','168','169','171','172','173','174','175','176','177','178') AND `type` = 1 AND `status` = 1  [ RunTime:0.0000s ]
SQL: SHOW COLUMNS FROM `dt_task_apply` [ RunTime:0.0050s ]
SQL: SELECT COUNT(*) AS tp_count FROM dt_task_apply a LIMIT 1   [ RunTime:0.0000s ]
NOTIC: [2048] Only variables should be passed by reference D:\wwwroot\bptx\ThinkPHP\Library\Think\Db\Driver.class.php 第 769 行.
SQL: SELECT a.*,b.title,b.level,b.type,c.username,c.phone FROM dt_task_apply a left JOIN dt_task as b on a.task_id = b.id left JOIN dt_member as c on a.member_id = c.id  ORDER BY a.id desc LIMIT 0,100   [ RunTime:0.0020s ]
INFO: [ view_parse ] --START--
INFO: [ template_filter ] --START--
INFO: Run Behavior\ContentReplaceBehavior [ RunTime:0.000000s ]
INFO: [ template_filter ] --END-- [ RunTime:0.000000s ]
NOTIC: [8] Undefined index: status D:\wwwroot\bptx\Runtime\Cache\Admin\a02a0909f9f97a7187ac4977a5fa41bf.php 第 72 行.
NOTIC: [8] Undefined index: status D:\wwwroot\bptx\Runtime\Cache\Admin\a02a0909f9f97a7187ac4977a5fa41bf.php 第 72 行.
NOTIC: [8] Undefined index: status D:\wwwroot\bptx\Runtime\Cache\Admin\a02a0909f9f97a7187ac4977a5fa41bf.php 第 72 行.
NOTIC: [8] Undefined index: status D:\wwwroot\bptx\Runtime\Cache\Admin\a02a0909f9f97a7187ac4977a5fa41bf.php 第 72 行.
NOTIC: [8] Undefined index: status D:\wwwroot\bptx\Runtime\Cache\Admin\a02a0909f9f97a7187ac4977a5fa41bf.php 第 72 行.
NOTIC: [8] Undefined index: start_date D:\wwwroot\bptx\Runtime\Cache\Admin\a02a0909f9f97a7187ac4977a5fa41bf.php 第 78 行.
NOTIC: [8] Undefined index: end_date D:\wwwroot\bptx\Runtime\Cache\Admin\a02a0909f9f97a7187ac4977a5fa41bf.php 第 79 行.
NOTIC: [8] Undefined index: status D:\wwwroot\bptx\Runtime\Cache\Admin\a02a0909f9f97a7187ac4977a5fa41bf.php 第 91 行.
NOTIC: [8] Undefined index: status D:\wwwroot\bptx\Runtime\Cache\Admin\a02a0909f9f97a7187ac4977a5fa41bf.php 第 98 行.
NOTIC: [8] Undefined index: status D:\wwwroot\bptx\Runtime\Cache\Admin\a02a0909f9f97a7187ac4977a5fa41bf.php 第 110 行.
NOTIC: [8] Undefined index: status D:\wwwroot\bptx\Runtime\Cache\Admin\a02a0909f9f97a7187ac4977a5fa41bf.php 第 110 行.
NOTIC: [8] Undefined index: status D:\wwwroot\bptx\Runtime\Cache\Admin\a02a0909f9f97a7187ac4977a5fa41bf.php 第 110 行.
NOTIC: [8] Undefined index: status D:\wwwroot\bptx\Runtime\Cache\Admin\a02a0909f9f97a7187ac4977a5fa41bf.php 第 110 行.
NOTIC: [8] Undefined index: status D:\wwwroot\bptx\Runtime\Cache\Admin\a02a0909f9f97a7187ac4977a5fa41bf.php 第 110 行.
NOTIC: [8] Undefined index: status D:\wwwroot\bptx\Runtime\Cache\Admin\a02a0909f9f97a7187ac4977a5fa41bf.php 第 110 行.
NOTIC: [8] Undefined index: status D:\wwwroot\bptx\Runtime\Cache\Admin\a02a0909f9f97a7187ac4977a5fa41bf.php 第 110 行.
NOTIC: [8] Undefined index: status D:\wwwroot\bptx\Runtime\Cache\Admin\a02a0909f9f97a7187ac4977a5fa41bf.php 第 110 行.
NOTIC: [8] Undefined index: status D:\wwwroot\bptx\Runtime\Cache\Admin\a02a0909f9f97a7187ac4977a5fa41bf.php 第 110 行.
NOTIC: [8] Undefined index: status D:\wwwroot\bptx\Runtime\Cache\Admin\a02a0909f9f97a7187ac4977a5fa41bf.php 第 110 行.
NOTIC: [8] Undefined index: status D:\wwwroot\bptx\Runtime\Cache\Admin\a02a0909f9f97a7187ac4977a5fa41bf.php 第 110 行.
NOTIC: [8] Undefined index: status D:\wwwroot\bptx\Runtime\Cache\Admin\a02a0909f9f97a7187ac4977a5fa41bf.php 第 110 行.
NOTIC: [8] Undefined index: status D:\wwwroot\bptx\Runtime\Cache\Admin\a02a0909f9f97a7187ac4977a5fa41bf.php 第 110 行.
NOTIC: [8] Undefined index: status D:\wwwroot\bptx\Runtime\Cache\Admin\a02a0909f9f97a7187ac4977a5fa41bf.php 第 110 行.
NOTIC: [8] Undefined index: status D:\wwwroot\bptx\Runtime\Cache\Admin\a02a0909f9f97a7187ac4977a5fa41bf.php 第 110 行.
NOTIC: [8] Undefined index: status D:\wwwroot\bptx\Runtime\Cache\Admin\a02a0909f9f97a7187ac4977a5fa41bf.php 第 110 行.
NOTIC: [8] Undefined index: status D:\wwwroot\bptx\Runtime\Cache\Admin\a02a0909f9f97a7187ac4977a5fa41bf.php 第 110 行.
NOTIC: [8] Undefined index: status D:\wwwroot\bptx\Runtime\Cache\Admin\a02a0909f9f97a7187ac4977a5fa41bf.php 第 110 行.
NOTIC: [8] Undefined index: status D:\wwwroot\bptx\Runtime\Cache\Admin\a02a0909f9f97a7187ac4977a5fa41bf.php 第 110 行.
NOTIC: [8] Undefined index: status D:\wwwroot\bptx\Runtime\Cache\Admin\a02a0909f9f97a7187ac4977a5fa41bf.php 第 110 行.
NOTIC: [8] Undefined index: status D:\wwwroot\bptx\Runtime\Cache\Admin\a02a0909f9f97a7187ac4977a5fa41bf.php 第 110 行.
NOTIC: [8] Undefined index: status D:\wwwroot\bptx\Runtime\Cache\Admin\a02a0909f9f97a7187ac4977a5fa41bf.php 第 110 行.
NOTIC: [8] Undefined index: status D:\wwwroot\bptx\Runtime\Cache\Admin\a02a0909f9f97a7187ac4977a5fa41bf.php 第 110 行.
NOTIC: [8] Undefined index: status D:\wwwroot\bptx\Runtime\Cache\Admin\a02a0909f9f97a7187ac4977a5fa41bf.php 第 110 行.
NOTIC: [8] Undefined index: status D:\wwwroot\bptx\Runtime\Cache\Admin\a02a0909f9f97a7187ac4977a5fa41bf.php 第 110 行.
NOTIC: [8] Undefined index: status D:\wwwroot\bptx\Runtime\Cache\Admin\a02a0909f9f97a7187ac4977a5fa41bf.php 第 110 行.
NOTIC: [8] Undefined index: status D:\wwwroot\bptx\Runtime\Cache\Admin\a02a0909f9f97a7187ac4977a5fa41bf.php 第 110 行.
NOTIC: [8] Undefined index: status D:\wwwroot\bptx\Runtime\Cache\Admin\a02a0909f9f97a7187ac4977a5fa41bf.php 第 110 行.
NOTIC: [8] Undefined index: status D:\wwwroot\bptx\Runtime\Cache\Admin\a02a0909f9f97a7187ac4977a5fa41bf.php 第 110 行.
NOTIC: [8] Undefined index: status D:\wwwroot\bptx\Runtime\Cache\Admin\a02a0909f9f97a7187ac4977a5fa41bf.php 第 110 行.
NOTIC: [8] Undefined index: status D:\wwwroot\bptx\Runtime\Cache\Admin\a02a0909f9f97a7187ac4977a5fa41bf.php 第 110 行.
NOTIC: [8] Undefined index: status D:\wwwroot\bptx\Runtime\Cache\Admin\a02a0909f9f97a7187ac4977a5fa41bf.php 第 110 行.
NOTIC: [8] Undefined index: status D:\wwwroot\bptx\Runtime\Cache\Admin\a02a0909f9f97a7187ac4977a5fa41bf.php 第 110 行.
NOTIC: [8] Undefined index: status D:\wwwroot\bptx\Runtime\Cache\Admin\a02a0909f9f97a7187ac4977a5fa41bf.php 第 110 行.
NOTIC: [8] Undefined index: status D:\wwwroot\bptx\Runtime\Cache\Admin\a02a0909f9f97a7187ac4977a5fa41bf.php 第 110 行.
NOTIC: [8] Undefined index: status D:\wwwroot\bptx\Runtime\Cache\Admin\a02a0909f9f97a7187ac4977a5fa41bf.php 第 110 行.
NOTIC: [8] Undefined index: status D:\wwwroot\bptx\Runtime\Cache\Admin\a02a0909f9f97a7187ac4977a5fa41bf.php 第 110 行.
NOTIC: [8] Undefined index: status D:\wwwroot\bptx\Runtime\Cache\Admin\a02a0909f9f97a7187ac4977a5fa41bf.php 第 110 行.
NOTIC: [8] Undefined index: status D:\wwwroot\bptx\Runtime\Cache\Admin\a02a0909f9f97a7187ac4977a5fa41bf.php 第 110 行.
NOTIC: [8] Undefined index: status D:\wwwroot\bptx\Runtime\Cache\Admin\a02a0909f9f97a7187ac4977a5fa41bf.php 第 110 行.
NOTIC: [8] Undefined index: status D:\wwwroot\bptx\Runtime\Cache\Admin\a02a0909f9f97a7187ac4977a5fa41bf.php 第 110 行.
NOTIC: [8] Undefined index: status D:\wwwroot\bptx\Runtime\Cache\Admin\a02a0909f9f97a7187ac4977a5fa41bf.php 第 110 行.
NOTIC: [8] Undefined index: status D:\wwwroot\bptx\Runtime\Cache\Admin\a02a0909f9f97a7187ac4977a5fa41bf.php 第 110 行.
NOTIC: [8] Undefined index: status D:\wwwroot\bptx\Runtime\Cache\Admin\a02a0909f9f97a7187ac4977a5fa41bf.php 第 110 行.
NOTIC: [8] Undefined index: status D:\wwwroot\bptx\Runtime\Cache\Admin\a02a0909f9f97a7187ac4977a5fa41bf.php 第 110 行.
NOTIC: [8] Undefined index: status D:\wwwroot\bptx\Runtime\Cache\Admin\a02a0909f9f97a7187ac4977a5fa41bf.php 第 110 行.
NOTIC: [8] Undefined index: status D:\wwwroot\bptx\Runtime\Cache\Admin\a02a0909f9f97a7187ac4977a5fa41bf.php 第 110 行.
NOTIC: [8] Undefined index: status D:\wwwroot\bptx\Runtime\Cache\Admin\a02a0909f9f97a7187ac4977a5fa41bf.php 第 110 行.
NOTIC: [8] Undefined index: status D:\wwwroot\bptx\Runtime\Cache\Admin\a02a0909f9f97a7187ac4977a5fa41bf.php 第 110 行.
NOTIC: [8] Undefined index: status D:\wwwroot\bptx\Runtime\Cache\Admin\a02a0909f9f97a7187ac4977a5fa41bf.php 第 110 行.
NOTIC: [8] Undefined index: status D:\wwwroot\bptx\Runtime\Cache\Admin\a02a0909f9f97a7187ac4977a5fa41bf.php 第 110 行.
NOTIC: [8] Undefined index: status D:\wwwroot\bptx\Runtime\Cache\Admin\a02a0909f9f97a7187ac4977a5fa41bf.php 第 110 行.
NOTIC: [8] Undefined index: status D:\wwwroot\bptx\Runtime\Cache\Admin\a02a0909f9f97a7187ac4977a5fa41bf.php 第 110 行.
NOTIC: [8] Undefined index: status D:\wwwroot\bptx\Runtime\Cache\Admin\a02a0909f9f97a7187ac4977a5fa41bf.php 第 110 行.
NOTIC: [8] Undefined index: status D:\wwwroot\bptx\Runtime\Cache\Admin\a02a0909f9f97a7187ac4977a5fa41bf.php 第 110 行.
NOTIC: [8] Undefined index: status D:\wwwroot\bptx\Runtime\Cache\Admin\a02a0909f9f97a7187ac4977a5fa41bf.php 第 110 行.
NOTIC: [8] Undefined index: status D:\wwwroot\bptx\Runtime\Cache\Admin\a02a0909f9f97a7187ac4977a5fa41bf.php 第 110 行.
NOTIC: [8] Undefined index: status D:\wwwroot\bptx\Runtime\Cache\Admin\a02a0909f9f97a7187ac4977a5fa41bf.php 第 110 行.
NOTIC: [8] Undefined index: status D:\wwwroot\bptx\Runtime\Cache\Admin\a02a0909f9f97a7187ac4977a5fa41bf.php 第 110 行.
NOTIC: [8] Undefined index: status D:\wwwroot\bptx\Runtime\Cache\Admin\a02a0909f9f97a7187ac4977a5fa41bf.php 第 110 行.
NOTIC: [8] Undefined index: status D:\wwwroot\bptx\Runtime\Cache\Admin\a02a0909f9f97a7187ac4977a5fa41bf.php 第 110 行.
NOTIC: [8] Undefined index: status D:\wwwroot\bptx\Runtime\Cache\Admin\a02a0909f9f97a7187ac4977a5fa41bf.php 第 110 行.
NOTIC: [8] Undefined index: status D:\wwwroot\bptx\Runtime\Cache\Admin\a02a0909f9f97a7187ac4977a5fa41bf.php 第 110 行.
NOTIC: [8] Undefined index: status D:\wwwroot\bptx\Runtime\Cache\Admin\a02a0909f9f97a7187ac4977a5fa41bf.php 第 110 行.
NOTIC: [8] Undefined index: status D:\wwwroot\bptx\Runtime\Cache\Admin\a02a0909f9f97a7187ac4977a5fa41bf.php 第 110 行.
NOTIC: [8] Undefined index: status D:\wwwroot\bptx\Runtime\Cache\Admin\a02a0909f9f97a7187ac4977a5fa41bf.php 第 110 行.
NOTIC: [8] Undefined index: status D:\wwwroot\bptx\Runtime\Cache\Admin\a02a0909f9f97a7187ac4977a5fa41bf.php 第 110 行.
NOTIC: [8] Undefined index: status D:\wwwroot\bptx\Runtime\Cache\Admin\a02a0909f9f97a7187ac4977a5fa41bf.php 第 110 行.
NOTIC: [8] Undefined index: status D:\wwwroot\bptx\Runtime\Cache\Admin\a02a0909f9f97a7187ac4977a5fa41bf.php 第 110 行.
NOTIC: [8] Undefined index: status D:\wwwroot\bptx\Runtime\Cache\Admin\a02a0909f9f97a7187ac4977a5fa41bf.php 第 110 行.
NOTIC: [8] Undefined index: status D:\wwwroot\bptx\Runtime\Cache\Admin\a02a0909f9f97a7187ac4977a5fa41bf.php 第 110 行.
NOTIC: [8] Undefined index: status D:\wwwroot\bptx\Runtime\Cache\Admin\a02a0909f9f97a7187ac4977a5fa41bf.php 第 110 行.
NOTIC: [8] Undefined index: status D:\wwwroot\bptx\Runtime\Cache\Admin\a02a0909f9f97a7187ac4977a5fa41bf.php 第 110 行.
NOTIC: [8] Undefined index: status D:\wwwroot\bptx\Runtime\Cache\Admin\a02a0909f9f97a7187ac4977a5fa41bf.php 第 110 行.
NOTIC: [8] Undefined index: status D:\wwwroot\bptx\Runtime\Cache\Admin\a02a0909f9f97a7187ac4977a5fa41bf.php 第 110 行.
NOTIC: [8] Undefined index: status D:\wwwroot\bptx\Runtime\Cache\Admin\a02a0909f9f97a7187ac4977a5fa41bf.php 第 110 行.
NOTIC: [8] Undefined index: status D:\wwwroot\bptx\Runtime\Cache\Admin\a02a0909f9f97a7187ac4977a5fa41bf.php 第 110 行.
NOTIC: [8] Undefined index: status D:\wwwroot\bptx\Runtime\Cache\Admin\a02a0909f9f97a7187ac4977a5fa41bf.php 第 110 行.
NOTIC: [8] Undefined index: status D:\wwwroot\bptx\Runtime\Cache\Admin\a02a0909f9f97a7187ac4977a5fa41bf.php 第 110 行.
NOTIC: [8] Undefined index: status D:\wwwroot\bptx\Runtime\Cache\Admin\a02a0909f9f97a7187ac4977a5fa41bf.php 第 110 行.
NOTIC: [8] Undefined index: status D:\wwwroot\bptx\Runtime\Cache\Admin\a02a0909f9f97a7187ac4977a5fa41bf.php 第 110 行.
NOTIC: [8] Undefined index: status D:\wwwroot\bptx\Runtime\Cache\Admin\a02a0909f9f97a7187ac4977a5fa41bf.php 第 110 行.
NOTIC: [8] Undefined index: status D:\wwwroot\bptx\Runtime\Cache\Admin\a02a0909f9f97a7187ac4977a5fa41bf.php 第 110 行.
NOTIC: [8] Undefined index: status D:\wwwroot\bptx\Runtime\Cache\Admin\a02a0909f9f97a7187ac4977a5fa41bf.php 第 110 行.
NOTIC: [8] Undefined index: status D:\wwwroot\bptx\Runtime\Cache\Admin\a02a0909f9f97a7187ac4977a5fa41bf.php 第 110 行.
NOTIC: [8] Undefined index: status D:\wwwroot\bptx\Runtime\Cache\Admin\a02a0909f9f97a7187ac4977a5fa41bf.php 第 110 行.
NOTIC: [8] Undefined index: status D:\wwwroot\bptx\Runtime\Cache\Admin\a02a0909f9f97a7187ac4977a5fa41bf.php 第 110 行.
NOTIC: [8] Undefined index: status D:\wwwroot\bptx\Runtime\Cache\Admin\a02a0909f9f97a7187ac4977a5fa41bf.php 第 110 行.
NOTIC: [8] Undefined index: status D:\wwwroot\bptx\Runtime\Cache\Admin\a02a0909f9f97a7187ac4977a5fa41bf.php 第 110 行.
NOTIC: [8] Undefined index: status D:\wwwroot\bptx\Runtime\Cache\Admin\a02a0909f9f97a7187ac4977a5fa41bf.php 第 110 行.
NOTIC: [8] Undefined index: status D:\wwwroot\bptx\Runtime\Cache\Admin\a02a0909f9f97a7187ac4977a5fa41bf.php 第 110 行.
NOTIC: [8] Undefined index: status D:\wwwroot\bptx\Runtime\Cache\Admin\a02a0909f9f97a7187ac4977a5fa41bf.php 第 110 行.
NOTIC: [8] Undefined index: status D:\wwwroot\bptx\Runtime\Cache\Admin\a02a0909f9f97a7187ac4977a5fa41bf.php 第 110 行.
NOTIC: [8] Undefined index: status D:\wwwroot\bptx\Runtime\Cache\Admin\a02a0909f9f97a7187ac4977a5fa41bf.php 第 110 行.
NOTIC: [8] Undefined index: status D:\wwwroot\bptx\Runtime\Cache\Admin\a02a0909f9f97a7187ac4977a5fa41bf.php 第 110 行.
NOTIC: [8] Undefined index: status D:\wwwroot\bptx\Runtime\Cache\Admin\a02a0909f9f97a7187ac4977a5fa41bf.php 第 110 行.
NOTIC: [8] Undefined index: status D:\wwwroot\bptx\Runtime\Cache\Admin\a02a0909f9f97a7187ac4977a5fa41bf.php 第 110 行.
NOTIC: [8] Undefined index: status D:\wwwroot\bptx\Runtime\Cache\Admin\a02a0909f9f97a7187ac4977a5fa41bf.php 第 110 行.
NOTIC: [8] Undefined index: status D:\wwwroot\bptx\Runtime\Cache\Admin\a02a0909f9f97a7187ac4977a5fa41bf.php 第 110 行.
NOTIC: [8] Undefined index: status D:\wwwroot\bptx\Runtime\Cache\Admin\a02a0909f9f97a7187ac4977a5fa41bf.php 第 110 行.
INFO: Run Behavior\ParseTemplateBehavior [ RunTime:0.013001s ]
INFO: [ view_parse ] --END-- [ RunTime:0.013001s ]
INFO: [ view_filter ] --START--
INFO: Run Behavior\WriteHtmlCacheBehavior [ RunTime:0.000000s ]
INFO: [ view_filter ] --END-- [ RunTime:0.000000s ]
INFO: [ app_end ] --START--
INFO: Run Behavior\ShowPageTraceBehavior [ RunTime:0.001000s ]
INFO: [ app_end ] --END-- [ RunTime:0.001000s ]

[ 2019-07-04T15:23:04+08:00 ] 127.0.0.1 /index.php/Admin/Advert/index.html
INFO: [ app_init ] --START--
INFO: Run Behavior\BuildLiteBehavior [ RunTime:0.000000s ]
INFO: [ app_init ] --END-- [ RunTime:0.000000s ]
INFO: [ app_begin ] --START--
INFO: Run Behavior\ReadHtmlCacheBehavior [ RunTime:0.001000s ]
INFO: [ app_begin ] --END-- [ RunTime:0.001000s ]
SQL: SHOW COLUMNS FROM `dt_auth_group_access` [ RunTime:0.0050s ]
SQL: SELECT `uid`,`group_id`,`title`,`rules` FROM dt_auth_group_access a INNER JOIN dt_auth_group g on a.group_id=g.id  WHERE ( a.uid='88' and g.status='1' )  [ RunTime:0.0000s ]
SQL: SHOW COLUMNS FROM `dt_auth_rule` [ RunTime:0.0050s ]
SQL: SELECT `condition`,`name` FROM `dt_auth_rule` WHERE `id` IN ('6','96','20','1','2','3','4','5','64','7','8','9','10','11','12','13','14','15','16','123','124','125','19','164','104','105','106','108','118','153','109','110','111','112','117','148','149','150','185','134','135','136','137','139','151','182','183','184','186','161','165','166','167','147','162','163','179','180','181','157','158','168','169','171','172','173','174','175','176','177','178') AND `type` = 1 AND `status` = 1  [ RunTime:0.0000s ]
NOTIC: [8] Undefined variable: map D:\wwwroot\bptx\Application\Common\Controller\AdminBaseController.class.php 第 112 行.
SQL: SHOW COLUMNS FROM `dt_advert` [ RunTime:0.0060s ]
SQL: SELECT COUNT(*) AS tp_count FROM `dt_advert` LIMIT 1   [ RunTime:0.0000s ]
NOTIC: [2048] Only variables should be passed by reference D:\wwwroot\bptx\ThinkPHP\Library\Think\Db\Driver.class.php 第 769 行.
NOTIC: [2048] Only variables should be passed by reference D:\wwwroot\bptx\ThinkPHP\Library\Think\Db\Driver.class.php 第 769 行.
NOTIC: [2048] Only variables should be passed by reference D:\wwwroot\bptx\ThinkPHP\Library\Think\Db\Driver.class.php 第 769 行.
SQL: SELECT * FROM `dt_advert` ORDER BY `cid` asc,`sort` asc,`id` asc LIMIT 0,100   [ RunTime:0.0000s ]
INFO: [ view_parse ] --START--
INFO: [ template_filter ] --START--
INFO: Run Behavior\ContentReplaceBehavior [ RunTime:0.000000s ]
INFO: [ template_filter ] --END-- [ RunTime:0.000000s ]
NOTIC: [8] Undefined index: cid D:\wwwroot\bptx\Runtime\Cache\Admin\afbfe53b6431faf8902203e27aacdcf2.php 第 52 行.
NOTIC: [8] Undefined index: cid D:\wwwroot\bptx\Runtime\Cache\Admin\afbfe53b6431faf8902203e27aacdcf2.php 第 52 行.
NOTIC: [8] Undefined index: cid D:\wwwroot\bptx\Runtime\Cache\Admin\afbfe53b6431faf8902203e27aacdcf2.php 第 52 行.
INFO: Run Behavior\ParseTemplateBehavior [ RunTime:0.009001s ]
INFO: [ view_parse ] --END-- [ RunTime:0.009001s ]
INFO: [ view_filter ] --START--
INFO: Run Behavior\WriteHtmlCacheBehavior [ RunTime:0.001000s ]
INFO: [ view_filter ] --END-- [ RunTime:0.001000s ]
INFO: [ app_end ] --START--
INFO: Run Behavior\ShowPageTraceBehavior [ RunTime:0.000000s ]
INFO: [ app_end ] --END-- [ RunTime:0.000000s ]

[ 2019-07-04T15:23:04+08:00 ] 127.0.0.1 /index.php/Admin/Advert/index.html
INFO: [ app_init ] --START--
INFO: Run Behavior\BuildLiteBehavior [ RunTime:0.000000s ]
INFO: [ app_init ] --END-- [ RunTime:0.000000s ]
INFO: [ app_begin ] --START--
INFO: Run Behavior\ReadHtmlCacheBehavior [ RunTime:0.000000s ]
INFO: [ app_begin ] --END-- [ RunTime:0.000000s ]
SQL: SHOW COLUMNS FROM `dt_auth_group_access` [ RunTime:0.0060s ]
SQL: SELECT `uid`,`group_id`,`title`,`rules` FROM dt_auth_group_access a INNER JOIN dt_auth_group g on a.group_id=g.id  WHERE ( a.uid='88' and g.status='1' )  [ RunTime:0.0000s ]
SQL: SHOW COLUMNS FROM `dt_auth_rule` [ RunTime:0.0050s ]
SQL: SELECT `condition`,`name` FROM `dt_auth_rule` WHERE `id` IN ('6','96','20','1','2','3','4','5','64','7','8','9','10','11','12','13','14','15','16','123','124','125','19','164','104','105','106','108','118','153','109','110','111','112','117','148','149','150','185','134','135','136','137','139','151','182','183','184','186','161','165','166','167','147','162','163','179','180','181','157','158','168','169','171','172','173','174','175','176','177','178') AND `type` = 1 AND `status` = 1  [ RunTime:0.0000s ]
NOTIC: [8] Undefined variable: map D:\wwwroot\bptx\Application\Common\Controller\AdminBaseController.class.php 第 112 行.
SQL: SHOW COLUMNS FROM `dt_advert` [ RunTime:0.0060s ]
SQL: SELECT COUNT(*) AS tp_count FROM `dt_advert` LIMIT 1   [ RunTime:0.0000s ]
NOTIC: [2048] Only variables should be passed by reference D:\wwwroot\bptx\ThinkPHP\Library\Think\Db\Driver.class.php 第 769 行.
NOTIC: [2048] Only variables should be passed by reference D:\wwwroot\bptx\ThinkPHP\Library\Think\Db\Driver.class.php 第 769 行.
NOTIC: [2048] Only variables should be passed by reference D:\wwwroot\bptx\ThinkPHP\Library\Think\Db\Driver.class.php 第 769 行.
SQL: SELECT * FROM `dt_advert` ORDER BY `cid` asc,`sort` asc,`id` asc LIMIT 0,100   [ RunTime:0.0000s ]
INFO: [ view_parse ] --START--
INFO: [ template_filter ] --START--
INFO: Run Behavior\ContentReplaceBehavior [ RunTime:0.000000s ]
INFO: [ template_filter ] --END-- [ RunTime:0.000000s ]
NOTIC: [8] Undefined index: cid D:\wwwroot\bptx\Runtime\Cache\Admin\afbfe53b6431faf8902203e27aacdcf2.php 第 52 行.
NOTIC: [8] Undefined index: cid D:\wwwroot\bptx\Runtime\Cache\Admin\afbfe53b6431faf8902203e27aacdcf2.php 第 52 行.
NOTIC: [8] Undefined index: cid D:\wwwroot\bptx\Runtime\Cache\Admin\afbfe53b6431faf8902203e27aacdcf2.php 第 52 行.
INFO: Run Behavior\ParseTemplateBehavior [ RunTime:0.010001s ]
INFO: [ view_parse ] --END-- [ RunTime:0.010001s ]
INFO: [ view_filter ] --START--
INFO: Run Behavior\WriteHtmlCacheBehavior [ RunTime:0.000000s ]
INFO: [ view_filter ] --END-- [ RunTime:0.000000s ]
INFO: [ app_end ] --START--
INFO: Run Behavior\ShowPageTraceBehavior [ RunTime:0.001000s ]
INFO: [ app_end ] --END-- [ RunTime:0.001000s ]

[ 2019-07-04T15:23:05+08:00 ] 127.0.0.1 /index.php/Admin/Rule/admin_user_list.html
INFO: [ app_init ] --START--
INFO: Run Behavior\BuildLiteBehavior [ RunTime:0.000000s ]
INFO: [ app_init ] --END-- [ RunTime:0.001001s ]
INFO: [ app_begin ] --START--
INFO: Run Behavior\ReadHtmlCacheBehavior [ RunTime:0.000000s ]
INFO: [ app_begin ] --END-- [ RunTime:0.000000s ]
SQL: SHOW COLUMNS FROM `dt_auth_group_access` [ RunTime:0.0050s ]
SQL: SELECT `uid`,`group_id`,`title`,`rules` FROM dt_auth_group_access a INNER JOIN dt_auth_group g on a.group_id=g.id  WHERE ( a.uid='88' and g.status='1' )  [ RunTime:0.0000s ]
SQL: SHOW COLUMNS FROM `dt_auth_rule` [ RunTime:0.0050s ]
SQL: SELECT `condition`,`name` FROM `dt_auth_rule` WHERE `id` IN ('6','96','20','1','2','3','4','5','64','7','8','9','10','11','12','13','14','15','16','123','124','125','19','164','104','105','106','108','118','153','109','110','111','112','117','148','149','150','185','134','135','136','137','139','151','182','183','184','186','161','165','166','167','147','162','163','179','180','181','157','158','168','169','171','172','173','174','175','176','177','178') AND `type` = 1 AND `status` = 1  [ RunTime:0.0000s ]
SQL: SHOW COLUMNS FROM `dt_auth_group_access` [ RunTime:0.0050s ]
SQL: SELECT u.id,u.username,u.email,aga.group_id,ag.title FROM dt_auth_group_access aga RIGHT JOIN dt_users u ON aga.uid=u.id LEFT JOIN dt_auth_group ag ON aga.group_id=ag.id   [ RunTime:0.0010s ]
INFO: [ view_parse ] --START--
INFO: [ template_filter ] --START--
INFO: Run Behavior\ContentReplaceBehavior [ RunTime:0.001000s ]
INFO: [ template_filter ] --END-- [ RunTime:0.001000s ]
INFO: Run Behavior\ParseTemplateBehavior [ RunTime:0.006000s ]
INFO: [ view_parse ] --END-- [ RunTime:0.006000s ]
INFO: [ view_filter ] --START--
INFO: Run Behavior\WriteHtmlCacheBehavior [ RunTime:0.000000s ]
INFO: [ view_filter ] --END-- [ RunTime:0.000000s ]
INFO: [ app_end ] --START--
INFO: Run Behavior\ShowPageTraceBehavior [ RunTime:0.000000s ]
INFO: [ app_end ] --END-- [ RunTime:0.000000s ]

[ 2019-07-04T15:23:06+08:00 ] 127.0.0.1 /index.php/Admin/Page/index.html
INFO: [ app_init ] --START--
INFO: Run Behavior\BuildLiteBehavior [ RunTime:0.000000s ]
INFO: [ app_init ] --END-- [ RunTime:0.001001s ]
INFO: [ app_begin ] --START--
INFO: Run Behavior\ReadHtmlCacheBehavior [ RunTime:0.001000s ]
INFO: [ app_begin ] --END-- [ RunTime:0.001000s ]
SQL: SHOW COLUMNS FROM `dt_auth_group_access` [ RunTime:0.0060s ]
SQL: SELECT `uid`,`group_id`,`title`,`rules` FROM dt_auth_group_access a INNER JOIN dt_auth_group g on a.group_id=g.id  WHERE ( a.uid='88' and g.status='1' )  [ RunTime:0.0010s ]
SQL: SHOW COLUMNS FROM `dt_auth_rule` [ RunTime:0.0050s ]
SQL: SELECT `condition`,`name` FROM `dt_auth_rule` WHERE `id` IN ('6','96','20','1','2','3','4','5','64','7','8','9','10','11','12','13','14','15','16','123','124','125','19','164','104','105','106','108','118','153','109','110','111','112','117','148','149','150','185','134','135','136','137','139','151','182','183','184','186','161','165','166','167','147','162','163','179','180','181','157','158','168','169','171','172','173','174','175','176','177','178') AND `type` = 1 AND `status` = 1  [ RunTime:0.0000s ]
NOTIC: [8] Undefined variable: map D:\wwwroot\bptx\Application\Common\Controller\AdminBaseController.class.php 第 112 行.
SQL: SHOW COLUMNS FROM `dt_page` [ RunTime:0.0060s ]
SQL: SELECT COUNT(*) AS tp_count FROM `dt_page` LIMIT 1   [ RunTime:0.0000s ]
NOTIC: [2048] Only variables should be passed by reference D:\wwwroot\bptx\ThinkPHP\Library\Think\Db\Driver.class.php 第 769 行.
NOTIC: [2048] Only variables should be passed by reference D:\wwwroot\bptx\ThinkPHP\Library\Think\Db\Driver.class.php 第 769 行.
SQL: SELECT * FROM `dt_page` ORDER BY `sort` asc,`id` asc LIMIT 0,20   [ RunTime:0.0000s ]
INFO: [ view_parse ] --START--
INFO: [ template_filter ] --START--
INFO: Run Behavior\ContentReplaceBehavior [ RunTime:0.000000s ]
INFO: [ template_filter ] --END-- [ RunTime:0.000000s ]
INFO: Run Behavior\ParseTemplateBehavior [ RunTime:0.008001s ]
INFO: [ view_parse ] --END-- [ RunTime:0.008001s ]
INFO: [ view_filter ] --START--
INFO: Run Behavior\WriteHtmlCacheBehavior [ RunTime:0.001000s ]
INFO: [ view_filter ] --END-- [ RunTime:0.001000s ]
INFO: [ app_end ] --START--
INFO: Run Behavior\ShowPageTraceBehavior [ RunTime:0.000000s ]
INFO: [ app_end ] --END-- [ RunTime:0.000000s ]

[ 2019-07-04T15:23:11+08:00 ] 127.0.0.1 /index.php/Admin/Page/handle/id/6.html
INFO: [ app_init ] --START--
INFO: Run Behavior\BuildLiteBehavior [ RunTime:0.000000s ]
INFO: [ app_init ] --END-- [ RunTime:0.001000s ]
INFO: [ app_begin ] --START--
INFO: Run Behavior\ReadHtmlCacheBehavior [ RunTime:0.000000s ]
INFO: [ app_begin ] --END-- [ RunTime:0.000000s ]
SQL: SHOW COLUMNS FROM `dt_auth_group_access` [ RunTime:0.0060s ]
SQL: SELECT `uid`,`group_id`,`title`,`rules` FROM dt_auth_group_access a INNER JOIN dt_auth_group g on a.group_id=g.id  WHERE ( a.uid='88' and g.status='1' )  [ RunTime:0.0000s ]
SQL: SHOW COLUMNS FROM `dt_auth_rule` [ RunTime:0.0070s ]
SQL: SELECT `condition`,`name` FROM `dt_auth_rule` WHERE `id` IN ('6','96','20','1','2','3','4','5','64','7','8','9','10','11','12','13','14','15','16','123','124','125','19','164','104','105','106','108','118','153','109','110','111','112','117','148','149','150','185','134','135','136','137','139','151','182','183','184','186','161','165','166','167','147','162','163','179','180','181','157','158','168','169','171','172','173','174','175','176','177','178') AND `type` = 1 AND `status` = 1  [ RunTime:0.0000s ]
SQL: SHOW COLUMNS FROM `dt_page` [ RunTime:0.0050s ]
SQL: SELECT * FROM `dt_page` WHERE `id` = 6 LIMIT 1   [ RunTime:0.0010s ]
INFO: [ view_parse ] --START--
INFO: [ template_filter ] --START--
INFO: Run Behavior\ContentReplaceBehavior [ RunTime:0.001000s ]
INFO: [ template_filter ] --END-- [ RunTime:0.001000s ]
NOTIC: [8] Undefined index: time D:\wwwroot\bptx\Runtime\Cache\Admin\5e0e70ee33e758d75f07da4903396aa6.php 第 98 行.
INFO: Run Behavior\ParseTemplateBehavior [ RunTime:0.009001s ]
INFO: [ view_parse ] --END-- [ RunTime:0.009001s ]
INFO: [ view_filter ] --START--
INFO: Run Behavior\WriteHtmlCacheBehavior [ RunTime:0.001000s ]
INFO: [ view_filter ] --END-- [ RunTime:0.001000s ]
INFO: [ app_end ] --START--
INFO: Run Behavior\ShowPageTraceBehavior [ RunTime:0.001000s ]
INFO: [ app_end ] --END-- [ RunTime:0.002000s ]

[ 2019-07-04T15:23:14+08:00 ] 127.0.0.1 /index.php/Admin/Page/handle/id/10.html
INFO: [ app_init ] --START--
INFO: Run Behavior\BuildLiteBehavior [ RunTime:0.000000s ]
INFO: [ app_init ] --END-- [ RunTime:0.000000s ]
INFO: [ app_begin ] --START--
INFO: Run Behavior\ReadHtmlCacheBehavior [ RunTime:0.002000s ]
INFO: [ app_begin ] --END-- [ RunTime:0.002000s ]
SQL: SHOW COLUMNS FROM `dt_auth_group_access` [ RunTime:0.0080s ]
SQL: SELECT `uid`,`group_id`,`title`,`rules` FROM dt_auth_group_access a INNER JOIN dt_auth_group g on a.group_id=g.id  WHERE ( a.uid='88' and g.status='1' )  [ RunTime:0.0000s ]
SQL: SHOW COLUMNS FROM `dt_auth_rule` [ RunTime:0.0070s ]
SQL: SELECT `condition`,`name` FROM `dt_auth_rule` WHERE `id` IN ('6','96','20','1','2','3','4','5','64','7','8','9','10','11','12','13','14','15','16','123','124','125','19','164','104','105','106','108','118','153','109','110','111','112','117','148','149','150','185','134','135','136','137','139','151','182','183','184','186','161','165','166','167','147','162','163','179','180','181','157','158','168','169','171','172','173','174','175','176','177','178') AND `type` = 1 AND `status` = 1  [ RunTime:0.0000s ]
SQL: SHOW COLUMNS FROM `dt_page` [ RunTime:0.0060s ]
SQL: SELECT * FROM `dt_page` WHERE `id` = 10 LIMIT 1   [ RunTime:0.0000s ]
INFO: [ view_parse ] --START--
INFO: [ template_filter ] --START--
INFO: Run Behavior\ContentReplaceBehavior [ RunTime:0.000000s ]
INFO: [ template_filter ] --END-- [ RunTime:0.000000s ]
NOTIC: [8] Undefined index: time D:\wwwroot\bptx\Runtime\Cache\Admin\5e0e70ee33e758d75f07da4903396aa6.php 第 98 行.
INFO: Run Behavior\ParseTemplateBehavior [ RunTime:0.008000s ]
INFO: [ view_parse ] --END-- [ RunTime:0.008000s ]
INFO: [ view_filter ] --START--
INFO: Run Behavior\WriteHtmlCacheBehavior [ RunTime:0.000000s ]
INFO: [ view_filter ] --END-- [ RunTime:0.000000s ]
INFO: [ app_end ] --START--
INFO: Run Behavior\ShowPageTraceBehavior [ RunTime:0.001000s ]
INFO: [ app_end ] --END-- [ RunTime:0.001000s ]

[ 2019-07-04T15:23:19+08:00 ] 127.0.0.1 /index.php/Admin/Page/handle.html
INFO: [ app_init ] --START--
INFO: Run Behavior\BuildLiteBehavior [ RunTime:0.000000s ]
INFO: [ app_init ] --END-- [ RunTime:0.000000s ]
INFO: [ app_begin ] --START--
INFO: Run Behavior\ReadHtmlCacheBehavior [ RunTime:0.000000s ]
INFO: [ app_begin ] --END-- [ RunTime:0.000000s ]
SQL: SHOW COLUMNS FROM `dt_auth_group_access` [ RunTime:0.0070s ]
SQL: SELECT `uid`,`group_id`,`title`,`rules` FROM dt_auth_group_access a INNER JOIN dt_auth_group g on a.group_id=g.id  WHERE ( a.uid='88' and g.status='1' )  [ RunTime:0.0000s ]
SQL: SHOW COLUMNS FROM `dt_auth_rule` [ RunTime:0.0060s ]
SQL: SELECT `condition`,`name` FROM `dt_auth_rule` WHERE `id` IN ('6','96','20','1','2','3','4','5','64','7','8','9','10','11','12','13','14','15','16','123','124','125','19','164','104','105','106','108','118','153','109','110','111','112','117','148','149','150','185','134','135','136','137','139','151','182','183','184','186','161','165','166','167','147','162','163','179','180','181','157','158','168','169','171','172','173','174','175','176','177','178') AND `type` = 1 AND `status` = 1  [ RunTime:0.0000s ]
SQL: SHOW COLUMNS FROM `dt_page` [ RunTime:0.0050s ]
SQL: SELECT * FROM `dt_page` WHERE `id` = 0 LIMIT 1   [ RunTime:0.0010s ]
INFO: [ view_parse ] --START--
INFO: [ template_filter ] --START--
INFO: Run Behavior\ContentReplaceBehavior [ RunTime:0.000000s ]
INFO: [ template_filter ] --END-- [ RunTime:0.000000s ]
INFO: Run Behavior\ParseTemplateBehavior [ RunTime:0.007001s ]
INFO: [ view_parse ] --END-- [ RunTime:0.007001s ]
INFO: [ view_filter ] --START--
INFO: Run Behavior\WriteHtmlCacheBehavior [ RunTime:0.001000s ]
INFO: [ view_filter ] --END-- [ RunTime:0.001000s ]
INFO: [ app_end ] --START--
INFO: Run Behavior\ShowPageTraceBehavior [ RunTime:0.000000s ]
INFO: [ app_end ] --END-- [ RunTime:0.000000s ]

[ 2019-07-04T15:23:29+08:00 ] 127.0.0.1 /index.php/Admin/Page/handle.html
INFO: [ app_init ] --START--
INFO: Run Behavior\BuildLiteBehavior [ RunTime:0.000000s ]
INFO: [ app_init ] --END-- [ RunTime:0.000000s ]
INFO: [ app_begin ] --START--
INFO: Run Behavior\ReadHtmlCacheBehavior [ RunTime:0.000000s ]
INFO: [ app_begin ] --END-- [ RunTime:0.000000s ]
SQL: SHOW COLUMNS FROM `dt_auth_group_access` [ RunTime:0.0070s ]
SQL: SELECT `uid`,`group_id`,`title`,`rules` FROM dt_auth_group_access a INNER JOIN dt_auth_group g on a.group_id=g.id  WHERE ( a.uid='88' and g.status='1' )  [ RunTime:0.0000s ]
SQL: SHOW COLUMNS FROM `dt_auth_rule` [ RunTime:0.0050s ]
SQL: SELECT `condition`,`name` FROM `dt_auth_rule` WHERE `id` IN ('6','96','20','1','2','3','4','5','64','7','8','9','10','11','12','13','14','15','16','123','124','125','19','164','104','105','106','108','118','153','109','110','111','112','117','148','149','150','185','134','135','136','137','139','151','182','183','184','186','161','165','166','167','147','162','163','179','180','181','157','158','168','169','171','172','173','174','175','176','177','178') AND `type` = 1 AND `status` = 1  [ RunTime:0.0000s ]
SQL: SHOW COLUMNS FROM `dt_page` [ RunTime:0.0050s ]
SQL: INSERT INTO `dt_page` (`id`,`title`,`content`,`sort`,`recommend`,`create_time`,`update_time`) VALUES ('0','新手说明','新手说明内容后台设置','0','0','1562225009','1562225009') [ RunTime:0.0030s ]
INFO: [ view_parse ] --START--
INFO: [ template_filter ] --START--
INFO: Run Behavior\ContentReplaceBehavior [ RunTime:0.000000s ]
INFO: [ template_filter ] --END-- [ RunTime:0.000000s ]
INFO: Run Behavior\ParseTemplateBehavior [ RunTime:0.006000s ]
INFO: [ view_parse ] --END-- [ RunTime:0.006000s ]
INFO: [ view_filter ] --START--
INFO: Run Behavior\WriteHtmlCacheBehavior [ RunTime:0.000000s ]
INFO: [ view_filter ] --END-- [ RunTime:0.000000s ]
INFO: [ app_end ] --START--
INFO: Run Behavior\ShowPageTraceBehavior [ RunTime:0.001000s ]
INFO: [ app_end ] --END-- [ RunTime:0.001000s ]

[ 2019-07-04T15:23:31+08:00 ] 127.0.0.1 /index.php/Admin/Page/index.html
INFO: [ app_init ] --START--
INFO: Run Behavior\BuildLiteBehavior [ RunTime:0.000000s ]
INFO: [ app_init ] --END-- [ RunTime:0.001000s ]
INFO: [ app_begin ] --START--
INFO: Run Behavior\ReadHtmlCacheBehavior [ RunTime:0.001000s ]
INFO: [ app_begin ] --END-- [ RunTime:0.001000s ]
SQL: SHOW COLUMNS FROM `dt_auth_group_access` [ RunTime:0.0060s ]
SQL: SELECT `uid`,`group_id`,`title`,`rules` FROM dt_auth_group_access a INNER JOIN dt_auth_group g on a.group_id=g.id  WHERE ( a.uid='88' and g.status='1' )  [ RunTime:0.0000s ]
SQL: SHOW COLUMNS FROM `dt_auth_rule` [ RunTime:0.0050s ]
SQL: SELECT `condition`,`name` FROM `dt_auth_rule` WHERE `id` IN ('6','96','20','1','2','3','4','5','64','7','8','9','10','11','12','13','14','15','16','123','124','125','19','164','104','105','106','108','118','153','109','110','111','112','117','148','149','150','185','134','135','136','137','139','151','182','183','184','186','161','165','166','167','147','162','163','179','180','181','157','158','168','169','171','172','173','174','175','176','177','178') AND `type` = 1 AND `status` = 1  [ RunTime:0.0000s ]
NOTIC: [8] Undefined variable: map D:\wwwroot\bptx\Application\Common\Controller\AdminBaseController.class.php 第 112 行.
SQL: SHOW COLUMNS FROM `dt_page` [ RunTime:0.0050s ]
SQL: SELECT COUNT(*) AS tp_count FROM `dt_page` LIMIT 1   [ RunTime:0.0000s ]
NOTIC: [2048] Only variables should be passed by reference D:\wwwroot\bptx\ThinkPHP\Library\Think\Db\Driver.class.php 第 769 行.
NOTIC: [2048] Only variables should be passed by reference D:\wwwroot\bptx\ThinkPHP\Library\Think\Db\Driver.class.php 第 769 行.
SQL: SELECT * FROM `dt_page` ORDER BY `sort` asc,`id` asc LIMIT 0,20   [ RunTime:0.0010s ]
INFO: [ view_parse ] --START--
INFO: [ template_filter ] --START--
INFO: Run Behavior\ContentReplaceBehavior [ RunTime:0.000000s ]
INFO: [ template_filter ] --END-- [ RunTime:0.000000s ]
INFO: Run Behavior\ParseTemplateBehavior [ RunTime:0.007000s ]
INFO: [ view_parse ] --END-- [ RunTime:0.007000s ]
INFO: [ view_filter ] --START--
INFO: Run Behavior\WriteHtmlCacheBehavior [ RunTime:0.001001s ]
INFO: [ view_filter ] --END-- [ RunTime:0.001001s ]
INFO: [ app_end ] --START--
INFO: Run Behavior\ShowPageTraceBehavior [ RunTime:0.000000s ]
INFO: [ app_end ] --END-- [ RunTime:0.000000s ]

