[ 2019-07-01T13:13:29+08:00 ] 113.64.187.146 /index.php/admin
INFO: [ app_init ] --START--
INFO: Run Behavior\BuildLiteBehavior [ RunTime:0.000012s ]
INFO: [ app_init ] --END-- [ RunTime:0.000318s ]
INFO: [ app_begin ] --START--
INFO: Run Behavior\ReadHtmlCacheBehavior [ RunTime:0.000412s ]
INFO: [ app_begin ] --END-- [ RunTime:0.000458s ]
SQL: SHOW COLUMNS FROM `dt_auth_group_access` [ RunTime:0.0007s ]
SQL: SELECT `uid`,`group_id`,`title`,`rules` FROM dt_auth_group_access a INNER JOIN dt_auth_group g on a.group_id=g.id  WHERE ( a.uid='88' and g.status='1' )  [ RunTime:0.0002s ]
SQL: SHOW COLUMNS FROM `dt_auth_rule` [ RunTime:0.0006s ]
SQL: SELECT `condition`,`name` FROM `dt_auth_rule` WHERE `id` IN ('6','96','20','1','2','3','4','5','64','7','8','9','10','11','12','13','14','15','16','123','124','125','19','164','104','105','106','108','118','153','109','110','111','112','117','148','149','150','185','134','135','136','137','139','151','182','183','184','186','161','165','166','167','147','162','163','179','180','181','157','158','168','169','171','172','173','174','175','176','177','178') AND `type` = 1 AND `status` = 1  [ RunTime:0.0003s ]
NOTIC: [2048] Declaration of Common\Model\AdminNavModel::getTreeData() should be compatible with Common\Model\BaseModel::getTreeData($type = 'tree', $order = '', $name = 'name', $child = 'id', $parent = 'pid') /www/wwwroot/douyin/Application/Common/Model/AdminNavModel.class.php 第 7 行.
SQL: SHOW COLUMNS FROM `dt_admin_nav` [ RunTime:0.0006s ]
SQL: SELECT * FROM `dt_admin_nav` ORDER BY order_number is null,`order_number`,`id`  [ RunTime:0.0002s ]
INFO: [ view_parse ] --START--
INFO: [ template_filter ] --START--
INFO: Run Behavior\ContentReplaceBehavior [ RunTime:0.000142s ]
INFO: [ template_filter ] --END-- [ RunTime:0.000193s ]
INFO: Run Behavior\ParseTemplateBehavior [ RunTime:0.013493s ]
INFO: [ view_parse ] --END-- [ RunTime:0.013541s ]
INFO: [ view_filter ] --START--
INFO: Run Behavior\WriteHtmlCacheBehavior [ RunTime:0.000140s ]
INFO: [ view_filter ] --END-- [ RunTime:0.000184s ]
INFO: [ app_end ] --START--
INFO: Run Behavior\ShowPageTraceBehavior [ RunTime:0.000485s ]
INFO: [ app_end ] --END-- [ RunTime:0.000535s ]

[ 2019-07-01T13:13:29+08:00 ] 113.64.187.146 /index.php/Admin/Index/tongji.html
INFO: [ app_init ] --START--
INFO: Run Behavior\BuildLiteBehavior [ RunTime:0.000011s ]
INFO: [ app_init ] --END-- [ RunTime:0.000311s ]
INFO: [ app_begin ] --START--
INFO: Run Behavior\ReadHtmlCacheBehavior [ RunTime:0.000416s ]
INFO: [ app_begin ] --END-- [ RunTime:0.000470s ]
SQL: SHOW COLUMNS FROM `dt_auth_group_access` [ RunTime:0.0008s ]
SQL: SELECT `uid`,`group_id`,`title`,`rules` FROM dt_auth_group_access a INNER JOIN dt_auth_group g on a.group_id=g.id  WHERE ( a.uid='88' and g.status='1' )  [ RunTime:0.0002s ]
SQL: SHOW COLUMNS FROM `dt_auth_rule` [ RunTime:0.0006s ]
SQL: SELECT `condition`,`name` FROM `dt_auth_rule` WHERE `id` IN ('6','96','20','1','2','3','4','5','64','7','8','9','10','11','12','13','14','15','16','123','124','125','19','164','104','105','106','108','118','153','109','110','111','112','117','148','149','150','185','134','135','136','137','139','151','182','183','184','186','161','165','166','167','147','162','163','179','180','181','157','158','168','169','171','172','173','174','175','176','177','178') AND `type` = 1 AND `status` = 1  [ RunTime:0.0003s ]
SQL: SHOW COLUMNS FROM `dt_task_apply` [ RunTime:0.0006s ]
SQL: SELECT COUNT(*) AS tp_count FROM `dt_task_apply` WHERE `status` = 1 LIMIT 1   [ RunTime:0.0004s ]
SQL: SHOW COLUMNS FROM `dt_member_tixian` [ RunTime:0.0006s ]
SQL: SELECT COUNT(*) AS tp_count FROM `dt_member_tixian` WHERE `status` = 0 LIMIT 1   [ RunTime:0.0002s ]
SQL: SHOW COLUMNS FROM `dt_member` [ RunTime:0.0008s ]
SQL: SELECT COUNT(*) AS tp_count FROM `dt_member` LIMIT 1   [ RunTime:0.0002s ]
SQL: SHOW COLUMNS FROM `dt_task` [ RunTime:0.0006s ]
SQL: SELECT COUNT(*) AS tp_count FROM `dt_task` LIMIT 1   [ RunTime:0.0003s ]
SQL: SELECT COUNT(*) AS tp_count FROM `dt_task_apply` WHERE `status` = 2 LIMIT 1   [ RunTime:0.0004s ]
SQL: SHOW COLUMNS FROM `dt_pay` [ RunTime:0.0006s ]
SQL: SELECT SUM(price) AS tp_sum FROM `dt_pay` LIMIT 1   [ RunTime:0.0003s ]
SQL: SELECT SUM(price) AS tp_sum FROM `dt_member_tixian` WHERE `status` = 1 LIMIT 1   [ RunTime:0.0002s ]
SQL: SELECT SUM(price) AS tp_sum FROM `dt_member` LIMIT 1   [ RunTime:0.0003s ]
SQL: SELECT SUM(price) AS tp_sum FROM `dt_pay` WHERE ( ( create_time >= 1561824000 and create_time < 1561910400 ) ) LIMIT 1   [ RunTime:0.0003s ]
SQL: SELECT SUM(price) AS tp_sum FROM `dt_pay` WHERE ( ( create_time >= 1561305600 and create_time < 1561910400 ) ) LIMIT 1   [ RunTime:0.0003s ]
SQL: SELECT SUM(price) AS tp_sum FROM `dt_pay` WHERE ( ( create_time >= 1559318400 and create_time < 1561910400 ) ) LIMIT 1   [ RunTime:0.0003s ]
SQL: SELECT COUNT(*) AS tp_count FROM `dt_task_apply` WHERE `status` = 2 AND ( ( create_time >= 1561824000 and create_time < 1561910400 ) ) LIMIT 1   [ RunTime:0.0003s ]
SQL: SELECT COUNT(*) AS tp_count FROM `dt_task_apply` WHERE `status` = 2 AND ( ( create_time >= 1561305600 and create_time < 1561910400 ) ) LIMIT 1   [ RunTime:0.0004s ]
SQL: SELECT COUNT(*) AS tp_count FROM `dt_task_apply` WHERE `status` = 2 AND ( ( create_time >= 1559318400 and create_time < 1561910400 ) ) LIMIT 1   [ RunTime:0.0003s ]
SQL: select sum(price) as sub_total_price, count(id) as sub_number, FROM_UNIXTIME(create_time, '%Y-%m-%d' ) as `date` from dt_pay where 1 and ( create_time >= 1559318400 and create_time < 1561996799 ) GROUP BY FROM_UNIXTIME(create_time, '%Y%m%d' ) [ RunTime:0.0003s ]
INFO: [ view_parse ] --START--
INFO: [ template_filter ] --START--
INFO: Run Behavior\ContentReplaceBehavior [ RunTime:0.000179s ]
INFO: [ template_filter ] --END-- [ RunTime:0.000227s ]
INFO: Run Behavior\ParseTemplateBehavior [ RunTime:0.011389s ]
INFO: [ view_parse ] --END-- [ RunTime:0.011434s ]
INFO: [ view_filter ] --START--
INFO: Run Behavior\WriteHtmlCacheBehavior [ RunTime:0.000137s ]
INFO: [ view_filter ] --END-- [ RunTime:0.000177s ]
INFO: [ app_end ] --START--
INFO: Run Behavior\ShowPageTraceBehavior [ RunTime:0.000488s ]
INFO: [ app_end ] --END-- [ RunTime:0.000537s ]

[ 2019-07-01T13:13:30+08:00 ] 113.64.187.146 /index.php/Admin/Pay/tixian/status/0.html
INFO: [ app_init ] --START--
INFO: Run Behavior\BuildLiteBehavior [ RunTime:0.000012s ]
INFO: [ app_init ] --END-- [ RunTime:0.000307s ]
INFO: [ app_begin ] --START--
INFO: Run Behavior\ReadHtmlCacheBehavior [ RunTime:0.000399s ]
INFO: [ app_begin ] --END-- [ RunTime:0.000447s ]
SQL: SHOW COLUMNS FROM `dt_auth_group_access` [ RunTime:0.0006s ]
SQL: SELECT `uid`,`group_id`,`title`,`rules` FROM dt_auth_group_access a INNER JOIN dt_auth_group g on a.group_id=g.id  WHERE ( a.uid='88' and g.status='1' )  [ RunTime:0.0001s ]
SQL: SHOW COLUMNS FROM `dt_auth_rule` [ RunTime:0.0005s ]
SQL: SELECT `condition`,`name` FROM `dt_auth_rule` WHERE `id` IN ('6','96','20','1','2','3','4','5','64','7','8','9','10','11','12','13','14','15','16','123','124','125','19','164','104','105','106','108','118','153','109','110','111','112','117','148','149','150','185','134','135','136','137','139','151','182','183','184','186','161','165','166','167','147','162','163','179','180','181','157','158','168','169','171','172','173','174','175','176','177','178') AND `type` = 1 AND `status` = 1  [ RunTime:0.0002s ]
SQL: SHOW COLUMNS FROM `dt_member_tixian` [ RunTime:0.0005s ]
SQL: SELECT COUNT(*) AS tp_count FROM dt_member_tixian a WHERE a.status = '0' LIMIT 1   [ RunTime:0.0001s ]
SQL: SELECT SUM(price) AS tp_sum FROM dt_member_tixian a WHERE a.status = '0' LIMIT 1   [ RunTime:0.0001s ]
SQL: SELECT SUM(actual_price) AS tp_sum FROM dt_member_tixian a WHERE a.status = '0' LIMIT 1   [ RunTime:0.0001s ]
NOTIC: [2048] Only variables should be passed by reference /www/wwwroot/douyin/ThinkPHP/Library/Think/Db/Driver.class.php 第 769 行.
SQL: SELECT a.*,c.nickname,c.phone,c.bank_name,c.bank_user,c.bank_number FROM dt_member_tixian a left JOIN dt_member as c on a.member_id = c.id  WHERE a.status = '0' ORDER BY a.id desc LIMIT 0,20   [ RunTime:0.0003s ]
SQL: SELECT count(id) as total,`status` FROM `dt_member_tixian` GROUP BY status  [ RunTime:0.0001s ]
INFO: [ view_parse ] --START--
INFO: [ template_filter ] --START--
INFO: Run Behavior\ContentReplaceBehavior [ RunTime:0.000153s ]
INFO: [ template_filter ] --END-- [ RunTime:0.000199s ]
NOTIC: [8] Undefined offset: 0 /www/wwwroot/douyin/Runtime/Cache/Admin/9852fab6ea8ecb6dbb164f204327a3e2.php 第 45 行.
NOTIC: [8] Undefined offset: -1 /www/wwwroot/douyin/Runtime/Cache/Admin/9852fab6ea8ecb6dbb164f204327a3e2.php 第 45 行.
NOTIC: [8] Undefined index: start_date /www/wwwroot/douyin/Runtime/Cache/Admin/9852fab6ea8ecb6dbb164f204327a3e2.php 第 59 行.
NOTIC: [8] Undefined index: end_date /www/wwwroot/douyin/Runtime/Cache/Admin/9852fab6ea8ecb6dbb164f204327a3e2.php 第 60 行.
INFO: Run Behavior\ParseTemplateBehavior [ RunTime:0.014516s ]
INFO: [ view_parse ] --END-- [ RunTime:0.014558s ]
INFO: [ view_filter ] --START--
INFO: Run Behavior\WriteHtmlCacheBehavior [ RunTime:0.000135s ]
INFO: [ view_filter ] --END-- [ RunTime:0.000175s ]
INFO: [ app_end ] --START--
INFO: Run Behavior\ShowPageTraceBehavior [ RunTime:0.000452s ]
INFO: [ app_end ] --END-- [ RunTime:0.000496s ]

[ 2019-07-01T13:13:31+08:00 ] 113.64.187.146 /index.php/Admin/Task/index.html
INFO: [ app_init ] --START--
INFO: Run Behavior\BuildLiteBehavior [ RunTime:0.000012s ]
INFO: [ app_init ] --END-- [ RunTime:0.000319s ]
INFO: [ app_begin ] --START--
INFO: Run Behavior\ReadHtmlCacheBehavior [ RunTime:0.000429s ]
INFO: [ app_begin ] --END-- [ RunTime:0.000479s ]
SQL: SHOW COLUMNS FROM `dt_auth_group_access` [ RunTime:0.0007s ]
SQL: SELECT `uid`,`group_id`,`title`,`rules` FROM dt_auth_group_access a INNER JOIN dt_auth_group g on a.group_id=g.id  WHERE ( a.uid='88' and g.status='1' )  [ RunTime:0.0002s ]
SQL: SHOW COLUMNS FROM `dt_auth_rule` [ RunTime:0.0006s ]
SQL: SELECT `condition`,`name` FROM `dt_auth_rule` WHERE `id` IN ('6','96','20','1','2','3','4','5','64','7','8','9','10','11','12','13','14','15','16','123','124','125','19','164','104','105','106','108','118','153','109','110','111','112','117','148','149','150','185','134','135','136','137','139','151','182','183','184','186','161','165','166','167','147','162','163','179','180','181','157','158','168','169','171','172','173','174','175','176','177','178') AND `type` = 1 AND `status` = 1  [ RunTime:0.0003s ]
SQL: SHOW COLUMNS FROM `dt_level` [ RunTime:0.0006s ]
NOTIC: [2048] Only variables should be passed by reference /www/wwwroot/douyin/ThinkPHP/Library/Think/Db/Driver.class.php 第 769 行.
SQL: SELECT * FROM `dt_level` ORDER BY `id` asc  [ RunTime:0.0002s ]
NOTIC: [8] Undefined variable: map /www/wwwroot/douyin/Application/Common/Controller/AdminBaseController.class.php 第 112 行.
SQL: SHOW COLUMNS FROM `dt_task` [ RunTime:0.0007s ]
SQL: SELECT COUNT(*) AS tp_count FROM `dt_task` LIMIT 1   [ RunTime:0.0002s ]
NOTIC: [2048] Only variables should be passed by reference /www/wwwroot/douyin/ThinkPHP/Library/Think/Db/Driver.class.php 第 769 行.
SQL: SELECT * FROM `dt_task` ORDER BY `id` desc LIMIT 0,20   [ RunTime:0.0005s ]
INFO: [ view_parse ] --START--
INFO: [ template_filter ] --START--
INFO: Run Behavior\ContentReplaceBehavior [ RunTime:0.000124s ]
INFO: [ template_filter ] --END-- [ RunTime:0.000175s ]
NOTIC: [8] Undefined index: type /www/wwwroot/douyin/Runtime/Cache/Admin/50e054dd6e9446b43f58e54b1cb79bed.php 第 51 行.
NOTIC: [8] Undefined index: type /www/wwwroot/douyin/Runtime/Cache/Admin/50e054dd6e9446b43f58e54b1cb79bed.php 第 51 行.
NOTIC: [8] Undefined index: type /www/wwwroot/douyin/Runtime/Cache/Admin/50e054dd6e9446b43f58e54b1cb79bed.php 第 51 行.
NOTIC: [8] Undefined index: level /www/wwwroot/douyin/Runtime/Cache/Admin/50e054dd6e9446b43f58e54b1cb79bed.php 第 59 行.
NOTIC: [8] Undefined index: level /www/wwwroot/douyin/Runtime/Cache/Admin/50e054dd6e9446b43f58e54b1cb79bed.php 第 59 行.
NOTIC: [8] Undefined index: level /www/wwwroot/douyin/Runtime/Cache/Admin/50e054dd6e9446b43f58e54b1cb79bed.php 第 59 行.
NOTIC: [8] Undefined index: level /www/wwwroot/douyin/Runtime/Cache/Admin/50e054dd6e9446b43f58e54b1cb79bed.php 第 59 行.
NOTIC: [8] Undefined index: level /www/wwwroot/douyin/Runtime/Cache/Admin/50e054dd6e9446b43f58e54b1cb79bed.php 第 59 行.
NOTIC: [8] Undefined index: level /www/wwwroot/douyin/Runtime/Cache/Admin/50e054dd6e9446b43f58e54b1cb79bed.php 第 59 行.
NOTIC: [8] Undefined index: start_date /www/wwwroot/douyin/Runtime/Cache/Admin/50e054dd6e9446b43f58e54b1cb79bed.php 第 65 行.
NOTIC: [8] Undefined index: end_date /www/wwwroot/douyin/Runtime/Cache/Admin/50e054dd6e9446b43f58e54b1cb79bed.php 第 66 行.
INFO: Run Behavior\ParseTemplateBehavior [ RunTime:0.014660s ]
INFO: [ view_parse ] --END-- [ RunTime:0.014714s ]
INFO: [ view_filter ] --START--
INFO: Run Behavior\WriteHtmlCacheBehavior [ RunTime:0.000140s ]
INFO: [ view_filter ] --END-- [ RunTime:0.000181s ]
INFO: [ app_end ] --START--
INFO: Run Behavior\ShowPageTraceBehavior [ RunTime:0.000514s ]
INFO: [ app_end ] --END-- [ RunTime:0.000573s ]

[ 2019-07-01T13:13:32+08:00 ] 113.64.187.146 /index.php/Admin/Level/index.html
INFO: [ app_init ] --START--
INFO: Run Behavior\BuildLiteBehavior [ RunTime:0.000012s ]
INFO: [ app_init ] --END-- [ RunTime:0.000311s ]
INFO: [ app_begin ] --START--
INFO: Run Behavior\ReadHtmlCacheBehavior [ RunTime:0.000398s ]
INFO: [ app_begin ] --END-- [ RunTime:0.000445s ]
SQL: SHOW COLUMNS FROM `dt_auth_group_access` [ RunTime:0.0007s ]
SQL: SELECT `uid`,`group_id`,`title`,`rules` FROM dt_auth_group_access a INNER JOIN dt_auth_group g on a.group_id=g.id  WHERE ( a.uid='88' and g.status='1' )  [ RunTime:0.0002s ]
SQL: SHOW COLUMNS FROM `dt_auth_rule` [ RunTime:0.0006s ]
SQL: SELECT `condition`,`name` FROM `dt_auth_rule` WHERE `id` IN ('6','96','20','1','2','3','4','5','64','7','8','9','10','11','12','13','14','15','16','123','124','125','19','164','104','105','106','108','118','153','109','110','111','112','117','148','149','150','185','134','135','136','137','139','151','182','183','184','186','161','165','166','167','147','162','163','179','180','181','157','158','168','169','171','172','173','174','175','176','177','178') AND `type` = 1 AND `status` = 1  [ RunTime:0.0003s ]
NOTIC: [8] Undefined variable: map /www/wwwroot/douyin/Application/Common/Controller/AdminBaseController.class.php 第 112 行.
SQL: SHOW COLUMNS FROM `dt_level` [ RunTime:0.0006s ]
NOTIC: [2048] Only variables should be passed by reference /www/wwwroot/douyin/ThinkPHP/Library/Think/Db/Driver.class.php 第 769 行.
SQL: SELECT * FROM `dt_level` ORDER BY `id` asc  [ RunTime:0.0002s ]
INFO: [ view_parse ] --START--
INFO: [ template_filter ] --START--
INFO: Run Behavior\ContentReplaceBehavior [ RunTime:0.000199s ]
INFO: [ template_filter ] --END-- [ RunTime:0.000250s ]
INFO: Run Behavior\ParseTemplateBehavior [ RunTime:0.011973s ]
INFO: [ view_parse ] --END-- [ RunTime:0.012022s ]
INFO: [ view_filter ] --START--
INFO: Run Behavior\WriteHtmlCacheBehavior [ RunTime:0.000139s ]
INFO: [ view_filter ] --END-- [ RunTime:0.000184s ]
INFO: [ app_end ] --START--
INFO: Run Behavior\ShowPageTraceBehavior [ RunTime:0.000436s ]
INFO: [ app_end ] --END-- [ RunTime:0.000489s ]

[ 2019-07-01T13:13:32+08:00 ] 113.64.187.146 /index.php/Admin/Member/index.html
INFO: [ app_init ] --START--
INFO: Run Behavior\BuildLiteBehavior [ RunTime:0.000012s ]
INFO: [ app_init ] --END-- [ RunTime:0.000326s ]
INFO: [ app_begin ] --START--
INFO: Run Behavior\ReadHtmlCacheBehavior [ RunTime:0.000407s ]
INFO: [ app_begin ] --END-- [ RunTime:0.000460s ]
SQL: SHOW COLUMNS FROM `dt_auth_group_access` [ RunTime:0.0006s ]
SQL: SELECT `uid`,`group_id`,`title`,`rules` FROM dt_auth_group_access a INNER JOIN dt_auth_group g on a.group_id=g.id  WHERE ( a.uid='88' and g.status='1' )  [ RunTime:0.0001s ]
SQL: SHOW COLUMNS FROM `dt_auth_rule` [ RunTime:0.0005s ]
SQL: SELECT `condition`,`name` FROM `dt_auth_rule` WHERE `id` IN ('6','96','20','1','2','3','4','5','64','7','8','9','10','11','12','13','14','15','16','123','124','125','19','164','104','105','106','108','118','153','109','110','111','112','117','148','149','150','185','134','135','136','137','139','151','182','183','184','186','161','165','166','167','147','162','163','179','180','181','157','158','168','169','171','172','173','174','175','176','177','178') AND `type` = 1 AND `status` = 1  [ RunTime:0.0002s ]
SQL: SHOW COLUMNS FROM `dt_member` [ RunTime:0.0007s ]
SQL: SHOW COLUMNS FROM `dt_level` [ RunTime:0.0005s ]
SQL: SELECT COUNT(*) AS tp_count FROM `dt_member` LIMIT 1   [ RunTime:0.0001s ]
SQL: SHOW COLUMNS FROM `dt_level` [ RunTime:0.0005s ]
NOTIC: [2048] Only variables should be passed by reference /www/wwwroot/douyin/ThinkPHP/Library/Think/Db/Driver.class.php 第 769 行.
SQL: SELECT * FROM `dt_level` ORDER BY `id` asc  [ RunTime:0.0001s ]
SQL: SELECT COUNT(*) AS tp_count FROM `dt_member` WHERE `level` = 0 LIMIT 1   [ RunTime:0.0001s ]
SQL: SELECT COUNT(*) AS tp_count FROM `dt_member` WHERE `level` = 1 LIMIT 1   [ RunTime:0.0001s ]
SQL: SELECT COUNT(*) AS tp_count FROM `dt_member` WHERE `level` = 2 LIMIT 1   [ RunTime:0.0001s ]
SQL: SELECT COUNT(*) AS tp_count FROM `dt_member` WHERE `level` = 3 LIMIT 1   [ RunTime:0.0001s ]
SQL: SELECT COUNT(*) AS tp_count FROM `dt_member` WHERE `level` = 4 LIMIT 1   [ RunTime:0.0001s ]
SQL: SELECT COUNT(*) AS tp_count FROM `dt_member` WHERE `level` = 5 LIMIT 1   [ RunTime:0.0002s ]
NOTIC: [8] Undefined variable: map /www/wwwroot/douyin/Application/Common/Controller/AdminBaseController.class.php 第 112 行.
SQL: SELECT COUNT(*) AS tp_count FROM `dt_member` LIMIT 1   [ RunTime:0.0001s ]
NOTIC: [2048] Only variables should be passed by reference /www/wwwroot/douyin/ThinkPHP/Library/Think/Db/Driver.class.php 第 769 行.
SQL: SELECT * FROM `dt_member` ORDER BY `id` desc LIMIT 0,30   [ RunTime:0.0001s ]
SQL: SELECT COUNT(*) AS tp_count FROM `dt_member` WHERE ( p1=2 or p2=2 or p3=2 ) LIMIT 1   [ RunTime:0.0001s ]
SQL: SELECT COUNT(*) AS tp_count FROM `dt_member` WHERE ( p1=1 or p2=1 or p3=1 ) LIMIT 1   [ RunTime:0.0001s ]
NOTIC: [2048] Only variables should be passed by reference /www/wwwroot/douyin/ThinkPHP/Library/Think/Db/Driver.class.php 第 769 行.
SQL: SELECT * FROM `dt_level` ORDER BY `id` asc  [ RunTime:0.0001s ]
INFO: [ view_parse ] --START--
INFO: [ template_filter ] --START--
INFO: Run Behavior\ContentReplaceBehavior [ RunTime:0.000179s ]
INFO: [ template_filter ] --END-- [ RunTime:0.000225s ]
NOTIC: [8] Undefined index: level /www/wwwroot/douyin/Runtime/Cache/Admin/c36ad2088ecfedbb1e6e6aebc8965af2.php 第 55 行.
NOTIC: [8] Undefined index: level /www/wwwroot/douyin/Runtime/Cache/Admin/c36ad2088ecfedbb1e6e6aebc8965af2.php 第 56 行.
NOTIC: [8] Use of undefined constant level - assumed 'level' /www/wwwroot/douyin/Runtime/Cache/Admin/c36ad2088ecfedbb1e6e6aebc8965af2.php 第 56 行.
NOTIC: [8] Undefined index: level /www/wwwroot/douyin/Runtime/Cache/Admin/c36ad2088ecfedbb1e6e6aebc8965af2.php 第 56 行.
NOTIC: [8] Undefined index: level /www/wwwroot/douyin/Runtime/Cache/Admin/c36ad2088ecfedbb1e6e6aebc8965af2.php 第 56 行.
NOTIC: [8] Use of undefined constant level - assumed 'level' /www/wwwroot/douyin/Runtime/Cache/Admin/c36ad2088ecfedbb1e6e6aebc8965af2.php 第 56 行.
NOTIC: [8] Undefined index: level /www/wwwroot/douyin/Runtime/Cache/Admin/c36ad2088ecfedbb1e6e6aebc8965af2.php 第 56 行.
NOTIC: [8] Use of undefined constant level - assumed 'level' /www/wwwroot/douyin/Runtime/Cache/Admin/c36ad2088ecfedbb1e6e6aebc8965af2.php 第 56 行.
NOTIC: [8] Undefined index: level /www/wwwroot/douyin/Runtime/Cache/Admin/c36ad2088ecfedbb1e6e6aebc8965af2.php 第 56 行.
NOTIC: [8] Use of undefined constant level - assumed 'level' /www/wwwroot/douyin/Runtime/Cache/Admin/c36ad2088ecfedbb1e6e6aebc8965af2.php 第 56 行.
NOTIC: [8] Undefined index: level /www/wwwroot/douyin/Runtime/Cache/Admin/c36ad2088ecfedbb1e6e6aebc8965af2.php 第 56 行.
NOTIC: [8] Use of undefined constant level - assumed 'level' /www/wwwroot/douyin/Runtime/Cache/Admin/c36ad2088ecfedbb1e6e6aebc8965af2.php 第 56 行.
NOTIC: [8] Undefined index: level /www/wwwroot/douyin/Runtime/Cache/Admin/c36ad2088ecfedbb1e6e6aebc8965af2.php 第 56 行.
NOTIC: [8] Use of undefined constant level - assumed 'level' /www/wwwroot/douyin/Runtime/Cache/Admin/c36ad2088ecfedbb1e6e6aebc8965af2.php 第 56 行.
NOTIC: [8] Undefined index: id /www/wwwroot/douyin/Runtime/Cache/Admin/c36ad2088ecfedbb1e6e6aebc8965af2.php 第 65 行.
NOTIC: [8] Undefined index: keywords /www/wwwroot/douyin/Runtime/Cache/Admin/c36ad2088ecfedbb1e6e6aebc8965af2.php 第 71 行.
NOTIC: [8] Undefined index: start_date /www/wwwroot/douyin/Runtime/Cache/Admin/c36ad2088ecfedbb1e6e6aebc8965af2.php 第 76 行.
NOTIC: [8] Undefined index: end_date /www/wwwroot/douyin/Runtime/Cache/Admin/c36ad2088ecfedbb1e6e6aebc8965af2.php 第 78 行.
NOTIC: [8] Undefined index: is_area /www/wwwroot/douyin/Runtime/Cache/Admin/c36ad2088ecfedbb1e6e6aebc8965af2.php 第 81 行.
INFO: Run Behavior\ParseTemplateBehavior [ RunTime:0.016535s ]
INFO: [ view_parse ] --END-- [ RunTime:0.016579s ]
INFO: [ view_filter ] --START--
INFO: Run Behavior\WriteHtmlCacheBehavior [ RunTime:0.000140s ]
INFO: [ view_filter ] --END-- [ RunTime:0.000180s ]
INFO: [ app_end ] --START--
INFO: Run Behavior\ShowPageTraceBehavior [ RunTime:0.000416s ]
INFO: [ app_end ] --END-- [ RunTime:0.000460s ]

[ 2019-07-01T13:13:33+08:00 ] 113.64.187.146 /index.php/Admin/Member/index.html
INFO: [ app_init ] --START--
INFO: Run Behavior\BuildLiteBehavior [ RunTime:0.000011s ]
INFO: [ app_init ] --END-- [ RunTime:0.000321s ]
INFO: [ app_begin ] --START--
INFO: Run Behavior\ReadHtmlCacheBehavior [ RunTime:0.000414s ]
INFO: [ app_begin ] --END-- [ RunTime:0.000462s ]
SQL: SHOW COLUMNS FROM `dt_auth_group_access` [ RunTime:0.0006s ]
SQL: SELECT `uid`,`group_id`,`title`,`rules` FROM dt_auth_group_access a INNER JOIN dt_auth_group g on a.group_id=g.id  WHERE ( a.uid='88' and g.status='1' )  [ RunTime:0.0002s ]
SQL: SHOW COLUMNS FROM `dt_auth_rule` [ RunTime:0.0006s ]
SQL: SELECT `condition`,`name` FROM `dt_auth_rule` WHERE `id` IN ('6','96','20','1','2','3','4','5','64','7','8','9','10','11','12','13','14','15','16','123','124','125','19','164','104','105','106','108','118','153','109','110','111','112','117','148','149','150','185','134','135','136','137','139','151','182','183','184','186','161','165','166','167','147','162','163','179','180','181','157','158','168','169','171','172','173','174','175','176','177','178') AND `type` = 1 AND `status` = 1  [ RunTime:0.0003s ]
SQL: SHOW COLUMNS FROM `dt_member` [ RunTime:0.0008s ]
SQL: SHOW COLUMNS FROM `dt_level` [ RunTime:0.0006s ]
SQL: SELECT COUNT(*) AS tp_count FROM `dt_member` LIMIT 1   [ RunTime:0.0002s ]
SQL: SHOW COLUMNS FROM `dt_level` [ RunTime:0.0006s ]
NOTIC: [2048] Only variables should be passed by reference /www/wwwroot/douyin/ThinkPHP/Library/Think/Db/Driver.class.php 第 769 行.
SQL: SELECT * FROM `dt_level` ORDER BY `id` asc  [ RunTime:0.0002s ]
SQL: SELECT COUNT(*) AS tp_count FROM `dt_member` WHERE `level` = 0 LIMIT 1   [ RunTime:0.0002s ]
SQL: SELECT COUNT(*) AS tp_count FROM `dt_member` WHERE `level` = 1 LIMIT 1   [ RunTime:0.0002s ]
SQL: SELECT COUNT(*) AS tp_count FROM `dt_member` WHERE `level` = 2 LIMIT 1   [ RunTime:0.0002s ]
SQL: SELECT COUNT(*) AS tp_count FROM `dt_member` WHERE `level` = 3 LIMIT 1   [ RunTime:0.0002s ]
SQL: SELECT COUNT(*) AS tp_count FROM `dt_member` WHERE `level` = 4 LIMIT 1   [ RunTime:0.0002s ]
SQL: SELECT COUNT(*) AS tp_count FROM `dt_member` WHERE `level` = 5 LIMIT 1   [ RunTime:0.0002s ]
NOTIC: [8] Undefined variable: map /www/wwwroot/douyin/Application/Common/Controller/AdminBaseController.class.php 第 112 行.
SQL: SELECT COUNT(*) AS tp_count FROM `dt_member` LIMIT 1   [ RunTime:0.0002s ]
NOTIC: [2048] Only variables should be passed by reference /www/wwwroot/douyin/ThinkPHP/Library/Think/Db/Driver.class.php 第 769 行.
SQL: SELECT * FROM `dt_member` ORDER BY `id` desc LIMIT 0,30   [ RunTime:0.0003s ]
SQL: SELECT COUNT(*) AS tp_count FROM `dt_member` WHERE ( p1=2 or p2=2 or p3=2 ) LIMIT 1   [ RunTime:0.0002s ]
SQL: SELECT COUNT(*) AS tp_count FROM `dt_member` WHERE ( p1=1 or p2=1 or p3=1 ) LIMIT 1   [ RunTime:0.0002s ]
NOTIC: [2048] Only variables should be passed by reference /www/wwwroot/douyin/ThinkPHP/Library/Think/Db/Driver.class.php 第 769 行.
SQL: SELECT * FROM `dt_level` ORDER BY `id` asc  [ RunTime:0.0001s ]
INFO: [ view_parse ] --START--
INFO: [ template_filter ] --START--
INFO: Run Behavior\ContentReplaceBehavior [ RunTime:0.000185s ]
INFO: [ template_filter ] --END-- [ RunTime:0.000233s ]
NOTIC: [8] Undefined index: level /www/wwwroot/douyin/Runtime/Cache/Admin/c36ad2088ecfedbb1e6e6aebc8965af2.php 第 55 行.
NOTIC: [8] Undefined index: level /www/wwwroot/douyin/Runtime/Cache/Admin/c36ad2088ecfedbb1e6e6aebc8965af2.php 第 56 行.
NOTIC: [8] Use of undefined constant level - assumed 'level' /www/wwwroot/douyin/Runtime/Cache/Admin/c36ad2088ecfedbb1e6e6aebc8965af2.php 第 56 行.
NOTIC: [8] Undefined index: level /www/wwwroot/douyin/Runtime/Cache/Admin/c36ad2088ecfedbb1e6e6aebc8965af2.php 第 56 行.
NOTIC: [8] Undefined index: level /www/wwwroot/douyin/Runtime/Cache/Admin/c36ad2088ecfedbb1e6e6aebc8965af2.php 第 56 行.
NOTIC: [8] Use of undefined constant level - assumed 'level' /www/wwwroot/douyin/Runtime/Cache/Admin/c36ad2088ecfedbb1e6e6aebc8965af2.php 第 56 行.
NOTIC: [8] Undefined index: level /www/wwwroot/douyin/Runtime/Cache/Admin/c36ad2088ecfedbb1e6e6aebc8965af2.php 第 56 行.
NOTIC: [8] Use of undefined constant level - assumed 'level' /www/wwwroot/douyin/Runtime/Cache/Admin/c36ad2088ecfedbb1e6e6aebc8965af2.php 第 56 行.
NOTIC: [8] Undefined index: level /www/wwwroot/douyin/Runtime/Cache/Admin/c36ad2088ecfedbb1e6e6aebc8965af2.php 第 56 行.
NOTIC: [8] Use of undefined constant level - assumed 'level' /www/wwwroot/douyin/Runtime/Cache/Admin/c36ad2088ecfedbb1e6e6aebc8965af2.php 第 56 行.
NOTIC: [8] Undefined index: level /www/wwwroot/douyin/Runtime/Cache/Admin/c36ad2088ecfedbb1e6e6aebc8965af2.php 第 56 行.
NOTIC: [8] Use of undefined constant level - assumed 'level' /www/wwwroot/douyin/Runtime/Cache/Admin/c36ad2088ecfedbb1e6e6aebc8965af2.php 第 56 行.
NOTIC: [8] Undefined index: level /www/wwwroot/douyin/Runtime/Cache/Admin/c36ad2088ecfedbb1e6e6aebc8965af2.php 第 56 行.
NOTIC: [8] Use of undefined constant level - assumed 'level' /www/wwwroot/douyin/Runtime/Cache/Admin/c36ad2088ecfedbb1e6e6aebc8965af2.php 第 56 行.
NOTIC: [8] Undefined index: id /www/wwwroot/douyin/Runtime/Cache/Admin/c36ad2088ecfedbb1e6e6aebc8965af2.php 第 65 行.
NOTIC: [8] Undefined index: keywords /www/wwwroot/douyin/Runtime/Cache/Admin/c36ad2088ecfedbb1e6e6aebc8965af2.php 第 71 行.
NOTIC: [8] Undefined index: start_date /www/wwwroot/douyin/Runtime/Cache/Admin/c36ad2088ecfedbb1e6e6aebc8965af2.php 第 76 行.
NOTIC: [8] Undefined index: end_date /www/wwwroot/douyin/Runtime/Cache/Admin/c36ad2088ecfedbb1e6e6aebc8965af2.php 第 78 行.
NOTIC: [8] Undefined index: is_area /www/wwwroot/douyin/Runtime/Cache/Admin/c36ad2088ecfedbb1e6e6aebc8965af2.php 第 81 行.
INFO: Run Behavior\ParseTemplateBehavior [ RunTime:0.016794s ]
INFO: [ view_parse ] --END-- [ RunTime:0.016839s ]
INFO: [ view_filter ] --START--
INFO: Run Behavior\WriteHtmlCacheBehavior [ RunTime:0.000140s ]
INFO: [ view_filter ] --END-- [ RunTime:0.000179s ]
INFO: [ app_end ] --START--
INFO: Run Behavior\ShowPageTraceBehavior [ RunTime:0.000411s ]
INFO: [ app_end ] --END-- [ RunTime:0.000456s ]

[ 2019-07-01T13:13:42+08:00 ] 113.64.187.146 /index.php/Admin/Pay/price_log/member_id/2.html
INFO: [ app_init ] --START--
INFO: Run Behavior\BuildLiteBehavior [ RunTime:0.000010s ]
INFO: [ app_init ] --END-- [ RunTime:0.000283s ]
INFO: [ app_begin ] --START--
INFO: Run Behavior\ReadHtmlCacheBehavior [ RunTime:0.000362s ]
INFO: [ app_begin ] --END-- [ RunTime:0.000404s ]
SQL: SHOW COLUMNS FROM `dt_auth_group_access` [ RunTime:0.0009s ]
SQL: SELECT `uid`,`group_id`,`title`,`rules` FROM dt_auth_group_access a INNER JOIN dt_auth_group g on a.group_id=g.id  WHERE ( a.uid='88' and g.status='1' )  [ RunTime:0.0003s ]
SQL: SHOW COLUMNS FROM `dt_auth_rule` [ RunTime:0.0007s ]
SQL: SELECT `condition`,`name` FROM `dt_auth_rule` WHERE `id` IN ('6','96','20','1','2','3','4','5','64','7','8','9','10','11','12','13','14','15','16','123','124','125','19','164','104','105','106','108','118','153','109','110','111','112','117','148','149','150','185','134','135','136','137','139','151','182','183','184','186','161','165','166','167','147','162','163','179','180','181','157','158','168','169','171','172','173','174','175','176','177','178') AND `type` = 1 AND `status` = 1  [ RunTime:0.0003s ]
SQL: SHOW COLUMNS FROM `dt_member_price_log` [ RunTime:0.0007s ]
SQL: SELECT COUNT(*) AS tp_count FROM dt_member_price_log a WHERE a.member_id = '2' LIMIT 1   [ RunTime:0.0004s ]
NOTIC: [2048] Only variables should be passed by reference /www/wwwroot/douyin/ThinkPHP/Library/Think/Db/Driver.class.php 第 769 行.
SQL: SELECT a.*,c.username,c.nickname,c.phone,c.bank_name,c.bank_user,c.bank_number FROM dt_member_price_log a left JOIN dt_member as c on a.member_id = c.id  WHERE a.member_id = '2' ORDER BY a.id desc LIMIT 0,20   [ RunTime:0.0005s ]
SQL: SELECT SUM(price) AS tp_sum FROM dt_member_price_log a WHERE a.member_id = '2' AND a.type < 10 LIMIT 1   [ RunTime:0.0004s ]
INFO: [ view_parse ] --START--
INFO: [ template_filter ] --START--
INFO: Run Behavior\ContentReplaceBehavior [ RunTime:0.000191s ]
INFO: [ template_filter ] --END-- [ RunTime:0.000250s ]
NOTIC: [8] Undefined index: type /www/wwwroot/douyin/Runtime/Cache/Admin/425e0c8e5b79ec410d0748d7dd03cd00.php 第 53 行.
NOTIC: [8] Undefined index: type /www/wwwroot/douyin/Runtime/Cache/Admin/425e0c8e5b79ec410d0748d7dd03cd00.php 第 53 行.
NOTIC: [8] Undefined index: type /www/wwwroot/douyin/Runtime/Cache/Admin/425e0c8e5b79ec410d0748d7dd03cd00.php 第 53 行.
NOTIC: [8] Undefined index: type /www/wwwroot/douyin/Runtime/Cache/Admin/425e0c8e5b79ec410d0748d7dd03cd00.php 第 53 行.
NOTIC: [8] Undefined index: type /www/wwwroot/douyin/Runtime/Cache/Admin/425e0c8e5b79ec410d0748d7dd03cd00.php 第 53 行.
NOTIC: [8] Undefined index: type /www/wwwroot/douyin/Runtime/Cache/Admin/425e0c8e5b79ec410d0748d7dd03cd00.php 第 53 行.
NOTIC: [8] Undefined index: type /www/wwwroot/douyin/Runtime/Cache/Admin/425e0c8e5b79ec410d0748d7dd03cd00.php 第 53 行.
NOTIC: [8] Undefined index: start_date /www/wwwroot/douyin/Runtime/Cache/Admin/425e0c8e5b79ec410d0748d7dd03cd00.php 第 62 行.
NOTIC: [8] Undefined index: end_date /www/wwwroot/douyin/Runtime/Cache/Admin/425e0c8e5b79ec410d0748d7dd03cd00.php 第 63 行.
NOTIC: [8] Undefined index: type /www/wwwroot/douyin/Runtime/Cache/Admin/425e0c8e5b79ec410d0748d7dd03cd00.php 第 75 行.
NOTIC: [8] Undefined variable: tixian_status /www/wwwroot/douyin/Runtime/Cache/Admin/425e0c8e5b79ec410d0748d7dd03cd00.php 第 144 行.
INFO: Run Behavior\ParseTemplateBehavior [ RunTime:0.016584s ]
INFO: [ view_parse ] --END-- [ RunTime:0.016631s ]
INFO: [ view_filter ] --START--
INFO: Run Behavior\WriteHtmlCacheBehavior [ RunTime:0.000139s ]
INFO: [ view_filter ] --END-- [ RunTime:0.000180s ]
INFO: [ app_end ] --START--
INFO: Run Behavior\ShowPageTraceBehavior [ RunTime:0.000463s ]
INFO: [ app_end ] --END-- [ RunTime:0.000507s ]

[ 2019-07-01T13:13:46+08:00 ] 113.64.187.146 /index.php/Admin/Member/handle/id/2/role/1.html
INFO: [ app_init ] --START--
INFO: Run Behavior\BuildLiteBehavior [ RunTime:0.000012s ]
INFO: [ app_init ] --END-- [ RunTime:0.000323s ]
INFO: [ app_begin ] --START--
INFO: Run Behavior\ReadHtmlCacheBehavior [ RunTime:0.000410s ]
INFO: [ app_begin ] --END-- [ RunTime:0.000457s ]
SQL: SHOW COLUMNS FROM `dt_auth_group_access` [ RunTime:0.0009s ]
SQL: SELECT `uid`,`group_id`,`title`,`rules` FROM dt_auth_group_access a INNER JOIN dt_auth_group g on a.group_id=g.id  WHERE ( a.uid='88' and g.status='1' )  [ RunTime:0.0003s ]
SQL: SHOW COLUMNS FROM `dt_auth_rule` [ RunTime:0.0007s ]
SQL: SELECT `condition`,`name` FROM `dt_auth_rule` WHERE `id` IN ('6','96','20','1','2','3','4','5','64','7','8','9','10','11','12','13','14','15','16','123','124','125','19','164','104','105','106','108','118','153','109','110','111','112','117','148','149','150','185','134','135','136','137','139','151','182','183','184','186','161','165','166','167','147','162','163','179','180','181','157','158','168','169','171','172','173','174','175','176','177','178') AND `type` = 1 AND `status` = 1  [ RunTime:0.0004s ]
SQL: SHOW COLUMNS FROM `dt_member` [ RunTime:0.0011s ]
SQL: SELECT * FROM `dt_member` WHERE `id` = 2 LIMIT 1   [ RunTime:0.0005s ]
SQL: SHOW COLUMNS FROM `dt_level` [ RunTime:0.0008s ]
NOTIC: [2048] Only variables should be passed by reference /www/wwwroot/douyin/ThinkPHP/Library/Think/Db/Driver.class.php 第 769 行.
SQL: SELECT * FROM `dt_level` ORDER BY `id` asc  [ RunTime:0.0003s ]
INFO: [ view_parse ] --START--
INFO: [ template_filter ] --START--
INFO: Run Behavior\ContentReplaceBehavior [ RunTime:0.000161s ]
INFO: [ template_filter ] --END-- [ RunTime:0.000219s ]
INFO: Run Behavior\ParseTemplateBehavior [ RunTime:0.013907s ]
INFO: [ view_parse ] --END-- [ RunTime:0.013973s ]
INFO: [ view_filter ] --START--
INFO: Run Behavior\WriteHtmlCacheBehavior [ RunTime:0.000171s ]
INFO: [ view_filter ] --END-- [ RunTime:0.000223s ]
INFO: [ app_end ] --START--
INFO: Run Behavior\ShowPageTraceBehavior [ RunTime:0.000587s ]
INFO: [ app_end ] --END-- [ RunTime:0.000647s ]

[ 2019-07-01T13:13:48+08:00 ] 42.236.10.75 /index.php/admin
INFO: [ app_init ] --START--
INFO: Run Behavior\BuildLiteBehavior [ RunTime:0.000014s ]
INFO: [ app_init ] --END-- [ RunTime:0.000326s ]
INFO: [ app_begin ] --START--
INFO: Run Behavior\ReadHtmlCacheBehavior [ RunTime:0.000405s ]
INFO: [ app_begin ] --END-- [ RunTime:0.000451s ]
NOTIC: [8] Undefined index: user /www/wwwroot/douyin/Application/Common/Controller/AdminBaseController.class.php 第 16 行.
SQL: SHOW COLUMNS FROM `dt_auth_group_access` [ RunTime:0.0009s ]
SQL: SELECT `uid`,`group_id`,`title`,`rules` FROM dt_auth_group_access a INNER JOIN dt_auth_group g on a.group_id=g.id  WHERE ( a.uid='' and g.status='1' )  [ RunTime:0.0004s ]
INFO: [ view_parse ] --START--
INFO: [ template_filter ] --START--
INFO: Run Behavior\ContentReplaceBehavior [ RunTime:0.000056s ]
INFO: [ template_filter ] --END-- [ RunTime:0.000107s ]
INFO: Run Behavior\ParseTemplateBehavior [ RunTime:0.006674s ]
INFO: [ view_parse ] --END-- [ RunTime:0.006725s ]
INFO: [ view_filter ] --START--
INFO: Run Behavior\WriteHtmlCacheBehavior [ RunTime:0.000144s ]
INFO: [ view_filter ] --END-- [ RunTime:0.000186s ]

[ 2019-07-01T13:13:53+08:00 ] 42.236.10.78 /index.php/Admin/Public/login.html
INFO: [ app_init ] --START--
INFO: Run Behavior\BuildLiteBehavior [ RunTime:0.000013s ]
INFO: [ app_init ] --END-- [ RunTime:0.000313s ]
INFO: [ app_begin ] --START--
INFO: Run Behavior\ReadHtmlCacheBehavior [ RunTime:0.000392s ]
INFO: [ app_begin ] --END-- [ RunTime:0.000439s ]
INFO: [ view_parse ] --START--
INFO: [ template_filter ] --START--
INFO: Run Behavior\ContentReplaceBehavior [ RunTime:0.000072s ]
INFO: [ template_filter ] --END-- [ RunTime:0.000121s ]
INFO: Run Behavior\ParseTemplateBehavior [ RunTime:0.011454s ]
INFO: [ view_parse ] --END-- [ RunTime:0.011503s ]
INFO: [ view_filter ] --START--
INFO: Run Behavior\WriteHtmlCacheBehavior [ RunTime:0.000136s ]
INFO: [ view_filter ] --END-- [ RunTime:0.000176s ]
INFO: [ app_end ] --START--
INFO: Run Behavior\ShowPageTraceBehavior [ RunTime:0.000411s ]
INFO: [ app_end ] --END-- [ RunTime:0.000457s ]

[ 2019-07-01T13:15:31+08:00 ] 113.64.187.146 /index.php/Admin/Advert/index.html
INFO: [ app_init ] --START--
INFO: Run Behavior\BuildLiteBehavior [ RunTime:0.000012s ]
INFO: [ app_init ] --END-- [ RunTime:0.000290s ]
INFO: [ app_begin ] --START--
INFO: Run Behavior\ReadHtmlCacheBehavior [ RunTime:0.000365s ]
INFO: [ app_begin ] --END-- [ RunTime:0.000412s ]
SQL: SHOW COLUMNS FROM `dt_auth_group_access` [ RunTime:0.0009s ]
SQL: SELECT `uid`,`group_id`,`title`,`rules` FROM dt_auth_group_access a INNER JOIN dt_auth_group g on a.group_id=g.id  WHERE ( a.uid='88' and g.status='1' )  [ RunTime:0.0003s ]
SQL: SHOW COLUMNS FROM `dt_auth_rule` [ RunTime:0.0008s ]
SQL: SELECT `condition`,`name` FROM `dt_auth_rule` WHERE `id` IN ('6','96','20','1','2','3','4','5','64','7','8','9','10','11','12','13','14','15','16','123','124','125','19','164','104','105','106','108','118','153','109','110','111','112','117','148','149','150','185','134','135','136','137','139','151','182','183','184','186','161','165','166','167','147','162','163','179','180','181','157','158','168','169','171','172','173','174','175','176','177','178') AND `type` = 1 AND `status` = 1  [ RunTime:0.0004s ]
NOTIC: [8] Undefined variable: map /www/wwwroot/douyin/Application/Common/Controller/AdminBaseController.class.php 第 112 行.
SQL: SHOW COLUMNS FROM `dt_advert` [ RunTime:0.0008s ]
SQL: SELECT COUNT(*) AS tp_count FROM `dt_advert` LIMIT 1   [ RunTime:0.0002s ]
NOTIC: [2048] Only variables should be passed by reference /www/wwwroot/douyin/ThinkPHP/Library/Think/Db/Driver.class.php 第 769 行.
NOTIC: [2048] Only variables should be passed by reference /www/wwwroot/douyin/ThinkPHP/Library/Think/Db/Driver.class.php 第 769 行.
NOTIC: [2048] Only variables should be passed by reference /www/wwwroot/douyin/ThinkPHP/Library/Think/Db/Driver.class.php 第 769 行.
SQL: SELECT * FROM `dt_advert` ORDER BY `cid` asc,`sort` asc,`id` asc LIMIT 0,100   [ RunTime:0.0003s ]
INFO: [ view_parse ] --START--
INFO: [ template_filter ] --START--
INFO: Run Behavior\ContentReplaceBehavior [ RunTime:0.000101s ]
INFO: [ template_filter ] --END-- [ RunTime:0.000146s ]
NOTIC: [8] Undefined index: cid /www/wwwroot/douyin/Runtime/Cache/Admin/afbfe53b6431faf8902203e27aacdcf2.php 第 52 行.
NOTIC: [8] Undefined index: cid /www/wwwroot/douyin/Runtime/Cache/Admin/afbfe53b6431faf8902203e27aacdcf2.php 第 52 行.
NOTIC: [8] Undefined index: cid /www/wwwroot/douyin/Runtime/Cache/Admin/afbfe53b6431faf8902203e27aacdcf2.php 第 52 行.
INFO: Run Behavior\ParseTemplateBehavior [ RunTime:0.010954s ]
INFO: [ view_parse ] --END-- [ RunTime:0.010997s ]
INFO: [ view_filter ] --START--
INFO: Run Behavior\WriteHtmlCacheBehavior [ RunTime:0.000146s ]
INFO: [ view_filter ] --END-- [ RunTime:0.000189s ]
INFO: [ app_end ] --START--
INFO: Run Behavior\ShowPageTraceBehavior [ RunTime:0.000421s ]
INFO: [ app_end ] --END-- [ RunTime:0.000470s ]

[ 2019-07-01T13:15:32+08:00 ] 113.64.187.146 /index.php/Admin/Index/tongji.html
INFO: [ app_init ] --START--
INFO: Run Behavior\BuildLiteBehavior [ RunTime:0.000012s ]
INFO: [ app_init ] --END-- [ RunTime:0.000322s ]
INFO: [ app_begin ] --START--
INFO: Run Behavior\ReadHtmlCacheBehavior [ RunTime:0.000415s ]
INFO: [ app_begin ] --END-- [ RunTime:0.000464s ]
SQL: SHOW COLUMNS FROM `dt_auth_group_access` [ RunTime:0.0009s ]
SQL: SELECT `uid`,`group_id`,`title`,`rules` FROM dt_auth_group_access a INNER JOIN dt_auth_group g on a.group_id=g.id  WHERE ( a.uid='88' and g.status='1' )  [ RunTime:0.0003s ]
SQL: SHOW COLUMNS FROM `dt_auth_rule` [ RunTime:0.0008s ]
SQL: SELECT `condition`,`name` FROM `dt_auth_rule` WHERE `id` IN ('6','96','20','1','2','3','4','5','64','7','8','9','10','11','12','13','14','15','16','123','124','125','19','164','104','105','106','108','118','153','109','110','111','112','117','148','149','150','185','134','135','136','137','139','151','182','183','184','186','161','165','166','167','147','162','163','179','180','181','157','158','168','169','171','172','173','174','175','176','177','178') AND `type` = 1 AND `status` = 1  [ RunTime:0.0004s ]
SQL: SHOW COLUMNS FROM `dt_task_apply` [ RunTime:0.0008s ]
SQL: SELECT COUNT(*) AS tp_count FROM `dt_task_apply` WHERE `status` = 1 LIMIT 1   [ RunTime:0.0003s ]
SQL: SHOW COLUMNS FROM `dt_member_tixian` [ RunTime:0.0007s ]
SQL: SELECT COUNT(*) AS tp_count FROM `dt_member_tixian` WHERE `status` = 0 LIMIT 1   [ RunTime:0.0003s ]
SQL: SHOW COLUMNS FROM `dt_member` [ RunTime:0.0011s ]
SQL: SELECT COUNT(*) AS tp_count FROM `dt_member` LIMIT 1   [ RunTime:0.0002s ]
SQL: SHOW COLUMNS FROM `dt_task` [ RunTime:0.0008s ]
SQL: SELECT COUNT(*) AS tp_count FROM `dt_task` LIMIT 1   [ RunTime:0.0002s ]
SQL: SELECT COUNT(*) AS tp_count FROM `dt_task_apply` WHERE `status` = 2 LIMIT 1   [ RunTime:0.0002s ]
SQL: SHOW COLUMNS FROM `dt_pay` [ RunTime:0.0007s ]
SQL: SELECT SUM(price) AS tp_sum FROM `dt_pay` LIMIT 1   [ RunTime:0.0002s ]
SQL: SELECT SUM(price) AS tp_sum FROM `dt_member_tixian` WHERE `status` = 1 LIMIT 1   [ RunTime:0.0002s ]
SQL: SELECT SUM(price) AS tp_sum FROM `dt_member` LIMIT 1   [ RunTime:0.0002s ]
SQL: SELECT SUM(price) AS tp_sum FROM `dt_pay` WHERE ( ( create_time >= 1561824000 and create_time < 1561910400 ) ) LIMIT 1   [ RunTime:0.0002s ]
SQL: SELECT SUM(price) AS tp_sum FROM `dt_pay` WHERE ( ( create_time >= 1561305600 and create_time < 1561910400 ) ) LIMIT 1   [ RunTime:0.0002s ]
SQL: SELECT SUM(price) AS tp_sum FROM `dt_pay` WHERE ( ( create_time >= 1559318400 and create_time < 1561910400 ) ) LIMIT 1   [ RunTime:0.0002s ]
SQL: SELECT COUNT(*) AS tp_count FROM `dt_task_apply` WHERE `status` = 2 AND ( ( create_time >= 1561824000 and create_time < 1561910400 ) ) LIMIT 1   [ RunTime:0.0002s ]
SQL: SELECT COUNT(*) AS tp_count FROM `dt_task_apply` WHERE `status` = 2 AND ( ( create_time >= 1561305600 and create_time < 1561910400 ) ) LIMIT 1   [ RunTime:0.0002s ]
SQL: SELECT COUNT(*) AS tp_count FROM `dt_task_apply` WHERE `status` = 2 AND ( ( create_time >= 1559318400 and create_time < 1561910400 ) ) LIMIT 1   [ RunTime:0.0002s ]
SQL: select sum(price) as sub_total_price, count(id) as sub_number, FROM_UNIXTIME(create_time, '%Y-%m-%d' ) as `date` from dt_pay where 1 and ( create_time >= 1559318400 and create_time < 1561996799 ) GROUP BY FROM_UNIXTIME(create_time, '%Y%m%d' ) [ RunTime:0.0002s ]
INFO: [ view_parse ] --START--
INFO: [ template_filter ] --START--
INFO: Run Behavior\ContentReplaceBehavior [ RunTime:0.000227s ]
INFO: [ template_filter ] --END-- [ RunTime:0.000287s ]
INFO: Run Behavior\ParseTemplateBehavior [ RunTime:0.014668s ]
INFO: [ view_parse ] --END-- [ RunTime:0.014718s ]
INFO: [ view_filter ] --START--
INFO: Run Behavior\WriteHtmlCacheBehavior [ RunTime:0.000145s ]
INFO: [ view_filter ] --END-- [ RunTime:0.000185s ]
INFO: [ app_end ] --START--
INFO: Run Behavior\ShowPageTraceBehavior [ RunTime:0.000456s ]
INFO: [ app_end ] --END-- [ RunTime:0.000501s ]

